#! /usr/local/Cellar/icarus-verilog/11.0/bin/vvp
:ivl_version "11.0 (stable)";
:ivl_delay_selection "TYPICAL";
:vpi_time_precision - 10;
:vpi_module "/usr/local/Cellar/icarus-verilog/11.0/lib/ivl/system.vpi";
:vpi_module "/usr/local/Cellar/icarus-verilog/11.0/lib/ivl/vhdl_sys.vpi";
:vpi_module "/usr/local/Cellar/icarus-verilog/11.0/lib/ivl/vhdl_textio.vpi";
:vpi_module "/usr/local/Cellar/icarus-verilog/11.0/lib/ivl/v2005_math.vpi";
:vpi_module "/usr/local/Cellar/icarus-verilog/11.0/lib/ivl/va_math.vpi";
S_0x7f9721c05d40 .scope module, "forward_unit" "forward_unit" 2 4;
 .timescale -9 -10;
    .port_info 0 /INPUT 1 "MEM_WRITE";
    .port_info 1 /INPUT 5 "ADDR1";
    .port_info 2 /INPUT 5 "ADDR2";
    .port_info 3 /INPUT 1 "OP1_MUX";
    .port_info 4 /INPUT 1 "OP2_MUX";
    .port_info 5 /INPUT 32 "STAGE_3_DATA";
    .port_info 6 /INPUT 5 "STAGE_3_ADDR";
    .port_info 7 /INPUT 1 "STAGE_3_REGWRITE_EN";
    .port_info 8 /INPUT 32 "STAGE_4_DATA";
    .port_info 9 /INPUT 5 "STAGE_4_ADDR";
    .port_info 10 /INPUT 1 "STAGE_4_REGWRITE_EN";
    .port_info 11 /OUTPUT 2 "OP1_MUX_OUT";
    .port_info 12 /OUTPUT 2 "OP2_MUX_OUT";
o0x7f9721e32008 .functor BUFZ 5, C4<zzzzz>; HiZ drive
v0x7f9721c060e0_0 .net "ADDR1", 4 0, o0x7f9721e32008;  0 drivers
o0x7f9721e32038 .functor BUFZ 5, C4<zzzzz>; HiZ drive
v0x7f9721c16170_0 .net "ADDR2", 4 0, o0x7f9721e32038;  0 drivers
o0x7f9721e32068 .functor BUFZ 1, C4<z>; HiZ drive
v0x7f9721c16210_0 .net "MEM_WRITE", 0 0, o0x7f9721e32068;  0 drivers
o0x7f9721e32098 .functor BUFZ 1, C4<z>; HiZ drive
v0x7f9721c162c0_0 .net "OP1_MUX", 0 0, o0x7f9721e32098;  0 drivers
v0x7f9721c16350_0 .var "OP1_MUX_OUT", 1 0;
o0x7f9721e320f8 .functor BUFZ 1, C4<z>; HiZ drive
v0x7f9721c16440_0 .net "OP2_MUX", 0 0, o0x7f9721e320f8;  0 drivers
v0x7f9721c164e0_0 .var "OP2_MUX_OUT", 1 0;
o0x7f9721e32158 .functor BUFZ 5, C4<zzzzz>; HiZ drive
v0x7f9721c16590_0 .net "STAGE_3_ADDR", 4 0, o0x7f9721e32158;  0 drivers
o0x7f9721e32188 .functor BUFZ 32, C4<zzzzzzzzzzzzzzzzzzzzzzzzzzzzzzzz>; HiZ drive
v0x7f9721c16640_0 .net "STAGE_3_DATA", 31 0, o0x7f9721e32188;  0 drivers
o0x7f9721e321b8 .functor BUFZ 1, C4<z>; HiZ drive
v0x7f9721c16750_0 .net "STAGE_3_REGWRITE_EN", 0 0, o0x7f9721e321b8;  0 drivers
o0x7f9721e321e8 .functor BUFZ 5, C4<zzzzz>; HiZ drive
v0x7f9721c167f0_0 .net "STAGE_4_ADDR", 4 0, o0x7f9721e321e8;  0 drivers
o0x7f9721e32218 .functor BUFZ 32, C4<zzzzzzzzzzzzzzzzzzzzzzzzzzzzzzzz>; HiZ drive
v0x7f9721c168a0_0 .net "STAGE_4_DATA", 31 0, o0x7f9721e32218;  0 drivers
o0x7f9721e32248 .functor BUFZ 1, C4<z>; HiZ drive
v0x7f9721c16950_0 .net "STAGE_4_REGWRITE_EN", 0 0, o0x7f9721e32248;  0 drivers
E_0x7f9721c06060/0 .event edge, v0x7f9721c162c0_0, v0x7f9721c16750_0, v0x7f9721c16590_0, v0x7f9721c060e0_0;
E_0x7f9721c06060/1 .event edge, v0x7f9721c16950_0, v0x7f9721c167f0_0, v0x7f9721c16440_0, v0x7f9721c16210_0;
E_0x7f9721c06060/2 .event edge, v0x7f9721c16170_0;
E_0x7f9721c06060 .event/or E_0x7f9721c06060/0, E_0x7f9721c06060/1, E_0x7f9721c06060/2;
    .scope S_0x7f9721c05d40;
T_0 ;
    %wait E_0x7f9721c06060;
    %load/vec4 v0x7f9721c162c0_0;
    %pad/u 32;
    %cmpi/e 0, 0, 32;
    %jmp/0xz  T_0.0, 4;
    %load/vec4 v0x7f9721c16750_0;
    %pushi/vec4 1, 0, 1;
    %cmp/e;
    %flag_get/vec4 4;
    %load/vec4 v0x7f9721c16590_0;
    %load/vec4 v0x7f9721c060e0_0;
    %cmp/e;
    %flag_get/vec4 4;
    %and;
    %flag_set/vec4 8;
    %jmp/0xz  T_0.2, 8;
    %pushi/vec4 1, 0, 2;
    %store/vec4 v0x7f9721c16350_0, 0, 2;
    %jmp T_0.3;
T_0.2 ;
    %load/vec4 v0x7f9721c16950_0;
    %pushi/vec4 1, 0, 1;
    %cmp/e;
    %flag_get/vec4 4;
    %load/vec4 v0x7f9721c167f0_0;
    %load/vec4 v0x7f9721c060e0_0;
    %cmp/e;
    %flag_get/vec4 4;
    %and;
    %flag_set/vec4 8;
    %jmp/0xz  T_0.4, 8;
    %pushi/vec4 2, 0, 2;
    %store/vec4 v0x7f9721c16350_0, 0, 2;
    %jmp T_0.5;
T_0.4 ;
    %pushi/vec4 0, 0, 2;
    %store/vec4 v0x7f9721c16350_0, 0, 2;
T_0.5 ;
T_0.3 ;
T_0.0 ;
    %load/vec4 v0x7f9721c16440_0;
    %pad/u 32;
    %cmpi/e 0, 0, 32;
    %flag_mov 8, 4;
    %load/vec4 v0x7f9721c16210_0;
    %flag_set/vec4 9;
    %flag_or 9, 8;
    %jmp/0xz  T_0.6, 9;
    %load/vec4 v0x7f9721c16750_0;
    %pushi/vec4 1, 0, 1;
    %cmp/e;
    %flag_get/vec4 4;
    %load/vec4 v0x7f9721c16590_0;
    %load/vec4 v0x7f9721c16170_0;
    %cmp/e;
    %flag_get/vec4 4;
    %and;
    %flag_set/vec4 8;
    %jmp/0xz  T_0.8, 8;
    %pushi/vec4 1, 0, 2;
    %store/vec4 v0x7f9721c164e0_0, 0, 2;
    %jmp T_0.9;
T_0.8 ;
    %load/vec4 v0x7f9721c16950_0;
    %pushi/vec4 1, 0, 1;
    %cmp/e;
    %flag_get/vec4 4;
    %load/vec4 v0x7f9721c167f0_0;
    %load/vec4 v0x7f9721c16170_0;
    %cmp/e;
    %flag_get/vec4 4;
    %and;
    %flag_set/vec4 8;
    %jmp/0xz  T_0.10, 8;
    %pushi/vec4 2, 0, 2;
    %store/vec4 v0x7f9721c164e0_0, 0, 2;
    %jmp T_0.11;
T_0.10 ;
    %pushi/vec4 0, 0, 2;
    %store/vec4 v0x7f9721c164e0_0, 0, 2;
T_0.11 ;
T_0.9 ;
T_0.6 ;
    %jmp T_0;
    .thread T_0, $push;
# The file index is used to find the file name in the following table.
:file_names 3;
    "N/A";
    "<interactive>";
    "forward_unit.v";
