#! /usr/local/Cellar/icarus-verilog/11.0/bin/vvp
:ivl_version "11.0 (stable)";
:ivl_delay_selection "TYPICAL";
:vpi_time_precision - 10;
:vpi_module "/usr/local/Cellar/icarus-verilog/11.0/lib/ivl/system.vpi";
:vpi_module "/usr/local/Cellar/icarus-verilog/11.0/lib/ivl/vhdl_sys.vpi";
:vpi_module "/usr/local/Cellar/icarus-verilog/11.0/lib/ivl/vhdl_textio.vpi";
:vpi_module "/usr/local/Cellar/icarus-verilog/11.0/lib/ivl/v2005_math.vpi";
:vpi_module "/usr/local/Cellar/icarus-verilog/11.0/lib/ivl/va_math.vpi";
S_0x7f9d1840aa80 .scope module, "stage4_forward_unit" "stage4_forward_unit" 2 4;
 .timescale -9 -10;
    .port_info 0 /INPUT 32 "STAGE3_REG_ADDR";
    .port_info 1 /INPUT 32 "STAGE4_REG_ADDR";
    .port_info 2 /INPUT 1 "STAGE_3_MEM_WRITE";
    .port_info 3 /INPUT 1 "STAGE_4_MEM_READ";
    .port_info 4 /OUTPUT 1 "MUX_OUT";
v0x7f9d184076a0_0 .var "MUX_OUT", 0 0;
o0x7f9d18532038 .functor BUFZ 32, C4<zzzzzzzzzzzzzzzzzzzzzzzzzzzzzzzz>; HiZ drive
v0x7f9d1841aab0_0 .net "STAGE3_REG_ADDR", 31 0, o0x7f9d18532038;  0 drivers
o0x7f9d18532068 .functor BUFZ 32, C4<zzzzzzzzzzzzzzzzzzzzzzzzzzzzzzzz>; HiZ drive
v0x7f9d1841ab60_0 .net "STAGE4_REG_ADDR", 31 0, o0x7f9d18532068;  0 drivers
o0x7f9d18532098 .functor BUFZ 32, C4<zzzzzzzzzzzzzzzzzzzzzzzzzzzzzzzz>; HiZ drive
v0x7f9d1841ac20_0 .net "STAGE_3_DATA", 31 0, o0x7f9d18532098;  0 drivers
o0x7f9d185320c8 .functor BUFZ 1, C4<z>; HiZ drive
v0x7f9d1841acd0_0 .net "STAGE_3_MEM_WRITE", 0 0, o0x7f9d185320c8;  0 drivers
o0x7f9d185320f8 .functor BUFZ 1, C4<z>; HiZ drive
v0x7f9d1841adb0_0 .net "STAGE_4_MEM_READ", 0 0, o0x7f9d185320f8;  0 drivers
E_0x7f9d18407cc0 .event edge, v0x7f9d1841adb0_0, v0x7f9d1841aab0_0, v0x7f9d1841ab60_0;
    .scope S_0x7f9d1840aa80;
T_0 ;
    %wait E_0x7f9d18407cc0;
    %load/vec4 v0x7f9d1841adb0_0;
    %pushi/vec4 1, 0, 1;
    %cmp/e;
    %flag_get/vec4 4;
    %load/vec4 v0x7f9d1841aab0_0;
    %pushi/vec4 1, 0, 32;
    %cmp/e;
    %flag_get/vec4 4;
    %and;
    %flag_set/vec4 8;
    %jmp/0xz  T_0.0, 8;
    %load/vec4 v0x7f9d1841aab0_0;
    %load/vec4 v0x7f9d1841ab60_0;
    %cmp/e;
    %jmp/0xz  T_0.2, 4;
    %pushi/vec4 1, 0, 1;
    %store/vec4 v0x7f9d184076a0_0, 0, 1;
    %jmp T_0.3;
T_0.2 ;
    %pushi/vec4 0, 0, 1;
    %store/vec4 v0x7f9d184076a0_0, 0, 1;
T_0.3 ;
    %jmp T_0.1;
T_0.0 ;
    %pushi/vec4 0, 0, 1;
    %store/vec4 v0x7f9d184076a0_0, 0, 1;
T_0.1 ;
    %jmp T_0;
    .thread T_0, $push;
# The file index is used to find the file name in the following table.
:file_names 3;
    "N/A";
    "<interactive>";
    "stage4_forward_unit.v";
