#! /usr/local/Cellar/icarus-verilog/11.0/bin/vvp
:ivl_version "11.0 (stable)";
:ivl_delay_selection "TYPICAL";
:vpi_time_precision - 10;
:vpi_module "/usr/local/Cellar/icarus-verilog/11.0/lib/ivl/system.vpi";
:vpi_module "/usr/local/Cellar/icarus-verilog/11.0/lib/ivl/vhdl_sys.vpi";
:vpi_module "/usr/local/Cellar/icarus-verilog/11.0/lib/ivl/vhdl_textio.vpi";
:vpi_module "/usr/local/Cellar/icarus-verilog/11.0/lib/ivl/v2005_math.vpi";
:vpi_module "/usr/local/Cellar/icarus-verilog/11.0/lib/ivl/va_math.vpi";
S_0x7f970d704c10 .scope module, "stage3_forward_unit" "stage3_forward_unit" 2 4;
 .timescale -9 -10;
    .port_info 0 /INPUT 1 "MEM_WRITE";
    .port_info 1 /INPUT 5 "ADDR1";
    .port_info 2 /INPUT 5 "ADDR2";
    .port_info 3 /INPUT 1 "OP1_MUX";
    .port_info 4 /INPUT 1 "OP2_MUX";
    .port_info 5 /INPUT 5 "STAGE_3_ADDR";
    .port_info 6 /INPUT 1 "STAGE_3_REGWRITE_EN";
    .port_info 7 /INPUT 5 "STAGE_4_ADDR";
    .port_info 8 /INPUT 1 "STAGE_4_REGWRITE_EN";
    .port_info 9 /INPUT 5 "STAGE_5_EXTRA_ADDR";
    .port_info 10 /INPUT 1 "STAGE_5_EXTRA_REGWRITE_EN";
    .port_info 11 /OUTPUT 2 "OP1_MUX_OUT";
    .port_info 12 /OUTPUT 2 "OP2_MUX_OUT";
o0x7f970d632008 .functor BUFZ 5, C4<zzzzz>; HiZ drive
v0x7f970d705ea0_0 .net "ADDR1", 4 0, o0x7f970d632008;  0 drivers
o0x7f970d632038 .functor BUFZ 5, C4<zzzzz>; HiZ drive
v0x7f970d71daf0_0 .net "ADDR2", 4 0, o0x7f970d632038;  0 drivers
o0x7f970d632068 .functor BUFZ 1, C4<z>; HiZ drive
v0x7f970d71db90_0 .net "MEM_WRITE", 0 0, o0x7f970d632068;  0 drivers
o0x7f970d632098 .functor BUFZ 1, C4<z>; HiZ drive
v0x7f970d71dc40_0 .net "OP1_MUX", 0 0, o0x7f970d632098;  0 drivers
v0x7f970d71dcd0_0 .var "OP1_MUX_OUT", 1 0;
o0x7f970d6320f8 .functor BUFZ 1, C4<z>; HiZ drive
v0x7f970d71ddc0_0 .net "OP2_MUX", 0 0, o0x7f970d6320f8;  0 drivers
v0x7f970d71de60_0 .var "OP2_MUX_OUT", 1 0;
o0x7f970d632158 .functor BUFZ 5, C4<zzzzz>; HiZ drive
v0x7f970d71df10_0 .net "STAGE_3_ADDR", 4 0, o0x7f970d632158;  0 drivers
o0x7f970d632188 .functor BUFZ 1, C4<z>; HiZ drive
v0x7f970d71dfc0_0 .net "STAGE_3_REGWRITE_EN", 0 0, o0x7f970d632188;  0 drivers
o0x7f970d6321b8 .functor BUFZ 5, C4<zzzzz>; HiZ drive
v0x7f970d71e0d0_0 .net "STAGE_4_ADDR", 4 0, o0x7f970d6321b8;  0 drivers
o0x7f970d6321e8 .functor BUFZ 1, C4<z>; HiZ drive
v0x7f970d71e170_0 .net "STAGE_4_REGWRITE_EN", 0 0, o0x7f970d6321e8;  0 drivers
o0x7f970d632218 .functor BUFZ 5, C4<zzzzz>; HiZ drive
v0x7f970d71e210_0 .net "STAGE_5_EXTRA_ADDR", 4 0, o0x7f970d632218;  0 drivers
o0x7f970d632248 .functor BUFZ 1, C4<z>; HiZ drive
v0x7f970d71e2c0_0 .net "STAGE_5_EXTRA_REGWRITE_EN", 0 0, o0x7f970d632248;  0 drivers
E_0x7f970d705a20/0 .event edge, v0x7f970d71dc40_0, v0x7f970d71dfc0_0, v0x7f970d71df10_0, v0x7f970d705ea0_0;
E_0x7f970d705a20/1 .event edge, v0x7f970d71e170_0, v0x7f970d71e0d0_0, v0x7f970d71e2c0_0, v0x7f970d71e210_0;
E_0x7f970d705a20/2 .event edge, v0x7f970d71ddc0_0, v0x7f970d71db90_0, v0x7f970d71daf0_0;
E_0x7f970d705a20 .event/or E_0x7f970d705a20/0, E_0x7f970d705a20/1, E_0x7f970d705a20/2;
    .scope S_0x7f970d704c10;
T_0 ;
    %wait E_0x7f970d705a20;
    %load/vec4 v0x7f970d71dc40_0;
    %pad/u 32;
    %cmpi/e 0, 0, 32;
    %jmp/0xz  T_0.0, 4;
    %load/vec4 v0x7f970d71dfc0_0;
    %pushi/vec4 1, 0, 1;
    %cmp/e;
    %flag_get/vec4 4;
    %load/vec4 v0x7f970d71df10_0;
    %load/vec4 v0x7f970d705ea0_0;
    %cmp/e;
    %flag_get/vec4 4;
    %and;
    %flag_set/vec4 8;
    %jmp/0xz  T_0.2, 8;
    %pushi/vec4 1, 0, 2;
    %store/vec4 v0x7f970d71dcd0_0, 0, 2;
    %jmp T_0.3;
T_0.2 ;
    %load/vec4 v0x7f970d71e170_0;
    %pushi/vec4 1, 0, 1;
    %cmp/e;
    %flag_get/vec4 4;
    %load/vec4 v0x7f970d71e0d0_0;
    %load/vec4 v0x7f970d705ea0_0;
    %cmp/e;
    %flag_get/vec4 4;
    %and;
    %flag_set/vec4 8;
    %jmp/0xz  T_0.4, 8;
    %pushi/vec4 2, 0, 2;
    %store/vec4 v0x7f970d71dcd0_0, 0, 2;
    %jmp T_0.5;
T_0.4 ;
    %load/vec4 v0x7f970d71e2c0_0;
    %pushi/vec4 1, 0, 1;
    %cmp/e;
    %flag_get/vec4 4;
    %load/vec4 v0x7f970d71e210_0;
    %load/vec4 v0x7f970d705ea0_0;
    %cmp/e;
    %flag_get/vec4 4;
    %and;
    %flag_set/vec4 8;
    %jmp/0xz  T_0.6, 8;
    %pushi/vec4 3, 0, 2;
    %store/vec4 v0x7f970d71dcd0_0, 0, 2;
    %jmp T_0.7;
T_0.6 ;
    %pushi/vec4 0, 0, 2;
    %store/vec4 v0x7f970d71dcd0_0, 0, 2;
T_0.7 ;
T_0.5 ;
T_0.3 ;
T_0.0 ;
    %load/vec4 v0x7f970d71ddc0_0;
    %pad/u 32;
    %cmpi/e 0, 0, 32;
    %flag_mov 8, 4;
    %load/vec4 v0x7f970d71db90_0;
    %flag_set/vec4 9;
    %flag_or 9, 8;
    %jmp/0xz  T_0.8, 9;
    %load/vec4 v0x7f970d71dfc0_0;
    %pushi/vec4 1, 0, 1;
    %cmp/e;
    %flag_get/vec4 4;
    %load/vec4 v0x7f970d71df10_0;
    %load/vec4 v0x7f970d71daf0_0;
    %cmp/e;
    %flag_get/vec4 4;
    %and;
    %flag_set/vec4 8;
    %jmp/0xz  T_0.10, 8;
    %pushi/vec4 1, 0, 2;
    %store/vec4 v0x7f970d71de60_0, 0, 2;
    %jmp T_0.11;
T_0.10 ;
    %load/vec4 v0x7f970d71e170_0;
    %pushi/vec4 1, 0, 1;
    %cmp/e;
    %flag_get/vec4 4;
    %load/vec4 v0x7f970d71e0d0_0;
    %load/vec4 v0x7f970d71daf0_0;
    %cmp/e;
    %flag_get/vec4 4;
    %and;
    %flag_set/vec4 8;
    %jmp/0xz  T_0.12, 8;
    %pushi/vec4 2, 0, 2;
    %store/vec4 v0x7f970d71de60_0, 0, 2;
    %jmp T_0.13;
T_0.12 ;
    %load/vec4 v0x7f970d71e2c0_0;
    %pushi/vec4 1, 0, 1;
    %cmp/e;
    %flag_get/vec4 4;
    %load/vec4 v0x7f970d71e210_0;
    %load/vec4 v0x7f970d71daf0_0;
    %cmp/e;
    %flag_get/vec4 4;
    %and;
    %flag_set/vec4 8;
    %jmp/0xz  T_0.14, 8;
    %pushi/vec4 3, 0, 2;
    %store/vec4 v0x7f970d71de60_0, 0, 2;
    %jmp T_0.15;
T_0.14 ;
    %pushi/vec4 0, 0, 2;
    %store/vec4 v0x7f970d71de60_0, 0, 2;
T_0.15 ;
T_0.13 ;
T_0.11 ;
T_0.8 ;
    %jmp T_0;
    .thread T_0, $push;
# The file index is used to find the file name in the following table.
:file_names 3;
    "N/A";
    "<interactive>";
    "stage3_forward_unit.v";
