#! /usr/bin/vvp
:ivl_version "10.3 (stable)";
:ivl_delay_selection "TYPICAL";
:vpi_time_precision - 10;
:vpi_module "system";
:vpi_module "vhdl_sys";
:vpi_module "v2005_math";
:vpi_module "va_math";
S_0x55a709a3b8b0 .scope module, "alu" "alu" 2 4;
 .timescale -9 -10;
    .port_info 0 /INPUT 32 "DATA1"
    .port_info 1 /INPUT 32 "DATA2"
    .port_info 2 /OUTPUT 32 "RESULT"
    .port_info 3 /INPUT 5 "SELECT"
o0x7fabfb418048 .functor BUFZ 32, C4<zzzzzzzzzzzzzzzzzzzzzzzzzzzzzzzz>; HiZ drive
L_0x55a709a7a690/d .functor BUFZ 32, o0x7fabfb418048, C4<00000000000000000000000000000000>, C4<00000000000000000000000000000000>, C4<00000000000000000000000000000000>;
L_0x55a709a7a690 .delay 32 (10,10,10) L_0x55a709a7a690/d;
o0x7fabfb418018 .functor BUFZ 32, C4<zzzzzzzzzzzzzzzzzzzzzzzzzzzzzzzz>; HiZ drive
L_0x55a709a7a920/d .functor AND 32, o0x7fabfb418018, o0x7fabfb418048, C4<11111111111111111111111111111111>, C4<11111111111111111111111111111111>;
L_0x55a709a7a920 .delay 32 (30,30,30) L_0x55a709a7a920/d;
L_0x55a709a7ac60/d .functor OR 32, o0x7fabfb418018, o0x7fabfb418048, C4<00000000000000000000000000000000>, C4<00000000000000000000000000000000>;
L_0x55a709a7ac60 .delay 32 (30,30,30) L_0x55a709a7ac60/d;
L_0x55a709a7ade0/d .functor XOR 32, o0x7fabfb418018, o0x7fabfb418048, C4<00000000000000000000000000000000>, C4<00000000000000000000000000000000>;
L_0x55a709a7ade0 .delay 32 (30,30,30) L_0x55a709a7ade0/d;
v0x55a709a3bef0_0 .net "DATA1", 31 0, o0x7fabfb418018;  0 drivers
v0x55a709a78f60_0 .net "DATA2", 31 0, o0x7fabfb418048;  0 drivers
v0x55a709a79040_0 .net "INTER_ADD", 31 0, L_0x55a709a7a880;  1 drivers
v0x55a709a79100_0 .net "INTER_AND", 31 0, L_0x55a709a7a920;  1 drivers
v0x55a709a791e0_0 .net "INTER_DIV", 31 0, L_0x55a709a8c190;  1 drivers
v0x55a709a79310_0 .net "INTER_FWD", 31 0, L_0x55a709a7a690;  1 drivers
v0x55a709a793f0_0 .net "INTER_MUL", 31 0, L_0x55a709a8bd50;  1 drivers
v0x55a709a794d0_0 .net "INTER_MULHSU", 31 0, L_0x55a709a8bef0;  1 drivers
v0x55a709a795b0_0 .net "INTER_MULHU", 31 0, L_0x55a709a8bfe0;  1 drivers
v0x55a709a79690_0 .net "INTER_OR", 31 0, L_0x55a709a7ac60;  1 drivers
v0x55a709a79770_0 .net "INTER_REM", 31 0, L_0x55a709a8c510;  1 drivers
v0x55a709a79850_0 .net "INTER_REMU", 31 0, L_0x55a709a8c700;  1 drivers
v0x55a709a79930_0 .net "INTER_SLL", 31 0, L_0x55a709a7af50;  1 drivers
v0x55a709a79a10_0 .net "INTER_SLT", 31 0, L_0x55a709a8b770;  1 drivers
v0x55a709a79af0_0 .net "INTER_SLTU", 31 0, L_0x55a709a8baf0;  1 drivers
v0x55a709a79bd0_0 .net "INTER_SRA", 31 0, L_0x55a709a7b370;  1 drivers
v0x55a709a79cb0_0 .net "INTER_SRL", 31 0, L_0x55a709a7b0c0;  1 drivers
v0x55a709a79d90_0 .net "INTER_SUB", 31 0, L_0x55a709a7aa80;  1 drivers
v0x55a709a79e70_0 .net "INTER_XOR", 31 0, L_0x55a709a7ade0;  1 drivers
v0x55a709a79f50_0 .var "RESULT", 31 0;
o0x7fabfb4183d8 .functor BUFZ 5, C4<zzzzz>; HiZ drive
v0x55a709a7a030_0 .net "SELECT", 4 0, o0x7fabfb4183d8;  0 drivers
v0x55a709a7a110_0 .net *"_s18", 0 0, L_0x55a709a7b5f0;  1 drivers
L_0x7fabfb3cf018 .functor BUFT 1, C4<00000000000000000000000000000001>, C4<0>, C4<0>, C4<0>;
v0x55a709a7a1d0_0 .net/2u *"_s20", 31 0, L_0x7fabfb3cf018;  1 drivers
L_0x7fabfb3cf060 .functor BUFT 1, C4<00000000000000000000000000000000>, C4<0>, C4<0>, C4<0>;
v0x55a709a7a2b0_0 .net/2u *"_s22", 31 0, L_0x7fabfb3cf060;  1 drivers
v0x55a709a7a390_0 .net *"_s26", 0 0, L_0x55a709a8b9d0;  1 drivers
L_0x7fabfb3cf0a8 .functor BUFT 1, C4<00000000000000000000000000000001>, C4<0>, C4<0>, C4<0>;
v0x55a709a7a450_0 .net/2u *"_s28", 31 0, L_0x7fabfb3cf0a8;  1 drivers
L_0x7fabfb3cf0f0 .functor BUFT 1, C4<00000000000000000000000000000000>, C4<0>, C4<0>, C4<0>;
v0x55a709a7a530_0 .net/2u *"_s30", 31 0, L_0x7fabfb3cf0f0;  1 drivers
E_0x55a709a5d360 .event edge, v0x55a709a7a030_0;
L_0x55a709a7a880 .delay 32 (30,30,30) L_0x55a709a7a880/d;
L_0x55a709a7a880/d .arith/sum 32, o0x7fabfb418018, o0x7fabfb418048;
L_0x55a709a7aa80 .delay 32 (30,30,30) L_0x55a709a7aa80/d;
L_0x55a709a7aa80/d .arith/sub 32, o0x7fabfb418018, o0x7fabfb418048;
L_0x55a709a7af50 .delay 32 (40,40,40) L_0x55a709a7af50/d;
L_0x55a709a7af50/d .shift/l 32, o0x7fabfb418018, o0x7fabfb418048;
L_0x55a709a7b0c0 .delay 32 (40,40,40) L_0x55a709a7b0c0/d;
L_0x55a709a7b0c0/d .shift/r 32, o0x7fabfb418018, o0x7fabfb418048;
L_0x55a709a7b370 .delay 32 (40,40,40) L_0x55a709a7b370/d;
L_0x55a709a7b370/d .shift/r 32, o0x7fabfb418018, o0x7fabfb418048;
L_0x55a709a7b5f0 .cmp/gt.s 32, o0x7fabfb418048, o0x7fabfb418018;
L_0x55a709a8b770 .delay 32 (30,30,30) L_0x55a709a8b770/d;
L_0x55a709a8b770/d .functor MUXZ 32, L_0x7fabfb3cf060, L_0x7fabfb3cf018, L_0x55a709a7b5f0, C4<>;
L_0x55a709a8b9d0 .cmp/gt 32, o0x7fabfb418048, o0x7fabfb418018;
L_0x55a709a8baf0 .delay 32 (30,30,30) L_0x55a709a8baf0/d;
L_0x55a709a8baf0/d .functor MUXZ 32, L_0x7fabfb3cf0f0, L_0x7fabfb3cf0a8, L_0x55a709a8b9d0, C4<>;
L_0x55a709a8bd50 .delay 32 (80,80,80) L_0x55a709a8bd50/d;
L_0x55a709a8bd50/d .arith/mult 32, o0x7fabfb418018, o0x7fabfb418048;
L_0x55a709a8bef0 .delay 32 (80,80,80) L_0x55a709a8bef0/d;
L_0x55a709a8bef0/d .arith/mult 32, o0x7fabfb418018, o0x7fabfb418018;
L_0x55a709a8bfe0 .delay 32 (80,80,80) L_0x55a709a8bfe0/d;
L_0x55a709a8bfe0/d .arith/mult 32, o0x7fabfb418018, o0x7fabfb418018;
L_0x55a709a8c190 .delay 32 (80,80,80) L_0x55a709a8c190/d;
L_0x55a709a8c190/d .arith/div.s 32, o0x7fabfb418018, o0x7fabfb418018;
L_0x55a709a8c510 .delay 32 (80,80,80) L_0x55a709a8c510/d;
L_0x55a709a8c510/d .arith/mod.s 32, o0x7fabfb418018, o0x7fabfb418018;
L_0x55a709a8c700 .delay 32 (80,80,80) L_0x55a709a8c700/d;
L_0x55a709a8c700/d .arith/mod 32, o0x7fabfb418018, o0x7fabfb418018;
    .scope S_0x55a709a3b8b0;
T_0 ;
    %wait E_0x55a709a5d360;
    %load/vec4 v0x55a709a7a030_0;
    %pushi/vec4 0, 0, 32;
    %store/vec4 v0x55a709a79f50_0, 0, 32;
    %jmp T_0.1;
T_0.1 ;
    %pop/vec4 1;
    %jmp T_0;
    .thread T_0, $push;
# The file index is used to find the file name in the following table.
:file_names 3;
    "N/A";
    "<interactive>";
    "alu.v";
