#! /usr/bin/vvp
:ivl_version "10.3 (stable)";
:ivl_delay_selection "TYPICAL";
:vpi_time_precision - 10;
:vpi_module "system";
:vpi_module "vhdl_sys";
:vpi_module "v2005_math";
:vpi_module "va_math";
S_0x5602115920f0 .scope module, "mux16to1_128bit" "mux16to1_128bit" 2 4;
 .timescale -9 -10;
    .port_info 0 /INPUT 128 "INPUT1"
    .port_info 1 /INPUT 128 "INPUT2"
    .port_info 2 /INPUT 128 "INPUT3"
    .port_info 3 /INPUT 128 "INPUT4"
    .port_info 4 /INPUT 128 "INPUT5"
    .port_info 5 /INPUT 128 "INPUT6"
    .port_info 6 /INPUT 128 "INPUT7"
    .port_info 7 /INPUT 128 "INPUT8"
    .port_info 8 /INPUT 128 "INPUT9"
    .port_info 9 /INPUT 128 "INPUT10"
    .port_info 10 /INPUT 128 "INPUT11"
    .port_info 11 /INPUT 128 "INPUT12"
    .port_info 12 /INPUT 128 "INPUT13"
    .port_info 13 /INPUT 128 "INPUT14"
    .port_info 14 /INPUT 128 "INPUT15"
    .port_info 15 /INPUT 128 "INPUT16"
    .port_info 16 /OUTPUT 128 "RESULT"
    .port_info 17 /INPUT 4 "SELECT"
o0x7fbaa2bfe018 .functor BUFZ 128, C4<zzzzzzzzzzzzzzzzzzzzzzzzzzzzzzzzzzzzzzzzzzzzzzzzzzzzzzzzzzzzzzzzzzzzzzzzzzzzzzzzzzzzzzzzzzzzzzzzzzzzzzzzzzzzzzzzzzzzzzzzzzzzzzzz>; HiZ drive
v0x5602115b80d0_0 .net "INPUT1", 127 0, o0x7fbaa2bfe018;  0 drivers
o0x7fbaa2bfe048 .functor BUFZ 128, C4<zzzzzzzzzzzzzzzzzzzzzzzzzzzzzzzzzzzzzzzzzzzzzzzzzzzzzzzzzzzzzzzzzzzzzzzzzzzzzzzzzzzzzzzzzzzzzzzzzzzzzzzzzzzzzzzzzzzzzzzzzzzzzzzz>; HiZ drive
v0x5602115dd430_0 .net "INPUT10", 127 0, o0x7fbaa2bfe048;  0 drivers
o0x7fbaa2bfe078 .functor BUFZ 128, C4<zzzzzzzzzzzzzzzzzzzzzzzzzzzzzzzzzzzzzzzzzzzzzzzzzzzzzzzzzzzzzzzzzzzzzzzzzzzzzzzzzzzzzzzzzzzzzzzzzzzzzzzzzzzzzzzzzzzzzzzzzzzzzzzz>; HiZ drive
v0x5602115dd510_0 .net "INPUT11", 127 0, o0x7fbaa2bfe078;  0 drivers
o0x7fbaa2bfe0a8 .functor BUFZ 128, C4<zzzzzzzzzzzzzzzzzzzzzzzzzzzzzzzzzzzzzzzzzzzzzzzzzzzzzzzzzzzzzzzzzzzzzzzzzzzzzzzzzzzzzzzzzzzzzzzzzzzzzzzzzzzzzzzzzzzzzzzzzzzzzzzz>; HiZ drive
v0x5602115dd5d0_0 .net "INPUT12", 127 0, o0x7fbaa2bfe0a8;  0 drivers
o0x7fbaa2bfe0d8 .functor BUFZ 128, C4<zzzzzzzzzzzzzzzzzzzzzzzzzzzzzzzzzzzzzzzzzzzzzzzzzzzzzzzzzzzzzzzzzzzzzzzzzzzzzzzzzzzzzzzzzzzzzzzzzzzzzzzzzzzzzzzzzzzzzzzzzzzzzzzz>; HiZ drive
v0x5602115dd6b0_0 .net "INPUT13", 127 0, o0x7fbaa2bfe0d8;  0 drivers
o0x7fbaa2bfe108 .functor BUFZ 128, C4<zzzzzzzzzzzzzzzzzzzzzzzzzzzzzzzzzzzzzzzzzzzzzzzzzzzzzzzzzzzzzzzzzzzzzzzzzzzzzzzzzzzzzzzzzzzzzzzzzzzzzzzzzzzzzzzzzzzzzzzzzzzzzzzz>; HiZ drive
v0x5602115dd7e0_0 .net "INPUT14", 127 0, o0x7fbaa2bfe108;  0 drivers
o0x7fbaa2bfe138 .functor BUFZ 128, C4<zzzzzzzzzzzzzzzzzzzzzzzzzzzzzzzzzzzzzzzzzzzzzzzzzzzzzzzzzzzzzzzzzzzzzzzzzzzzzzzzzzzzzzzzzzzzzzzzzzzzzzzzzzzzzzzzzzzzzzzzzzzzzzzz>; HiZ drive
v0x5602115dd8c0_0 .net "INPUT15", 127 0, o0x7fbaa2bfe138;  0 drivers
o0x7fbaa2bfe168 .functor BUFZ 128, C4<zzzzzzzzzzzzzzzzzzzzzzzzzzzzzzzzzzzzzzzzzzzzzzzzzzzzzzzzzzzzzzzzzzzzzzzzzzzzzzzzzzzzzzzzzzzzzzzzzzzzzzzzzzzzzzzzzzzzzzzzzzzzzzzz>; HiZ drive
v0x5602115dd9a0_0 .net "INPUT16", 127 0, o0x7fbaa2bfe168;  0 drivers
o0x7fbaa2bfe198 .functor BUFZ 128, C4<zzzzzzzzzzzzzzzzzzzzzzzzzzzzzzzzzzzzzzzzzzzzzzzzzzzzzzzzzzzzzzzzzzzzzzzzzzzzzzzzzzzzzzzzzzzzzzzzzzzzzzzzzzzzzzzzzzzzzzzzzzzzzzzz>; HiZ drive
v0x5602115dda80_0 .net "INPUT2", 127 0, o0x7fbaa2bfe198;  0 drivers
o0x7fbaa2bfe1c8 .functor BUFZ 128, C4<zzzzzzzzzzzzzzzzzzzzzzzzzzzzzzzzzzzzzzzzzzzzzzzzzzzzzzzzzzzzzzzzzzzzzzzzzzzzzzzzzzzzzzzzzzzzzzzzzzzzzzzzzzzzzzzzzzzzzzzzzzzzzzzz>; HiZ drive
v0x5602115ddb60_0 .net "INPUT3", 127 0, o0x7fbaa2bfe1c8;  0 drivers
o0x7fbaa2bfe1f8 .functor BUFZ 128, C4<zzzzzzzzzzzzzzzzzzzzzzzzzzzzzzzzzzzzzzzzzzzzzzzzzzzzzzzzzzzzzzzzzzzzzzzzzzzzzzzzzzzzzzzzzzzzzzzzzzzzzzzzzzzzzzzzzzzzzzzzzzzzzzzz>; HiZ drive
v0x5602115ddc40_0 .net "INPUT4", 127 0, o0x7fbaa2bfe1f8;  0 drivers
o0x7fbaa2bfe228 .functor BUFZ 128, C4<zzzzzzzzzzzzzzzzzzzzzzzzzzzzzzzzzzzzzzzzzzzzzzzzzzzzzzzzzzzzzzzzzzzzzzzzzzzzzzzzzzzzzzzzzzzzzzzzzzzzzzzzzzzzzzzzzzzzzzzzzzzzzzzz>; HiZ drive
v0x5602115ddd20_0 .net "INPUT5", 127 0, o0x7fbaa2bfe228;  0 drivers
o0x7fbaa2bfe258 .functor BUFZ 128, C4<zzzzzzzzzzzzzzzzzzzzzzzzzzzzzzzzzzzzzzzzzzzzzzzzzzzzzzzzzzzzzzzzzzzzzzzzzzzzzzzzzzzzzzzzzzzzzzzzzzzzzzzzzzzzzzzzzzzzzzzzzzzzzzzz>; HiZ drive
v0x5602115dde00_0 .net "INPUT6", 127 0, o0x7fbaa2bfe258;  0 drivers
o0x7fbaa2bfe288 .functor BUFZ 128, C4<zzzzzzzzzzzzzzzzzzzzzzzzzzzzzzzzzzzzzzzzzzzzzzzzzzzzzzzzzzzzzzzzzzzzzzzzzzzzzzzzzzzzzzzzzzzzzzzzzzzzzzzzzzzzzzzzzzzzzzzzzzzzzzzz>; HiZ drive
v0x5602115ddee0_0 .net "INPUT7", 127 0, o0x7fbaa2bfe288;  0 drivers
o0x7fbaa2bfe2b8 .functor BUFZ 128, C4<zzzzzzzzzzzzzzzzzzzzzzzzzzzzzzzzzzzzzzzzzzzzzzzzzzzzzzzzzzzzzzzzzzzzzzzzzzzzzzzzzzzzzzzzzzzzzzzzzzzzzzzzzzzzzzzzzzzzzzzzzzzzzzzz>; HiZ drive
v0x5602115ddfc0_0 .net "INPUT8", 127 0, o0x7fbaa2bfe2b8;  0 drivers
o0x7fbaa2bfe2e8 .functor BUFZ 128, C4<zzzzzzzzzzzzzzzzzzzzzzzzzzzzzzzzzzzzzzzzzzzzzzzzzzzzzzzzzzzzzzzzzzzzzzzzzzzzzzzzzzzzzzzzzzzzzzzzzzzzzzzzzzzzzzzzzzzzzzzzzzzzzzzz>; HiZ drive
v0x5602115de0a0_0 .net "INPUT9", 127 0, o0x7fbaa2bfe2e8;  0 drivers
v0x5602115de180_0 .var "RESULT", 127 0;
o0x7fbaa2bfe348 .functor BUFZ 4, C4<zzzz>; HiZ drive
v0x5602115de260_0 .net "SELECT", 3 0, o0x7fbaa2bfe348;  0 drivers
E_0x5602115c8d20/0 .event edge, v0x5602115de260_0, v0x5602115b80d0_0, v0x5602115dda80_0, v0x5602115ddb60_0;
E_0x5602115c8d20/1 .event edge, v0x5602115ddc40_0, v0x5602115ddd20_0, v0x5602115dde00_0, v0x5602115ddee0_0;
E_0x5602115c8d20/2 .event edge, v0x5602115ddfc0_0, v0x5602115de0a0_0, v0x5602115dd430_0, v0x5602115dd510_0;
E_0x5602115c8d20/3 .event edge, v0x5602115dd5d0_0, v0x5602115dd6b0_0, v0x5602115dd7e0_0, v0x5602115dd8c0_0;
E_0x5602115c8d20/4 .event edge, v0x5602115dd9a0_0;
E_0x5602115c8d20 .event/or E_0x5602115c8d20/0, E_0x5602115c8d20/1, E_0x5602115c8d20/2, E_0x5602115c8d20/3, E_0x5602115c8d20/4;
    .scope S_0x5602115920f0;
T_0 ;
    %wait E_0x5602115c8d20;
    %load/vec4 v0x5602115de260_0;
    %dup/vec4;
    %pushi/vec4 0, 0, 4;
    %cmp/u;
    %jmp/1 T_0.0, 6;
    %dup/vec4;
    %pushi/vec4 1, 0, 4;
    %cmp/u;
    %jmp/1 T_0.1, 6;
    %dup/vec4;
    %pushi/vec4 2, 0, 4;
    %cmp/u;
    %jmp/1 T_0.2, 6;
    %dup/vec4;
    %pushi/vec4 3, 0, 4;
    %cmp/u;
    %jmp/1 T_0.3, 6;
    %dup/vec4;
    %pushi/vec4 4, 0, 4;
    %cmp/u;
    %jmp/1 T_0.4, 6;
    %dup/vec4;
    %pushi/vec4 5, 0, 4;
    %cmp/u;
    %jmp/1 T_0.5, 6;
    %dup/vec4;
    %pushi/vec4 6, 0, 4;
    %cmp/u;
    %jmp/1 T_0.6, 6;
    %dup/vec4;
    %pushi/vec4 7, 0, 4;
    %cmp/u;
    %jmp/1 T_0.7, 6;
    %dup/vec4;
    %pushi/vec4 8, 0, 4;
    %cmp/u;
    %jmp/1 T_0.8, 6;
    %dup/vec4;
    %pushi/vec4 9, 0, 4;
    %cmp/u;
    %jmp/1 T_0.9, 6;
    %dup/vec4;
    %pushi/vec4 10, 0, 4;
    %cmp/u;
    %jmp/1 T_0.10, 6;
    %dup/vec4;
    %pushi/vec4 11, 0, 4;
    %cmp/u;
    %jmp/1 T_0.11, 6;
    %dup/vec4;
    %pushi/vec4 12, 0, 4;
    %cmp/u;
    %jmp/1 T_0.12, 6;
    %dup/vec4;
    %pushi/vec4 13, 0, 4;
    %cmp/u;
    %jmp/1 T_0.13, 6;
    %dup/vec4;
    %pushi/vec4 14, 0, 4;
    %cmp/u;
    %jmp/1 T_0.14, 6;
    %dup/vec4;
    %pushi/vec4 15, 0, 4;
    %cmp/u;
    %jmp/1 T_0.15, 6;
    %pushi/vec4 0, 0, 128;
    %store/vec4 v0x5602115de180_0, 0, 128;
    %jmp T_0.17;
T_0.0 ;
    %load/vec4 v0x5602115b80d0_0;
    %store/vec4 v0x5602115de180_0, 0, 128;
    %jmp T_0.17;
T_0.1 ;
    %load/vec4 v0x5602115dda80_0;
    %store/vec4 v0x5602115de180_0, 0, 128;
    %jmp T_0.17;
T_0.2 ;
    %load/vec4 v0x5602115ddb60_0;
    %store/vec4 v0x5602115de180_0, 0, 128;
    %jmp T_0.17;
T_0.3 ;
    %load/vec4 v0x5602115ddc40_0;
    %store/vec4 v0x5602115de180_0, 0, 128;
    %jmp T_0.17;
T_0.4 ;
    %load/vec4 v0x5602115ddd20_0;
    %store/vec4 v0x5602115de180_0, 0, 128;
    %jmp T_0.17;
T_0.5 ;
    %load/vec4 v0x5602115dde00_0;
    %store/vec4 v0x5602115de180_0, 0, 128;
    %jmp T_0.17;
T_0.6 ;
    %load/vec4 v0x5602115ddee0_0;
    %store/vec4 v0x5602115de180_0, 0, 128;
    %jmp T_0.17;
T_0.7 ;
    %load/vec4 v0x5602115ddfc0_0;
    %store/vec4 v0x5602115de180_0, 0, 128;
    %jmp T_0.17;
T_0.8 ;
    %load/vec4 v0x5602115de0a0_0;
    %store/vec4 v0x5602115de180_0, 0, 128;
    %jmp T_0.17;
T_0.9 ;
    %load/vec4 v0x5602115dd430_0;
    %store/vec4 v0x5602115de180_0, 0, 128;
    %jmp T_0.17;
T_0.10 ;
    %load/vec4 v0x5602115dd510_0;
    %store/vec4 v0x5602115de180_0, 0, 128;
    %jmp T_0.17;
T_0.11 ;
    %load/vec4 v0x5602115dd5d0_0;
    %store/vec4 v0x5602115de180_0, 0, 128;
    %jmp T_0.17;
T_0.12 ;
    %load/vec4 v0x5602115dd6b0_0;
    %store/vec4 v0x5602115de180_0, 0, 128;
    %jmp T_0.17;
T_0.13 ;
    %load/vec4 v0x5602115dd7e0_0;
    %store/vec4 v0x5602115de180_0, 0, 128;
    %jmp T_0.17;
T_0.14 ;
    %load/vec4 v0x5602115dd8c0_0;
    %store/vec4 v0x5602115de180_0, 0, 128;
    %jmp T_0.17;
T_0.15 ;
    %load/vec4 v0x5602115dd9a0_0;
    %store/vec4 v0x5602115de180_0, 0, 128;
    %jmp T_0.17;
T_0.17 ;
    %pop/vec4 1;
    %jmp T_0;
    .thread T_0, $push;
# The file index is used to find the file name in the following table.
:file_names 3;
    "N/A";
    "<interactive>";
    "mux16to1_128bit.v";
