#! /usr/bin/vvp
:ivl_version "10.3 (stable)";
:ivl_delay_selection "TYPICAL";
:vpi_time_precision - 10;
:vpi_module "system";
:vpi_module "vhdl_sys";
:vpi_module "v2005_math";
:vpi_module "va_math";
S_0x565048a430f0 .scope module, "mux16to1_28bit" "mux16to1_28bit" 2 4;
 .timescale -9 -10;
    .port_info 0 /INPUT 28 "INPUT1"
    .port_info 1 /INPUT 28 "INPUT2"
    .port_info 2 /INPUT 28 "INPUT3"
    .port_info 3 /INPUT 28 "INPUT4"
    .port_info 4 /INPUT 28 "INPUT5"
    .port_info 5 /INPUT 28 "INPUT6"
    .port_info 6 /INPUT 28 "INPUT7"
    .port_info 7 /INPUT 28 "INPUT8"
    .port_info 8 /INPUT 28 "INPUT9"
    .port_info 9 /INPUT 28 "INPUT10"
    .port_info 10 /INPUT 28 "INPUT11"
    .port_info 11 /INPUT 28 "INPUT12"
    .port_info 12 /INPUT 28 "INPUT13"
    .port_info 13 /INPUT 28 "INPUT14"
    .port_info 14 /INPUT 28 "INPUT15"
    .port_info 15 /INPUT 28 "INPUT16"
    .port_info 16 /OUTPUT 28 "RESULT"
    .port_info 17 /INPUT 4 "SELECT"
o0x7f2c233ab018 .functor BUFZ 28, C4<zzzzzzzzzzzzzzzzzzzzzzzzzzzz>; HiZ drive
v0x565048a68e00_0 .net "INPUT1", 27 0, o0x7f2c233ab018;  0 drivers
o0x7f2c233ab048 .functor BUFZ 28, C4<zzzzzzzzzzzzzzzzzzzzzzzzzzzz>; HiZ drive
v0x565048a8e110_0 .net "INPUT10", 27 0, o0x7f2c233ab048;  0 drivers
o0x7f2c233ab078 .functor BUFZ 28, C4<zzzzzzzzzzzzzzzzzzzzzzzzzzzz>; HiZ drive
v0x565048a8e1f0_0 .net "INPUT11", 27 0, o0x7f2c233ab078;  0 drivers
o0x7f2c233ab0a8 .functor BUFZ 28, C4<zzzzzzzzzzzzzzzzzzzzzzzzzzzz>; HiZ drive
v0x565048a8e2b0_0 .net "INPUT12", 27 0, o0x7f2c233ab0a8;  0 drivers
o0x7f2c233ab0d8 .functor BUFZ 28, C4<zzzzzzzzzzzzzzzzzzzzzzzzzzzz>; HiZ drive
v0x565048a8e390_0 .net "INPUT13", 27 0, o0x7f2c233ab0d8;  0 drivers
o0x7f2c233ab108 .functor BUFZ 28, C4<zzzzzzzzzzzzzzzzzzzzzzzzzzzz>; HiZ drive
v0x565048a8e4c0_0 .net "INPUT14", 27 0, o0x7f2c233ab108;  0 drivers
o0x7f2c233ab138 .functor BUFZ 28, C4<zzzzzzzzzzzzzzzzzzzzzzzzzzzz>; HiZ drive
v0x565048a8e5a0_0 .net "INPUT15", 27 0, o0x7f2c233ab138;  0 drivers
o0x7f2c233ab168 .functor BUFZ 28, C4<zzzzzzzzzzzzzzzzzzzzzzzzzzzz>; HiZ drive
v0x565048a8e680_0 .net "INPUT16", 27 0, o0x7f2c233ab168;  0 drivers
o0x7f2c233ab198 .functor BUFZ 28, C4<zzzzzzzzzzzzzzzzzzzzzzzzzzzz>; HiZ drive
v0x565048a8e760_0 .net "INPUT2", 27 0, o0x7f2c233ab198;  0 drivers
o0x7f2c233ab1c8 .functor BUFZ 28, C4<zzzzzzzzzzzzzzzzzzzzzzzzzzzz>; HiZ drive
v0x565048a8e840_0 .net "INPUT3", 27 0, o0x7f2c233ab1c8;  0 drivers
o0x7f2c233ab1f8 .functor BUFZ 28, C4<zzzzzzzzzzzzzzzzzzzzzzzzzzzz>; HiZ drive
v0x565048a8e920_0 .net "INPUT4", 27 0, o0x7f2c233ab1f8;  0 drivers
o0x7f2c233ab228 .functor BUFZ 28, C4<zzzzzzzzzzzzzzzzzzzzzzzzzzzz>; HiZ drive
v0x565048a8ea00_0 .net "INPUT5", 27 0, o0x7f2c233ab228;  0 drivers
o0x7f2c233ab258 .functor BUFZ 28, C4<zzzzzzzzzzzzzzzzzzzzzzzzzzzz>; HiZ drive
v0x565048a8eae0_0 .net "INPUT6", 27 0, o0x7f2c233ab258;  0 drivers
o0x7f2c233ab288 .functor BUFZ 28, C4<zzzzzzzzzzzzzzzzzzzzzzzzzzzz>; HiZ drive
v0x565048a8ebc0_0 .net "INPUT7", 27 0, o0x7f2c233ab288;  0 drivers
o0x7f2c233ab2b8 .functor BUFZ 28, C4<zzzzzzzzzzzzzzzzzzzzzzzzzzzz>; HiZ drive
v0x565048a8eca0_0 .net "INPUT8", 27 0, o0x7f2c233ab2b8;  0 drivers
o0x7f2c233ab2e8 .functor BUFZ 28, C4<zzzzzzzzzzzzzzzzzzzzzzzzzzzz>; HiZ drive
v0x565048a8ed80_0 .net "INPUT9", 27 0, o0x7f2c233ab2e8;  0 drivers
v0x565048a8ee60_0 .var "RESULT", 27 0;
o0x7f2c233ab348 .functor BUFZ 4, C4<zzzz>; HiZ drive
v0x565048a8ef40_0 .net "SELECT", 3 0, o0x7f2c233ab348;  0 drivers
E_0x565048a79d10/0 .event edge, v0x565048a8ef40_0, v0x565048a68e00_0, v0x565048a8e760_0, v0x565048a8e840_0;
E_0x565048a79d10/1 .event edge, v0x565048a8e920_0, v0x565048a8ea00_0, v0x565048a8eae0_0, v0x565048a8ebc0_0;
E_0x565048a79d10/2 .event edge, v0x565048a8eca0_0, v0x565048a8ed80_0, v0x565048a8e110_0, v0x565048a8e1f0_0;
E_0x565048a79d10/3 .event edge, v0x565048a8e2b0_0, v0x565048a8e390_0, v0x565048a8e4c0_0, v0x565048a8e5a0_0;
E_0x565048a79d10/4 .event edge, v0x565048a8e680_0;
E_0x565048a79d10 .event/or E_0x565048a79d10/0, E_0x565048a79d10/1, E_0x565048a79d10/2, E_0x565048a79d10/3, E_0x565048a79d10/4;
    .scope S_0x565048a430f0;
T_0 ;
    %wait E_0x565048a79d10;
    %load/vec4 v0x565048a8ef40_0;
    %dup/vec4;
    %pushi/vec4 0, 0, 4;
    %cmp/u;
    %jmp/1 T_0.0, 6;
    %dup/vec4;
    %pushi/vec4 1, 0, 4;
    %cmp/u;
    %jmp/1 T_0.1, 6;
    %dup/vec4;
    %pushi/vec4 2, 0, 4;
    %cmp/u;
    %jmp/1 T_0.2, 6;
    %dup/vec4;
    %pushi/vec4 3, 0, 4;
    %cmp/u;
    %jmp/1 T_0.3, 6;
    %dup/vec4;
    %pushi/vec4 4, 0, 4;
    %cmp/u;
    %jmp/1 T_0.4, 6;
    %dup/vec4;
    %pushi/vec4 5, 0, 4;
    %cmp/u;
    %jmp/1 T_0.5, 6;
    %dup/vec4;
    %pushi/vec4 6, 0, 4;
    %cmp/u;
    %jmp/1 T_0.6, 6;
    %dup/vec4;
    %pushi/vec4 7, 0, 4;
    %cmp/u;
    %jmp/1 T_0.7, 6;
    %dup/vec4;
    %pushi/vec4 8, 0, 4;
    %cmp/u;
    %jmp/1 T_0.8, 6;
    %dup/vec4;
    %pushi/vec4 9, 0, 4;
    %cmp/u;
    %jmp/1 T_0.9, 6;
    %dup/vec4;
    %pushi/vec4 10, 0, 4;
    %cmp/u;
    %jmp/1 T_0.10, 6;
    %dup/vec4;
    %pushi/vec4 11, 0, 4;
    %cmp/u;
    %jmp/1 T_0.11, 6;
    %dup/vec4;
    %pushi/vec4 12, 0, 4;
    %cmp/u;
    %jmp/1 T_0.12, 6;
    %dup/vec4;
    %pushi/vec4 13, 0, 4;
    %cmp/u;
    %jmp/1 T_0.13, 6;
    %dup/vec4;
    %pushi/vec4 14, 0, 4;
    %cmp/u;
    %jmp/1 T_0.14, 6;
    %dup/vec4;
    %pushi/vec4 15, 0, 4;
    %cmp/u;
    %jmp/1 T_0.15, 6;
    %pushi/vec4 0, 0, 28;
    %store/vec4 v0x565048a8ee60_0, 0, 28;
    %jmp T_0.17;
T_0.0 ;
    %load/vec4 v0x565048a68e00_0;
    %store/vec4 v0x565048a8ee60_0, 0, 28;
    %jmp T_0.17;
T_0.1 ;
    %load/vec4 v0x565048a8e760_0;
    %store/vec4 v0x565048a8ee60_0, 0, 28;
    %jmp T_0.17;
T_0.2 ;
    %load/vec4 v0x565048a8e840_0;
    %store/vec4 v0x565048a8ee60_0, 0, 28;
    %jmp T_0.17;
T_0.3 ;
    %load/vec4 v0x565048a8e920_0;
    %store/vec4 v0x565048a8ee60_0, 0, 28;
    %jmp T_0.17;
T_0.4 ;
    %load/vec4 v0x565048a8ea00_0;
    %store/vec4 v0x565048a8ee60_0, 0, 28;
    %jmp T_0.17;
T_0.5 ;
    %load/vec4 v0x565048a8eae0_0;
    %store/vec4 v0x565048a8ee60_0, 0, 28;
    %jmp T_0.17;
T_0.6 ;
    %load/vec4 v0x565048a8ebc0_0;
    %store/vec4 v0x565048a8ee60_0, 0, 28;
    %jmp T_0.17;
T_0.7 ;
    %load/vec4 v0x565048a8eca0_0;
    %store/vec4 v0x565048a8ee60_0, 0, 28;
    %jmp T_0.17;
T_0.8 ;
    %load/vec4 v0x565048a8ed80_0;
    %store/vec4 v0x565048a8ee60_0, 0, 28;
    %jmp T_0.17;
T_0.9 ;
    %load/vec4 v0x565048a8e110_0;
    %store/vec4 v0x565048a8ee60_0, 0, 28;
    %jmp T_0.17;
T_0.10 ;
    %load/vec4 v0x565048a8e1f0_0;
    %store/vec4 v0x565048a8ee60_0, 0, 28;
    %jmp T_0.17;
T_0.11 ;
    %load/vec4 v0x565048a8e2b0_0;
    %store/vec4 v0x565048a8ee60_0, 0, 28;
    %jmp T_0.17;
T_0.12 ;
    %load/vec4 v0x565048a8e390_0;
    %store/vec4 v0x565048a8ee60_0, 0, 28;
    %jmp T_0.17;
T_0.13 ;
    %load/vec4 v0x565048a8e4c0_0;
    %store/vec4 v0x565048a8ee60_0, 0, 28;
    %jmp T_0.17;
T_0.14 ;
    %load/vec4 v0x565048a8e5a0_0;
    %store/vec4 v0x565048a8ee60_0, 0, 28;
    %jmp T_0.17;
T_0.15 ;
    %load/vec4 v0x565048a8e680_0;
    %store/vec4 v0x565048a8ee60_0, 0, 28;
    %jmp T_0.17;
T_0.17 ;
    %pop/vec4 1;
    %jmp T_0;
    .thread T_0, $push;
# The file index is used to find the file name in the following table.
:file_names 3;
    "N/A";
    "<interactive>";
    "mux16to1_28bit.v";
