#! /usr/local/Cellar/icarus-verilog/11.0/bin/vvp
:ivl_version "11.0 (stable)";
:ivl_delay_selection "TYPICAL";
:vpi_time_precision - 10;
:vpi_module "/usr/local/Cellar/icarus-verilog/11.0/lib/ivl/system.vpi";
:vpi_module "/usr/local/Cellar/icarus-verilog/11.0/lib/ivl/vhdl_sys.vpi";
:vpi_module "/usr/local/Cellar/icarus-verilog/11.0/lib/ivl/vhdl_textio.vpi";
:vpi_module "/usr/local/Cellar/icarus-verilog/11.0/lib/ivl/v2005_math.vpi";
:vpi_module "/usr/local/Cellar/icarus-verilog/11.0/lib/ivl/va_math.vpi";
S_0x7fe58740b600 .scope module, "control_unit" "control_unit" 2 10;
 .timescale -9 -10;
    .port_info 0 /INPUT 32 "INSTRUCTION";
    .port_info 1 /OUTPUT 5 "alu_signal";
    .port_info 2 /OUTPUT 1 "reg_file_write";
    .port_info 3 /OUTPUT 3 "main_mem_write";
    .port_info 4 /OUTPUT 3 "main_mem_read";
    .port_info 5 /OUTPUT 4 "branch_control";
    .port_info 6 /OUTPUT 4 "immediate_select";
    .port_info 7 /OUTPUT 1 "oparand_1_select";
    .port_info 8 /OUTPUT 1 "oparand_2_select";
    .port_info 9 /OUTPUT 2 "reg_write_select";
    .port_info 10 /INPUT 1 "RESET";
L_0x7fe58741e890 .functor OR 1, L_0x7fe58741e670, L_0x7fe58741e7b0, C4<0>, C4<0>;
o0x7fe587632188 .functor BUFZ 32, C4<zzzzzzzzzzzzzzzzzzzzzzzzzzzzzzzz>; HiZ drive
v0x7fe58741d580_0 .net "INSTRUCTION", 31 0, o0x7fe587632188;  0 drivers
o0x7fe5876321b8 .functor BUFZ 1, C4<z>; HiZ drive
v0x7fe58741d640_0 .net "RESET", 0 0, o0x7fe5876321b8;  0 drivers
L_0x7fe587663050 .functor BUFT 1, C4<1101111>, C4<0>, C4<0>, C4<0>;
v0x7fe58741d6e0_0 .net/2u *"_ivl_10", 6 0, L_0x7fe587663050;  1 drivers
v0x7fe58741d780_0 .net *"_ivl_12", 0 0, L_0x7fe58741e7b0;  1 drivers
L_0x7fe587663008 .functor BUFT 1, C4<0010111>, C4<0>, C4<0>, C4<0>;
v0x7fe58741d820_0 .net/2u *"_ivl_6", 6 0, L_0x7fe587663008;  1 drivers
v0x7fe58741d910_0 .net *"_ivl_8", 0 0, L_0x7fe58741e670;  1 drivers
v0x7fe58741d9b0_0 .net "alu_signal", 4 0, L_0x7fe58741e9e0;  1 drivers
o0x7fe5876322d8 .functor BUFZ 4, C4<zzzz>; HiZ drive
v0x7fe58741da60_0 .net "branch_control", 3 0, o0x7fe5876322d8;  0 drivers
v0x7fe58741db10_0 .net "funct3", 2 0, L_0x7fe58741e530;  1 drivers
v0x7fe58741dc40_0 .net "funct3_mux_select", 0 0, L_0x7fe58741e890;  1 drivers
v0x7fe58741dcd0_0 .net "funct7", 6 0, L_0x7fe58741e5d0;  1 drivers
o0x7fe587632338 .functor BUFZ 4, C4<zzzz>; HiZ drive
v0x7fe58741dd60_0 .net "immediate_select", 3 0, o0x7fe587632338;  0 drivers
o0x7fe587632368 .functor BUFZ 3, C4<zzz>; HiZ drive
v0x7fe58741ddf0_0 .net "main_mem_read", 2 0, o0x7fe587632368;  0 drivers
o0x7fe587632398 .functor BUFZ 3, C4<zzz>; HiZ drive
v0x7fe58741de90_0 .net "main_mem_write", 2 0, o0x7fe587632398;  0 drivers
o0x7fe5876323c8 .functor BUFZ 1, C4<z>; HiZ drive
v0x7fe58741df40_0 .net "oparand_1_select", 0 0, o0x7fe5876323c8;  0 drivers
o0x7fe5876323f8 .functor BUFZ 1, C4<z>; HiZ drive
v0x7fe58741dfe0_0 .net "oparand_2_select", 0 0, o0x7fe5876323f8;  0 drivers
v0x7fe58741e080_0 .net "opcode", 6 0, L_0x7fe58741e490;  1 drivers
o0x7fe587632458 .functor BUFZ 1, C4<z>; HiZ drive
v0x7fe58741e230_0 .net "reg_file_write", 0 0, o0x7fe587632458;  0 drivers
o0x7fe587632488 .functor BUFZ 2, C4<zz>; HiZ drive
v0x7fe58741e2d0_0 .net "reg_write_select", 1 0, o0x7fe587632488;  0 drivers
L_0x7fe58741e490 .part o0x7fe587632188, 0, 7;
L_0x7fe58741e530 .part o0x7fe587632188, 12, 3;
L_0x7fe58741e5d0 .part o0x7fe587632188, 25, 7;
L_0x7fe58741e670 .cmp/eq 7, L_0x7fe58741e490, L_0x7fe587663008;
L_0x7fe58741e7b0 .cmp/eq 7, L_0x7fe58741e490, L_0x7fe587663050;
L_0x7fe58741e9e0 .part/pv v0x7fe58741d3c0_0, 0, 3, 5;
S_0x7fe58740da60 .scope module, "funct3_mux" "mux2to1_3bit" 2 34, 3 3 0, S_0x7fe58740b600;
 .timescale -9 -10;
    .port_info 0 /INPUT 3 "INPUT1";
    .port_info 1 /INPUT 3 "INPUT2";
    .port_info 2 /OUTPUT 3 "RESULT";
    .port_info 3 /INPUT 1 "SELECT";
v0x7fe58740b310_0 .net "INPUT1", 2 0, L_0x7fe58741e530;  alias, 1 drivers
L_0x7fe587663098 .functor BUFT 1, C4<000>, C4<0>, C4<0>, C4<0>;
v0x7fe58741d310_0 .net "INPUT2", 2 0, L_0x7fe587663098;  1 drivers
v0x7fe58741d3c0_0 .var "RESULT", 2 0;
v0x7fe58741d480_0 .net "SELECT", 0 0, L_0x7fe58741e890;  alias, 1 drivers
E_0x7fe58740d730 .event edge, v0x7fe58741d480_0, v0x7fe58740b310_0, v0x7fe58741d310_0;
    .scope S_0x7fe58740da60;
T_0 ;
    %wait E_0x7fe58740d730;
    %load/vec4 v0x7fe58741d480_0;
    %cmpi/e 0, 0, 1;
    %jmp/0xz  T_0.0, 4;
    %load/vec4 v0x7fe58740b310_0;
    %store/vec4 v0x7fe58741d3c0_0, 0, 3;
    %jmp T_0.1;
T_0.0 ;
    %load/vec4 v0x7fe58741d310_0;
    %store/vec4 v0x7fe58741d3c0_0, 0, 3;
T_0.1 ;
    %jmp T_0;
    .thread T_0, $push;
# The file index is used to find the file name in the following table.
:file_names 4;
    "N/A";
    "<interactive>";
    "control_unit.v";
    "./mux2to1_3bit.v";
