#! /usr/local/Cellar/icarus-verilog/11.0/bin/vvp
:ivl_version "11.0 (stable)";
:ivl_delay_selection "TYPICAL";
:vpi_time_precision - 10;
:vpi_module "/usr/local/Cellar/icarus-verilog/11.0/lib/ivl/system.vpi";
:vpi_module "/usr/local/Cellar/icarus-verilog/11.0/lib/ivl/vhdl_sys.vpi";
:vpi_module "/usr/local/Cellar/icarus-verilog/11.0/lib/ivl/vhdl_textio.vpi";
:vpi_module "/usr/local/Cellar/icarus-verilog/11.0/lib/ivl/v2005_math.vpi";
:vpi_module "/usr/local/Cellar/icarus-verilog/11.0/lib/ivl/va_math.vpi";
S_0x7fdfe5c15f10 .scope module, "control_unit" "control_unit" 2 10;
 .timescale -9 -10;
    .port_info 0 /INPUT 32 "INSTRUCTION";
    .port_info 1 /OUTPUT 5 "alu_signal";
    .port_info 2 /OUTPUT 1 "reg_file_write";
    .port_info 3 /OUTPUT 3 "main_mem_write";
    .port_info 4 /OUTPUT 4 "main_mem_read";
    .port_info 5 /OUTPUT 4 "branch_control";
    .port_info 6 /OUTPUT 4 "immediate_select";
    .port_info 7 /OUTPUT 1 "oparand_1_select";
    .port_info 8 /OUTPUT 1 "oparand_2_select";
    .port_info 9 /OUTPUT 2 "reg_write_select";
    .port_info 10 /INPUT 1 "RESET";
L_0x7fdfe5c4c910 .functor OR 1, L_0x7fdfe5c4c6c0, L_0x7fdfe5c4c800, C4<0>, C4<0>;
L_0x7fdfe5c4cf70 .functor OR 1, L_0x7fdfe5c4cb80, L_0x7fdfe5c4ce00, C4<0>, C4<0>;
L_0x7fdfe5c4d260 .functor OR 1, L_0x7fdfe5c4cf70, L_0x7fdfe5c4d0c0, C4<0>, C4<0>;
L_0x7fdfe5c4d410 .functor OR 1, L_0x7fdfe5c4d260, L_0x7fdfe5c4d310, C4<0>, C4<0>;
L_0x7fdfe5c4d640 .functor OR 1, L_0x7fdfe5c4d870, L_0x7fdfe5c4da10, C4<0>, C4<0>;
L_0x7fdfe5c4ddb0 .functor OR 1, L_0x7fdfe5c4dba0, L_0x7fdfe5c4dd10, C4<0>, C4<0>;
L_0x7fdfe5c4de60 .functor NOT 1, L_0x7fdfe5c4ddb0, C4<0>, C4<0>, C4<0>;
L_0x7fdfe5c4e500 .functor BUFZ 3, L_0x7fdfe5c4c520, C4<000>, C4<000>, C4<000>;
L_0x7fdfe5c4e7c0 .functor OR 1, L_0x7fdfe5c4e250, L_0x7fdfe5c4e5f0, C4<0>, C4<0>;
L_0x7fdfe5c4f1f0 .functor OR 1, L_0x7fdfe5c4ebe0, L_0x7fdfe5c4ef60, C4<0>, C4<0>;
L_0x7fdfe5c4f490 .functor OR 1, L_0x7fdfe5c4f1f0, L_0x7fdfe5c4f0f0, C4<0>, C4<0>;
L_0x7fdfe5c4f7e0 .functor OR 1, L_0x7fdfe5c4f490, L_0x7fdfe5c4f340, C4<0>, C4<0>;
L_0x7fdfe5c4fb60 .functor OR 1, L_0x7fdfe5c4f7e0, L_0x7fdfe5c4f6a0, C4<0>, C4<0>;
L_0x7fdfe5c4fea0 .functor OR 1, L_0x7fdfe5c4fb60, L_0x7fdfe5c4f9f0, C4<0>, C4<0>;
L_0x7fdfe5c50140 .functor OR 1, L_0x7fdfe5c4fea0, L_0x7fdfe5c4fd60, C4<0>, C4<0>;
L_0x7fdfe5c51a30 .functor OR 1, L_0x7fdfe5c51b40, L_0x7fdfe5c51950, C4<0>, C4<0>;
L_0x7fdfe5c51c20 .functor OR 1, L_0x7fdfe5c51a30, L_0x7fdfe5c51e20, C4<0>, C4<0>;
L_0x7fdfe5c51da0 .functor OR 1, L_0x7fdfe5c52110, L_0x7fdfe5c521b0, C4<0>, C4<0>;
L_0x7fdfe5c52060 .functor OR 1, L_0x7fdfe5c51da0, L_0x7fdfe5c51f80, C4<0>, C4<0>;
L_0x7fdfe5c52250 .functor OR 1, L_0x7fdfe5c52060, L_0x7fdfe5c52550, C4<0>, C4<0>;
L_0x7fdfe5c523e0 .functor OR 1, L_0x7fdfe5c52250, L_0x7fdfe5c52300, C4<0>, C4<0>;
L_0x7fdfe5c525f0 .functor OR 1, L_0x7fdfe5c523e0, L_0x7fdfe5c524b0, C4<0>, C4<0>;
L_0x7fdfe5c52bd0 .functor OR 1, L_0x7fdfe5c525f0, L_0x7fdfe5c526e0, C4<0>, C4<0>;
L_0x7fdfe5c52990 .functor NOT 1, L_0x7fdfe5c528a0, C4<0>, C4<0>, C4<0>;
o0x7fdfe5d32188 .functor BUFZ 32, C4<zzzzzzzzzzzzzzzzzzzzzzzzzzzzzzzz>; HiZ drive
v0x7fdfe5c45be0_0 .net "INSTRUCTION", 31 0, o0x7fdfe5d32188;  0 drivers
o0x7fdfe5d321b8 .functor BUFZ 1, C4<z>; HiZ drive
v0x7fdfe5c45ca0_0 .net "RESET", 0 0, o0x7fdfe5d321b8;  0 drivers
L_0x7fdfe5d63050 .functor BUFT 1, C4<1101111>, C4<0>, C4<0>, C4<0>;
v0x7fdfe5c45d40_0 .net/2u *"_ivl_10", 6 0, L_0x7fdfe5d63050;  1 drivers
L_0x7fdfe5d633b0 .functor BUFT 1, C4<110x111>, C4<0>, C4<0>, C4<0>;
v0x7fdfe5c45de0_0 .net *"_ivl_101", 6 0, L_0x7fdfe5d633b0;  1 drivers
v0x7fdfe5c45e90_0 .net *"_ivl_103", 0 0, L_0x7fdfe5c4e250;  1 drivers
L_0x7fdfe5d633f8 .functor BUFT 1, C4<1100011>, C4<0>, C4<0>, C4<0>;
v0x7fdfe5c45f70_0 .net/2u *"_ivl_105", 6 0, L_0x7fdfe5d633f8;  1 drivers
v0x7fdfe5c46020_0 .net *"_ivl_107", 0 0, L_0x7fdfe5c4e5f0;  1 drivers
v0x7fdfe5c460c0_0 .net *"_ivl_109", 0 0, L_0x7fdfe5c4e7c0;  1 drivers
L_0x7fdfe5d63440 .functor BUFT 1, C4<110x111>, C4<0>, C4<0>, C4<0>;
v0x7fdfe5c46170_0 .net *"_ivl_114", 6 0, L_0x7fdfe5d63440;  1 drivers
v0x7fdfe5c46280_0 .net *"_ivl_116", 0 0, L_0x7fdfe5c4e940;  1 drivers
L_0x7fdfe5d63488 .functor BUFT 1, C4<010>, C4<0>, C4<0>, C4<0>;
v0x7fdfe5c46320_0 .net/2u *"_ivl_118", 2 0, L_0x7fdfe5d63488;  1 drivers
v0x7fdfe5c463d0_0 .net *"_ivl_12", 0 0, L_0x7fdfe5c4c800;  1 drivers
v0x7fdfe5c46470_0 .net *"_ivl_120", 2 0, L_0x7fdfe5c4d7b0;  1 drivers
v0x7fdfe5c46520_0 .net *"_ivl_124", 9 0, L_0x7fdfe5c4eec0;  1 drivers
L_0x7fdfe5d634d0 .functor BUFT 1, C4<0000011100>, C4<0>, C4<0>, C4<0>;
v0x7fdfe5c465d0_0 .net/2u *"_ivl_126", 9 0, L_0x7fdfe5d634d0;  1 drivers
v0x7fdfe5c46680_0 .net *"_ivl_128", 0 0, L_0x7fdfe5c4ebe0;  1 drivers
v0x7fdfe5c46720_0 .net *"_ivl_130", 9 0, L_0x7fdfe5c4f050;  1 drivers
L_0x7fdfe5d63518 .functor BUFT 1, C4<0000011101>, C4<0>, C4<0>, C4<0>;
v0x7fdfe5c468b0_0 .net/2u *"_ivl_132", 9 0, L_0x7fdfe5d63518;  1 drivers
v0x7fdfe5c46940_0 .net *"_ivl_134", 0 0, L_0x7fdfe5c4ef60;  1 drivers
v0x7fdfe5c469e0_0 .net *"_ivl_136", 0 0, L_0x7fdfe5c4f1f0;  1 drivers
v0x7fdfe5c46a90_0 .net *"_ivl_138", 9 0, L_0x7fdfe5c4f2a0;  1 drivers
L_0x7fdfe5d63560 .functor BUFT 1, C4<0010011011>, C4<0>, C4<0>, C4<0>;
v0x7fdfe5c46b40_0 .net/2u *"_ivl_140", 9 0, L_0x7fdfe5d63560;  1 drivers
v0x7fdfe5c46bf0_0 .net *"_ivl_142", 0 0, L_0x7fdfe5c4f0f0;  1 drivers
v0x7fdfe5c46c90_0 .net *"_ivl_144", 0 0, L_0x7fdfe5c4f490;  1 drivers
v0x7fdfe5c46d40_0 .net *"_ivl_146", 16 0, L_0x7fdfe5c4f5e0;  1 drivers
L_0x7fdfe5d635a8 .functor BUFT 1, C4<01100110110000000>, C4<0>, C4<0>, C4<0>;
v0x7fdfe5c46df0_0 .net/2u *"_ivl_148", 16 0, L_0x7fdfe5d635a8;  1 drivers
v0x7fdfe5c46ea0_0 .net *"_ivl_150", 0 0, L_0x7fdfe5c4f340;  1 drivers
v0x7fdfe5c46f40_0 .net *"_ivl_152", 0 0, L_0x7fdfe5c4f7e0;  1 drivers
v0x7fdfe5c46ff0_0 .net *"_ivl_154", 16 0, L_0x7fdfe5c4f8d0;  1 drivers
L_0x7fdfe5d635f0 .functor BUFT 1, C4<01100110100000001>, C4<0>, C4<0>, C4<0>;
v0x7fdfe5c470a0_0 .net/2u *"_ivl_156", 16 0, L_0x7fdfe5d635f0;  1 drivers
v0x7fdfe5c47150_0 .net *"_ivl_158", 0 0, L_0x7fdfe5c4f6a0;  1 drivers
v0x7fdfe5c471f0_0 .net *"_ivl_160", 0 0, L_0x7fdfe5c4fb60;  1 drivers
v0x7fdfe5c472a0_0 .net *"_ivl_162", 16 0, L_0x7fdfe5c4fcc0;  1 drivers
L_0x7fdfe5d63638 .functor BUFT 1, C4<01100110110000001>, C4<0>, C4<0>, C4<0>;
v0x7fdfe5c467d0_0 .net/2u *"_ivl_164", 16 0, L_0x7fdfe5d63638;  1 drivers
v0x7fdfe5c47530_0 .net *"_ivl_166", 0 0, L_0x7fdfe5c4f9f0;  1 drivers
v0x7fdfe5c475c0_0 .net *"_ivl_168", 0 0, L_0x7fdfe5c4fea0;  1 drivers
v0x7fdfe5c47650_0 .net *"_ivl_170", 16 0, L_0x7fdfe5c4ff50;  1 drivers
L_0x7fdfe5d63680 .functor BUFT 1, C4<01100111110000001>, C4<0>, C4<0>, C4<0>;
v0x7fdfe5c47700_0 .net/2u *"_ivl_172", 16 0, L_0x7fdfe5d63680;  1 drivers
v0x7fdfe5c477b0_0 .net *"_ivl_174", 0 0, L_0x7fdfe5c4fd60;  1 drivers
v0x7fdfe5c47850_0 .net *"_ivl_176", 0 0, L_0x7fdfe5c50140;  1 drivers
L_0x7fdfe5d636c8 .functor BUFT 1, C4<0000011>, C4<0>, C4<0>, C4<0>;
v0x7fdfe5c47900_0 .net/2u *"_ivl_181", 6 0, L_0x7fdfe5d636c8;  1 drivers
v0x7fdfe5c479b0_0 .net *"_ivl_183", 0 0, L_0x7fdfe5c4fff0;  1 drivers
L_0x7fdfe5d63710 .functor BUFT 1, C4<010>, C4<0>, C4<0>, C4<0>;
v0x7fdfe5c47a50_0 .net/2u *"_ivl_185", 2 0, L_0x7fdfe5d63710;  1 drivers
L_0x7fdfe5d63758 .functor BUFT 1, C4<0010111>, C4<0>, C4<0>, C4<0>;
v0x7fdfe5c47b00_0 .net/2u *"_ivl_187", 6 0, L_0x7fdfe5d63758;  1 drivers
v0x7fdfe5c47bb0_0 .net *"_ivl_189", 0 0, L_0x7fdfe5c504b0;  1 drivers
L_0x7fdfe5d637a0 .functor BUFT 1, C4<000>, C4<0>, C4<0>, C4<0>;
v0x7fdfe5c47c50_0 .net/2u *"_ivl_191", 2 0, L_0x7fdfe5d637a0;  1 drivers
L_0x7fdfe5d637e8 .functor BUFT 1, C4<0100011>, C4<0>, C4<0>, C4<0>;
v0x7fdfe5c47d00_0 .net/2u *"_ivl_193", 6 0, L_0x7fdfe5d637e8;  1 drivers
v0x7fdfe5c47db0_0 .net *"_ivl_195", 0 0, L_0x7fdfe5c50350;  1 drivers
L_0x7fdfe5d63830 .functor BUFT 1, C4<100>, C4<0>, C4<0>, C4<0>;
v0x7fdfe5c47e50_0 .net/2u *"_ivl_197", 2 0, L_0x7fdfe5d63830;  1 drivers
L_0x7fdfe5d63878 .functor BUFT 1, C4<0110111>, C4<0>, C4<0>, C4<0>;
v0x7fdfe5c47f00_0 .net/2u *"_ivl_199", 6 0, L_0x7fdfe5d63878;  1 drivers
v0x7fdfe5c47fb0_0 .net *"_ivl_201", 0 0, L_0x7fdfe5c50700;  1 drivers
L_0x7fdfe5d638c0 .functor BUFT 1, C4<000>, C4<0>, C4<0>, C4<0>;
v0x7fdfe5c48050_0 .net/2u *"_ivl_203", 2 0, L_0x7fdfe5d638c0;  1 drivers
L_0x7fdfe5d63908 .functor BUFT 1, C4<1101111>, C4<0>, C4<0>, C4<0>;
v0x7fdfe5c48100_0 .net/2u *"_ivl_205", 6 0, L_0x7fdfe5d63908;  1 drivers
v0x7fdfe5c481b0_0 .net *"_ivl_207", 0 0, L_0x7fdfe5c4ecc0;  1 drivers
L_0x7fdfe5d63950 .functor BUFT 1, C4<001>, C4<0>, C4<0>, C4<0>;
v0x7fdfe5c48250_0 .net/2u *"_ivl_209", 2 0, L_0x7fdfe5d63950;  1 drivers
L_0x7fdfe5d63998 .functor BUFT 1, C4<1100111>, C4<0>, C4<0>, C4<0>;
v0x7fdfe5c48300_0 .net/2u *"_ivl_211", 6 0, L_0x7fdfe5d63998;  1 drivers
v0x7fdfe5c483b0_0 .net *"_ivl_213", 0 0, L_0x7fdfe5c505b0;  1 drivers
L_0x7fdfe5d639e0 .functor BUFT 1, C4<010>, C4<0>, C4<0>, C4<0>;
v0x7fdfe5c48450_0 .net/2u *"_ivl_215", 2 0, L_0x7fdfe5d639e0;  1 drivers
L_0x7fdfe5d63a28 .functor BUFT 1, C4<1100011>, C4<0>, C4<0>, C4<0>;
v0x7fdfe5c48500_0 .net/2u *"_ivl_217", 6 0, L_0x7fdfe5d63a28;  1 drivers
v0x7fdfe5c485b0_0 .net *"_ivl_219", 0 0, L_0x7fdfe5c507e0;  1 drivers
v0x7fdfe5c48650_0 .net *"_ivl_22", 9 0, L_0x7fdfe5c4ca40;  1 drivers
L_0x7fdfe5d63a70 .functor BUFT 1, C4<011>, C4<0>, C4<0>, C4<0>;
v0x7fdfe5c48700_0 .net/2u *"_ivl_221", 2 0, L_0x7fdfe5d63a70;  1 drivers
v0x7fdfe5c487b0_0 .net *"_ivl_223", 9 0, L_0x7fdfe5c508c0;  1 drivers
L_0x7fdfe5d63ab8 .functor BUFT 1, C4<0010011x01>, C4<0>, C4<0>, C4<0>;
v0x7fdfe5c48860_0 .net *"_ivl_225", 9 0, L_0x7fdfe5d63ab8;  1 drivers
v0x7fdfe5c48910_0 .net *"_ivl_227", 0 0, L_0x7fdfe5c4ede0;  1 drivers
L_0x7fdfe5d63b00 .functor BUFT 1, C4<101>, C4<0>, C4<0>, C4<0>;
v0x7fdfe5c47340_0 .net/2u *"_ivl_229", 2 0, L_0x7fdfe5d63b00;  1 drivers
L_0x7fdfe5d63b48 .functor BUFT 1, C4<0010011>, C4<0>, C4<0>, C4<0>;
v0x7fdfe5c473f0_0 .net/2u *"_ivl_231", 6 0, L_0x7fdfe5d63b48;  1 drivers
v0x7fdfe5c474a0_0 .net *"_ivl_233", 0 0, L_0x7fdfe5c50be0;  1 drivers
L_0x7fdfe5d63b90 .functor BUFT 1, C4<010>, C4<0>, C4<0>, C4<0>;
v0x7fdfe5c489b0_0 .net/2u *"_ivl_235", 2 0, L_0x7fdfe5d63b90;  1 drivers
L_0x7fdfe5d63bd8 .functor BUFT 1, C4<xxx>, C4<0>, C4<0>, C4<0>;
v0x7fdfe5c48a60_0 .net *"_ivl_237", 2 0, L_0x7fdfe5d63bd8;  1 drivers
v0x7fdfe5c48b10_0 .net *"_ivl_239", 2 0, L_0x7fdfe5c4e9e0;  1 drivers
L_0x7fdfe5d630e0 .functor BUFT 1, C4<0010011101>, C4<0>, C4<0>, C4<0>;
v0x7fdfe5c48bc0_0 .net/2u *"_ivl_24", 9 0, L_0x7fdfe5d630e0;  1 drivers
v0x7fdfe5c48c70_0 .net *"_ivl_241", 2 0, L_0x7fdfe5c510e0;  1 drivers
v0x7fdfe5c48d20_0 .net *"_ivl_243", 2 0, L_0x7fdfe5c50f30;  1 drivers
v0x7fdfe5c48dd0_0 .net *"_ivl_245", 2 0, L_0x7fdfe5c51340;  1 drivers
v0x7fdfe5c48e80_0 .net *"_ivl_247", 2 0, L_0x7fdfe5c51200;  1 drivers
v0x7fdfe5c48f30_0 .net *"_ivl_249", 2 0, L_0x7fdfe5c515f0;  1 drivers
v0x7fdfe5c48fe0_0 .net *"_ivl_251", 2 0, L_0x7fdfe5c51460;  1 drivers
v0x7fdfe5c49090_0 .net *"_ivl_253", 2 0, L_0x7fdfe5c518b0;  1 drivers
v0x7fdfe5c49140_0 .net *"_ivl_255", 2 0, L_0x7fdfe5c51710;  1 drivers
L_0x7fdfe5d63c20 .functor BUFT 1, C4<0010111>, C4<0>, C4<0>, C4<0>;
v0x7fdfe5c491f0_0 .net/2u *"_ivl_257", 6 0, L_0x7fdfe5d63c20;  1 drivers
v0x7fdfe5c492a0_0 .net *"_ivl_259", 0 0, L_0x7fdfe5c51b40;  1 drivers
v0x7fdfe5c49340_0 .net *"_ivl_26", 0 0, L_0x7fdfe5c4cb80;  1 drivers
L_0x7fdfe5d63c68 .functor BUFT 1, C4<1101111>, C4<0>, C4<0>, C4<0>;
v0x7fdfe5c493e0_0 .net/2u *"_ivl_261", 6 0, L_0x7fdfe5d63c68;  1 drivers
v0x7fdfe5c49490_0 .net *"_ivl_263", 0 0, L_0x7fdfe5c51950;  1 drivers
v0x7fdfe5c49530_0 .net *"_ivl_265", 0 0, L_0x7fdfe5c51a30;  1 drivers
L_0x7fdfe5d63cb0 .functor BUFT 1, C4<1100111>, C4<0>, C4<0>, C4<0>;
v0x7fdfe5c495e0_0 .net/2u *"_ivl_267", 6 0, L_0x7fdfe5d63cb0;  1 drivers
v0x7fdfe5c49690_0 .net *"_ivl_269", 0 0, L_0x7fdfe5c51e20;  1 drivers
L_0x7fdfe5d63cf8 .functor BUFT 1, C4<0000011>, C4<0>, C4<0>, C4<0>;
v0x7fdfe5c49730_0 .net/2u *"_ivl_273", 6 0, L_0x7fdfe5d63cf8;  1 drivers
v0x7fdfe5c497e0_0 .net *"_ivl_275", 0 0, L_0x7fdfe5c52110;  1 drivers
L_0x7fdfe5d63d40 .functor BUFT 1, C4<0010011>, C4<0>, C4<0>, C4<0>;
v0x7fdfe5c49880_0 .net/2u *"_ivl_277", 6 0, L_0x7fdfe5d63d40;  1 drivers
v0x7fdfe5c49930_0 .net *"_ivl_279", 0 0, L_0x7fdfe5c521b0;  1 drivers
v0x7fdfe5c499d0_0 .net *"_ivl_28", 9 0, L_0x7fdfe5c4cce0;  1 drivers
v0x7fdfe5c49a80_0 .net *"_ivl_281", 0 0, L_0x7fdfe5c51da0;  1 drivers
L_0x7fdfe5d63d88 .functor BUFT 1, C4<0010111>, C4<0>, C4<0>, C4<0>;
v0x7fdfe5c49b30_0 .net/2u *"_ivl_283", 6 0, L_0x7fdfe5d63d88;  1 drivers
v0x7fdfe5c49be0_0 .net *"_ivl_285", 0 0, L_0x7fdfe5c51f80;  1 drivers
v0x7fdfe5c49c80_0 .net *"_ivl_287", 0 0, L_0x7fdfe5c52060;  1 drivers
L_0x7fdfe5d63dd0 .functor BUFT 1, C4<0100011>, C4<0>, C4<0>, C4<0>;
v0x7fdfe5c49d30_0 .net/2u *"_ivl_289", 6 0, L_0x7fdfe5d63dd0;  1 drivers
v0x7fdfe5c49de0_0 .net *"_ivl_291", 0 0, L_0x7fdfe5c52550;  1 drivers
v0x7fdfe5c49e80_0 .net *"_ivl_293", 0 0, L_0x7fdfe5c52250;  1 drivers
L_0x7fdfe5d63e18 .functor BUFT 1, C4<0110111>, C4<0>, C4<0>, C4<0>;
v0x7fdfe5c49f30_0 .net/2u *"_ivl_295", 6 0, L_0x7fdfe5d63e18;  1 drivers
v0x7fdfe5c49fe0_0 .net *"_ivl_297", 0 0, L_0x7fdfe5c52300;  1 drivers
v0x7fdfe5c4a080_0 .net *"_ivl_299", 0 0, L_0x7fdfe5c523e0;  1 drivers
L_0x7fdfe5d63128 .functor BUFT 1, C4<0110011000>, C4<0>, C4<0>, C4<0>;
v0x7fdfe5c4a130_0 .net/2u *"_ivl_30", 9 0, L_0x7fdfe5d63128;  1 drivers
L_0x7fdfe5d63e60 .functor BUFT 1, C4<110x111>, C4<0>, C4<0>, C4<0>;
v0x7fdfe5c4a1e0_0 .net *"_ivl_301", 6 0, L_0x7fdfe5d63e60;  1 drivers
v0x7fdfe5c4a290_0 .net *"_ivl_303", 0 0, L_0x7fdfe5c524b0;  1 drivers
v0x7fdfe5c4a330_0 .net *"_ivl_305", 0 0, L_0x7fdfe5c525f0;  1 drivers
L_0x7fdfe5d63ea8 .functor BUFT 1, C4<1100011>, C4<0>, C4<0>, C4<0>;
v0x7fdfe5c4a3e0_0 .net/2u *"_ivl_307", 6 0, L_0x7fdfe5d63ea8;  1 drivers
v0x7fdfe5c4a490_0 .net *"_ivl_309", 0 0, L_0x7fdfe5c526e0;  1 drivers
L_0x7fdfe5d63ef0 .functor BUFT 1, C4<0000011>, C4<0>, C4<0>, C4<0>;
v0x7fdfe5c4a530_0 .net/2u *"_ivl_315", 6 0, L_0x7fdfe5d63ef0;  1 drivers
v0x7fdfe5c4a5e0_0 .net *"_ivl_317", 0 0, L_0x7fdfe5c528a0;  1 drivers
v0x7fdfe5c4a680_0 .net *"_ivl_319", 0 0, L_0x7fdfe5c52990;  1 drivers
v0x7fdfe5c4a730_0 .net *"_ivl_32", 0 0, L_0x7fdfe5c4ce00;  1 drivers
L_0x7fdfe5d63f38 .functor BUFT 1, C4<0010111>, C4<0>, C4<0>, C4<0>;
v0x7fdfe5c4a7d0_0 .net/2u *"_ivl_324", 6 0, L_0x7fdfe5d63f38;  1 drivers
v0x7fdfe5c4a880_0 .net *"_ivl_326", 0 0, L_0x7fdfe5c52b20;  1 drivers
v0x7fdfe5c4a920_0 .net *"_ivl_34", 0 0, L_0x7fdfe5c4cf70;  1 drivers
v0x7fdfe5c4a9d0_0 .net *"_ivl_36", 9 0, L_0x7fdfe5c4d020;  1 drivers
L_0x7fdfe5d63170 .functor BUFT 1, C4<0110011101>, C4<0>, C4<0>, C4<0>;
v0x7fdfe5c4aa80_0 .net/2u *"_ivl_38", 9 0, L_0x7fdfe5d63170;  1 drivers
v0x7fdfe5c4ab30_0 .net *"_ivl_40", 0 0, L_0x7fdfe5c4d0c0;  1 drivers
v0x7fdfe5c4abd0_0 .net *"_ivl_42", 0 0, L_0x7fdfe5c4d260;  1 drivers
L_0x7fdfe5d631b8 .functor BUFT 1, C4<0110111>, C4<0>, C4<0>, C4<0>;
v0x7fdfe5c4ac80_0 .net/2u *"_ivl_44", 6 0, L_0x7fdfe5d631b8;  1 drivers
v0x7fdfe5c4ad30_0 .net *"_ivl_46", 0 0, L_0x7fdfe5c4d310;  1 drivers
v0x7fdfe5c4add0_0 .net *"_ivl_48", 0 0, L_0x7fdfe5c4d410;  1 drivers
v0x7fdfe5c4ae80_0 .net *"_ivl_53", 13 0, L_0x7fdfe5c4d6b0;  1 drivers
L_0x7fdfe5d63200 .functor BUFT 1, C4<01100110000001>, C4<0>, C4<0>, C4<0>;
v0x7fdfe5c4af30_0 .net/2u *"_ivl_55", 13 0, L_0x7fdfe5d63200;  1 drivers
v0x7fdfe5c4afe0_0 .net *"_ivl_57", 0 0, L_0x7fdfe5c4d870;  1 drivers
L_0x7fdfe5d63248 .functor BUFT 1, C4<0110111>, C4<0>, C4<0>, C4<0>;
v0x7fdfe5c4b080_0 .net/2u *"_ivl_59", 6 0, L_0x7fdfe5d63248;  1 drivers
L_0x7fdfe5d63008 .functor BUFT 1, C4<0010111>, C4<0>, C4<0>, C4<0>;
v0x7fdfe5c4b130_0 .net/2u *"_ivl_6", 6 0, L_0x7fdfe5d63008;  1 drivers
v0x7fdfe5c4b1e0_0 .net *"_ivl_61", 0 0, L_0x7fdfe5c4da10;  1 drivers
v0x7fdfe5c4b280_0 .net *"_ivl_63", 0 0, L_0x7fdfe5c4d640;  1 drivers
L_0x7fdfe5d63290 .functor BUFT 1, C4<0100011>, C4<0>, C4<0>, C4<0>;
v0x7fdfe5c4b330_0 .net/2u *"_ivl_65", 6 0, L_0x7fdfe5d63290;  1 drivers
v0x7fdfe5c4b3e0_0 .net *"_ivl_67", 0 0, L_0x7fdfe5c4dba0;  1 drivers
L_0x7fdfe5d632d8 .functor BUFT 1, C4<0100011>, C4<0>, C4<0>, C4<0>;
v0x7fdfe5c4b480_0 .net/2u *"_ivl_69", 6 0, L_0x7fdfe5d632d8;  1 drivers
v0x7fdfe5c4b530_0 .net *"_ivl_71", 0 0, L_0x7fdfe5c4dd10;  1 drivers
v0x7fdfe5c4b5d0_0 .net *"_ivl_73", 0 0, L_0x7fdfe5c4ddb0;  1 drivers
L_0x7fdfe5d63320 .functor BUFT 1, C4<0100011>, C4<0>, C4<0>, C4<0>;
v0x7fdfe5c4b680_0 .net/2u *"_ivl_79", 6 0, L_0x7fdfe5d63320;  1 drivers
v0x7fdfe5c4b730_0 .net *"_ivl_8", 0 0, L_0x7fdfe5c4c6c0;  1 drivers
v0x7fdfe5c4b7d0_0 .net *"_ivl_81", 0 0, L_0x7fdfe5c4df50;  1 drivers
v0x7fdfe5c4b870_0 .net *"_ivl_87", 1 0, L_0x7fdfe5c4e170;  1 drivers
L_0x7fdfe5d63368 .functor BUFT 1, C4<0000011>, C4<0>, C4<0>, C4<0>;
v0x7fdfe5c4b920_0 .net/2u *"_ivl_90", 6 0, L_0x7fdfe5d63368;  1 drivers
v0x7fdfe5c4b9d0_0 .net *"_ivl_92", 0 0, L_0x7fdfe5c4e030;  1 drivers
v0x7fdfe5c4ba70_0 .net *"_ivl_98", 2 0, L_0x7fdfe5c4e500;  1 drivers
v0x7fdfe5c4bb20_0 .net "alu_signal", 4 0, L_0x7fdfe5c4d520;  1 drivers
v0x7fdfe5c4bbd0_0 .net "branch_control", 3 0, L_0x7fdfe5c4e8a0;  1 drivers
v0x7fdfe5c4bc80_0 .net "funct3", 2 0, L_0x7fdfe5c4c520;  1 drivers
v0x7fdfe5c4bd40_0 .net "funct3_mux_select", 0 0, L_0x7fdfe5c4c910;  1 drivers
v0x7fdfe5c4bdd0_0 .net "funct7", 6 0, L_0x7fdfe5c4c600;  1 drivers
v0x7fdfe5c4be60_0 .net "immediate_select", 3 0, L_0x7fdfe5c502b0;  1 drivers
v0x7fdfe5c4bef0_0 .net "main_mem_read", 3 0, L_0x7fdfe5c4e340;  1 drivers
v0x7fdfe5c4bf80_0 .net "main_mem_write", 2 0, L_0x7fdfe5c4e0d0;  1 drivers
v0x7fdfe5c4c010_0 .net "oparand_1_select", 0 0, L_0x7fdfe5c51c20;  1 drivers
v0x7fdfe5c4c0b0_0 .net "oparand_2_select", 0 0, L_0x7fdfe5c52bd0;  1 drivers
v0x7fdfe5c4c150_0 .net "opcode", 6 0, L_0x7fdfe5c4c460;  1 drivers
v0x7fdfe5c4c200_0 .net "reg_file_write", 0 0, L_0x7fdfe5c4de60;  1 drivers
v0x7fdfe5c4c2a0_0 .net "reg_write_select", 1 0, L_0x7fdfe5c52a40;  1 drivers
L_0x7fdfe5c4c460 .part o0x7fdfe5d32188, 0, 7;
L_0x7fdfe5c4c520 .part o0x7fdfe5d32188, 12, 3;
L_0x7fdfe5c4c600 .part o0x7fdfe5d32188, 25, 7;
L_0x7fdfe5c4c6c0 .cmp/eq 7, L_0x7fdfe5c4c460, L_0x7fdfe5d63008;
L_0x7fdfe5c4c800 .cmp/eq 7, L_0x7fdfe5c4c460, L_0x7fdfe5d63050;
L_0x7fdfe5c4ca40 .concat [ 3 7 0 0], L_0x7fdfe5c4c520, L_0x7fdfe5c4c460;
L_0x7fdfe5c4cb80 .cmp/eq 10, L_0x7fdfe5c4ca40, L_0x7fdfe5d630e0;
L_0x7fdfe5c4cce0 .concat [ 3 7 0 0], L_0x7fdfe5c4c520, L_0x7fdfe5c4c460;
L_0x7fdfe5c4ce00 .cmp/eq 10, L_0x7fdfe5c4cce0, L_0x7fdfe5d63128;
L_0x7fdfe5c4d020 .concat [ 3 7 0 0], L_0x7fdfe5c4c520, L_0x7fdfe5c4c460;
L_0x7fdfe5c4d0c0 .cmp/eq 10, L_0x7fdfe5c4d020, L_0x7fdfe5d63170;
L_0x7fdfe5c4d310 .cmp/eq 7, L_0x7fdfe5c4c460, L_0x7fdfe5d631b8;
L_0x7fdfe5c4d520 .concat8 [ 3 1 1 0], v0x7fdfe5c45a20_0, L_0x7fdfe5c4d640, L_0x7fdfe5c4d410;
L_0x7fdfe5c4d6b0 .concat [ 7 7 0 0], L_0x7fdfe5c4c600, L_0x7fdfe5c4c460;
L_0x7fdfe5c4d870 .cmp/eq 14, L_0x7fdfe5c4d6b0, L_0x7fdfe5d63200;
L_0x7fdfe5c4da10 .cmp/eq 7, L_0x7fdfe5c4c460, L_0x7fdfe5d63248;
L_0x7fdfe5c4dba0 .cmp/eq 7, L_0x7fdfe5c4c460, L_0x7fdfe5d63290;
L_0x7fdfe5c4dd10 .cmp/eq 7, L_0x7fdfe5c4c460, L_0x7fdfe5d632d8;
L_0x7fdfe5c4df50 .cmp/eq 7, L_0x7fdfe5c4c460, L_0x7fdfe5d63320;
L_0x7fdfe5c4e0d0 .concat8 [ 2 1 0 0], L_0x7fdfe5c4e170, L_0x7fdfe5c4df50;
L_0x7fdfe5c4e170 .part L_0x7fdfe5c4c520, 0, 2;
L_0x7fdfe5c4e030 .cmp/eq 7, L_0x7fdfe5c4c460, L_0x7fdfe5d63368;
L_0x7fdfe5c4e340 .concat8 [ 3 1 0 0], L_0x7fdfe5c4e500, L_0x7fdfe5c4e030;
L_0x7fdfe5c4e250 .cmp/eq 7, L_0x7fdfe5c4c460, L_0x7fdfe5d633b0;
L_0x7fdfe5c4e5f0 .cmp/eq 7, L_0x7fdfe5c4c460, L_0x7fdfe5d633f8;
L_0x7fdfe5c4e8a0 .concat8 [ 3 1 0 0], L_0x7fdfe5c4d7b0, L_0x7fdfe5c4e7c0;
L_0x7fdfe5c4e940 .cmp/eq 7, L_0x7fdfe5c4c460, L_0x7fdfe5d63440;
L_0x7fdfe5c4d7b0 .functor MUXZ 3, L_0x7fdfe5c4c520, L_0x7fdfe5d63488, L_0x7fdfe5c4e940, C4<>;
L_0x7fdfe5c4eec0 .concat [ 3 7 0 0], L_0x7fdfe5c4c520, L_0x7fdfe5c4c460;
L_0x7fdfe5c4ebe0 .cmp/eq 10, L_0x7fdfe5c4eec0, L_0x7fdfe5d634d0;
L_0x7fdfe5c4f050 .concat [ 3 7 0 0], L_0x7fdfe5c4c520, L_0x7fdfe5c4c460;
L_0x7fdfe5c4ef60 .cmp/eq 10, L_0x7fdfe5c4f050, L_0x7fdfe5d63518;
L_0x7fdfe5c4f2a0 .concat [ 3 7 0 0], L_0x7fdfe5c4c520, L_0x7fdfe5c4c460;
L_0x7fdfe5c4f0f0 .cmp/eq 10, L_0x7fdfe5c4f2a0, L_0x7fdfe5d63560;
L_0x7fdfe5c4f5e0 .concat [ 7 3 7 0], L_0x7fdfe5c4c600, L_0x7fdfe5c4c520, L_0x7fdfe5c4c460;
L_0x7fdfe5c4f340 .cmp/eq 17, L_0x7fdfe5c4f5e0, L_0x7fdfe5d635a8;
L_0x7fdfe5c4f8d0 .concat [ 7 3 7 0], L_0x7fdfe5c4c600, L_0x7fdfe5c4c520, L_0x7fdfe5c4c460;
L_0x7fdfe5c4f6a0 .cmp/eq 17, L_0x7fdfe5c4f8d0, L_0x7fdfe5d635f0;
L_0x7fdfe5c4fcc0 .concat [ 7 3 7 0], L_0x7fdfe5c4c600, L_0x7fdfe5c4c520, L_0x7fdfe5c4c460;
L_0x7fdfe5c4f9f0 .cmp/eq 17, L_0x7fdfe5c4fcc0, L_0x7fdfe5d63638;
L_0x7fdfe5c4ff50 .concat [ 7 3 7 0], L_0x7fdfe5c4c600, L_0x7fdfe5c4c520, L_0x7fdfe5c4c460;
L_0x7fdfe5c4fd60 .cmp/eq 17, L_0x7fdfe5c4ff50, L_0x7fdfe5d63680;
L_0x7fdfe5c502b0 .concat8 [ 3 1 0 0], L_0x7fdfe5c51710, L_0x7fdfe5c50140;
L_0x7fdfe5c4fff0 .cmp/eq 7, L_0x7fdfe5c4c460, L_0x7fdfe5d636c8;
L_0x7fdfe5c504b0 .cmp/eq 7, L_0x7fdfe5c4c460, L_0x7fdfe5d63758;
L_0x7fdfe5c50350 .cmp/eq 7, L_0x7fdfe5c4c460, L_0x7fdfe5d637e8;
L_0x7fdfe5c50700 .cmp/eq 7, L_0x7fdfe5c4c460, L_0x7fdfe5d63878;
L_0x7fdfe5c4ecc0 .cmp/eq 7, L_0x7fdfe5c4c460, L_0x7fdfe5d63908;
L_0x7fdfe5c505b0 .cmp/eq 7, L_0x7fdfe5c4c460, L_0x7fdfe5d63998;
L_0x7fdfe5c507e0 .cmp/eq 7, L_0x7fdfe5c4c460, L_0x7fdfe5d63a28;
L_0x7fdfe5c508c0 .concat [ 3 7 0 0], L_0x7fdfe5c4c520, L_0x7fdfe5c4c460;
L_0x7fdfe5c4ede0 .cmp/eq 10, L_0x7fdfe5c508c0, L_0x7fdfe5d63ab8;
L_0x7fdfe5c50be0 .cmp/eq 7, L_0x7fdfe5c4c460, L_0x7fdfe5d63b48;
L_0x7fdfe5c4e9e0 .functor MUXZ 3, L_0x7fdfe5d63bd8, L_0x7fdfe5d63b90, L_0x7fdfe5c50be0, C4<>;
L_0x7fdfe5c510e0 .functor MUXZ 3, L_0x7fdfe5c4e9e0, L_0x7fdfe5d63b00, L_0x7fdfe5c4ede0, C4<>;
L_0x7fdfe5c50f30 .functor MUXZ 3, L_0x7fdfe5c510e0, L_0x7fdfe5d63a70, L_0x7fdfe5c507e0, C4<>;
L_0x7fdfe5c51340 .functor MUXZ 3, L_0x7fdfe5c50f30, L_0x7fdfe5d639e0, L_0x7fdfe5c505b0, C4<>;
L_0x7fdfe5c51200 .functor MUXZ 3, L_0x7fdfe5c51340, L_0x7fdfe5d63950, L_0x7fdfe5c4ecc0, C4<>;
L_0x7fdfe5c515f0 .functor MUXZ 3, L_0x7fdfe5c51200, L_0x7fdfe5d638c0, L_0x7fdfe5c50700, C4<>;
L_0x7fdfe5c51460 .functor MUXZ 3, L_0x7fdfe5c515f0, L_0x7fdfe5d63830, L_0x7fdfe5c50350, C4<>;
L_0x7fdfe5c518b0 .functor MUXZ 3, L_0x7fdfe5c51460, L_0x7fdfe5d637a0, L_0x7fdfe5c504b0, C4<>;
L_0x7fdfe5c51710 .functor MUXZ 3, L_0x7fdfe5c518b0, L_0x7fdfe5d63710, L_0x7fdfe5c4fff0, C4<>;
L_0x7fdfe5c51b40 .cmp/eq 7, L_0x7fdfe5c4c460, L_0x7fdfe5d63c20;
L_0x7fdfe5c51950 .cmp/eq 7, L_0x7fdfe5c4c460, L_0x7fdfe5d63c68;
L_0x7fdfe5c51e20 .cmp/eq 7, L_0x7fdfe5c4c460, L_0x7fdfe5d63cb0;
L_0x7fdfe5c52110 .cmp/eq 7, L_0x7fdfe5c4c460, L_0x7fdfe5d63cf8;
L_0x7fdfe5c521b0 .cmp/eq 7, L_0x7fdfe5c4c460, L_0x7fdfe5d63d40;
L_0x7fdfe5c51f80 .cmp/eq 7, L_0x7fdfe5c4c460, L_0x7fdfe5d63d88;
L_0x7fdfe5c52550 .cmp/eq 7, L_0x7fdfe5c4c460, L_0x7fdfe5d63dd0;
L_0x7fdfe5c52300 .cmp/eq 7, L_0x7fdfe5c4c460, L_0x7fdfe5d63e18;
L_0x7fdfe5c524b0 .cmp/eq 7, L_0x7fdfe5c4c460, L_0x7fdfe5d63e60;
L_0x7fdfe5c526e0 .cmp/eq 7, L_0x7fdfe5c4c460, L_0x7fdfe5d63ea8;
L_0x7fdfe5c528a0 .cmp/eq 7, L_0x7fdfe5c4c460, L_0x7fdfe5d63ef0;
L_0x7fdfe5c52a40 .concat8 [ 1 1 0 0], L_0x7fdfe5c52990, L_0x7fdfe5c52b20;
L_0x7fdfe5c52b20 .cmp/eq 7, L_0x7fdfe5c4c460, L_0x7fdfe5d63f38;
S_0x7fdfe5c074b0 .scope module, "funct3_mux" "mux2to1_3bit" 2 35, 3 3 0, S_0x7fdfe5c15f10;
 .timescale -9 -10;
    .port_info 0 /INPUT 3 "INPUT1";
    .port_info 1 /INPUT 3 "INPUT2";
    .port_info 2 /OUTPUT 3 "RESULT";
    .port_info 3 /INPUT 1 "SELECT";
v0x7fdfe5c15c20_0 .net "INPUT1", 2 0, L_0x7fdfe5c4c520;  alias, 1 drivers
L_0x7fdfe5d63098 .functor BUFT 1, C4<000>, C4<0>, C4<0>, C4<0>;
v0x7fdfe5c45970_0 .net "INPUT2", 2 0, L_0x7fdfe5d63098;  1 drivers
v0x7fdfe5c45a20_0 .var "RESULT", 2 0;
v0x7fdfe5c45ae0_0 .net "SELECT", 0 0, L_0x7fdfe5c4c910;  alias, 1 drivers
E_0x7fdfe5c1dc90 .event edge, v0x7fdfe5c45ae0_0, v0x7fdfe5c15c20_0, v0x7fdfe5c45970_0;
    .scope S_0x7fdfe5c074b0;
T_0 ;
    %wait E_0x7fdfe5c1dc90;
    %load/vec4 v0x7fdfe5c45ae0_0;
    %cmpi/e 0, 0, 1;
    %jmp/0xz  T_0.0, 4;
    %load/vec4 v0x7fdfe5c15c20_0;
    %store/vec4 v0x7fdfe5c45a20_0, 0, 3;
    %jmp T_0.1;
T_0.0 ;
    %load/vec4 v0x7fdfe5c45970_0;
    %store/vec4 v0x7fdfe5c45a20_0, 0, 3;
T_0.1 ;
    %jmp T_0;
    .thread T_0, $push;
# The file index is used to find the file name in the following table.
:file_names 4;
    "N/A";
    "<interactive>";
    "control_unit.v";
    "./mux2to1_3bit.v";
