#! /usr/local/Cellar/icarus-verilog/11.0/bin/vvp
:ivl_version "11.0 (stable)";
:ivl_delay_selection "TYPICAL";
:vpi_time_precision - 10;
:vpi_module "/usr/local/Cellar/icarus-verilog/11.0/lib/ivl/system.vpi";
:vpi_module "/usr/local/Cellar/icarus-verilog/11.0/lib/ivl/vhdl_sys.vpi";
:vpi_module "/usr/local/Cellar/icarus-verilog/11.0/lib/ivl/vhdl_textio.vpi";
:vpi_module "/usr/local/Cellar/icarus-verilog/11.0/lib/ivl/v2005_math.vpi";
:vpi_module "/usr/local/Cellar/icarus-verilog/11.0/lib/ivl/va_math.vpi";
S_0x7fcad9004460 .scope module, "mux2to1_3bit" "mux2to1_3bit" 2 3;
 .timescale -9 -10;
    .port_info 0 /INPUT 3 "INPUT1";
    .port_info 1 /INPUT 3 "INPUT2";
    .port_info 2 /OUTPUT 3 "RESULT";
    .port_info 3 /INPUT 1 "SELECT";
o0x7fcad7e32008 .functor BUFZ 3, C4<zzz>; HiZ drive
v0x7fcad90045d0_0 .net "INPUT1", 2 0, o0x7fcad7e32008;  0 drivers
o0x7fcad7e32038 .functor BUFZ 3, C4<zzz>; HiZ drive
v0x7fcad9014680_0 .net "INPUT2", 2 0, o0x7fcad7e32038;  0 drivers
v0x7fcad9014730_0 .var "RESULT", 2 0;
o0x7fcad7e32098 .functor BUFZ 1, C4<z>; HiZ drive
v0x7fcad90147f0_0 .net "SELECT", 0 0, o0x7fcad7e32098;  0 drivers
E_0x7fcad9004260 .event edge, v0x7fcad90147f0_0, v0x7fcad90045d0_0, v0x7fcad9014680_0;
    .scope S_0x7fcad9004460;
T_0 ;
    %wait E_0x7fcad9004260;
    %load/vec4 v0x7fcad90147f0_0;
    %cmpi/e 0, 0, 1;
    %jmp/0xz  T_0.0, 4;
    %load/vec4 v0x7fcad90045d0_0;
    %store/vec4 v0x7fcad9014730_0, 0, 3;
    %jmp T_0.1;
T_0.0 ;
    %load/vec4 v0x7fcad9014680_0;
    %store/vec4 v0x7fcad9014730_0, 0, 3;
T_0.1 ;
    %jmp T_0;
    .thread T_0, $push;
# The file index is used to find the file name in the following table.
:file_names 3;
    "N/A";
    "<interactive>";
    "mux2to1_3bit.v";
