#! /usr/local/Cellar/icarus-verilog/11.0/bin/vvp
:ivl_version "11.0 (stable)";
:ivl_delay_selection "TYPICAL";
:vpi_time_precision - 10;
:vpi_module "/usr/local/Cellar/icarus-verilog/11.0/lib/ivl/system.vpi";
:vpi_module "/usr/local/Cellar/icarus-verilog/11.0/lib/ivl/vhdl_sys.vpi";
:vpi_module "/usr/local/Cellar/icarus-verilog/11.0/lib/ivl/vhdl_textio.vpi";
:vpi_module "/usr/local/Cellar/icarus-verilog/11.0/lib/ivl/v2005_math.vpi";
:vpi_module "/usr/local/Cellar/icarus-verilog/11.0/lib/ivl/va_math.vpi";
S_0x7fd314f0aba0 .scope module, "reg_file" "reg_file" 2 3;
 .timescale -9 -10;
    .port_info 0 /INPUT 32 "IN";
    .port_info 1 /OUTPUT 32 "OUT1";
    .port_info 2 /OUTPUT 32 "OUT2";
    .port_info 3 /INPUT 5 "INADDRESS";
    .port_info 4 /INPUT 5 "OUT1ADDRESS";
    .port_info 5 /INPUT 5 "OUT2ADDRESS";
    .port_info 6 /INPUT 1 "WRITE";
    .port_info 7 /INPUT 1 "CLK";
    .port_info 8 /INPUT 1 "RESET";
L_0x7fd314f1bbe0/d .functor BUFZ 32, L_0x7fd314f1ba40, C4<00000000000000000000000000000000>, C4<00000000000000000000000000000000>, C4<00000000000000000000000000000000>;
L_0x7fd314f1bbe0 .delay 32 (20,20,20) L_0x7fd314f1bbe0/d;
L_0x7fd314f1bf50/d .functor BUFZ 32, L_0x7fd314f1bcd0, C4<00000000000000000000000000000000>, C4<00000000000000000000000000000000>, C4<00000000000000000000000000000000>;
L_0x7fd314f1bf50 .delay 32 (20,20,20) L_0x7fd314f1bf50/d;
o0x7fd314e32008 .functor BUFZ 1, C4<z>; HiZ drive
v0x7fd314f08950_0 .net "CLK", 0 0, o0x7fd314e32008;  0 drivers
o0x7fd314e32038 .functor BUFZ 32, C4<zzzzzzzzzzzzzzzzzzzzzzzzzzzzzzzz>; HiZ drive
v0x7fd314f1ad40_0 .net "IN", 31 0, o0x7fd314e32038;  0 drivers
o0x7fd314e32068 .functor BUFZ 5, C4<zzzzz>; HiZ drive
v0x7fd314f1ade0_0 .net "INADDRESS", 4 0, o0x7fd314e32068;  0 drivers
v0x7fd314f1ae90_0 .net "OUT1", 31 0, L_0x7fd314f1bbe0;  1 drivers
o0x7fd314e320c8 .functor BUFZ 5, C4<zzzzz>; HiZ drive
v0x7fd314f1af40_0 .net "OUT1ADDRESS", 4 0, o0x7fd314e320c8;  0 drivers
v0x7fd314f1b030_0 .net "OUT2", 31 0, L_0x7fd314f1bf50;  1 drivers
o0x7fd314e32128 .functor BUFZ 5, C4<zzzzz>; HiZ drive
v0x7fd314f1b0e0_0 .net "OUT2ADDRESS", 4 0, o0x7fd314e32128;  0 drivers
v0x7fd314f1b190 .array "REGISTERS", 0 31, 31 0;
o0x7fd314e32158 .functor BUFZ 1, C4<z>; HiZ drive
v0x7fd314f1b230_0 .net "RESET", 0 0, o0x7fd314e32158;  0 drivers
o0x7fd314e32188 .functor BUFZ 1, C4<z>; HiZ drive
v0x7fd314f1b340_0 .net "WRITE", 0 0, o0x7fd314e32188;  0 drivers
v0x7fd314f1b3d0_0 .net *"_ivl_0", 31 0, L_0x7fd314f1ba40;  1 drivers
v0x7fd314f1b480_0 .net *"_ivl_10", 6 0, L_0x7fd314f1be10;  1 drivers
L_0x7fd314e63050 .functor BUFT 1, C4<00>, C4<0>, C4<0>, C4<0>;
v0x7fd314f1b530_0 .net *"_ivl_13", 1 0, L_0x7fd314e63050;  1 drivers
v0x7fd314f1b5e0_0 .net *"_ivl_2", 6 0, L_0x7fd314f1bae0;  1 drivers
L_0x7fd314e63008 .functor BUFT 1, C4<00>, C4<0>, C4<0>, C4<0>;
v0x7fd314f1b690_0 .net *"_ivl_5", 1 0, L_0x7fd314e63008;  1 drivers
v0x7fd314f1b740_0 .net *"_ivl_8", 31 0, L_0x7fd314f1bcd0;  1 drivers
v0x7fd314f1b7f0_0 .var/i "i", 31 0;
E_0x7fd314f09820 .event edge, v0x7fd314f1b230_0;
E_0x7fd314f065a0 .event posedge, v0x7fd314f08950_0;
L_0x7fd314f1ba40 .array/port v0x7fd314f1b190, L_0x7fd314f1bae0;
L_0x7fd314f1bae0 .concat [ 5 2 0 0], o0x7fd314e320c8, L_0x7fd314e63008;
L_0x7fd314f1bcd0 .array/port v0x7fd314f1b190, L_0x7fd314f1be10;
L_0x7fd314f1be10 .concat [ 5 2 0 0], o0x7fd314e32128, L_0x7fd314e63050;
    .scope S_0x7fd314f0aba0;
T_0 ;
    %wait E_0x7fd314f065a0;
    %delay 20, 0;
    %load/vec4 v0x7fd314f1b340_0;
    %cmpi/e 1, 0, 1;
    %jmp/0xz  T_0.0, 4;
    %load/vec4 v0x7fd314f1ad40_0;
    %load/vec4 v0x7fd314f1ade0_0;
    %pad/u 7;
    %ix/vec4 4;
    %store/vec4a v0x7fd314f1b190, 4, 0;
T_0.0 ;
    %jmp T_0;
    .thread T_0;
    .scope S_0x7fd314f0aba0;
T_1 ;
    %wait E_0x7fd314f09820;
    %load/vec4 v0x7fd314f1b230_0;
    %cmpi/e 1, 0, 1;
    %jmp/0xz  T_1.0, 4;
    %delay 20, 0;
    %pushi/vec4 0, 0, 32;
    %store/vec4 v0x7fd314f1b7f0_0, 0, 32;
T_1.2 ;
    %load/vec4 v0x7fd314f1b7f0_0;
    %cmpi/s 32, 0, 32;
    %jmp/0xz T_1.3, 5;
    %pushi/vec4 0, 0, 32;
    %ix/getv/s 4, v0x7fd314f1b7f0_0;
    %store/vec4a v0x7fd314f1b190, 4, 0;
    ; show_stmt_assign_vector: Get l-value for compressed += operand
    %load/vec4 v0x7fd314f1b7f0_0;
    %pushi/vec4 1, 0, 32;
    %add;
    %store/vec4 v0x7fd314f1b7f0_0, 0, 32;
    %jmp T_1.2;
T_1.3 ;
T_1.0 ;
    %jmp T_1;
    .thread T_1, $push;
# The file index is used to find the file name in the following table.
:file_names 3;
    "N/A";
    "<interactive>";
    "reg_file.v";
