#! /usr/local/Cellar/icarus-verilog/11.0/bin/vvp
:ivl_version "11.0 (stable)";
:ivl_delay_selection "TYPICAL";
:vpi_time_precision - 10;
:vpi_module "/usr/local/Cellar/icarus-verilog/11.0/lib/ivl/system.vpi";
:vpi_module "/usr/local/Cellar/icarus-verilog/11.0/lib/ivl/vhdl_sys.vpi";
:vpi_module "/usr/local/Cellar/icarus-verilog/11.0/lib/ivl/vhdl_textio.vpi";
:vpi_module "/usr/local/Cellar/icarus-verilog/11.0/lib/ivl/v2005_math.vpi";
:vpi_module "/usr/local/Cellar/icarus-verilog/11.0/lib/ivl/va_math.vpi";
S_0x7f95d1d076b0 .scope module, "twosComp" "twosComp" 2 3;
 .timescale -9 -10;
    .port_info 0 /INPUT 32 "INPUT";
    .port_info 1 /OUTPUT 32 "RESULT";
o0x7f95d1e32008 .functor BUFZ 32, C4<zzzzzzzzzzzzzzzzzzzzzzzzzzzzzzzz>; HiZ drive
v0x7f95d3004110_0 .net "INPUT", 31 0, o0x7f95d1e32008;  0 drivers
v0x7f95d30141d0_0 .var "RESULT", 31 0;
E_0x7f95d30040c0 .event edge, v0x7f95d3004110_0;
    .scope S_0x7f95d1d076b0;
T_0 ;
    %wait E_0x7f95d30040c0;
    %delay 10, 0;
    %load/vec4 v0x7f95d3004110_0;
    %inv;
    %addi 1, 0, 32;
    %store/vec4 v0x7f95d30141d0_0, 0, 32;
    %jmp T_0;
    .thread T_0, $push;
# The file index is used to find the file name in the following table.
:file_names 3;
    "N/A";
    "<interactive>";
    "twosComp.v";
