#! /usr/local/Cellar/icarus-verilog/11.0/bin/vvp
:ivl_version "11.0 (stable)";
:ivl_delay_selection "TYPICAL";
:vpi_time_precision - 10;
:vpi_module "/usr/local/Cellar/icarus-verilog/11.0/lib/ivl/system.vpi";
:vpi_module "/usr/local/Cellar/icarus-verilog/11.0/lib/ivl/vhdl_sys.vpi";
:vpi_module "/usr/local/Cellar/icarus-verilog/11.0/lib/ivl/vhdl_textio.vpi";
:vpi_module "/usr/local/Cellar/icarus-verilog/11.0/lib/ivl/v2005_math.vpi";
:vpi_module "/usr/local/Cellar/icarus-verilog/11.0/lib/ivl/va_math.vpi";
S_0x7f860e407400 .scope module, "branch_select" "branch_select" 2 3;
 .timescale -9 -10;
    .port_info 0 /INPUT 32 "DATA1";
    .port_info 1 /INPUT 32 "DATA2";
    .port_info 2 /INPUT 4 "SELECT";
    .port_info 3 /OUTPUT 1 "MUX_OUT";
v0x7f860e40c800_0 .net "BEQ", 0 0, L_0x7f860e41eee0;  1 drivers
v0x7f860e41e820_0 .net "BGE", 0 0, L_0x7f860e41f160;  1 drivers
v0x7f860e41e8c0_0 .net "BGEU", 0 0, L_0x7f860e41f3c0;  1 drivers
v0x7f860e41e950_0 .net "BLT", 0 0, L_0x7f860e41f0c0;  1 drivers
v0x7f860e41e9f0_0 .net "BLTU", 0 0, L_0x7f860e41f320;  1 drivers
v0x7f860e41ead0_0 .net "BNE", 0 0, L_0x7f860e41ef80;  1 drivers
o0x7f860e532128 .functor BUFZ 32, C4<zzzzzzzzzzzzzzzzzzzzzzzzzzzzzzzz>; HiZ drive
v0x7f860e41eb70_0 .net "DATA1", 31 0, o0x7f860e532128;  0 drivers
o0x7f860e532158 .functor BUFZ 32, C4<zzzzzzzzzzzzzzzzzzzzzzzzzzzzzzzz>; HiZ drive
v0x7f860e41ec20_0 .net "DATA2", 31 0, o0x7f860e532158;  0 drivers
v0x7f860e41ecd0_0 .var "MUX_OUT", 0 0;
o0x7f860e5321b8 .functor BUFZ 4, C4<zzzz>; HiZ drive
v0x7f860e41ede0_0 .net "SELECT", 3 0, o0x7f860e5321b8;  0 drivers
E_0x7f860e40dc50/0 .event edge, v0x7f860e41ede0_0, v0x7f860e40c800_0, v0x7f860e41ead0_0, v0x7f860e41e950_0;
E_0x7f860e40dc50/1 .event edge, v0x7f860e41e820_0, v0x7f860e41e9f0_0, v0x7f860e41e8c0_0;
E_0x7f860e40dc50 .event/or E_0x7f860e40dc50/0, E_0x7f860e40dc50/1;
L_0x7f860e41eee0 .cmp/eq 32, o0x7f860e532128, o0x7f860e532158;
L_0x7f860e41ef80 .cmp/ne 32, o0x7f860e532128, o0x7f860e532158;
L_0x7f860e41f0c0 .cmp/gt 32, o0x7f860e532158, o0x7f860e532128;
L_0x7f860e41f160 .cmp/gt 32, o0x7f860e532128, o0x7f860e532158;
L_0x7f860e41f320 .cmp/gt 32, o0x7f860e532158, o0x7f860e532128;
L_0x7f860e41f3c0 .cmp/gt 32, o0x7f860e532128, o0x7f860e532158;
    .scope S_0x7f860e407400;
T_0 ;
    %wait E_0x7f860e40dc50;
    %load/vec4 v0x7f860e41ede0_0;
    %parti/s 1, 3, 3;
    %flag_set/vec4 8;
    %jmp/0xz  T_0.0, 8;
    %load/vec4 v0x7f860e41ede0_0;
    %parti/s 3, 0, 2;
    %dup/vec4;
    %pushi/vec4 2, 0, 3;
    %cmp/u;
    %jmp/1 T_0.2, 6;
    %dup/vec4;
    %pushi/vec4 0, 0, 3;
    %cmp/u;
    %jmp/1 T_0.3, 6;
    %dup/vec4;
    %pushi/vec4 1, 0, 3;
    %cmp/u;
    %jmp/1 T_0.4, 6;
    %dup/vec4;
    %pushi/vec4 4, 0, 3;
    %cmp/u;
    %jmp/1 T_0.5, 6;
    %dup/vec4;
    %pushi/vec4 5, 0, 3;
    %cmp/u;
    %jmp/1 T_0.6, 6;
    %dup/vec4;
    %pushi/vec4 6, 0, 3;
    %cmp/u;
    %jmp/1 T_0.7, 6;
    %dup/vec4;
    %pushi/vec4 7, 0, 3;
    %cmp/u;
    %jmp/1 T_0.8, 6;
    %pushi/vec4 0, 0, 1;
    %store/vec4 v0x7f860e41ecd0_0, 0, 1;
    %jmp T_0.10;
T_0.2 ;
    %pushi/vec4 1, 0, 1;
    %store/vec4 v0x7f860e41ecd0_0, 0, 1;
    %jmp T_0.10;
T_0.3 ;
    %load/vec4 v0x7f860e40c800_0;
    %store/vec4 v0x7f860e41ecd0_0, 0, 1;
    %jmp T_0.10;
T_0.4 ;
    %load/vec4 v0x7f860e41ead0_0;
    %store/vec4 v0x7f860e41ecd0_0, 0, 1;
    %jmp T_0.10;
T_0.5 ;
    %load/vec4 v0x7f860e41e950_0;
    %store/vec4 v0x7f860e41ecd0_0, 0, 1;
    %jmp T_0.10;
T_0.6 ;
    %load/vec4 v0x7f860e41e820_0;
    %store/vec4 v0x7f860e41ecd0_0, 0, 1;
    %jmp T_0.10;
T_0.7 ;
    %load/vec4 v0x7f860e41e9f0_0;
    %store/vec4 v0x7f860e41ecd0_0, 0, 1;
    %jmp T_0.10;
T_0.8 ;
    %load/vec4 v0x7f860e41e8c0_0;
    %store/vec4 v0x7f860e41ecd0_0, 0, 1;
    %jmp T_0.10;
T_0.10 ;
    %pop/vec4 1;
T_0.0 ;
    %jmp T_0;
    .thread T_0, $push;
# The file index is used to find the file name in the following table.
:file_names 3;
    "N/A";
    "<interactive>";
    "branch_select.v";
