#! /usr/local/Cellar/icarus-verilog/11.0/bin/vvp
:ivl_version "11.0 (stable)";
:ivl_delay_selection "TYPICAL";
:vpi_time_precision - 10;
:vpi_module "/usr/local/Cellar/icarus-verilog/11.0/lib/ivl/system.vpi";
:vpi_module "/usr/local/Cellar/icarus-verilog/11.0/lib/ivl/vhdl_sys.vpi";
:vpi_module "/usr/local/Cellar/icarus-verilog/11.0/lib/ivl/vhdl_textio.vpi";
:vpi_module "/usr/local/Cellar/icarus-verilog/11.0/lib/ivl/v2005_math.vpi";
:vpi_module "/usr/local/Cellar/icarus-verilog/11.0/lib/ivl/va_math.vpi";
S_0x7fbb930040c0 .scope module, "reg_file_tb" "reg_file_tb" 2 3;
 .timescale -9 -10;
v0x7fbb9301b3a0_0 .var "CLK", 0 0;
v0x7fbb9301b450_0 .var "INSTRUCTION", 31 0;
v0x7fbb9301b4f0_0 .var "RESET", 0 0;
v0x7fbb9301b580_0 .net "alu_signal", 4 0, L_0x7fbb9301cf30;  1 drivers
v0x7fbb9301b630_0 .net "branch_control", 3 0, L_0x7fbb9301e6f0;  1 drivers
v0x7fbb9301b700_0 .net "immediate_select", 3 0, L_0x7fbb93020210;  1 drivers
v0x7fbb9301b7b0 .array "ins_file", 46 0, 31 0;
v0x7fbb9301b840_0 .net "main_mem_read", 3 0, L_0x7fbb9301e090;  1 drivers
v0x7fbb9301b8f0_0 .net "main_mem_write", 2 0, L_0x7fbb9301dd90;  1 drivers
v0x7fbb9301ba20_0 .var/i "n", 31 0;
v0x7fbb9301bab0_0 .net "oparand_1_select", 0 0, L_0x7fbb93021bf0;  1 drivers
v0x7fbb9301bb40_0 .net "oparand_2_select", 0 0, L_0x7fbb93022c60;  1 drivers
v0x7fbb9301bbd0_0 .net "reg_file_write", 0 0, L_0x7fbb9301d960;  1 drivers
v0x7fbb9301bc80_0 .net "reg_write_select", 1 0, L_0x7fbb93022b10;  1 drivers
S_0x7fbb93004240 .scope module, "myConUnit" "control_unit" 2 18, 3 10 0, S_0x7fbb930040c0;
 .timescale -9 -10;
    .port_info 0 /INPUT 32 "INSTRUCTION";
    .port_info 1 /OUTPUT 5 "alu_signal";
    .port_info 2 /OUTPUT 1 "reg_file_write";
    .port_info 3 /OUTPUT 3 "main_mem_write";
    .port_info 4 /OUTPUT 4 "main_mem_read";
    .port_info 5 /OUTPUT 4 "branch_control";
    .port_info 6 /OUTPUT 4 "immediate_select";
    .port_info 7 /OUTPUT 1 "oparand_1_select";
    .port_info 8 /OUTPUT 1 "oparand_2_select";
    .port_info 9 /OUTPUT 2 "reg_write_select";
    .port_info 10 /INPUT 1 "RESET";
L_0x7fbb9301c260/d .functor OR 1, L_0x7fbb9301c030, L_0x7fbb9301c150, C4<0>, C4<0>;
L_0x7fbb9301c260 .delay 1 (30,30,30) L_0x7fbb9301c260/d;
L_0x7fbb9301c940 .functor OR 1, L_0x7fbb9301c550, L_0x7fbb9301c7d0, C4<0>, C4<0>;
L_0x7fbb9301cc30 .functor OR 1, L_0x7fbb9301c940, L_0x7fbb9301ca90, C4<0>, C4<0>;
L_0x7fbb9301cde0/d .functor OR 1, L_0x7fbb9301cc30, L_0x7fbb9301cce0, C4<0>, C4<0>;
L_0x7fbb9301cde0 .delay 1 (30,30,30) L_0x7fbb9301cde0/d;
L_0x7fbb9301d0b0/d .functor OR 1, L_0x7fbb9301d2c0, L_0x7fbb9301d460, C4<0>, C4<0>;
L_0x7fbb9301d0b0 .delay 1 (30,30,30) L_0x7fbb9301d0b0/d;
L_0x7fbb9301d8b0 .functor OR 1, L_0x7fbb9301d630, L_0x7fbb9301d810, C4<0>, C4<0>;
L_0x7fbb9301d960/d .functor NOT 1, L_0x7fbb9301d8b0, C4<0>, C4<0>, C4<0>;
L_0x7fbb9301d960 .delay 1 (30,30,30) L_0x7fbb9301d960/d;
L_0x7fbb9301e2d0/d .functor BUFZ 3, L_0x7fbb9301be30, C4<000>, C4<000>, C4<000>;
L_0x7fbb9301e2d0 .delay 3 (30,30,30) L_0x7fbb9301e2d0/d;
L_0x7fbb9301e630/d .functor OR 1, L_0x7fbb9301e380, L_0x7fbb9301e480, C4<0>, C4<0>;
L_0x7fbb9301e630 .delay 1 (30,30,30) L_0x7fbb9301e630/d;
L_0x7fbb9301f0d0 .functor OR 1, L_0x7fbb9301eac0, L_0x7fbb9301ee40, C4<0>, C4<0>;
L_0x7fbb9301f3b0 .functor OR 1, L_0x7fbb9301f0d0, L_0x7fbb9301efd0, C4<0>, C4<0>;
L_0x7fbb9301f6c0 .functor OR 1, L_0x7fbb9301f3b0, L_0x7fbb9301f260, C4<0>, C4<0>;
L_0x7fbb9301fa00 .functor OR 1, L_0x7fbb9301f6c0, L_0x7fbb9301f5a0, C4<0>, C4<0>;
L_0x7fbb9301fd00 .functor OR 1, L_0x7fbb9301fa00, L_0x7fbb9301f8d0, C4<0>, C4<0>;
L_0x7fbb9301ffa0/d .functor OR 1, L_0x7fbb9301fd00, L_0x7fbb9301fbc0, C4<0>, C4<0>;
L_0x7fbb9301ffa0 .delay 1 (30,30,30) L_0x7fbb9301ffa0/d;
L_0x7fbb93021900 .functor OR 1, L_0x7fbb93021b50, L_0x7fbb93021860, C4<0>, C4<0>;
L_0x7fbb93021bf0/d .functor OR 1, L_0x7fbb93021900, L_0x7fbb93021df0, C4<0>, C4<0>;
L_0x7fbb93021bf0 .delay 1 (30,30,30) L_0x7fbb93021bf0/d;
L_0x7fbb930200d0 .functor OR 1, L_0x7fbb930221a0, L_0x7fbb93022240, C4<0>, C4<0>;
L_0x7fbb93021ff0 .functor OR 1, L_0x7fbb930200d0, L_0x7fbb93021f10, C4<0>, C4<0>;
L_0x7fbb930222e0 .functor OR 1, L_0x7fbb93021ff0, L_0x7fbb930225e0, C4<0>, C4<0>;
L_0x7fbb93022470 .functor OR 1, L_0x7fbb930222e0, L_0x7fbb93022390, C4<0>, C4<0>;
L_0x7fbb93022680 .functor OR 1, L_0x7fbb93022470, L_0x7fbb93022540, C4<0>, C4<0>;
L_0x7fbb93022c60/d .functor OR 1, L_0x7fbb93022680, L_0x7fbb93022770, C4<0>, C4<0>;
L_0x7fbb93022c60 .delay 1 (30,30,30) L_0x7fbb93022c60/d;
L_0x7fbb93022a20/d .functor NOT 1, L_0x7fbb93022930, C4<0>, C4<0>, C4<0>;
L_0x7fbb93022a20 .delay 1 (30,30,30) L_0x7fbb93022a20/d;
v0x7fbb93014b20_0 .net "INSTRUCTION", 31 0, v0x7fbb9301b450_0;  1 drivers
v0x7fbb93014be0_0 .net "RESET", 0 0, v0x7fbb9301b4f0_0;  1 drivers
L_0x7fbb92563050 .functor BUFT 1, C4<1101111>, C4<0>, C4<0>, C4<0>;
v0x7fbb93014c80_0 .net/2u *"_ivl_10", 6 0, L_0x7fbb92563050;  1 drivers
L_0x7fbb925633b0 .functor BUFT 1, C4<110x111>, C4<0>, C4<0>, C4<0>;
v0x7fbb93014d20_0 .net *"_ivl_101", 6 0, L_0x7fbb925633b0;  1 drivers
v0x7fbb93014dd0_0 .net *"_ivl_103", 0 0, L_0x7fbb9301e380;  1 drivers
L_0x7fbb925633f8 .functor BUFT 1, C4<1100011>, C4<0>, C4<0>, C4<0>;
v0x7fbb93014eb0_0 .net/2u *"_ivl_105", 6 0, L_0x7fbb925633f8;  1 drivers
v0x7fbb93014f60_0 .net *"_ivl_107", 0 0, L_0x7fbb9301e480;  1 drivers
v0x7fbb93015000_0 .net *"_ivl_109", 0 0, L_0x7fbb9301e630;  1 drivers
L_0x7fbb92563440 .functor BUFT 1, C4<110x111>, C4<0>, C4<0>, C4<0>;
v0x7fbb930150b0_0 .net *"_ivl_114", 6 0, L_0x7fbb92563440;  1 drivers
v0x7fbb930151c0_0 .net *"_ivl_116", 0 0, L_0x7fbb9301e820;  1 drivers
L_0x7fbb92563488 .functor BUFT 1, C4<010>, C4<0>, C4<0>, C4<0>;
v0x7fbb93015260_0 .net/2u *"_ivl_118", 2 0, L_0x7fbb92563488;  1 drivers
v0x7fbb93015310_0 .net *"_ivl_12", 0 0, L_0x7fbb9301c150;  1 drivers
v0x7fbb930153b0_0 .net *"_ivl_120", 2 0, L_0x7fbb9301d200;  1 drivers
v0x7fbb93015460_0 .net *"_ivl_124", 9 0, L_0x7fbb9301eda0;  1 drivers
L_0x7fbb925634d0 .functor BUFT 1, C4<0000011100>, C4<0>, C4<0>, C4<0>;
v0x7fbb93015510_0 .net/2u *"_ivl_126", 9 0, L_0x7fbb925634d0;  1 drivers
v0x7fbb930155c0_0 .net *"_ivl_128", 0 0, L_0x7fbb9301eac0;  1 drivers
v0x7fbb93015660_0 .net *"_ivl_130", 9 0, L_0x7fbb9301ef30;  1 drivers
L_0x7fbb92563518 .functor BUFT 1, C4<0000011101>, C4<0>, C4<0>, C4<0>;
v0x7fbb930157f0_0 .net/2u *"_ivl_132", 9 0, L_0x7fbb92563518;  1 drivers
v0x7fbb93015880_0 .net *"_ivl_134", 0 0, L_0x7fbb9301ee40;  1 drivers
v0x7fbb93015920_0 .net *"_ivl_136", 0 0, L_0x7fbb9301f0d0;  1 drivers
v0x7fbb930159d0_0 .net *"_ivl_138", 9 0, L_0x7fbb9301f1c0;  1 drivers
L_0x7fbb92563560 .functor BUFT 1, C4<0010011011>, C4<0>, C4<0>, C4<0>;
v0x7fbb93015a80_0 .net/2u *"_ivl_140", 9 0, L_0x7fbb92563560;  1 drivers
v0x7fbb93015b30_0 .net *"_ivl_142", 0 0, L_0x7fbb9301efd0;  1 drivers
v0x7fbb93015bd0_0 .net *"_ivl_144", 0 0, L_0x7fbb9301f3b0;  1 drivers
v0x7fbb93015c80_0 .net *"_ivl_146", 16 0, L_0x7fbb9301f500;  1 drivers
L_0x7fbb925635a8 .functor BUFT 1, C4<01100110110000000>, C4<0>, C4<0>, C4<0>;
v0x7fbb93015d30_0 .net/2u *"_ivl_148", 16 0, L_0x7fbb925635a8;  1 drivers
v0x7fbb93015de0_0 .net *"_ivl_150", 0 0, L_0x7fbb9301f260;  1 drivers
v0x7fbb93015e80_0 .net *"_ivl_152", 0 0, L_0x7fbb9301f6c0;  1 drivers
v0x7fbb93015f30_0 .net *"_ivl_154", 16 0, L_0x7fbb9301f7b0;  1 drivers
L_0x7fbb925635f0 .functor BUFT 1, C4<01100110100000001>, C4<0>, C4<0>, C4<0>;
v0x7fbb93015fe0_0 .net/2u *"_ivl_156", 16 0, L_0x7fbb925635f0;  1 drivers
v0x7fbb93016090_0 .net *"_ivl_158", 0 0, L_0x7fbb9301f5a0;  1 drivers
v0x7fbb93016130_0 .net *"_ivl_160", 0 0, L_0x7fbb9301fa00;  1 drivers
v0x7fbb930161e0_0 .net *"_ivl_162", 16 0, L_0x7fbb9301fb20;  1 drivers
L_0x7fbb92563638 .functor BUFT 1, C4<01100110110000001>, C4<0>, C4<0>, C4<0>;
v0x7fbb93015710_0 .net/2u *"_ivl_164", 16 0, L_0x7fbb92563638;  1 drivers
v0x7fbb93016470_0 .net *"_ivl_166", 0 0, L_0x7fbb9301f8d0;  1 drivers
v0x7fbb93016500_0 .net *"_ivl_168", 0 0, L_0x7fbb9301fd00;  1 drivers
v0x7fbb93016590_0 .net *"_ivl_170", 16 0, L_0x7fbb9301fdb0;  1 drivers
L_0x7fbb92563680 .functor BUFT 1, C4<01100111110000001>, C4<0>, C4<0>, C4<0>;
v0x7fbb93016640_0 .net/2u *"_ivl_172", 16 0, L_0x7fbb92563680;  1 drivers
v0x7fbb930166f0_0 .net *"_ivl_174", 0 0, L_0x7fbb9301fbc0;  1 drivers
v0x7fbb93016790_0 .net *"_ivl_176", 0 0, L_0x7fbb9301ffa0;  1 drivers
L_0x7fbb925636c8 .functor BUFT 1, C4<0000011>, C4<0>, C4<0>, C4<0>;
v0x7fbb93016840_0 .net/2u *"_ivl_181", 6 0, L_0x7fbb925636c8;  1 drivers
v0x7fbb930168f0_0 .net *"_ivl_183", 0 0, L_0x7fbb9301fe50;  1 drivers
L_0x7fbb92563710 .functor BUFT 1, C4<010>, C4<0>, C4<0>, C4<0>;
v0x7fbb93016990_0 .net/2u *"_ivl_185", 2 0, L_0x7fbb92563710;  1 drivers
L_0x7fbb92563758 .functor BUFT 1, C4<0010111>, C4<0>, C4<0>, C4<0>;
v0x7fbb93016a40_0 .net/2u *"_ivl_187", 6 0, L_0x7fbb92563758;  1 drivers
v0x7fbb93016af0_0 .net *"_ivl_189", 0 0, L_0x7fbb9301fef0;  1 drivers
L_0x7fbb925637a0 .functor BUFT 1, C4<000>, C4<0>, C4<0>, C4<0>;
v0x7fbb93016b90_0 .net/2u *"_ivl_191", 2 0, L_0x7fbb925637a0;  1 drivers
L_0x7fbb925637e8 .functor BUFT 1, C4<0100011>, C4<0>, C4<0>, C4<0>;
v0x7fbb93016c40_0 .net/2u *"_ivl_193", 6 0, L_0x7fbb925637e8;  1 drivers
v0x7fbb93016cf0_0 .net *"_ivl_195", 0 0, L_0x7fbb930202d0;  1 drivers
L_0x7fbb92563830 .functor BUFT 1, C4<100>, C4<0>, C4<0>, C4<0>;
v0x7fbb93016d90_0 .net/2u *"_ivl_197", 2 0, L_0x7fbb92563830;  1 drivers
L_0x7fbb92563878 .functor BUFT 1, C4<0110111>, C4<0>, C4<0>, C4<0>;
v0x7fbb93016e40_0 .net/2u *"_ivl_199", 6 0, L_0x7fbb92563878;  1 drivers
v0x7fbb93016ef0_0 .net *"_ivl_201", 0 0, L_0x7fbb930205e0;  1 drivers
L_0x7fbb925638c0 .functor BUFT 1, C4<000>, C4<0>, C4<0>, C4<0>;
v0x7fbb93016f90_0 .net/2u *"_ivl_203", 2 0, L_0x7fbb925638c0;  1 drivers
L_0x7fbb92563908 .functor BUFT 1, C4<1101111>, C4<0>, C4<0>, C4<0>;
v0x7fbb93017040_0 .net/2u *"_ivl_205", 6 0, L_0x7fbb92563908;  1 drivers
v0x7fbb930170f0_0 .net *"_ivl_207", 0 0, L_0x7fbb9301eba0;  1 drivers
L_0x7fbb92563950 .functor BUFT 1, C4<001>, C4<0>, C4<0>, C4<0>;
v0x7fbb93017190_0 .net/2u *"_ivl_209", 2 0, L_0x7fbb92563950;  1 drivers
L_0x7fbb92563998 .functor BUFT 1, C4<1100111>, C4<0>, C4<0>, C4<0>;
v0x7fbb93017240_0 .net/2u *"_ivl_211", 6 0, L_0x7fbb92563998;  1 drivers
v0x7fbb930172f0_0 .net *"_ivl_213", 0 0, L_0x7fbb930204b0;  1 drivers
L_0x7fbb925639e0 .functor BUFT 1, C4<010>, C4<0>, C4<0>, C4<0>;
v0x7fbb93017390_0 .net/2u *"_ivl_215", 2 0, L_0x7fbb925639e0;  1 drivers
L_0x7fbb92563a28 .functor BUFT 1, C4<1100011>, C4<0>, C4<0>, C4<0>;
v0x7fbb93017440_0 .net/2u *"_ivl_217", 6 0, L_0x7fbb92563a28;  1 drivers
v0x7fbb930174f0_0 .net *"_ivl_219", 0 0, L_0x7fbb930206c0;  1 drivers
v0x7fbb93017590_0 .net *"_ivl_22", 9 0, L_0x7fbb9301c390;  1 drivers
L_0x7fbb92563a70 .functor BUFT 1, C4<011>, C4<0>, C4<0>, C4<0>;
v0x7fbb93017640_0 .net/2u *"_ivl_221", 2 0, L_0x7fbb92563a70;  1 drivers
v0x7fbb930176f0_0 .net *"_ivl_223", 9 0, L_0x7fbb93020bd0;  1 drivers
L_0x7fbb92563ab8 .functor BUFT 1, C4<0010011x01>, C4<0>, C4<0>, C4<0>;
v0x7fbb930177a0_0 .net *"_ivl_225", 9 0, L_0x7fbb92563ab8;  1 drivers
v0x7fbb93017850_0 .net *"_ivl_227", 0 0, L_0x7fbb9301eca0;  1 drivers
L_0x7fbb92563b00 .functor BUFT 1, C4<101>, C4<0>, C4<0>, C4<0>;
v0x7fbb93016280_0 .net/2u *"_ivl_229", 2 0, L_0x7fbb92563b00;  1 drivers
L_0x7fbb92563b48 .functor BUFT 1, C4<0010011>, C4<0>, C4<0>, C4<0>;
v0x7fbb93016330_0 .net/2u *"_ivl_231", 6 0, L_0x7fbb92563b48;  1 drivers
v0x7fbb930163e0_0 .net *"_ivl_233", 0 0, L_0x7fbb93020a80;  1 drivers
L_0x7fbb92563b90 .functor BUFT 1, C4<010>, C4<0>, C4<0>, C4<0>;
v0x7fbb930178f0_0 .net/2u *"_ivl_235", 2 0, L_0x7fbb92563b90;  1 drivers
L_0x7fbb92563bd8 .functor BUFT 1, C4<xxx>, C4<0>, C4<0>, C4<0>;
v0x7fbb930179a0_0 .net *"_ivl_237", 2 0, L_0x7fbb92563bd8;  1 drivers
v0x7fbb93017a50_0 .net *"_ivl_239", 2 0, L_0x7fbb9301e8c0;  1 drivers
L_0x7fbb925630e0 .functor BUFT 1, C4<0010011101>, C4<0>, C4<0>, C4<0>;
v0x7fbb93017b00_0 .net/2u *"_ivl_24", 9 0, L_0x7fbb925630e0;  1 drivers
v0x7fbb93017bb0_0 .net *"_ivl_241", 2 0, L_0x7fbb9301ea20;  1 drivers
v0x7fbb93017c60_0 .net *"_ivl_243", 2 0, L_0x7fbb930210f0;  1 drivers
v0x7fbb93017d10_0 .net *"_ivl_245", 2 0, L_0x7fbb93021210;  1 drivers
v0x7fbb93017dc0_0 .net *"_ivl_247", 2 0, L_0x7fbb93020f30;  1 drivers
v0x7fbb93017e70_0 .net *"_ivl_249", 2 0, L_0x7fbb930214c0;  1 drivers
v0x7fbb93017f20_0 .net *"_ivl_251", 2 0, L_0x7fbb93021370;  1 drivers
v0x7fbb93017fd0_0 .net *"_ivl_253", 2 0, L_0x7fbb930217c0;  1 drivers
v0x7fbb93018080_0 .net *"_ivl_255", 2 0, L_0x7fbb930215a0;  1 drivers
L_0x7fbb92563c20 .functor BUFT 1, C4<0010111>, C4<0>, C4<0>, C4<0>;
v0x7fbb93018130_0 .net/2u *"_ivl_257", 6 0, L_0x7fbb92563c20;  1 drivers
v0x7fbb930181e0_0 .net *"_ivl_259", 0 0, L_0x7fbb93021b50;  1 drivers
v0x7fbb93018280_0 .net *"_ivl_26", 0 0, L_0x7fbb9301c550;  1 drivers
L_0x7fbb92563c68 .functor BUFT 1, C4<1101111>, C4<0>, C4<0>, C4<0>;
v0x7fbb93018320_0 .net/2u *"_ivl_261", 6 0, L_0x7fbb92563c68;  1 drivers
v0x7fbb930183d0_0 .net *"_ivl_263", 0 0, L_0x7fbb93021860;  1 drivers
v0x7fbb93018470_0 .net *"_ivl_265", 0 0, L_0x7fbb93021900;  1 drivers
L_0x7fbb92563cb0 .functor BUFT 1, C4<1100111>, C4<0>, C4<0>, C4<0>;
v0x7fbb93018520_0 .net/2u *"_ivl_267", 6 0, L_0x7fbb92563cb0;  1 drivers
v0x7fbb930185d0_0 .net *"_ivl_269", 0 0, L_0x7fbb93021df0;  1 drivers
L_0x7fbb92563cf8 .functor BUFT 1, C4<0000011>, C4<0>, C4<0>, C4<0>;
v0x7fbb93018670_0 .net/2u *"_ivl_273", 6 0, L_0x7fbb92563cf8;  1 drivers
v0x7fbb93018720_0 .net *"_ivl_275", 0 0, L_0x7fbb930221a0;  1 drivers
L_0x7fbb92563d40 .functor BUFT 1, C4<0010011>, C4<0>, C4<0>, C4<0>;
v0x7fbb930187c0_0 .net/2u *"_ivl_277", 6 0, L_0x7fbb92563d40;  1 drivers
v0x7fbb93018870_0 .net *"_ivl_279", 0 0, L_0x7fbb93022240;  1 drivers
v0x7fbb93018910_0 .net *"_ivl_28", 9 0, L_0x7fbb9301c6b0;  1 drivers
v0x7fbb930189c0_0 .net *"_ivl_281", 0 0, L_0x7fbb930200d0;  1 drivers
L_0x7fbb92563d88 .functor BUFT 1, C4<0010111>, C4<0>, C4<0>, C4<0>;
v0x7fbb93018a70_0 .net/2u *"_ivl_283", 6 0, L_0x7fbb92563d88;  1 drivers
v0x7fbb93018b20_0 .net *"_ivl_285", 0 0, L_0x7fbb93021f10;  1 drivers
v0x7fbb93018bc0_0 .net *"_ivl_287", 0 0, L_0x7fbb93021ff0;  1 drivers
L_0x7fbb92563dd0 .functor BUFT 1, C4<0100011>, C4<0>, C4<0>, C4<0>;
v0x7fbb93018c70_0 .net/2u *"_ivl_289", 6 0, L_0x7fbb92563dd0;  1 drivers
v0x7fbb93018d20_0 .net *"_ivl_291", 0 0, L_0x7fbb930225e0;  1 drivers
v0x7fbb93018dc0_0 .net *"_ivl_293", 0 0, L_0x7fbb930222e0;  1 drivers
L_0x7fbb92563e18 .functor BUFT 1, C4<0110111>, C4<0>, C4<0>, C4<0>;
v0x7fbb93018e70_0 .net/2u *"_ivl_295", 6 0, L_0x7fbb92563e18;  1 drivers
v0x7fbb93018f20_0 .net *"_ivl_297", 0 0, L_0x7fbb93022390;  1 drivers
v0x7fbb93018fc0_0 .net *"_ivl_299", 0 0, L_0x7fbb93022470;  1 drivers
L_0x7fbb92563128 .functor BUFT 1, C4<0110011000>, C4<0>, C4<0>, C4<0>;
v0x7fbb93019070_0 .net/2u *"_ivl_30", 9 0, L_0x7fbb92563128;  1 drivers
L_0x7fbb92563e60 .functor BUFT 1, C4<110x111>, C4<0>, C4<0>, C4<0>;
v0x7fbb93019120_0 .net *"_ivl_301", 6 0, L_0x7fbb92563e60;  1 drivers
v0x7fbb930191d0_0 .net *"_ivl_303", 0 0, L_0x7fbb93022540;  1 drivers
v0x7fbb93019270_0 .net *"_ivl_305", 0 0, L_0x7fbb93022680;  1 drivers
L_0x7fbb92563ea8 .functor BUFT 1, C4<1100011>, C4<0>, C4<0>, C4<0>;
v0x7fbb93019320_0 .net/2u *"_ivl_307", 6 0, L_0x7fbb92563ea8;  1 drivers
v0x7fbb930193d0_0 .net *"_ivl_309", 0 0, L_0x7fbb93022770;  1 drivers
L_0x7fbb92563ef0 .functor BUFT 1, C4<0000011>, C4<0>, C4<0>, C4<0>;
v0x7fbb93019470_0 .net/2u *"_ivl_315", 6 0, L_0x7fbb92563ef0;  1 drivers
v0x7fbb93019520_0 .net *"_ivl_317", 0 0, L_0x7fbb93022930;  1 drivers
v0x7fbb930195c0_0 .net *"_ivl_319", 0 0, L_0x7fbb93022a20;  1 drivers
v0x7fbb93019670_0 .net *"_ivl_32", 0 0, L_0x7fbb9301c7d0;  1 drivers
L_0x7fbb92563f38 .functor BUFT 1, C4<0010111>, C4<0>, C4<0>, C4<0>;
v0x7fbb93019710_0 .net/2u *"_ivl_324", 6 0, L_0x7fbb92563f38;  1 drivers
v0x7fbb930197c0_0 .net *"_ivl_326", 0 0, L_0x7fbb93023160;  1 drivers
v0x7fbb93019860_0 .net *"_ivl_34", 0 0, L_0x7fbb9301c940;  1 drivers
v0x7fbb93019910_0 .net *"_ivl_36", 9 0, L_0x7fbb9301c9f0;  1 drivers
L_0x7fbb92563170 .functor BUFT 1, C4<0110011101>, C4<0>, C4<0>, C4<0>;
v0x7fbb930199c0_0 .net/2u *"_ivl_38", 9 0, L_0x7fbb92563170;  1 drivers
v0x7fbb93019a70_0 .net *"_ivl_40", 0 0, L_0x7fbb9301ca90;  1 drivers
v0x7fbb93019b10_0 .net *"_ivl_42", 0 0, L_0x7fbb9301cc30;  1 drivers
L_0x7fbb925631b8 .functor BUFT 1, C4<0110111>, C4<0>, C4<0>, C4<0>;
v0x7fbb93019bc0_0 .net/2u *"_ivl_44", 6 0, L_0x7fbb925631b8;  1 drivers
v0x7fbb93019c70_0 .net *"_ivl_46", 0 0, L_0x7fbb9301cce0;  1 drivers
v0x7fbb93019d10_0 .net *"_ivl_48", 0 0, L_0x7fbb9301cde0;  1 drivers
v0x7fbb93019dc0_0 .net *"_ivl_53", 13 0, L_0x7fbb9301d120;  1 drivers
L_0x7fbb92563200 .functor BUFT 1, C4<01100110000001>, C4<0>, C4<0>, C4<0>;
v0x7fbb93019e70_0 .net/2u *"_ivl_55", 13 0, L_0x7fbb92563200;  1 drivers
v0x7fbb93019f20_0 .net *"_ivl_57", 0 0, L_0x7fbb9301d2c0;  1 drivers
L_0x7fbb92563248 .functor BUFT 1, C4<0110111>, C4<0>, C4<0>, C4<0>;
v0x7fbb93019fc0_0 .net/2u *"_ivl_59", 6 0, L_0x7fbb92563248;  1 drivers
L_0x7fbb92563008 .functor BUFT 1, C4<0010111>, C4<0>, C4<0>, C4<0>;
v0x7fbb9301a070_0 .net/2u *"_ivl_6", 6 0, L_0x7fbb92563008;  1 drivers
v0x7fbb9301a120_0 .net *"_ivl_61", 0 0, L_0x7fbb9301d460;  1 drivers
v0x7fbb9301a1c0_0 .net *"_ivl_63", 0 0, L_0x7fbb9301d0b0;  1 drivers
L_0x7fbb92563290 .functor BUFT 1, C4<0100011>, C4<0>, C4<0>, C4<0>;
v0x7fbb9301a270_0 .net/2u *"_ivl_65", 6 0, L_0x7fbb92563290;  1 drivers
v0x7fbb9301a320_0 .net *"_ivl_67", 0 0, L_0x7fbb9301d630;  1 drivers
L_0x7fbb925632d8 .functor BUFT 1, C4<0100011>, C4<0>, C4<0>, C4<0>;
v0x7fbb9301a3c0_0 .net/2u *"_ivl_69", 6 0, L_0x7fbb925632d8;  1 drivers
v0x7fbb9301a470_0 .net *"_ivl_71", 0 0, L_0x7fbb9301d810;  1 drivers
v0x7fbb9301a510_0 .net *"_ivl_73", 0 0, L_0x7fbb9301d8b0;  1 drivers
L_0x7fbb92563320 .functor BUFT 1, C4<0100011>, C4<0>, C4<0>, C4<0>;
v0x7fbb9301a5c0_0 .net/2u *"_ivl_79", 6 0, L_0x7fbb92563320;  1 drivers
v0x7fbb9301a670_0 .net *"_ivl_8", 0 0, L_0x7fbb9301c030;  1 drivers
v0x7fbb9301a710_0 .net *"_ivl_81", 0 0, L_0x7fbb9301dad0;  1 drivers
v0x7fbb9301a7b0_0 .net *"_ivl_87", 1 0, L_0x7fbb9301de30;  1 drivers
L_0x7fbb92563368 .functor BUFT 1, C4<0000011>, C4<0>, C4<0>, C4<0>;
v0x7fbb9301a860_0 .net/2u *"_ivl_90", 6 0, L_0x7fbb92563368;  1 drivers
v0x7fbb9301a910_0 .net *"_ivl_92", 0 0, L_0x7fbb9301dc50;  1 drivers
v0x7fbb9301a9b0_0 .net *"_ivl_98", 2 0, L_0x7fbb9301e2d0;  1 drivers
v0x7fbb9301aa60_0 .net "alu_signal", 4 0, L_0x7fbb9301cf30;  alias, 1 drivers
v0x7fbb9301ab10_0 .net "branch_control", 3 0, L_0x7fbb9301e6f0;  alias, 1 drivers
v0x7fbb9301abc0_0 .net "funct3", 2 0, L_0x7fbb9301be30;  1 drivers
v0x7fbb9301ac80_0 .net "funct3_mux_select", 0 0, L_0x7fbb9301c260;  1 drivers
v0x7fbb9301ad10_0 .net "funct7", 6 0, L_0x7fbb9301bf10;  1 drivers
v0x7fbb9301ada0_0 .net "immediate_select", 3 0, L_0x7fbb93020210;  alias, 1 drivers
v0x7fbb9301ae30_0 .net "main_mem_read", 3 0, L_0x7fbb9301e090;  alias, 1 drivers
v0x7fbb9301aec0_0 .net "main_mem_write", 2 0, L_0x7fbb9301dd90;  alias, 1 drivers
v0x7fbb9301af50_0 .net "oparand_1_select", 0 0, L_0x7fbb93021bf0;  alias, 1 drivers
v0x7fbb9301aff0_0 .net "oparand_2_select", 0 0, L_0x7fbb93022c60;  alias, 1 drivers
v0x7fbb9301b090_0 .net "opcode", 6 0, L_0x7fbb9301bd30;  1 drivers
v0x7fbb9301b140_0 .net "reg_file_write", 0 0, L_0x7fbb9301d960;  alias, 1 drivers
v0x7fbb9301b1e0_0 .net "reg_write_select", 1 0, L_0x7fbb93022b10;  alias, 1 drivers
L_0x7fbb9301bd30 .part v0x7fbb9301b450_0, 0, 7;
L_0x7fbb9301be30 .part v0x7fbb9301b450_0, 12, 3;
L_0x7fbb9301bf10 .part v0x7fbb9301b450_0, 25, 7;
L_0x7fbb9301c030 .cmp/eq 7, L_0x7fbb9301bd30, L_0x7fbb92563008;
L_0x7fbb9301c150 .cmp/eq 7, L_0x7fbb9301bd30, L_0x7fbb92563050;
L_0x7fbb9301c390 .concat [ 3 7 0 0], L_0x7fbb9301be30, L_0x7fbb9301bd30;
L_0x7fbb9301c550 .cmp/eq 10, L_0x7fbb9301c390, L_0x7fbb925630e0;
L_0x7fbb9301c6b0 .concat [ 3 7 0 0], L_0x7fbb9301be30, L_0x7fbb9301bd30;
L_0x7fbb9301c7d0 .cmp/eq 10, L_0x7fbb9301c6b0, L_0x7fbb92563128;
L_0x7fbb9301c9f0 .concat [ 3 7 0 0], L_0x7fbb9301be30, L_0x7fbb9301bd30;
L_0x7fbb9301ca90 .cmp/eq 10, L_0x7fbb9301c9f0, L_0x7fbb92563170;
L_0x7fbb9301cce0 .cmp/eq 7, L_0x7fbb9301bd30, L_0x7fbb925631b8;
L_0x7fbb9301cf30 .concat8 [ 3 1 1 0], v0x7fbb93014960_0, L_0x7fbb9301d0b0, L_0x7fbb9301cde0;
L_0x7fbb9301d120 .concat [ 7 7 0 0], L_0x7fbb9301bf10, L_0x7fbb9301bd30;
L_0x7fbb9301d2c0 .cmp/eq 14, L_0x7fbb9301d120, L_0x7fbb92563200;
L_0x7fbb9301d460 .cmp/eq 7, L_0x7fbb9301bd30, L_0x7fbb92563248;
L_0x7fbb9301d630 .cmp/eq 7, L_0x7fbb9301bd30, L_0x7fbb92563290;
L_0x7fbb9301d810 .cmp/eq 7, L_0x7fbb9301bd30, L_0x7fbb925632d8;
L_0x7fbb9301dad0 .delay 1 (30,30,30) L_0x7fbb9301dad0/d;
L_0x7fbb9301dad0/d .cmp/eq 7, L_0x7fbb9301bd30, L_0x7fbb92563320;
L_0x7fbb9301dd90 .concat8 [ 2 1 0 0], L_0x7fbb9301de30, L_0x7fbb9301dad0;
L_0x7fbb9301de30 .delay 2 (30,30,30) L_0x7fbb9301de30/d;
L_0x7fbb9301de30/d .part L_0x7fbb9301be30, 0, 2;
L_0x7fbb9301dc50 .delay 1 (30,30,30) L_0x7fbb9301dc50/d;
L_0x7fbb9301dc50/d .cmp/eq 7, L_0x7fbb9301bd30, L_0x7fbb92563368;
L_0x7fbb9301e090 .concat8 [ 3 1 0 0], L_0x7fbb9301e2d0, L_0x7fbb9301dc50;
L_0x7fbb9301e380 .cmp/eq 7, L_0x7fbb9301bd30, L_0x7fbb925633b0;
L_0x7fbb9301e480 .cmp/eq 7, L_0x7fbb9301bd30, L_0x7fbb925633f8;
L_0x7fbb9301e6f0 .concat8 [ 3 1 0 0], L_0x7fbb9301d200, L_0x7fbb9301e630;
L_0x7fbb9301e820 .cmp/eq 7, L_0x7fbb9301bd30, L_0x7fbb92563440;
L_0x7fbb9301d200 .delay 3 (30,30,30) L_0x7fbb9301d200/d;
L_0x7fbb9301d200/d .functor MUXZ 3, L_0x7fbb9301be30, L_0x7fbb92563488, L_0x7fbb9301e820, C4<>;
L_0x7fbb9301eda0 .concat [ 3 7 0 0], L_0x7fbb9301be30, L_0x7fbb9301bd30;
L_0x7fbb9301eac0 .cmp/eq 10, L_0x7fbb9301eda0, L_0x7fbb925634d0;
L_0x7fbb9301ef30 .concat [ 3 7 0 0], L_0x7fbb9301be30, L_0x7fbb9301bd30;
L_0x7fbb9301ee40 .cmp/eq 10, L_0x7fbb9301ef30, L_0x7fbb92563518;
L_0x7fbb9301f1c0 .concat [ 3 7 0 0], L_0x7fbb9301be30, L_0x7fbb9301bd30;
L_0x7fbb9301efd0 .cmp/eq 10, L_0x7fbb9301f1c0, L_0x7fbb92563560;
L_0x7fbb9301f500 .concat [ 7 3 7 0], L_0x7fbb9301bf10, L_0x7fbb9301be30, L_0x7fbb9301bd30;
L_0x7fbb9301f260 .cmp/eq 17, L_0x7fbb9301f500, L_0x7fbb925635a8;
L_0x7fbb9301f7b0 .concat [ 7 3 7 0], L_0x7fbb9301bf10, L_0x7fbb9301be30, L_0x7fbb9301bd30;
L_0x7fbb9301f5a0 .cmp/eq 17, L_0x7fbb9301f7b0, L_0x7fbb925635f0;
L_0x7fbb9301fb20 .concat [ 7 3 7 0], L_0x7fbb9301bf10, L_0x7fbb9301be30, L_0x7fbb9301bd30;
L_0x7fbb9301f8d0 .cmp/eq 17, L_0x7fbb9301fb20, L_0x7fbb92563638;
L_0x7fbb9301fdb0 .concat [ 7 3 7 0], L_0x7fbb9301bf10, L_0x7fbb9301be30, L_0x7fbb9301bd30;
L_0x7fbb9301fbc0 .cmp/eq 17, L_0x7fbb9301fdb0, L_0x7fbb92563680;
L_0x7fbb93020210 .concat8 [ 3 1 0 0], L_0x7fbb930215a0, L_0x7fbb9301ffa0;
L_0x7fbb9301fe50 .cmp/eq 7, L_0x7fbb9301bd30, L_0x7fbb925636c8;
L_0x7fbb9301fef0 .cmp/eq 7, L_0x7fbb9301bd30, L_0x7fbb92563758;
L_0x7fbb930202d0 .cmp/eq 7, L_0x7fbb9301bd30, L_0x7fbb925637e8;
L_0x7fbb930205e0 .cmp/eq 7, L_0x7fbb9301bd30, L_0x7fbb92563878;
L_0x7fbb9301eba0 .cmp/eq 7, L_0x7fbb9301bd30, L_0x7fbb92563908;
L_0x7fbb930204b0 .cmp/eq 7, L_0x7fbb9301bd30, L_0x7fbb92563998;
L_0x7fbb930206c0 .cmp/eq 7, L_0x7fbb9301bd30, L_0x7fbb92563a28;
L_0x7fbb93020bd0 .concat [ 3 7 0 0], L_0x7fbb9301be30, L_0x7fbb9301bd30;
L_0x7fbb9301eca0 .cmp/eq 10, L_0x7fbb93020bd0, L_0x7fbb92563ab8;
L_0x7fbb93020a80 .cmp/eq 7, L_0x7fbb9301bd30, L_0x7fbb92563b48;
L_0x7fbb9301e8c0 .functor MUXZ 3, L_0x7fbb92563bd8, L_0x7fbb92563b90, L_0x7fbb93020a80, C4<>;
L_0x7fbb9301ea20 .functor MUXZ 3, L_0x7fbb9301e8c0, L_0x7fbb92563b00, L_0x7fbb9301eca0, C4<>;
L_0x7fbb930210f0 .functor MUXZ 3, L_0x7fbb9301ea20, L_0x7fbb92563a70, L_0x7fbb930206c0, C4<>;
L_0x7fbb93021210 .functor MUXZ 3, L_0x7fbb930210f0, L_0x7fbb925639e0, L_0x7fbb930204b0, C4<>;
L_0x7fbb93020f30 .functor MUXZ 3, L_0x7fbb93021210, L_0x7fbb92563950, L_0x7fbb9301eba0, C4<>;
L_0x7fbb930214c0 .functor MUXZ 3, L_0x7fbb93020f30, L_0x7fbb925638c0, L_0x7fbb930205e0, C4<>;
L_0x7fbb93021370 .functor MUXZ 3, L_0x7fbb930214c0, L_0x7fbb92563830, L_0x7fbb930202d0, C4<>;
L_0x7fbb930217c0 .functor MUXZ 3, L_0x7fbb93021370, L_0x7fbb925637a0, L_0x7fbb9301fef0, C4<>;
L_0x7fbb930215a0 .delay 3 (30,30,30) L_0x7fbb930215a0/d;
L_0x7fbb930215a0/d .functor MUXZ 3, L_0x7fbb930217c0, L_0x7fbb92563710, L_0x7fbb9301fe50, C4<>;
L_0x7fbb93021b50 .cmp/eq 7, L_0x7fbb9301bd30, L_0x7fbb92563c20;
L_0x7fbb93021860 .cmp/eq 7, L_0x7fbb9301bd30, L_0x7fbb92563c68;
L_0x7fbb93021df0 .cmp/eq 7, L_0x7fbb9301bd30, L_0x7fbb92563cb0;
L_0x7fbb930221a0 .cmp/eq 7, L_0x7fbb9301bd30, L_0x7fbb92563cf8;
L_0x7fbb93022240 .cmp/eq 7, L_0x7fbb9301bd30, L_0x7fbb92563d40;
L_0x7fbb93021f10 .cmp/eq 7, L_0x7fbb9301bd30, L_0x7fbb92563d88;
L_0x7fbb930225e0 .cmp/eq 7, L_0x7fbb9301bd30, L_0x7fbb92563dd0;
L_0x7fbb93022390 .cmp/eq 7, L_0x7fbb9301bd30, L_0x7fbb92563e18;
L_0x7fbb93022540 .cmp/eq 7, L_0x7fbb9301bd30, L_0x7fbb92563e60;
L_0x7fbb93022770 .cmp/eq 7, L_0x7fbb9301bd30, L_0x7fbb92563ea8;
L_0x7fbb93022930 .cmp/eq 7, L_0x7fbb9301bd30, L_0x7fbb92563ef0;
L_0x7fbb93022b10 .concat8 [ 1 1 0 0], L_0x7fbb93022a20, L_0x7fbb93023160;
L_0x7fbb93023160 .delay 1 (30,30,30) L_0x7fbb93023160/d;
L_0x7fbb93023160/d .cmp/eq 7, L_0x7fbb9301bd30, L_0x7fbb92563f38;
S_0x7fbb93004570 .scope module, "funct3_mux" "mux2to1_3bit" 3 35, 4 3 0, S_0x7fbb93004240;
 .timescale -9 -10;
    .port_info 0 /INPUT 3 "INPUT1";
    .port_info 1 /INPUT 3 "INPUT2";
    .port_info 2 /OUTPUT 3 "RESULT";
    .port_info 3 /INPUT 1 "SELECT";
v0x7fbb930047f0_0 .net "INPUT1", 2 0, L_0x7fbb9301be30;  alias, 1 drivers
L_0x7fbb92563098 .functor BUFT 1, C4<000>, C4<0>, C4<0>, C4<0>;
v0x7fbb930148b0_0 .net "INPUT2", 2 0, L_0x7fbb92563098;  1 drivers
v0x7fbb93014960_0 .var "RESULT", 2 0;
v0x7fbb93014a20_0 .net "SELECT", 0 0, L_0x7fbb9301c260;  alias, 1 drivers
E_0x7fbb93004790 .event edge, v0x7fbb93014a20_0, v0x7fbb930047f0_0, v0x7fbb930148b0_0;
    .scope S_0x7fbb93004570;
T_0 ;
    %wait E_0x7fbb93004790;
    %load/vec4 v0x7fbb93014a20_0;
    %cmpi/e 0, 0, 1;
    %jmp/0xz  T_0.0, 4;
    %load/vec4 v0x7fbb930047f0_0;
    %store/vec4 v0x7fbb93014960_0, 0, 3;
    %jmp T_0.1;
T_0.0 ;
    %load/vec4 v0x7fbb930148b0_0;
    %store/vec4 v0x7fbb93014960_0, 0, 3;
T_0.1 ;
    %jmp T_0;
    .thread T_0, $push;
    .scope S_0x7fbb930040c0;
T_1 ;
    %vpi_call 2 34 "$readmemb", "../testing/testbench_input.txt", v0x7fbb9301b7b0 {0 0 0};
    %pushi/vec4 0, 0, 1;
    %store/vec4 v0x7fbb9301b3a0_0, 0, 1;
    %delay 10, 0;
    %pushi/vec4 0, 0, 32;
    %store/vec4 v0x7fbb9301ba20_0, 0, 32;
T_1.0 ;
    %load/vec4 v0x7fbb9301ba20_0;
    %cmpi/s 46, 0, 32;
    %flag_or 5, 4;
    %jmp/0xz T_1.1, 5;
    %ix/getv/s 4, v0x7fbb9301ba20_0;
    %load/vec4a v0x7fbb9301b7b0, 4;
    %store/vec4 v0x7fbb9301b450_0, 0, 32;
    %delay 40, 0;
    %vpi_call 2 45 "$display", "%b%b%b%b%b%b%b%b%b", v0x7fbb9301b580_0, v0x7fbb9301bbd0_0, v0x7fbb9301b8f0_0, v0x7fbb9301b840_0, v0x7fbb9301b630_0, v0x7fbb9301b700_0, v0x7fbb9301bab0_0, v0x7fbb9301bb40_0, v0x7fbb9301bc80_0 {0 0 0};
    %load/vec4 v0x7fbb9301ba20_0;
    %addi 1, 0, 32;
    %store/vec4 v0x7fbb9301ba20_0, 0, 32;
    %jmp T_1.0;
T_1.1 ;
    %delay 200, 0;
    %vpi_call 2 58 "$finish" {0 0 0};
    %end;
    .thread T_1;
    .scope S_0x7fbb930040c0;
T_2 ;
    %delay 100, 0;
    %load/vec4 v0x7fbb9301b3a0_0;
    %inv;
    %store/vec4 v0x7fbb9301b3a0_0, 0, 1;
    %jmp T_2;
    .thread T_2;
# The file index is used to find the file name in the following table.
:file_names 5;
    "N/A";
    "<interactive>";
    "control_unit_testbench.v";
    "./control_unit.v";
    "./mux2to1_3bit.v";
