#! /usr/local/Cellar/icarus-verilog/11.0/bin/vvp
:ivl_version "11.0 (stable)";
:ivl_delay_selection "TYPICAL";
:vpi_time_precision - 10;
:vpi_module "/usr/local/Cellar/icarus-verilog/11.0/lib/ivl/system.vpi";
:vpi_module "/usr/local/Cellar/icarus-verilog/11.0/lib/ivl/vhdl_sys.vpi";
:vpi_module "/usr/local/Cellar/icarus-verilog/11.0/lib/ivl/vhdl_textio.vpi";
:vpi_module "/usr/local/Cellar/icarus-verilog/11.0/lib/ivl/v2005_math.vpi";
:vpi_module "/usr/local/Cellar/icarus-verilog/11.0/lib/ivl/va_math.vpi";
S_0x7fb7c4f10020 .scope module, "cpu" "cpu" 2 14;
 .timescale -9 -10;
    .port_info 0 /OUTPUT 32 "PC";
    .port_info 1 /INPUT 32 "INSTRUCTION";
    .port_info 2 /INPUT 1 "CLK";
    .port_info 3 /INPUT 1 "RESET";
    .port_info 4 /OUTPUT 1 "memReadEn";
    .port_info 5 /OUTPUT 1 "memWriteEn";
    .port_info 6 /OUTPUT 32 "DATA_CACHE_ADDR";
    .port_info 7 /OUTPUT 32 "DATA_CACHE_DATA";
    .port_info 8 /INPUT 32 "DATA_CACHE_READ_DATA";
    .port_info 9 /INPUT 1 "DATA_CACHE_BUSY_WAIT";
    .port_info 10 /OUTPUT 1 "insReadEn";
    .port_info 11 /INPUT 1 "INS_CACHE_BUSY_WAIT";
L_0x7fb7c4f52cc0 .functor BUFZ 32, v0x7fb7c4f42eb0_0, C4<00000000000000000000000000000000>, C4<00000000000000000000000000000000>, C4<00000000000000000000000000000000>;
L_0x7fb7c4f52d50 .functor BUFZ 32, v0x7fb7c4f42a30_0, C4<00000000000000000000000000000000>, C4<00000000000000000000000000000000>, C4<00000000000000000000000000000000>;
v0x7fb7c4f41840_0 .net "ALU_IN_1", 31 0, v0x7fb7c4f408d0_0;  1 drivers
v0x7fb7c4f41930_0 .net "ALU_IN_2", 31 0, v0x7fb7c4f40e80_0;  1 drivers
v0x7fb7c4f41a00_0 .net "ALU_OUT", 31 0, v0x7fb7c4f373e0_0;  1 drivers
v0x7fb7c4f41ad0_0 .net "ALU_SELECT", 4 0, L_0x7fb7c4f4af20;  1 drivers
v0x7fb7c4f41b60_0 .net "BRANCH_SELECT", 3 0, L_0x7fb7c4f4c6b0;  1 drivers
v0x7fb7c4f41c30_0 .net "BRANCH_SELECT_OUT", 0 0, v0x7fb7c4f37cc0_0;  1 drivers
o0x7fb7c4d449a8 .functor BUFZ 1, C4<z>; HiZ drive
v0x7fb7c4f41d00_0 .net "CLK", 0 0, o0x7fb7c4d449a8;  0 drivers
v0x7fb7c4f41d90_0 .net "DATA1_S2", 31 0, L_0x7fb7c4f49660;  1 drivers
v0x7fb7c4f41e20_0 .net "DATA2_S2", 31 0, L_0x7fb7c4f499d0;  1 drivers
v0x7fb7c4f41f50_0 .net "DATA_CACHE_ADDR", 31 0, L_0x7fb7c4f52d50;  1 drivers
o0x7fb7c4d452a8 .functor BUFZ 1, C4<z>; HiZ drive
v0x7fb7c4f41fe0_0 .net "DATA_CACHE_BUSY_WAIT", 0 0, o0x7fb7c4d452a8;  0 drivers
v0x7fb7c4f42070_0 .net "DATA_CACHE_DATA", 31 0, L_0x7fb7c4f52cc0;  1 drivers
o0x7fb7c4d45308 .functor BUFZ 32, C4<zzzzzzzzzzzzzzzzzzzzzzzzzzzzzzzz>; HiZ drive
v0x7fb7c4f42100_0 .net "DATA_CACHE_READ_DATA", 31 0, o0x7fb7c4d45308;  0 drivers
v0x7fb7c4f42190_0 .net "IMMEDIATE_OUT_S2", 31 0, v0x7fb7c4f3f2a0_0;  1 drivers
v0x7fb7c4f42250_0 .net "IMMEDIATE_SELECT", 3 0, L_0x7fb7c4f4e1f0;  1 drivers
o0x7fb7c4d429f8 .functor BUFZ 32, C4<zzzzzzzzzzzzzzzzzzzzzzzzzzzzzzzz>; HiZ drive
v0x7fb7c4f42320_0 .net "INSTRUCTION", 31 0, o0x7fb7c4d429f8;  0 drivers
o0x7fb7c4d45338 .functor BUFZ 1, C4<z>; HiZ drive
v0x7fb7c4f423c0_0 .net "INS_CACHE_BUSY_WAIT", 0 0, o0x7fb7c4d45338;  0 drivers
v0x7fb7c4f42550_0 .net "MEM_READ_S2", 3 0, L_0x7fb7c4f4bff0;  1 drivers
v0x7fb7c4f42610_0 .net "MEM_WRITE_S2", 2 0, L_0x7fb7c4f4bcf0;  1 drivers
v0x7fb7c4f426a0_0 .net "OPERAND1_SEL", 0 0, L_0x7fb7c4f4fb30;  1 drivers
v0x7fb7c4f42730_0 .net "OPERAND2_SEL", 0 0, L_0x7fb7c4f50be0;  1 drivers
v0x7fb7c4f427c0_0 .var "PC", 31 0;
v0x7fb7c4f42850_0 .net "PC_NEXT", 31 0, v0x7fb7c4f360a0_0;  1 drivers
v0x7fb7c4f428e0_0 .net "PC_PLUS_4", 31 0, L_0x7fb7c4f49380;  1 drivers
v0x7fb7c4f42990_0 .net "PC_PLUS_4_2", 31 0, L_0x7fb7c4f52c20;  1 drivers
v0x7fb7c4f42a30_0 .var "PR_ALU_OUT_S3", 31 0;
v0x7fb7c4f42ae0_0 .var "PR_ALU_OUT_S4", 31 0;
v0x7fb7c4f42ba0_0 .var "PR_ALU_SELECT", 4 0;
v0x7fb7c4f42c50_0 .var "PR_BRANCH_SELECT_S2", 3 0;
v0x7fb7c4f42d00_0 .var "PR_DATA_1_S2", 31 0;
v0x7fb7c4f42dd0_0 .var "PR_DATA_2_S2", 31 0;
v0x7fb7c4f42eb0_0 .var "PR_DATA_2_S3", 31 0;
v0x7fb7c4f42f40_0 .var "PR_DATA_CACHE_OUT", 31 0;
v0x7fb7c4f42460_0 .var "PR_IMMEDIATE_SELECT_OUT", 31 0;
v0x7fb7c4f431d0_0 .var "PR_INSTRUCTION", 31 0;
v0x7fb7c4f43260_0 .var "PR_MEM_READ_S2", 3 0;
v0x7fb7c4f432f0_0 .var "PR_MEM_READ_S3", 3 0;
v0x7fb7c4f43390_0 .var "PR_MEM_WRITE_S2", 2 0;
v0x7fb7c4f43440_0 .var "PR_MEM_WRITE_S3", 2 0;
v0x7fb7c4f434f0_0 .var "PR_OPERAND1_SEL", 0 0;
v0x7fb7c4f435a0_0 .var "PR_OPERAND2_SEL", 0 0;
v0x7fb7c4f43650_0 .var "PR_PC_S1", 31 0;
v0x7fb7c4f436e0_0 .var "PR_PC_S2", 31 0;
v0x7fb7c4f437a0_0 .var "PR_PC_S3", 31 0;
v0x7fb7c4f43840_0 .var "PR_PC_S4", 31 0;
v0x7fb7c4f43900_0 .var "PR_REGISTER_WRITE_ADDR_S2", 4 0;
v0x7fb7c4f439a0_0 .var "PR_REGISTER_WRITE_ADDR_S3", 4 0;
v0x7fb7c4f43a50_0 .var "PR_REGISTER_WRITE_ADDR_S4", 4 0;
v0x7fb7c4f43b10_0 .var "PR_REG_WRITE_EN_S2", 0 0;
v0x7fb7c4f43ba0_0 .var "PR_REG_WRITE_EN_S3", 0 0;
v0x7fb7c4f43c40_0 .var "PR_REG_WRITE_EN_S4", 0 0;
v0x7fb7c4f43cf0_0 .var "PR_REG_WRITE_SELECT_S2", 1 0;
v0x7fb7c4f43d90_0 .var "PR_REG_WRITE_SELECT_S3", 1 0;
v0x7fb7c4f43e40_0 .var "PR_REG_WRITE_SELECT_S4", 1 0;
v0x7fb7c4f43f00_0 .net "REG_WRITE_DATA", 31 0, v0x7fb7c4f41630_0;  1 drivers
v0x7fb7c4f43fd0_0 .net "REG_WRITE_EN_S2", 0 0, L_0x7fb7c4f4b8c0;  1 drivers
v0x7fb7c4f44060_0 .net "REG_WRITE_SELECT_S2", 1 0, L_0x7fb7c4f50a90;  1 drivers
o0x7fb7c4d42a28 .functor BUFZ 1, C4<z>; HiZ drive
v0x7fb7c4f44110_0 .net "RESET", 0 0, o0x7fb7c4d42a28;  0 drivers
L_0x7fb7c4d73008 .functor BUFT 1, C4<00000000000000000000000000000100>, C4<0>, C4<0>, C4<0>;
v0x7fb7c4f441e0_0 .net/2u *"_ivl_0", 31 0, L_0x7fb7c4d73008;  1 drivers
L_0x7fb7c4d74178 .functor BUFT 1, C4<00000000000000000000000000000100>, C4<0>, C4<0>, C4<0>;
v0x7fb7c4f44280_0 .net/2u *"_ivl_8", 31 0, L_0x7fb7c4d74178;  1 drivers
v0x7fb7c4f44330_0 .var "insReadEn", 0 0;
v0x7fb7c4f443d0_0 .net "memReadEn", 0 0, L_0x7fb7c4f52f10;  1 drivers
v0x7fb7c4f44470_0 .net "memWriteEn", 0 0, L_0x7fb7c4f52e00;  1 drivers
L_0x7fb7c4f49380 .arith/sum 32, v0x7fb7c4f427c0_0, L_0x7fb7c4d73008;
L_0x7fb7c4f49b00 .part o0x7fb7c4d429f8, 15, 5;
L_0x7fb7c4f49c80 .part o0x7fb7c4d429f8, 20, 5;
L_0x7fb7c4f52c20 .arith/sum 32, v0x7fb7c4f437a0_0, L_0x7fb7c4d74178;
L_0x7fb7c4f52e00 .part v0x7fb7c4f43440_0, 0, 1;
L_0x7fb7c4f52f10 .part v0x7fb7c4f432f0_0, 0, 1;
S_0x7fb7c4f0c190 .scope module, "muxjump" "mux2to1_32bit" 2 37, 3 3 0, S_0x7fb7c4f10020;
 .timescale -9 -10;
    .port_info 0 /INPUT 32 "INPUT1";
    .port_info 1 /INPUT 32 "INPUT2";
    .port_info 2 /OUTPUT 32 "RESULT";
    .port_info 3 /INPUT 1 "SELECT";
v0x7fb7c4f27790_0 .net "INPUT1", 31 0, L_0x7fb7c4f49380;  alias, 1 drivers
v0x7fb7c4f35ff0_0 .net "INPUT2", 31 0, v0x7fb7c4f373e0_0;  alias, 1 drivers
v0x7fb7c4f360a0_0 .var "RESULT", 31 0;
v0x7fb7c4f36160_0 .net "SELECT", 0 0, v0x7fb7c4f37cc0_0;  alias, 1 drivers
E_0x7fb7c4f25730 .event edge, v0x7fb7c4f36160_0, v0x7fb7c4f27790_0, v0x7fb7c4f35ff0_0;
S_0x7fb7c4f36260 .scope module, "myAlu" "alu" 2 115, 4 4 0, S_0x7fb7c4f10020;
 .timescale -9 -10;
    .port_info 0 /INPUT 32 "DATA1";
    .port_info 1 /INPUT 32 "DATA2";
    .port_info 2 /OUTPUT 32 "RESULT";
    .port_info 3 /INPUT 5 "SELECT";
L_0x7fb7c4f51240/d .functor BUFZ 32, v0x7fb7c4f40e80_0, C4<00000000000000000000000000000000>, C4<00000000000000000000000000000000>, C4<00000000000000000000000000000000>;
L_0x7fb7c4f51240 .delay 32 (10,10,10) L_0x7fb7c4f51240/d;
L_0x7fb7c4f51620/d .functor AND 32, v0x7fb7c4f408d0_0, v0x7fb7c4f40e80_0, C4<11111111111111111111111111111111>, C4<11111111111111111111111111111111>;
L_0x7fb7c4f51620 .delay 32 (30,30,30) L_0x7fb7c4f51620/d;
L_0x7fb7c4f51760/d .functor OR 32, v0x7fb7c4f408d0_0, v0x7fb7c4f40e80_0, C4<00000000000000000000000000000000>, C4<00000000000000000000000000000000>;
L_0x7fb7c4f51760 .delay 32 (30,30,30) L_0x7fb7c4f51760/d;
L_0x7fb7c4f51850/d .functor XOR 32, v0x7fb7c4f408d0_0, v0x7fb7c4f40e80_0, C4<00000000000000000000000000000000>, C4<00000000000000000000000000000000>;
L_0x7fb7c4f51850 .delay 32 (30,30,30) L_0x7fb7c4f51850/d;
v0x7fb7c4f36550_0 .net "DATA1", 31 0, v0x7fb7c4f408d0_0;  alias, 1 drivers
v0x7fb7c4f36610_0 .net "DATA2", 31 0, v0x7fb7c4f40e80_0;  alias, 1 drivers
v0x7fb7c4f366c0_0 .net "INTER_ADD", 31 0, L_0x7fb7c4f50e50;  1 drivers
v0x7fb7c4f36780_0 .net "INTER_AND", 31 0, L_0x7fb7c4f51620;  1 drivers
v0x7fb7c4f36830_0 .net "INTER_DIV", 31 0, L_0x7fb7c4f51b60;  1 drivers
v0x7fb7c4f36920_0 .net "INTER_FWD", 31 0, L_0x7fb7c4f51240;  1 drivers
v0x7fb7c4f369d0_0 .net "INTER_MUL", 31 0, L_0x7fb7c4f52380;  1 drivers
v0x7fb7c4f36a80_0 .net "INTER_MULHSU", 31 0, L_0x7fb7c4f52420;  1 drivers
v0x7fb7c4f36b30_0 .net "INTER_MULHU", 31 0, L_0x7fb7c4f525c0;  1 drivers
v0x7fb7c4f36c40_0 .net "INTER_OR", 31 0, L_0x7fb7c4f51760;  1 drivers
v0x7fb7c4f36cf0_0 .net "INTER_REM", 31 0, L_0x7fb7c4f52a20;  1 drivers
v0x7fb7c4f36da0_0 .net "INTER_REMU", 31 0, L_0x7fb7c4f52ac0;  1 drivers
v0x7fb7c4f36e50_0 .net "INTER_SLL", 31 0, L_0x7fb7c4f51a60;  1 drivers
v0x7fb7c4f36f00_0 .net "INTER_SLT", 31 0, L_0x7fb7c4f51f60;  1 drivers
v0x7fb7c4f36fb0_0 .net "INTER_SLTU", 31 0, L_0x7fb7c4f521a0;  1 drivers
v0x7fb7c4f37060_0 .net "INTER_SRA", 31 0, L_0x7fb7c4f51d40;  1 drivers
v0x7fb7c4f37110_0 .net "INTER_SRL", 31 0, L_0x7fb7c4f51c60;  1 drivers
v0x7fb7c4f372a0_0 .net "INTER_SUB", 31 0, L_0x7fb7c4f50f70;  1 drivers
v0x7fb7c4f37330_0 .net "INTER_XOR", 31 0, L_0x7fb7c4f51850;  1 drivers
v0x7fb7c4f373e0_0 .var "RESULT", 31 0;
v0x7fb7c4f374a0_0 .net "SELECT", 4 0, v0x7fb7c4f42ba0_0;  1 drivers
v0x7fb7c4f37530_0 .net *"_ivl_18", 0 0, L_0x7fb7c4f51e60;  1 drivers
L_0x7fb7c4d74058 .functor BUFT 1, C4<00000000000000000000000000000001>, C4<0>, C4<0>, C4<0>;
v0x7fb7c4f375c0_0 .net/2u *"_ivl_20", 31 0, L_0x7fb7c4d74058;  1 drivers
L_0x7fb7c4d740a0 .functor BUFT 1, C4<00000000000000000000000000000000>, C4<0>, C4<0>, C4<0>;
v0x7fb7c4f37650_0 .net/2u *"_ivl_22", 31 0, L_0x7fb7c4d740a0;  1 drivers
v0x7fb7c4f376e0_0 .net *"_ivl_26", 0 0, L_0x7fb7c4f52100;  1 drivers
L_0x7fb7c4d740e8 .functor BUFT 1, C4<00000000000000000000000000000001>, C4<0>, C4<0>, C4<0>;
v0x7fb7c4f37770_0 .net/2u *"_ivl_28", 31 0, L_0x7fb7c4d740e8;  1 drivers
L_0x7fb7c4d74130 .functor BUFT 1, C4<00000000000000000000000000000000>, C4<0>, C4<0>, C4<0>;
v0x7fb7c4f37810_0 .net/2u *"_ivl_30", 31 0, L_0x7fb7c4d74130;  1 drivers
E_0x7fb7c4f36490/0 .event edge, v0x7fb7c4f374a0_0, v0x7fb7c4f366c0_0, v0x7fb7c4f36e50_0, v0x7fb7c4f36f00_0;
E_0x7fb7c4f36490/1 .event edge, v0x7fb7c4f36fb0_0, v0x7fb7c4f37330_0, v0x7fb7c4f37110_0, v0x7fb7c4f36c40_0;
E_0x7fb7c4f36490/2 .event edge, v0x7fb7c4f36780_0, v0x7fb7c4f369d0_0, v0x7fb7c4f36a80_0, v0x7fb7c4f36b30_0;
E_0x7fb7c4f36490/3 .event edge, v0x7fb7c4f36830_0, v0x7fb7c4f36cf0_0, v0x7fb7c4f36da0_0, v0x7fb7c4f37060_0;
E_0x7fb7c4f36490/4 .event edge, v0x7fb7c4f372a0_0, v0x7fb7c4f36920_0;
E_0x7fb7c4f36490 .event/or E_0x7fb7c4f36490/0, E_0x7fb7c4f36490/1, E_0x7fb7c4f36490/2, E_0x7fb7c4f36490/3, E_0x7fb7c4f36490/4;
L_0x7fb7c4f50e50 .delay 32 (30,30,30) L_0x7fb7c4f50e50/d;
L_0x7fb7c4f50e50/d .arith/sum 32, v0x7fb7c4f408d0_0, v0x7fb7c4f40e80_0;
L_0x7fb7c4f50f70 .delay 32 (30,30,30) L_0x7fb7c4f50f70/d;
L_0x7fb7c4f50f70/d .arith/sub 32, v0x7fb7c4f408d0_0, v0x7fb7c4f40e80_0;
L_0x7fb7c4f51a60 .delay 32 (40,40,40) L_0x7fb7c4f51a60/d;
L_0x7fb7c4f51a60/d .shift/l 32, v0x7fb7c4f408d0_0, v0x7fb7c4f40e80_0;
L_0x7fb7c4f51c60 .delay 32 (40,40,40) L_0x7fb7c4f51c60/d;
L_0x7fb7c4f51c60/d .shift/r 32, v0x7fb7c4f408d0_0, v0x7fb7c4f40e80_0;
L_0x7fb7c4f51d40 .delay 32 (40,40,40) L_0x7fb7c4f51d40/d;
L_0x7fb7c4f51d40/d .shift/r 32, v0x7fb7c4f408d0_0, v0x7fb7c4f40e80_0;
L_0x7fb7c4f51e60 .cmp/gt.s 32, v0x7fb7c4f40e80_0, v0x7fb7c4f408d0_0;
L_0x7fb7c4f51f60 .delay 32 (30,30,30) L_0x7fb7c4f51f60/d;
L_0x7fb7c4f51f60/d .functor MUXZ 32, L_0x7fb7c4d740a0, L_0x7fb7c4d74058, L_0x7fb7c4f51e60, C4<>;
L_0x7fb7c4f52100 .cmp/gt 32, v0x7fb7c4f40e80_0, v0x7fb7c4f408d0_0;
L_0x7fb7c4f521a0 .delay 32 (30,30,30) L_0x7fb7c4f521a0/d;
L_0x7fb7c4f521a0/d .functor MUXZ 32, L_0x7fb7c4d74130, L_0x7fb7c4d740e8, L_0x7fb7c4f52100, C4<>;
L_0x7fb7c4f52380 .delay 32 (80,80,80) L_0x7fb7c4f52380/d;
L_0x7fb7c4f52380/d .arith/mult 32, v0x7fb7c4f408d0_0, v0x7fb7c4f40e80_0;
L_0x7fb7c4f52420 .delay 32 (80,80,80) L_0x7fb7c4f52420/d;
L_0x7fb7c4f52420/d .arith/mult 32, v0x7fb7c4f408d0_0, v0x7fb7c4f408d0_0;
L_0x7fb7c4f525c0 .delay 32 (80,80,80) L_0x7fb7c4f525c0/d;
L_0x7fb7c4f525c0/d .arith/mult 32, v0x7fb7c4f408d0_0, v0x7fb7c4f408d0_0;
L_0x7fb7c4f51b60 .delay 32 (80,80,80) L_0x7fb7c4f51b60/d;
L_0x7fb7c4f51b60/d .arith/div.s 32, v0x7fb7c4f408d0_0, v0x7fb7c4f408d0_0;
L_0x7fb7c4f52a20 .delay 32 (80,80,80) L_0x7fb7c4f52a20/d;
L_0x7fb7c4f52a20/d .arith/mod.s 32, v0x7fb7c4f408d0_0, v0x7fb7c4f408d0_0;
L_0x7fb7c4f52ac0 .delay 32 (80,80,80) L_0x7fb7c4f52ac0/d;
L_0x7fb7c4f52ac0/d .arith/mod 32, v0x7fb7c4f408d0_0, v0x7fb7c4f408d0_0;
S_0x7fb7c4f37920 .scope module, "myBranchSelect" "branch_select" 2 116, 5 3 0, S_0x7fb7c4f10020;
 .timescale -9 -10;
    .port_info 0 /INPUT 32 "DATA1";
    .port_info 1 /INPUT 32 "DATA2";
    .port_info 2 /INPUT 4 "SELECT";
    .port_info 3 /OUTPUT 1 "MUX_OUT";
v0x7fb7c4f37b60_0 .net "DATA1", 31 0, v0x7fb7c4f42d00_0;  1 drivers
v0x7fb7c4f37c10_0 .net "DATA2", 31 0, v0x7fb7c4f42dd0_0;  1 drivers
v0x7fb7c4f37cc0_0 .var "MUX_OUT", 0 0;
v0x7fb7c4f37d90_0 .net "SELECT", 3 0, v0x7fb7c4f42c50_0;  1 drivers
S_0x7fb7c4f37e80 .scope module, "myControl" "control_unit" 2 81, 6 10 0, S_0x7fb7c4f10020;
 .timescale -9 -10;
    .port_info 0 /INPUT 32 "INSTRUCTION";
    .port_info 1 /OUTPUT 5 "alu_signal";
    .port_info 2 /OUTPUT 1 "reg_file_write";
    .port_info 3 /OUTPUT 3 "main_mem_write";
    .port_info 4 /OUTPUT 4 "main_mem_read";
    .port_info 5 /OUTPUT 4 "branch_control";
    .port_info 6 /OUTPUT 4 "immediate_select";
    .port_info 7 /OUTPUT 1 "oparand_1_select";
    .port_info 8 /OUTPUT 1 "oparand_2_select";
    .port_info 9 /OUTPUT 2 "reg_write_select";
    .port_info 10 /INPUT 1 "RESET";
L_0x7fb7c4f4a230/d .functor OR 1, L_0x7fb7c4f49fc0, L_0x7fb7c4f4a120, C4<0>, C4<0>;
L_0x7fb7c4f4a230 .delay 1 (30,30,30) L_0x7fb7c4f4a230/d;
L_0x7fb7c4f4a8d0 .functor OR 1, L_0x7fb7c4f4a560, L_0x7fb7c4f4a7a0, C4<0>, C4<0>;
L_0x7fb7c4f4ac20 .functor OR 1, L_0x7fb7c4f4a8d0, L_0x7fb7c4f4ab20, C4<0>, C4<0>;
L_0x7fb7c4f4add0/d .functor OR 1, L_0x7fb7c4f4ac20, L_0x7fb7c4f4acd0, C4<0>, C4<0>;
L_0x7fb7c4f4add0 .delay 1 (30,30,30) L_0x7fb7c4f4add0/d;
L_0x7fb7c4f4b470/d .functor OR 1, L_0x7fb7c4f4b2b0, L_0x7fb7c4f4b3d0, C4<0>, C4<0>;
L_0x7fb7c4f4b470 .delay 1 (30,30,30) L_0x7fb7c4f4b470/d;
L_0x7fb7c4f4b810 .functor OR 1, L_0x7fb7c4f4b5a0, L_0x7fb7c4f4b770, C4<0>, C4<0>;
L_0x7fb7c4f4b8c0/d .functor NOT 1, L_0x7fb7c4f4b810, C4<0>, C4<0>, C4<0>;
L_0x7fb7c4f4b8c0 .delay 1 (30,30,30) L_0x7fb7c4f4b8c0/d;
L_0x7fb7c4f4c230/d .functor BUFZ 3, L_0x7fb7c4f49e80, C4<000>, C4<000>, C4<000>;
L_0x7fb7c4f4c230 .delay 3 (30,30,30) L_0x7fb7c4f4c230/d;
L_0x7fb7c4f4c5f0/d .functor OR 1, L_0x7fb7c4f4c3e0, L_0x7fb7c4f4c480, C4<0>, C4<0>;
L_0x7fb7c4f4c5f0 .delay 1 (30,30,30) L_0x7fb7c4f4c5f0/d;
L_0x7fb7c4f4cbe0 .functor OR 1, L_0x7fb7c4f4ca80, L_0x7fb7c4f4ce00, C4<0>, C4<0>;
L_0x7fb7c4f4d300 .functor OR 1, L_0x7fb7c4f4cbe0, L_0x7fb7c4f4cf90, C4<0>, C4<0>;
L_0x7fb7c4f4d610 .functor OR 1, L_0x7fb7c4f4d300, L_0x7fb7c4f4d1b0, C4<0>, C4<0>;
L_0x7fb7c4f4d8d0 .functor OR 1, L_0x7fb7c4f4d610, L_0x7fb7c4f4d4f0, C4<0>, C4<0>;
L_0x7fb7c4f4d840 .functor OR 1, L_0x7fb7c4f4d8d0, L_0x7fb7c4f4d7a0, C4<0>, C4<0>;
L_0x7fb7c4f4df80/d .functor OR 1, L_0x7fb7c4f4d840, L_0x7fb7c4f4dbd0, C4<0>, C4<0>;
L_0x7fb7c4f4df80 .delay 1 (30,30,30) L_0x7fb7c4f4df80/d;
L_0x7fb7c4f4f880 .functor OR 1, L_0x7fb7c4f4fa90, L_0x7fb7c4f4f7a0, C4<0>, C4<0>;
L_0x7fb7c4f4fb30/d .functor OR 1, L_0x7fb7c4f4f880, L_0x7fb7c4f4fd30, C4<0>, C4<0>;
L_0x7fb7c4f4fb30 .delay 1 (30,30,30) L_0x7fb7c4f4fb30/d;
L_0x7fb7c4f4e0b0 .functor OR 1, L_0x7fb7c4f50120, L_0x7fb7c4f501c0, C4<0>, C4<0>;
L_0x7fb7c4f4ff70 .functor OR 1, L_0x7fb7c4f4e0b0, L_0x7fb7c4f4fe90, C4<0>, C4<0>;
L_0x7fb7c4f50260 .functor OR 1, L_0x7fb7c4f4ff70, L_0x7fb7c4f50560, C4<0>, C4<0>;
L_0x7fb7c4f503f0 .functor OR 1, L_0x7fb7c4f50260, L_0x7fb7c4f50310, C4<0>, C4<0>;
L_0x7fb7c4f50600 .functor OR 1, L_0x7fb7c4f503f0, L_0x7fb7c4f504c0, C4<0>, C4<0>;
L_0x7fb7c4f50be0/d .functor OR 1, L_0x7fb7c4f50600, L_0x7fb7c4f506f0, C4<0>, C4<0>;
L_0x7fb7c4f50be0 .delay 1 (30,30,30) L_0x7fb7c4f50be0/d;
L_0x7fb7c4f509a0/d .functor NOT 1, L_0x7fb7c4f508b0, C4<0>, C4<0>, C4<0>;
L_0x7fb7c4f509a0 .delay 1 (30,30,30) L_0x7fb7c4f509a0/d;
v0x7fb7c4f38770_0 .net "INSTRUCTION", 31 0, o0x7fb7c4d429f8;  alias, 0 drivers
v0x7fb7c4f38830_0 .net "RESET", 0 0, o0x7fb7c4d42a28;  alias, 0 drivers
L_0x7fb7c4d73128 .functor BUFT 1, C4<1101111>, C4<0>, C4<0>, C4<0>;
v0x7fb7c4f388d0_0 .net/2u *"_ivl_10", 6 0, L_0x7fb7c4d73128;  1 drivers
L_0x7fb7c4d73488 .functor BUFT 1, C4<110x111>, C4<0>, C4<0>, C4<0>;
v0x7fb7c4f38970_0 .net *"_ivl_101", 6 0, L_0x7fb7c4d73488;  1 drivers
v0x7fb7c4f38a20_0 .net *"_ivl_103", 0 0, L_0x7fb7c4f4c3e0;  1 drivers
L_0x7fb7c4d734d0 .functor BUFT 1, C4<1100011>, C4<0>, C4<0>, C4<0>;
v0x7fb7c4f38b00_0 .net/2u *"_ivl_105", 6 0, L_0x7fb7c4d734d0;  1 drivers
v0x7fb7c4f38bb0_0 .net *"_ivl_107", 0 0, L_0x7fb7c4f4c480;  1 drivers
v0x7fb7c4f38c50_0 .net *"_ivl_109", 0 0, L_0x7fb7c4f4c5f0;  1 drivers
L_0x7fb7c4d73518 .functor BUFT 1, C4<110x111>, C4<0>, C4<0>, C4<0>;
v0x7fb7c4f38d00_0 .net *"_ivl_114", 6 0, L_0x7fb7c4d73518;  1 drivers
v0x7fb7c4f38e10_0 .net *"_ivl_116", 0 0, L_0x7fb7c4f4c7e0;  1 drivers
L_0x7fb7c4d73560 .functor BUFT 1, C4<010>, C4<0>, C4<0>, C4<0>;
v0x7fb7c4f38eb0_0 .net/2u *"_ivl_118", 2 0, L_0x7fb7c4d73560;  1 drivers
v0x7fb7c4f38f60_0 .net *"_ivl_12", 0 0, L_0x7fb7c4f4a120;  1 drivers
v0x7fb7c4f39000_0 .net *"_ivl_120", 2 0, L_0x7fb7c4f4b1f0;  1 drivers
v0x7fb7c4f390b0_0 .net *"_ivl_124", 9 0, L_0x7fb7c4f4cd60;  1 drivers
L_0x7fb7c4d735a8 .functor BUFT 1, C4<0000011100>, C4<0>, C4<0>, C4<0>;
v0x7fb7c4f39160_0 .net/2u *"_ivl_126", 9 0, L_0x7fb7c4d735a8;  1 drivers
v0x7fb7c4f39210_0 .net *"_ivl_128", 0 0, L_0x7fb7c4f4ca80;  1 drivers
v0x7fb7c4f392b0_0 .net *"_ivl_130", 9 0, L_0x7fb7c4f4cef0;  1 drivers
L_0x7fb7c4d735f0 .functor BUFT 1, C4<0000011101>, C4<0>, C4<0>, C4<0>;
v0x7fb7c4f39440_0 .net/2u *"_ivl_132", 9 0, L_0x7fb7c4d735f0;  1 drivers
v0x7fb7c4f394d0_0 .net *"_ivl_134", 0 0, L_0x7fb7c4f4ce00;  1 drivers
v0x7fb7c4f39570_0 .net *"_ivl_136", 0 0, L_0x7fb7c4f4cbe0;  1 drivers
v0x7fb7c4f39620_0 .net *"_ivl_138", 9 0, L_0x7fb7c4f4d110;  1 drivers
L_0x7fb7c4d73638 .functor BUFT 1, C4<0010011011>, C4<0>, C4<0>, C4<0>;
v0x7fb7c4f396d0_0 .net/2u *"_ivl_140", 9 0, L_0x7fb7c4d73638;  1 drivers
v0x7fb7c4f39780_0 .net *"_ivl_142", 0 0, L_0x7fb7c4f4cf90;  1 drivers
v0x7fb7c4f39820_0 .net *"_ivl_144", 0 0, L_0x7fb7c4f4d300;  1 drivers
v0x7fb7c4f398d0_0 .net *"_ivl_146", 16 0, L_0x7fb7c4f4d450;  1 drivers
L_0x7fb7c4d73680 .functor BUFT 1, C4<01100110110000000>, C4<0>, C4<0>, C4<0>;
v0x7fb7c4f39980_0 .net/2u *"_ivl_148", 16 0, L_0x7fb7c4d73680;  1 drivers
v0x7fb7c4f39a30_0 .net *"_ivl_150", 0 0, L_0x7fb7c4f4d1b0;  1 drivers
v0x7fb7c4f39ad0_0 .net *"_ivl_152", 0 0, L_0x7fb7c4f4d610;  1 drivers
v0x7fb7c4f39b80_0 .net *"_ivl_154", 16 0, L_0x7fb7c4f4d700;  1 drivers
L_0x7fb7c4d736c8 .functor BUFT 1, C4<01100110100000001>, C4<0>, C4<0>, C4<0>;
v0x7fb7c4f39c30_0 .net/2u *"_ivl_156", 16 0, L_0x7fb7c4d736c8;  1 drivers
v0x7fb7c4f39ce0_0 .net *"_ivl_158", 0 0, L_0x7fb7c4f4d4f0;  1 drivers
v0x7fb7c4f39d80_0 .net *"_ivl_160", 0 0, L_0x7fb7c4f4d8d0;  1 drivers
v0x7fb7c4f39e30_0 .net *"_ivl_162", 16 0, L_0x7fb7c4f4da30;  1 drivers
L_0x7fb7c4d73710 .functor BUFT 1, C4<01100110110000001>, C4<0>, C4<0>, C4<0>;
v0x7fb7c4f39360_0 .net/2u *"_ivl_164", 16 0, L_0x7fb7c4d73710;  1 drivers
v0x7fb7c4f3a0c0_0 .net *"_ivl_166", 0 0, L_0x7fb7c4f4d7a0;  1 drivers
v0x7fb7c4f3a150_0 .net *"_ivl_168", 0 0, L_0x7fb7c4f4d840;  1 drivers
v0x7fb7c4f3a1e0_0 .net *"_ivl_170", 16 0, L_0x7fb7c4f4dd90;  1 drivers
L_0x7fb7c4d73758 .functor BUFT 1, C4<01100111110000001>, C4<0>, C4<0>, C4<0>;
v0x7fb7c4f3a290_0 .net/2u *"_ivl_172", 16 0, L_0x7fb7c4d73758;  1 drivers
v0x7fb7c4f3a340_0 .net *"_ivl_174", 0 0, L_0x7fb7c4f4dbd0;  1 drivers
v0x7fb7c4f3a3e0_0 .net *"_ivl_176", 0 0, L_0x7fb7c4f4df80;  1 drivers
L_0x7fb7c4d737a0 .functor BUFT 1, C4<0000011>, C4<0>, C4<0>, C4<0>;
v0x7fb7c4f3a490_0 .net/2u *"_ivl_181", 6 0, L_0x7fb7c4d737a0;  1 drivers
v0x7fb7c4f3a540_0 .net *"_ivl_183", 0 0, L_0x7fb7c4f4de30;  1 drivers
L_0x7fb7c4d737e8 .functor BUFT 1, C4<010>, C4<0>, C4<0>, C4<0>;
v0x7fb7c4f3a5e0_0 .net/2u *"_ivl_185", 2 0, L_0x7fb7c4d737e8;  1 drivers
L_0x7fb7c4d73830 .functor BUFT 1, C4<0010111>, C4<0>, C4<0>, C4<0>;
v0x7fb7c4f3a690_0 .net/2u *"_ivl_187", 6 0, L_0x7fb7c4d73830;  1 drivers
v0x7fb7c4f3a740_0 .net *"_ivl_189", 0 0, L_0x7fb7c4f4ded0;  1 drivers
L_0x7fb7c4d73878 .functor BUFT 1, C4<000>, C4<0>, C4<0>, C4<0>;
v0x7fb7c4f3a7e0_0 .net/2u *"_ivl_191", 2 0, L_0x7fb7c4d73878;  1 drivers
L_0x7fb7c4d738c0 .functor BUFT 1, C4<0100011>, C4<0>, C4<0>, C4<0>;
v0x7fb7c4f3a890_0 .net/2u *"_ivl_193", 6 0, L_0x7fb7c4d738c0;  1 drivers
v0x7fb7c4f3a940_0 .net *"_ivl_195", 0 0, L_0x7fb7c4f4e420;  1 drivers
L_0x7fb7c4d73908 .functor BUFT 1, C4<100>, C4<0>, C4<0>, C4<0>;
v0x7fb7c4f3a9e0_0 .net/2u *"_ivl_197", 2 0, L_0x7fb7c4d73908;  1 drivers
L_0x7fb7c4d73950 .functor BUFT 1, C4<0110111>, C4<0>, C4<0>, C4<0>;
v0x7fb7c4f3aa90_0 .net/2u *"_ivl_199", 6 0, L_0x7fb7c4d73950;  1 drivers
v0x7fb7c4f3ab40_0 .net *"_ivl_201", 0 0, L_0x7fb7c4f4c300;  1 drivers
L_0x7fb7c4d73998 .functor BUFT 1, C4<000>, C4<0>, C4<0>, C4<0>;
v0x7fb7c4f3abe0_0 .net/2u *"_ivl_203", 2 0, L_0x7fb7c4d73998;  1 drivers
L_0x7fb7c4d739e0 .functor BUFT 1, C4<1101111>, C4<0>, C4<0>, C4<0>;
v0x7fb7c4f3ac90_0 .net/2u *"_ivl_205", 6 0, L_0x7fb7c4d739e0;  1 drivers
v0x7fb7c4f3ad40_0 .net *"_ivl_207", 0 0, L_0x7fb7c4f4e290;  1 drivers
L_0x7fb7c4d73a28 .functor BUFT 1, C4<001>, C4<0>, C4<0>, C4<0>;
v0x7fb7c4f3ade0_0 .net/2u *"_ivl_209", 2 0, L_0x7fb7c4d73a28;  1 drivers
L_0x7fb7c4d73a70 .functor BUFT 1, C4<1100111>, C4<0>, C4<0>, C4<0>;
v0x7fb7c4f3ae90_0 .net/2u *"_ivl_211", 6 0, L_0x7fb7c4d73a70;  1 drivers
v0x7fb7c4f3af40_0 .net *"_ivl_213", 0 0, L_0x7fb7c4f4e8e0;  1 drivers
L_0x7fb7c4d73ab8 .functor BUFT 1, C4<010>, C4<0>, C4<0>, C4<0>;
v0x7fb7c4f3afe0_0 .net/2u *"_ivl_215", 2 0, L_0x7fb7c4d73ab8;  1 drivers
L_0x7fb7c4d73b00 .functor BUFT 1, C4<1100011>, C4<0>, C4<0>, C4<0>;
v0x7fb7c4f3b090_0 .net/2u *"_ivl_217", 6 0, L_0x7fb7c4d73b00;  1 drivers
v0x7fb7c4f3b140_0 .net *"_ivl_219", 0 0, L_0x7fb7c4f4e760;  1 drivers
v0x7fb7c4f3b1e0_0 .net *"_ivl_22", 16 0, L_0x7fb7c4f4a3a0;  1 drivers
L_0x7fb7c4d73b48 .functor BUFT 1, C4<011>, C4<0>, C4<0>, C4<0>;
v0x7fb7c4f3b290_0 .net/2u *"_ivl_221", 2 0, L_0x7fb7c4d73b48;  1 drivers
v0x7fb7c4f3b340_0 .net *"_ivl_223", 9 0, L_0x7fb7c4f4eb50;  1 drivers
L_0x7fb7c4d73b90 .functor BUFT 1, C4<0010011x01>, C4<0>, C4<0>, C4<0>;
v0x7fb7c4f3b3f0_0 .net *"_ivl_225", 9 0, L_0x7fb7c4d73b90;  1 drivers
v0x7fb7c4f3b4a0_0 .net *"_ivl_227", 0 0, L_0x7fb7c4f4cc50;  1 drivers
L_0x7fb7c4d73bd8 .functor BUFT 1, C4<101>, C4<0>, C4<0>, C4<0>;
v0x7fb7c4f39ed0_0 .net/2u *"_ivl_229", 2 0, L_0x7fb7c4d73bd8;  1 drivers
L_0x7fb7c4d73c20 .functor BUFT 1, C4<0010011>, C4<0>, C4<0>, C4<0>;
v0x7fb7c4f39f80_0 .net/2u *"_ivl_231", 6 0, L_0x7fb7c4d73c20;  1 drivers
v0x7fb7c4f3a030_0 .net *"_ivl_233", 0 0, L_0x7fb7c4f4ea00;  1 drivers
L_0x7fb7c4d73c68 .functor BUFT 1, C4<010>, C4<0>, C4<0>, C4<0>;
v0x7fb7c4f3b540_0 .net/2u *"_ivl_235", 2 0, L_0x7fb7c4d73c68;  1 drivers
L_0x7fb7c4d73cb0 .functor BUFT 1, C4<xxx>, C4<0>, C4<0>, C4<0>;
v0x7fb7c4f3b5f0_0 .net *"_ivl_237", 2 0, L_0x7fb7c4d73cb0;  1 drivers
v0x7fb7c4f3b6a0_0 .net *"_ivl_239", 2 0, L_0x7fb7c4f4c880;  1 drivers
L_0x7fb7c4d731b8 .functor BUFT 1, C4<00100111010100000>, C4<0>, C4<0>, C4<0>;
v0x7fb7c4f3b750_0 .net/2u *"_ivl_24", 16 0, L_0x7fb7c4d731b8;  1 drivers
v0x7fb7c4f3b800_0 .net *"_ivl_241", 2 0, L_0x7fb7c4f4c9e0;  1 drivers
v0x7fb7c4f3b8b0_0 .net *"_ivl_243", 2 0, L_0x7fb7c4f4f070;  1 drivers
v0x7fb7c4f3b960_0 .net *"_ivl_245", 2 0, L_0x7fb7c4f4f190;  1 drivers
v0x7fb7c4f3ba10_0 .net *"_ivl_247", 2 0, L_0x7fb7c4f4eeb0;  1 drivers
v0x7fb7c4f3bac0_0 .net *"_ivl_249", 2 0, L_0x7fb7c4f4f440;  1 drivers
v0x7fb7c4f3bb70_0 .net *"_ivl_251", 2 0, L_0x7fb7c4f4f2b0;  1 drivers
v0x7fb7c4f3bc20_0 .net *"_ivl_253", 2 0, L_0x7fb7c4f4f700;  1 drivers
v0x7fb7c4f3bcd0_0 .net *"_ivl_255", 2 0, L_0x7fb7c4f4f560;  1 drivers
L_0x7fb7c4d73cf8 .functor BUFT 1, C4<0010111>, C4<0>, C4<0>, C4<0>;
v0x7fb7c4f3bd80_0 .net/2u *"_ivl_257", 6 0, L_0x7fb7c4d73cf8;  1 drivers
v0x7fb7c4f3be30_0 .net *"_ivl_259", 0 0, L_0x7fb7c4f4fa90;  1 drivers
v0x7fb7c4f3bed0_0 .net *"_ivl_26", 0 0, L_0x7fb7c4f4a560;  1 drivers
L_0x7fb7c4d73d40 .functor BUFT 1, C4<1101111>, C4<0>, C4<0>, C4<0>;
v0x7fb7c4f3bf70_0 .net/2u *"_ivl_261", 6 0, L_0x7fb7c4d73d40;  1 drivers
v0x7fb7c4f3c020_0 .net *"_ivl_263", 0 0, L_0x7fb7c4f4f7a0;  1 drivers
v0x7fb7c4f3c0c0_0 .net *"_ivl_265", 0 0, L_0x7fb7c4f4f880;  1 drivers
L_0x7fb7c4d73d88 .functor BUFT 1, C4<1100111>, C4<0>, C4<0>, C4<0>;
v0x7fb7c4f3c170_0 .net/2u *"_ivl_267", 6 0, L_0x7fb7c4d73d88;  1 drivers
v0x7fb7c4f3c220_0 .net *"_ivl_269", 0 0, L_0x7fb7c4f4fd30;  1 drivers
L_0x7fb7c4d73dd0 .functor BUFT 1, C4<0000011>, C4<0>, C4<0>, C4<0>;
v0x7fb7c4f3c2c0_0 .net/2u *"_ivl_273", 6 0, L_0x7fb7c4d73dd0;  1 drivers
v0x7fb7c4f3c370_0 .net *"_ivl_275", 0 0, L_0x7fb7c4f50120;  1 drivers
L_0x7fb7c4d73e18 .functor BUFT 1, C4<0010011>, C4<0>, C4<0>, C4<0>;
v0x7fb7c4f3c410_0 .net/2u *"_ivl_277", 6 0, L_0x7fb7c4d73e18;  1 drivers
v0x7fb7c4f3c4c0_0 .net *"_ivl_279", 0 0, L_0x7fb7c4f501c0;  1 drivers
v0x7fb7c4f3c560_0 .net *"_ivl_28", 16 0, L_0x7fb7c4f4a680;  1 drivers
v0x7fb7c4f3c610_0 .net *"_ivl_281", 0 0, L_0x7fb7c4f4e0b0;  1 drivers
L_0x7fb7c4d73e60 .functor BUFT 1, C4<0010111>, C4<0>, C4<0>, C4<0>;
v0x7fb7c4f3c6c0_0 .net/2u *"_ivl_283", 6 0, L_0x7fb7c4d73e60;  1 drivers
v0x7fb7c4f3c770_0 .net *"_ivl_285", 0 0, L_0x7fb7c4f4fe90;  1 drivers
v0x7fb7c4f3c810_0 .net *"_ivl_287", 0 0, L_0x7fb7c4f4ff70;  1 drivers
L_0x7fb7c4d73ea8 .functor BUFT 1, C4<0100011>, C4<0>, C4<0>, C4<0>;
v0x7fb7c4f3c8c0_0 .net/2u *"_ivl_289", 6 0, L_0x7fb7c4d73ea8;  1 drivers
v0x7fb7c4f3c970_0 .net *"_ivl_291", 0 0, L_0x7fb7c4f50560;  1 drivers
v0x7fb7c4f3ca10_0 .net *"_ivl_293", 0 0, L_0x7fb7c4f50260;  1 drivers
L_0x7fb7c4d73ef0 .functor BUFT 1, C4<0110111>, C4<0>, C4<0>, C4<0>;
v0x7fb7c4f3cac0_0 .net/2u *"_ivl_295", 6 0, L_0x7fb7c4d73ef0;  1 drivers
v0x7fb7c4f3cb70_0 .net *"_ivl_297", 0 0, L_0x7fb7c4f50310;  1 drivers
v0x7fb7c4f3cc10_0 .net *"_ivl_299", 0 0, L_0x7fb7c4f503f0;  1 drivers
L_0x7fb7c4d73200 .functor BUFT 1, C4<01100110000100000>, C4<0>, C4<0>, C4<0>;
v0x7fb7c4f3ccc0_0 .net/2u *"_ivl_30", 16 0, L_0x7fb7c4d73200;  1 drivers
L_0x7fb7c4d73f38 .functor BUFT 1, C4<110x111>, C4<0>, C4<0>, C4<0>;
v0x7fb7c4f3cd70_0 .net *"_ivl_301", 6 0, L_0x7fb7c4d73f38;  1 drivers
v0x7fb7c4f3ce20_0 .net *"_ivl_303", 0 0, L_0x7fb7c4f504c0;  1 drivers
v0x7fb7c4f3cec0_0 .net *"_ivl_305", 0 0, L_0x7fb7c4f50600;  1 drivers
L_0x7fb7c4d73f80 .functor BUFT 1, C4<1100011>, C4<0>, C4<0>, C4<0>;
v0x7fb7c4f3cf70_0 .net/2u *"_ivl_307", 6 0, L_0x7fb7c4d73f80;  1 drivers
v0x7fb7c4f3d020_0 .net *"_ivl_309", 0 0, L_0x7fb7c4f506f0;  1 drivers
L_0x7fb7c4d73fc8 .functor BUFT 1, C4<0000011>, C4<0>, C4<0>, C4<0>;
v0x7fb7c4f3d0c0_0 .net/2u *"_ivl_315", 6 0, L_0x7fb7c4d73fc8;  1 drivers
v0x7fb7c4f3d170_0 .net *"_ivl_317", 0 0, L_0x7fb7c4f508b0;  1 drivers
v0x7fb7c4f3d210_0 .net *"_ivl_319", 0 0, L_0x7fb7c4f509a0;  1 drivers
v0x7fb7c4f3d2c0_0 .net *"_ivl_32", 0 0, L_0x7fb7c4f4a7a0;  1 drivers
L_0x7fb7c4d74010 .functor BUFT 1, C4<0010111>, C4<0>, C4<0>, C4<0>;
v0x7fb7c4f3d360_0 .net/2u *"_ivl_324", 6 0, L_0x7fb7c4d74010;  1 drivers
v0x7fb7c4f3d410_0 .net *"_ivl_326", 0 0, L_0x7fb7c4f510e0;  1 drivers
v0x7fb7c4f3d4b0_0 .net *"_ivl_34", 0 0, L_0x7fb7c4f4a8d0;  1 drivers
v0x7fb7c4f3d560_0 .net *"_ivl_36", 16 0, L_0x7fb7c4f4a980;  1 drivers
L_0x7fb7c4d73248 .functor BUFT 1, C4<01100111010100000>, C4<0>, C4<0>, C4<0>;
v0x7fb7c4f3d610_0 .net/2u *"_ivl_38", 16 0, L_0x7fb7c4d73248;  1 drivers
v0x7fb7c4f3d6c0_0 .net *"_ivl_40", 0 0, L_0x7fb7c4f4ab20;  1 drivers
v0x7fb7c4f3d760_0 .net *"_ivl_42", 0 0, L_0x7fb7c4f4ac20;  1 drivers
L_0x7fb7c4d73290 .functor BUFT 1, C4<0110111>, C4<0>, C4<0>, C4<0>;
v0x7fb7c4f3d810_0 .net/2u *"_ivl_44", 6 0, L_0x7fb7c4d73290;  1 drivers
v0x7fb7c4f3d8c0_0 .net *"_ivl_46", 0 0, L_0x7fb7c4f4acd0;  1 drivers
v0x7fb7c4f3d960_0 .net *"_ivl_48", 0 0, L_0x7fb7c4f4add0;  1 drivers
v0x7fb7c4f3da10_0 .net *"_ivl_53", 13 0, L_0x7fb7c4f4b110;  1 drivers
L_0x7fb7c4d732d8 .functor BUFT 1, C4<01100110000001>, C4<0>, C4<0>, C4<0>;
v0x7fb7c4f3dac0_0 .net/2u *"_ivl_55", 13 0, L_0x7fb7c4d732d8;  1 drivers
v0x7fb7c4f3db70_0 .net *"_ivl_57", 0 0, L_0x7fb7c4f4b2b0;  1 drivers
L_0x7fb7c4d73320 .functor BUFT 1, C4<0110111>, C4<0>, C4<0>, C4<0>;
v0x7fb7c4f3dc10_0 .net/2u *"_ivl_59", 6 0, L_0x7fb7c4d73320;  1 drivers
L_0x7fb7c4d730e0 .functor BUFT 1, C4<0010111>, C4<0>, C4<0>, C4<0>;
v0x7fb7c4f3dcc0_0 .net/2u *"_ivl_6", 6 0, L_0x7fb7c4d730e0;  1 drivers
v0x7fb7c4f3dd70_0 .net *"_ivl_61", 0 0, L_0x7fb7c4f4b3d0;  1 drivers
v0x7fb7c4f3de10_0 .net *"_ivl_63", 0 0, L_0x7fb7c4f4b470;  1 drivers
L_0x7fb7c4d73368 .functor BUFT 1, C4<0100011>, C4<0>, C4<0>, C4<0>;
v0x7fb7c4f3dec0_0 .net/2u *"_ivl_65", 6 0, L_0x7fb7c4d73368;  1 drivers
v0x7fb7c4f3df70_0 .net *"_ivl_67", 0 0, L_0x7fb7c4f4b5a0;  1 drivers
L_0x7fb7c4d733b0 .functor BUFT 1, C4<1100011>, C4<0>, C4<0>, C4<0>;
v0x7fb7c4f3e010_0 .net/2u *"_ivl_69", 6 0, L_0x7fb7c4d733b0;  1 drivers
v0x7fb7c4f3e0c0_0 .net *"_ivl_71", 0 0, L_0x7fb7c4f4b770;  1 drivers
v0x7fb7c4f3e160_0 .net *"_ivl_73", 0 0, L_0x7fb7c4f4b810;  1 drivers
L_0x7fb7c4d733f8 .functor BUFT 1, C4<0100011>, C4<0>, C4<0>, C4<0>;
v0x7fb7c4f3e210_0 .net/2u *"_ivl_79", 6 0, L_0x7fb7c4d733f8;  1 drivers
v0x7fb7c4f3e2c0_0 .net *"_ivl_8", 0 0, L_0x7fb7c4f49fc0;  1 drivers
v0x7fb7c4f3e360_0 .net *"_ivl_81", 0 0, L_0x7fb7c4f4ba30;  1 drivers
v0x7fb7c4f3e400_0 .net *"_ivl_87", 1 0, L_0x7fb7c4f4bd90;  1 drivers
L_0x7fb7c4d73440 .functor BUFT 1, C4<0000011>, C4<0>, C4<0>, C4<0>;
v0x7fb7c4f3e4b0_0 .net/2u *"_ivl_90", 6 0, L_0x7fb7c4d73440;  1 drivers
v0x7fb7c4f3e560_0 .net *"_ivl_92", 0 0, L_0x7fb7c4f4bbb0;  1 drivers
v0x7fb7c4f3e600_0 .net *"_ivl_98", 2 0, L_0x7fb7c4f4c230;  1 drivers
v0x7fb7c4f3e6b0_0 .net "alu_signal", 4 0, L_0x7fb7c4f4af20;  alias, 1 drivers
v0x7fb7c4f3e760_0 .net "branch_control", 3 0, L_0x7fb7c4f4c6b0;  alias, 1 drivers
v0x7fb7c4f3e810_0 .net "funct3", 2 0, L_0x7fb7c4f49e80;  1 drivers
v0x7fb7c4f3e8d0_0 .net "funct3_mux_select", 0 0, L_0x7fb7c4f4a230;  1 drivers
v0x7fb7c4f3e960_0 .net "funct7", 6 0, L_0x7fb7c4f49f20;  1 drivers
v0x7fb7c4f3e9f0_0 .net "immediate_select", 3 0, L_0x7fb7c4f4e1f0;  alias, 1 drivers
v0x7fb7c4f3ea80_0 .net "main_mem_read", 3 0, L_0x7fb7c4f4bff0;  alias, 1 drivers
v0x7fb7c4f3eb10_0 .net "main_mem_write", 2 0, L_0x7fb7c4f4bcf0;  alias, 1 drivers
v0x7fb7c4f3eba0_0 .net "oparand_1_select", 0 0, L_0x7fb7c4f4fb30;  alias, 1 drivers
v0x7fb7c4f3ec40_0 .net "oparand_2_select", 0 0, L_0x7fb7c4f50be0;  alias, 1 drivers
v0x7fb7c4f3ece0_0 .net "opcode", 6 0, L_0x7fb7c4f49d60;  1 drivers
v0x7fb7c4f3ed90_0 .net "reg_file_write", 0 0, L_0x7fb7c4f4b8c0;  alias, 1 drivers
v0x7fb7c4f3ee30_0 .net "reg_write_select", 1 0, L_0x7fb7c4f50a90;  alias, 1 drivers
L_0x7fb7c4f49d60 .part o0x7fb7c4d429f8, 0, 7;
L_0x7fb7c4f49e80 .part o0x7fb7c4d429f8, 12, 3;
L_0x7fb7c4f49f20 .part o0x7fb7c4d429f8, 25, 7;
L_0x7fb7c4f49fc0 .cmp/eq 7, L_0x7fb7c4f49d60, L_0x7fb7c4d730e0;
L_0x7fb7c4f4a120 .cmp/eq 7, L_0x7fb7c4f49d60, L_0x7fb7c4d73128;
L_0x7fb7c4f4a3a0 .concat [ 7 3 7 0], L_0x7fb7c4f49f20, L_0x7fb7c4f49e80, L_0x7fb7c4f49d60;
L_0x7fb7c4f4a560 .cmp/eq 17, L_0x7fb7c4f4a3a0, L_0x7fb7c4d731b8;
L_0x7fb7c4f4a680 .concat [ 7 3 7 0], L_0x7fb7c4f49f20, L_0x7fb7c4f49e80, L_0x7fb7c4f49d60;
L_0x7fb7c4f4a7a0 .cmp/eq 17, L_0x7fb7c4f4a680, L_0x7fb7c4d73200;
L_0x7fb7c4f4a980 .concat [ 7 3 7 0], L_0x7fb7c4f49f20, L_0x7fb7c4f49e80, L_0x7fb7c4f49d60;
L_0x7fb7c4f4ab20 .cmp/eq 17, L_0x7fb7c4f4a980, L_0x7fb7c4d73248;
L_0x7fb7c4f4acd0 .cmp/eq 7, L_0x7fb7c4f49d60, L_0x7fb7c4d73290;
L_0x7fb7c4f4af20 .concat8 [ 3 1 1 0], v0x7fb7c4f385b0_0, L_0x7fb7c4f4b470, L_0x7fb7c4f4add0;
L_0x7fb7c4f4b110 .concat [ 7 7 0 0], L_0x7fb7c4f49f20, L_0x7fb7c4f49d60;
L_0x7fb7c4f4b2b0 .cmp/eq 14, L_0x7fb7c4f4b110, L_0x7fb7c4d732d8;
L_0x7fb7c4f4b3d0 .cmp/eq 7, L_0x7fb7c4f49d60, L_0x7fb7c4d73320;
L_0x7fb7c4f4b5a0 .cmp/eq 7, L_0x7fb7c4f49d60, L_0x7fb7c4d73368;
L_0x7fb7c4f4b770 .cmp/eq 7, L_0x7fb7c4f49d60, L_0x7fb7c4d733b0;
L_0x7fb7c4f4ba30 .delay 1 (30,30,30) L_0x7fb7c4f4ba30/d;
L_0x7fb7c4f4ba30/d .cmp/eq 7, L_0x7fb7c4f49d60, L_0x7fb7c4d733f8;
L_0x7fb7c4f4bcf0 .concat8 [ 2 1 0 0], L_0x7fb7c4f4bd90, L_0x7fb7c4f4ba30;
L_0x7fb7c4f4bd90 .delay 2 (30,30,30) L_0x7fb7c4f4bd90/d;
L_0x7fb7c4f4bd90/d .part L_0x7fb7c4f49e80, 0, 2;
L_0x7fb7c4f4bbb0 .delay 1 (30,30,30) L_0x7fb7c4f4bbb0/d;
L_0x7fb7c4f4bbb0/d .cmp/eq 7, L_0x7fb7c4f49d60, L_0x7fb7c4d73440;
L_0x7fb7c4f4bff0 .concat8 [ 3 1 0 0], L_0x7fb7c4f4c230, L_0x7fb7c4f4bbb0;
L_0x7fb7c4f4c3e0 .cmp/eq 7, L_0x7fb7c4f49d60, L_0x7fb7c4d73488;
L_0x7fb7c4f4c480 .cmp/eq 7, L_0x7fb7c4f49d60, L_0x7fb7c4d734d0;
L_0x7fb7c4f4c6b0 .concat8 [ 3 1 0 0], L_0x7fb7c4f4b1f0, L_0x7fb7c4f4c5f0;
L_0x7fb7c4f4c7e0 .cmp/eq 7, L_0x7fb7c4f49d60, L_0x7fb7c4d73518;
L_0x7fb7c4f4b1f0 .delay 3 (30,30,30) L_0x7fb7c4f4b1f0/d;
L_0x7fb7c4f4b1f0/d .functor MUXZ 3, L_0x7fb7c4f49e80, L_0x7fb7c4d73560, L_0x7fb7c4f4c7e0, C4<>;
L_0x7fb7c4f4cd60 .concat [ 3 7 0 0], L_0x7fb7c4f49e80, L_0x7fb7c4f49d60;
L_0x7fb7c4f4ca80 .cmp/eq 10, L_0x7fb7c4f4cd60, L_0x7fb7c4d735a8;
L_0x7fb7c4f4cef0 .concat [ 3 7 0 0], L_0x7fb7c4f49e80, L_0x7fb7c4f49d60;
L_0x7fb7c4f4ce00 .cmp/eq 10, L_0x7fb7c4f4cef0, L_0x7fb7c4d735f0;
L_0x7fb7c4f4d110 .concat [ 3 7 0 0], L_0x7fb7c4f49e80, L_0x7fb7c4f49d60;
L_0x7fb7c4f4cf90 .cmp/eq 10, L_0x7fb7c4f4d110, L_0x7fb7c4d73638;
L_0x7fb7c4f4d450 .concat [ 7 3 7 0], L_0x7fb7c4f49f20, L_0x7fb7c4f49e80, L_0x7fb7c4f49d60;
L_0x7fb7c4f4d1b0 .cmp/eq 17, L_0x7fb7c4f4d450, L_0x7fb7c4d73680;
L_0x7fb7c4f4d700 .concat [ 7 3 7 0], L_0x7fb7c4f49f20, L_0x7fb7c4f49e80, L_0x7fb7c4f49d60;
L_0x7fb7c4f4d4f0 .cmp/eq 17, L_0x7fb7c4f4d700, L_0x7fb7c4d736c8;
L_0x7fb7c4f4da30 .concat [ 7 3 7 0], L_0x7fb7c4f49f20, L_0x7fb7c4f49e80, L_0x7fb7c4f49d60;
L_0x7fb7c4f4d7a0 .cmp/eq 17, L_0x7fb7c4f4da30, L_0x7fb7c4d73710;
L_0x7fb7c4f4dd90 .concat [ 7 3 7 0], L_0x7fb7c4f49f20, L_0x7fb7c4f49e80, L_0x7fb7c4f49d60;
L_0x7fb7c4f4dbd0 .cmp/eq 17, L_0x7fb7c4f4dd90, L_0x7fb7c4d73758;
L_0x7fb7c4f4e1f0 .concat8 [ 3 1 0 0], L_0x7fb7c4f4f560, L_0x7fb7c4f4df80;
L_0x7fb7c4f4de30 .cmp/eq 7, L_0x7fb7c4f49d60, L_0x7fb7c4d737a0;
L_0x7fb7c4f4ded0 .cmp/eq 7, L_0x7fb7c4f49d60, L_0x7fb7c4d73830;
L_0x7fb7c4f4e420 .cmp/eq 7, L_0x7fb7c4f49d60, L_0x7fb7c4d738c0;
L_0x7fb7c4f4c300 .cmp/eq 7, L_0x7fb7c4f49d60, L_0x7fb7c4d73950;
L_0x7fb7c4f4e290 .cmp/eq 7, L_0x7fb7c4f49d60, L_0x7fb7c4d739e0;
L_0x7fb7c4f4e8e0 .cmp/eq 7, L_0x7fb7c4f49d60, L_0x7fb7c4d73a70;
L_0x7fb7c4f4e760 .cmp/eq 7, L_0x7fb7c4f49d60, L_0x7fb7c4d73b00;
L_0x7fb7c4f4eb50 .concat [ 3 7 0 0], L_0x7fb7c4f49e80, L_0x7fb7c4f49d60;
L_0x7fb7c4f4cc50 .cmp/eq 10, L_0x7fb7c4f4eb50, L_0x7fb7c4d73b90;
L_0x7fb7c4f4ea00 .cmp/eq 7, L_0x7fb7c4f49d60, L_0x7fb7c4d73c20;
L_0x7fb7c4f4c880 .functor MUXZ 3, L_0x7fb7c4d73cb0, L_0x7fb7c4d73c68, L_0x7fb7c4f4ea00, C4<>;
L_0x7fb7c4f4c9e0 .functor MUXZ 3, L_0x7fb7c4f4c880, L_0x7fb7c4d73bd8, L_0x7fb7c4f4cc50, C4<>;
L_0x7fb7c4f4f070 .functor MUXZ 3, L_0x7fb7c4f4c9e0, L_0x7fb7c4d73b48, L_0x7fb7c4f4e760, C4<>;
L_0x7fb7c4f4f190 .functor MUXZ 3, L_0x7fb7c4f4f070, L_0x7fb7c4d73ab8, L_0x7fb7c4f4e8e0, C4<>;
L_0x7fb7c4f4eeb0 .functor MUXZ 3, L_0x7fb7c4f4f190, L_0x7fb7c4d73a28, L_0x7fb7c4f4e290, C4<>;
L_0x7fb7c4f4f440 .functor MUXZ 3, L_0x7fb7c4f4eeb0, L_0x7fb7c4d73998, L_0x7fb7c4f4c300, C4<>;
L_0x7fb7c4f4f2b0 .functor MUXZ 3, L_0x7fb7c4f4f440, L_0x7fb7c4d73908, L_0x7fb7c4f4e420, C4<>;
L_0x7fb7c4f4f700 .functor MUXZ 3, L_0x7fb7c4f4f2b0, L_0x7fb7c4d73878, L_0x7fb7c4f4ded0, C4<>;
L_0x7fb7c4f4f560 .delay 3 (30,30,30) L_0x7fb7c4f4f560/d;
L_0x7fb7c4f4f560/d .functor MUXZ 3, L_0x7fb7c4f4f700, L_0x7fb7c4d737e8, L_0x7fb7c4f4de30, C4<>;
L_0x7fb7c4f4fa90 .cmp/eq 7, L_0x7fb7c4f49d60, L_0x7fb7c4d73cf8;
L_0x7fb7c4f4f7a0 .cmp/eq 7, L_0x7fb7c4f49d60, L_0x7fb7c4d73d40;
L_0x7fb7c4f4fd30 .cmp/eq 7, L_0x7fb7c4f49d60, L_0x7fb7c4d73d88;
L_0x7fb7c4f50120 .cmp/eq 7, L_0x7fb7c4f49d60, L_0x7fb7c4d73dd0;
L_0x7fb7c4f501c0 .cmp/eq 7, L_0x7fb7c4f49d60, L_0x7fb7c4d73e18;
L_0x7fb7c4f4fe90 .cmp/eq 7, L_0x7fb7c4f49d60, L_0x7fb7c4d73e60;
L_0x7fb7c4f50560 .cmp/eq 7, L_0x7fb7c4f49d60, L_0x7fb7c4d73ea8;
L_0x7fb7c4f50310 .cmp/eq 7, L_0x7fb7c4f49d60, L_0x7fb7c4d73ef0;
L_0x7fb7c4f504c0 .cmp/eq 7, L_0x7fb7c4f49d60, L_0x7fb7c4d73f38;
L_0x7fb7c4f506f0 .cmp/eq 7, L_0x7fb7c4f49d60, L_0x7fb7c4d73f80;
L_0x7fb7c4f508b0 .cmp/eq 7, L_0x7fb7c4f49d60, L_0x7fb7c4d73fc8;
L_0x7fb7c4f50a90 .concat8 [ 1 1 0 0], L_0x7fb7c4f509a0, L_0x7fb7c4f510e0;
L_0x7fb7c4f510e0 .delay 1 (30,30,30) L_0x7fb7c4f510e0/d;
L_0x7fb7c4f510e0/d .cmp/eq 7, L_0x7fb7c4f49d60, L_0x7fb7c4d74010;
S_0x7fb7c4f381b0 .scope module, "funct3_mux" "mux2to1_3bit" 6 35, 7 3 0, S_0x7fb7c4f37e80;
 .timescale -9 -10;
    .port_info 0 /INPUT 3 "INPUT1";
    .port_info 1 /INPUT 3 "INPUT2";
    .port_info 2 /OUTPUT 3 "RESULT";
    .port_info 3 /INPUT 1 "SELECT";
v0x7fb7c4f38440_0 .net "INPUT1", 2 0, L_0x7fb7c4f49e80;  alias, 1 drivers
L_0x7fb7c4d73170 .functor BUFT 1, C4<000>, C4<0>, C4<0>, C4<0>;
v0x7fb7c4f38500_0 .net "INPUT2", 2 0, L_0x7fb7c4d73170;  1 drivers
v0x7fb7c4f385b0_0 .var "RESULT", 2 0;
v0x7fb7c4f38670_0 .net "SELECT", 0 0, L_0x7fb7c4f4a230;  alias, 1 drivers
E_0x7fb7c4f383e0 .event edge, v0x7fb7c4f38670_0, v0x7fb7c4f38440_0, v0x7fb7c4f38500_0;
S_0x7fb7c4f3eff0 .scope module, "myImmediate" "immediate_select" 2 79, 8 3 0, S_0x7fb7c4f10020;
 .timescale -9 -10;
    .port_info 0 /INPUT 32 "INST";
    .port_info 1 /INPUT 4 "SELECT";
    .port_info 2 /OUTPUT 32 "OUT";
v0x7fb7c4f3f1f0_0 .net "INST", 31 0, v0x7fb7c4f431d0_0;  1 drivers
v0x7fb7c4f3f2a0_0 .var "OUT", 31 0;
v0x7fb7c4f3f350_0 .net "SELECT", 3 0, L_0x7fb7c4f4e1f0;  alias, 1 drivers
S_0x7fb7c4f3f460 .scope module, "myreg" "reg_file" 2 69, 9 3 0, S_0x7fb7c4f10020;
 .timescale -9 -10;
    .port_info 0 /INPUT 32 "IN";
    .port_info 1 /OUTPUT 32 "OUT1";
    .port_info 2 /OUTPUT 32 "OUT2";
    .port_info 3 /INPUT 5 "INADDRESS";
    .port_info 4 /INPUT 5 "OUT1ADDRESS";
    .port_info 5 /INPUT 5 "OUT2ADDRESS";
    .port_info 6 /INPUT 1 "WRITE";
    .port_info 7 /INPUT 1 "CLK";
    .port_info 8 /INPUT 1 "RESET";
L_0x7fb7c4f49660/d .functor BUFZ 32, L_0x7fb7c4f49480, C4<00000000000000000000000000000000>, C4<00000000000000000000000000000000>, C4<00000000000000000000000000000000>;
L_0x7fb7c4f49660 .delay 32 (20,20,20) L_0x7fb7c4f49660/d;
L_0x7fb7c4f499d0/d .functor BUFZ 32, L_0x7fb7c4f49790, C4<00000000000000000000000000000000>, C4<00000000000000000000000000000000>, C4<00000000000000000000000000000000>;
L_0x7fb7c4f499d0 .delay 32 (20,20,20) L_0x7fb7c4f499d0/d;
v0x7fb7c4f3f7e0_0 .net "CLK", 0 0, o0x7fb7c4d449a8;  alias, 0 drivers
v0x7fb7c4f3f890_0 .net "IN", 31 0, v0x7fb7c4f41630_0;  alias, 1 drivers
v0x7fb7c4f3f930_0 .net "INADDRESS", 4 0, v0x7fb7c4f43a50_0;  1 drivers
v0x7fb7c4f3f9e0_0 .net "OUT1", 31 0, L_0x7fb7c4f49660;  alias, 1 drivers
v0x7fb7c4f3fa90_0 .net "OUT1ADDRESS", 4 0, L_0x7fb7c4f49b00;  1 drivers
v0x7fb7c4f3fb80_0 .net "OUT2", 31 0, L_0x7fb7c4f499d0;  alias, 1 drivers
v0x7fb7c4f3fc30_0 .net "OUT2ADDRESS", 4 0, L_0x7fb7c4f49c80;  1 drivers
v0x7fb7c4f3fce0 .array "REGISTERS", 0 31, 31 0;
v0x7fb7c4f3fd80_0 .net "RESET", 0 0, o0x7fb7c4d42a28;  alias, 0 drivers
v0x7fb7c4f3fe90_0 .net "WRITE", 0 0, v0x7fb7c4f43c40_0;  1 drivers
v0x7fb7c4f3ff20_0 .net *"_ivl_0", 31 0, L_0x7fb7c4f49480;  1 drivers
v0x7fb7c4f3ffb0_0 .net *"_ivl_10", 6 0, L_0x7fb7c4f498d0;  1 drivers
L_0x7fb7c4d73098 .functor BUFT 1, C4<00>, C4<0>, C4<0>, C4<0>;
v0x7fb7c4f40040_0 .net *"_ivl_13", 1 0, L_0x7fb7c4d73098;  1 drivers
v0x7fb7c4f400f0_0 .net *"_ivl_2", 6 0, L_0x7fb7c4f49520;  1 drivers
L_0x7fb7c4d73050 .functor BUFT 1, C4<00>, C4<0>, C4<0>, C4<0>;
v0x7fb7c4f401a0_0 .net *"_ivl_5", 1 0, L_0x7fb7c4d73050;  1 drivers
v0x7fb7c4f40250_0 .net *"_ivl_8", 31 0, L_0x7fb7c4f49790;  1 drivers
v0x7fb7c4f40300_0 .var/i "i", 31 0;
E_0x7fb7c4f3f750 .event edge, v0x7fb7c4f38830_0;
E_0x7fb7c4f3f7a0 .event posedge, v0x7fb7c4f3f7e0_0;
L_0x7fb7c4f49480 .array/port v0x7fb7c4f3fce0, L_0x7fb7c4f49520;
L_0x7fb7c4f49520 .concat [ 5 2 0 0], L_0x7fb7c4f49b00, L_0x7fb7c4d73050;
L_0x7fb7c4f49790 .array/port v0x7fb7c4f3fce0, L_0x7fb7c4f498d0;
L_0x7fb7c4f498d0 .concat [ 5 2 0 0], L_0x7fb7c4f49c80, L_0x7fb7c4d73098;
S_0x7fb7c4f40590 .scope module, "oparand1_mux" "mux2to1_32bit" 2 113, 3 3 0, S_0x7fb7c4f10020;
 .timescale -9 -10;
    .port_info 0 /INPUT 32 "INPUT1";
    .port_info 1 /INPUT 32 "INPUT2";
    .port_info 2 /OUTPUT 32 "RESULT";
    .port_info 3 /INPUT 1 "SELECT";
v0x7fb7c4f40760_0 .net "INPUT1", 31 0, v0x7fb7c4f42d00_0;  alias, 1 drivers
v0x7fb7c4f40830_0 .net "INPUT2", 31 0, v0x7fb7c4f436e0_0;  1 drivers
v0x7fb7c4f408d0_0 .var "RESULT", 31 0;
v0x7fb7c4f409a0_0 .net "SELECT", 0 0, v0x7fb7c4f434f0_0;  1 drivers
E_0x7fb7c4f40700 .event edge, v0x7fb7c4f409a0_0, v0x7fb7c4f37b60_0, v0x7fb7c4f40830_0;
S_0x7fb7c4f40a90 .scope module, "oparand2_mux" "mux2to1_32bit" 2 114, 3 3 0, S_0x7fb7c4f10020;
 .timescale -9 -10;
    .port_info 0 /INPUT 32 "INPUT1";
    .port_info 1 /INPUT 32 "INPUT2";
    .port_info 2 /OUTPUT 32 "RESULT";
    .port_info 3 /INPUT 1 "SELECT";
v0x7fb7c4f40d10_0 .net "INPUT1", 31 0, v0x7fb7c4f42dd0_0;  alias, 1 drivers
v0x7fb7c4f40de0_0 .net "INPUT2", 31 0, v0x7fb7c4f42460_0;  1 drivers
v0x7fb7c4f40e80_0 .var "RESULT", 31 0;
v0x7fb7c4f40f50_0 .net "SELECT", 0 0, v0x7fb7c4f435a0_0;  1 drivers
E_0x7fb7c4f40cb0 .event edge, v0x7fb7c4f40f50_0, v0x7fb7c4f37c10_0, v0x7fb7c4f40de0_0;
S_0x7fb7c4f41040 .scope module, "regWriteSelMUX" "mux4to1_32bit" 2 148, 10 8 0, S_0x7fb7c4f10020;
 .timescale -9 -10;
    .port_info 0 /INPUT 32 "INPUT1";
    .port_info 1 /INPUT 32 "INPUT2";
    .port_info 2 /INPUT 32 "INPUT3";
    .port_info 3 /INPUT 32 "INPUT4";
    .port_info 4 /OUTPUT 32 "RESULT";
    .port_info 5 /INPUT 2 "SELECT";
v0x7fb7c4f413a0_0 .net "INPUT1", 31 0, v0x7fb7c4f43840_0;  1 drivers
v0x7fb7c4f41450_0 .net "INPUT2", 31 0, v0x7fb7c4f42ae0_0;  1 drivers
v0x7fb7c4f414f0_0 .net "INPUT3", 31 0, v0x7fb7c4f42f40_0;  1 drivers
L_0x7fb7c4d741c0 .functor BUFT 1, C4<00000000000000000000000000000000>, C4<0>, C4<0>, C4<0>;
v0x7fb7c4f41580_0 .net "INPUT4", 31 0, L_0x7fb7c4d741c0;  1 drivers
v0x7fb7c4f41630_0 .var "RESULT", 31 0;
v0x7fb7c4f41710_0 .net "SELECT", 1 0, v0x7fb7c4f43e40_0;  1 drivers
E_0x7fb7c4f41340/0 .event edge, v0x7fb7c4f41710_0, v0x7fb7c4f413a0_0, v0x7fb7c4f41450_0, v0x7fb7c4f414f0_0;
E_0x7fb7c4f41340/1 .event edge, v0x7fb7c4f41580_0;
E_0x7fb7c4f41340 .event/or E_0x7fb7c4f41340/0, E_0x7fb7c4f41340/1;
S_0x7fb7c4f0c810 .scope module, "data_cache_memory" "data_cache_memory" 11 3;
 .timescale -9 -10;
    .port_info 0 /INPUT 1 "clock";
    .port_info 1 /INPUT 1 "reset";
    .port_info 2 /INPUT 1 "read";
    .port_info 3 /INPUT 1 "write";
    .port_info 4 /INPUT 32 "address";
    .port_info 5 /INPUT 32 "writedata";
    .port_info 6 /OUTPUT 32 "readdata";
    .port_info 7 /OUTPUT 1 "busywait";
    .port_info 8 /OUTPUT 1 "MAIN_MEM_READ";
    .port_info 9 /OUTPUT 1 "MAIN_MEM_WRITE";
    .port_info 10 /OUTPUT 28 "MAIN_MEM_ADDRESS";
    .port_info 11 /OUTPUT 128 "MAIN_MEM_WRITE_DATA";
    .port_info 12 /INPUT 128 "MAIN_MEM_READ_DATA";
    .port_info 13 /INPUT 1 "MAIN_MEM_BUSY_WAIT";
P_0x7fb7c4f10820 .param/l "IDLE" 0 11 45, C4<00>;
P_0x7fb7c4f10860 .param/l "MEM_READ" 0 11 45, C4<01>;
P_0x7fb7c4f108a0 .param/l "MEM_WRITE" 0 11 45, C4<10>;
L_0x7fb7c4f53540 .functor XOR 1, L_0x7fb7c4f53370, L_0x7fb7c4f534a0, C4<0>, C4<0>;
L_0x7fb7c4f53670 .functor NOT 1, L_0x7fb7c4f53540, C4<0>, C4<0>, C4<0>;
L_0x7fb7c4f538e0 .functor XOR 1, L_0x7fb7c4f53720, L_0x7fb7c4f53800, C4<0>, C4<0>;
L_0x7fb7c4f539d0 .functor NOT 1, L_0x7fb7c4f538e0, C4<0>, C4<0>, C4<0>;
L_0x7fb7c4f53a80 .functor AND 1, L_0x7fb7c4f53670, L_0x7fb7c4f539d0, C4<1>, C4<1>;
L_0x7fb7c4f53dd0 .functor XOR 1, L_0x7fb7c4f53bc0, L_0x7fb7c4f53d30, C4<0>, C4<0>;
L_0x7fb7c4f53e80 .functor NOT 1, L_0x7fb7c4f53dd0, C4<0>, C4<0>, C4<0>;
L_0x7fb7c4f53f70/d .functor AND 1, L_0x7fb7c4f53a80, L_0x7fb7c4f53e80, C4<1>, C4<1>;
L_0x7fb7c4f53f70 .delay 1 (9,9,9) L_0x7fb7c4f53f70/d;
v0x7fb7c4f44a60_0 .var "CURRENT_DATA", 127 0;
v0x7fb7c4f44b00_0 .var "CURRENT_DIRTY", 0 0;
v0x7fb7c4f44ba0_0 .var "CURRENT_TAG", 2 0;
v0x7fb7c4f44c30_0 .var "CURRENT_VALID", 0 0;
v0x7fb7c4f44cd0_0 .var "MAIN_MEM_ADDRESS", 27 0;
o0x7fb7c4d45a88 .functor BUFZ 1, C4<z>; HiZ drive
v0x7fb7c4f44dc0_0 .net "MAIN_MEM_BUSY_WAIT", 0 0, o0x7fb7c4d45a88;  0 drivers
v0x7fb7c4f44e60_0 .var "MAIN_MEM_READ", 0 0;
o0x7fb7c4d45ae8 .functor BUFZ 128, C4<zzzzzzzzzzzzzzzzzzzzzzzzzzzzzzzzzzzzzzzzzzzzzzzzzzzzzzzzzzzzzzzzzzzzzzzzzzzzzzzzzzzzzzzzzzzzzzzzzzzzzzzzzzzzzzzzzzzzzzzzzzzzzzzz>; HiZ drive
v0x7fb7c4f44f00_0 .net "MAIN_MEM_READ_DATA", 127 0, o0x7fb7c4d45ae8;  0 drivers
v0x7fb7c4f44fb0_0 .var "MAIN_MEM_WRITE", 0 0;
v0x7fb7c4f450c0_0 .var "MAIN_MEM_WRITE_DATA", 127 0;
v0x7fb7c4f45160_0 .net "TAG_MATCH", 0 0, L_0x7fb7c4f53f70;  1 drivers
v0x7fb7c4f45200_0 .net *"_ivl_1", 26 0, L_0x7fb7c4f52ff0;  1 drivers
v0x7fb7c4f452b0_0 .net *"_ivl_11", 0 0, L_0x7fb7c4f534a0;  1 drivers
v0x7fb7c4f45360_0 .net *"_ivl_12", 0 0, L_0x7fb7c4f53540;  1 drivers
v0x7fb7c4f45410_0 .net *"_ivl_14", 0 0, L_0x7fb7c4f53670;  1 drivers
v0x7fb7c4f454c0_0 .net *"_ivl_17", 0 0, L_0x7fb7c4f53720;  1 drivers
v0x7fb7c4f45570_0 .net *"_ivl_19", 0 0, L_0x7fb7c4f53800;  1 drivers
v0x7fb7c4f45700_0 .net *"_ivl_20", 0 0, L_0x7fb7c4f538e0;  1 drivers
v0x7fb7c4f45790_0 .net *"_ivl_22", 0 0, L_0x7fb7c4f539d0;  1 drivers
v0x7fb7c4f45840_0 .net *"_ivl_25", 0 0, L_0x7fb7c4f53a80;  1 drivers
v0x7fb7c4f458e0_0 .net *"_ivl_27", 0 0, L_0x7fb7c4f53bc0;  1 drivers
v0x7fb7c4f45990_0 .net *"_ivl_29", 0 0, L_0x7fb7c4f53d30;  1 drivers
v0x7fb7c4f45a40_0 .net *"_ivl_30", 0 0, L_0x7fb7c4f53dd0;  1 drivers
v0x7fb7c4f45af0_0 .net *"_ivl_32", 0 0, L_0x7fb7c4f53e80;  1 drivers
v0x7fb7c4f45ba0_0 .net *"_ivl_9", 0 0, L_0x7fb7c4f53370;  1 drivers
o0x7fb7c4d45e48 .functor BUFZ 32, C4<zzzzzzzzzzzzzzzzzzzzzzzzzzzzzzzz>; HiZ drive
v0x7fb7c4f45c50_0 .net "address", 31 0, o0x7fb7c4d45e48;  0 drivers
v0x7fb7c4f45d00_0 .var "busywait", 0 0;
o0x7fb7c4d45ea8 .functor BUFZ 1, C4<z>; HiZ drive
v0x7fb7c4f45da0_0 .net "clock", 0 0, o0x7fb7c4d45ea8;  0 drivers
v0x7fb7c4f45e40 .array "data_array", 0 8, 127 0;
v0x7fb7c4f45fc0 .array "dirtyBit_array", 0 8, 1 0;
v0x7fb7c4f46140_0 .var/i "i", 31 0;
v0x7fb7c4f461f0_0 .net "index", 2 0, L_0x7fb7c4f531d0;  1 drivers
v0x7fb7c4f462a0_0 .var "next_state", 1 0;
v0x7fb7c4f45620_0 .net "offset", 1 0, L_0x7fb7c4f532b0;  1 drivers
o0x7fb7c4d462f8 .functor BUFZ 1, C4<z>; HiZ drive
v0x7fb7c4f46530_0 .net "read", 0 0, o0x7fb7c4d462f8;  0 drivers
v0x7fb7c4f465c0_0 .var "readCache", 0 0;
v0x7fb7c4f46650_0 .var "readaccess", 0 0;
v0x7fb7c4f466e0_0 .var "readdata", 31 0;
o0x7fb7c4d463b8 .functor BUFZ 1, C4<z>; HiZ drive
v0x7fb7c4f46790_0 .net "reset", 0 0, o0x7fb7c4d463b8;  0 drivers
v0x7fb7c4f46830_0 .var "state", 1 0;
v0x7fb7c4f468e0_0 .net "tag", 2 0, L_0x7fb7c4f530d0;  1 drivers
v0x7fb7c4f46990 .array "tag_array", 0 8, 2 0;
v0x7fb7c4f46b10 .array "validBit_array", 0 8, 1 0;
o0x7fb7c4d467a8 .functor BUFZ 1, C4<z>; HiZ drive
v0x7fb7c4f46c90_0 .net "write", 0 0, o0x7fb7c4d467a8;  0 drivers
v0x7fb7c4f46d30_0 .var "writeCache", 0 0;
v0x7fb7c4f46dd0_0 .var "writeCache_mem", 0 0;
v0x7fb7c4f46e70_0 .var "writeaccess", 0 0;
o0x7fb7c4d46868 .functor BUFZ 32, C4<zzzzzzzzzzzzzzzzzzzzzzzzzzzzzzzz>; HiZ drive
v0x7fb7c4f46f10_0 .net "writedata", 31 0, o0x7fb7c4d46868;  0 drivers
E_0x7fb7c4f44630 .event posedge, v0x7fb7c4f45da0_0;
E_0x7fb7c4f44660 .event posedge, v0x7fb7c4f46790_0;
E_0x7fb7c4f446a0/0 .event edge, v0x7fb7c4f46650_0, v0x7fb7c4f46e70_0, v0x7fb7c4f46830_0, v0x7fb7c4f45160_0;
E_0x7fb7c4f446a0/1 .event edge, v0x7fb7c4f44c30_0, v0x7fb7c4f468e0_0, v0x7fb7c4f461f0_0, v0x7fb7c4f44dc0_0;
v0x7fb7c4f46990_0 .array/port v0x7fb7c4f46990, 0;
v0x7fb7c4f46990_1 .array/port v0x7fb7c4f46990, 1;
v0x7fb7c4f46990_2 .array/port v0x7fb7c4f46990, 2;
v0x7fb7c4f46990_3 .array/port v0x7fb7c4f46990, 3;
E_0x7fb7c4f446a0/2 .event edge, v0x7fb7c4f46990_0, v0x7fb7c4f46990_1, v0x7fb7c4f46990_2, v0x7fb7c4f46990_3;
v0x7fb7c4f46990_4 .array/port v0x7fb7c4f46990, 4;
v0x7fb7c4f46990_5 .array/port v0x7fb7c4f46990, 5;
v0x7fb7c4f46990_6 .array/port v0x7fb7c4f46990, 6;
v0x7fb7c4f46990_7 .array/port v0x7fb7c4f46990, 7;
E_0x7fb7c4f446a0/3 .event edge, v0x7fb7c4f46990_4, v0x7fb7c4f46990_5, v0x7fb7c4f46990_6, v0x7fb7c4f46990_7;
v0x7fb7c4f46990_8 .array/port v0x7fb7c4f46990, 8;
v0x7fb7c4f45e40_0 .array/port v0x7fb7c4f45e40, 0;
v0x7fb7c4f45e40_1 .array/port v0x7fb7c4f45e40, 1;
v0x7fb7c4f45e40_2 .array/port v0x7fb7c4f45e40, 2;
E_0x7fb7c4f446a0/4 .event edge, v0x7fb7c4f46990_8, v0x7fb7c4f45e40_0, v0x7fb7c4f45e40_1, v0x7fb7c4f45e40_2;
v0x7fb7c4f45e40_3 .array/port v0x7fb7c4f45e40, 3;
v0x7fb7c4f45e40_4 .array/port v0x7fb7c4f45e40, 4;
v0x7fb7c4f45e40_5 .array/port v0x7fb7c4f45e40, 5;
v0x7fb7c4f45e40_6 .array/port v0x7fb7c4f45e40, 6;
E_0x7fb7c4f446a0/5 .event edge, v0x7fb7c4f45e40_3, v0x7fb7c4f45e40_4, v0x7fb7c4f45e40_5, v0x7fb7c4f45e40_6;
v0x7fb7c4f45e40_7 .array/port v0x7fb7c4f45e40, 7;
v0x7fb7c4f45e40_8 .array/port v0x7fb7c4f45e40, 8;
E_0x7fb7c4f446a0/6 .event edge, v0x7fb7c4f45e40_7, v0x7fb7c4f45e40_8;
E_0x7fb7c4f446a0 .event/or E_0x7fb7c4f446a0/0, E_0x7fb7c4f446a0/1, E_0x7fb7c4f446a0/2, E_0x7fb7c4f446a0/3, E_0x7fb7c4f446a0/4, E_0x7fb7c4f446a0/5, E_0x7fb7c4f446a0/6;
E_0x7fb7c4f26710/0 .event edge, v0x7fb7c4f46830_0, v0x7fb7c4f44c30_0, v0x7fb7c4f46650_0, v0x7fb7c4f46e70_0;
E_0x7fb7c4f26710/1 .event edge, v0x7fb7c4f45160_0, v0x7fb7c4f44b00_0, v0x7fb7c4f44dc0_0;
E_0x7fb7c4f26710 .event/or E_0x7fb7c4f26710/0, E_0x7fb7c4f26710/1;
E_0x7fb7c4f26740 .event edge, v0x7fb7c4f46c90_0, v0x7fb7c4f46530_0;
E_0x7fb7c4f44830/0 .event edge, v0x7fb7c4f46650_0, v0x7fb7c4f45620_0, v0x7fb7c4f461f0_0, v0x7fb7c4f45e40_0;
E_0x7fb7c4f44830/1 .event edge, v0x7fb7c4f45e40_1, v0x7fb7c4f45e40_2, v0x7fb7c4f45e40_3, v0x7fb7c4f45e40_4;
E_0x7fb7c4f44830/2 .event edge, v0x7fb7c4f45e40_5, v0x7fb7c4f45e40_6, v0x7fb7c4f45e40_7, v0x7fb7c4f45e40_8;
E_0x7fb7c4f44830 .event/or E_0x7fb7c4f44830/0, E_0x7fb7c4f44830/1, E_0x7fb7c4f44830/2;
v0x7fb7c4f46b10_0 .array/port v0x7fb7c4f46b10, 0;
v0x7fb7c4f46b10_1 .array/port v0x7fb7c4f46b10, 1;
v0x7fb7c4f46b10_2 .array/port v0x7fb7c4f46b10, 2;
E_0x7fb7c4f448c0/0 .event edge, v0x7fb7c4f461f0_0, v0x7fb7c4f46b10_0, v0x7fb7c4f46b10_1, v0x7fb7c4f46b10_2;
v0x7fb7c4f46b10_3 .array/port v0x7fb7c4f46b10, 3;
v0x7fb7c4f46b10_4 .array/port v0x7fb7c4f46b10, 4;
v0x7fb7c4f46b10_5 .array/port v0x7fb7c4f46b10, 5;
v0x7fb7c4f46b10_6 .array/port v0x7fb7c4f46b10, 6;
E_0x7fb7c4f448c0/1 .event edge, v0x7fb7c4f46b10_3, v0x7fb7c4f46b10_4, v0x7fb7c4f46b10_5, v0x7fb7c4f46b10_6;
v0x7fb7c4f46b10_7 .array/port v0x7fb7c4f46b10, 7;
v0x7fb7c4f46b10_8 .array/port v0x7fb7c4f46b10, 8;
v0x7fb7c4f45fc0_0 .array/port v0x7fb7c4f45fc0, 0;
v0x7fb7c4f45fc0_1 .array/port v0x7fb7c4f45fc0, 1;
E_0x7fb7c4f448c0/2 .event edge, v0x7fb7c4f46b10_7, v0x7fb7c4f46b10_8, v0x7fb7c4f45fc0_0, v0x7fb7c4f45fc0_1;
v0x7fb7c4f45fc0_2 .array/port v0x7fb7c4f45fc0, 2;
v0x7fb7c4f45fc0_3 .array/port v0x7fb7c4f45fc0, 3;
v0x7fb7c4f45fc0_4 .array/port v0x7fb7c4f45fc0, 4;
v0x7fb7c4f45fc0_5 .array/port v0x7fb7c4f45fc0, 5;
E_0x7fb7c4f448c0/3 .event edge, v0x7fb7c4f45fc0_2, v0x7fb7c4f45fc0_3, v0x7fb7c4f45fc0_4, v0x7fb7c4f45fc0_5;
v0x7fb7c4f45fc0_6 .array/port v0x7fb7c4f45fc0, 6;
v0x7fb7c4f45fc0_7 .array/port v0x7fb7c4f45fc0, 7;
v0x7fb7c4f45fc0_8 .array/port v0x7fb7c4f45fc0, 8;
E_0x7fb7c4f448c0/4 .event edge, v0x7fb7c4f45fc0_6, v0x7fb7c4f45fc0_7, v0x7fb7c4f45fc0_8, v0x7fb7c4f45e40_0;
E_0x7fb7c4f448c0/5 .event edge, v0x7fb7c4f45e40_1, v0x7fb7c4f45e40_2, v0x7fb7c4f45e40_3, v0x7fb7c4f45e40_4;
E_0x7fb7c4f448c0/6 .event edge, v0x7fb7c4f45e40_5, v0x7fb7c4f45e40_6, v0x7fb7c4f45e40_7, v0x7fb7c4f45e40_8;
E_0x7fb7c4f448c0/7 .event edge, v0x7fb7c4f46990_0, v0x7fb7c4f46990_1, v0x7fb7c4f46990_2, v0x7fb7c4f46990_3;
E_0x7fb7c4f448c0/8 .event edge, v0x7fb7c4f46990_4, v0x7fb7c4f46990_5, v0x7fb7c4f46990_6, v0x7fb7c4f46990_7;
E_0x7fb7c4f448c0/9 .event edge, v0x7fb7c4f46990_8;
E_0x7fb7c4f448c0 .event/or E_0x7fb7c4f448c0/0, E_0x7fb7c4f448c0/1, E_0x7fb7c4f448c0/2, E_0x7fb7c4f448c0/3, E_0x7fb7c4f448c0/4, E_0x7fb7c4f448c0/5, E_0x7fb7c4f448c0/6, E_0x7fb7c4f448c0/7, E_0x7fb7c4f448c0/8, E_0x7fb7c4f448c0/9;
L_0x7fb7c4f52ff0 .part o0x7fb7c4d45e48, 5, 27;
L_0x7fb7c4f530d0 .part L_0x7fb7c4f52ff0, 0, 3;
L_0x7fb7c4f531d0 .part o0x7fb7c4d45e48, 2, 3;
L_0x7fb7c4f532b0 .part o0x7fb7c4d45e48, 0, 2;
L_0x7fb7c4f53370 .part L_0x7fb7c4f530d0, 2, 1;
L_0x7fb7c4f534a0 .part v0x7fb7c4f44ba0_0, 2, 1;
L_0x7fb7c4f53720 .part L_0x7fb7c4f530d0, 1, 1;
L_0x7fb7c4f53800 .part v0x7fb7c4f44ba0_0, 1, 1;
L_0x7fb7c4f53bc0 .part L_0x7fb7c4f530d0, 0, 1;
L_0x7fb7c4f53d30 .part v0x7fb7c4f44ba0_0, 0, 1;
S_0x7fb7c4f0c4d0 .scope module, "ins_cache_memory" "ins_cache_memory" 12 3;
 .timescale -9 -10;
    .port_info 0 /INPUT 1 "clock";
    .port_info 1 /INPUT 1 "reset";
    .port_info 2 /INPUT 1 "read";
    .port_info 3 /INPUT 32 "address";
    .port_info 4 /OUTPUT 32 "readdata";
    .port_info 5 /OUTPUT 1 "busywait";
    .port_info 6 /OUTPUT 1 "MAIN_MEM_READ";
    .port_info 7 /OUTPUT 6 "MAIN_MEM_ADDRESS";
    .port_info 8 /INPUT 128 "MAIN_MEM_READ_DATA";
    .port_info 9 /INPUT 1 "MAIN_MEM_BUSY_WAIT";
P_0x7fb7c4f1dcb0 .param/l "IDLE" 0 12 35, C4<0>;
P_0x7fb7c4f1dcf0 .param/l "MEM_READ" 0 12 35, C4<1>;
L_0x7fb7c4f544f0 .functor XOR 1, L_0x7fb7c4f54320, L_0x7fb7c4f54400, C4<0>, C4<0>;
L_0x7fb7c4f54600 .functor NOT 1, L_0x7fb7c4f544f0, C4<0>, C4<0>, C4<0>;
L_0x7fb7c4f54870 .functor XOR 1, L_0x7fb7c4f546b0, L_0x7fb7c4f54750, C4<0>, C4<0>;
L_0x7fb7c4f54980 .functor NOT 1, L_0x7fb7c4f54870, C4<0>, C4<0>, C4<0>;
L_0x7fb7c4f54a30 .functor AND 1, L_0x7fb7c4f54600, L_0x7fb7c4f54980, C4<1>, C4<1>;
L_0x7fb7c4f54d30 .functor XOR 1, L_0x7fb7c4f54b20, L_0x7fb7c4f54c40, C4<0>, C4<0>;
L_0x7fb7c4f54de0 .functor NOT 1, L_0x7fb7c4f54d30, C4<0>, C4<0>, C4<0>;
L_0x7fb7c4f54ed0/d .functor AND 1, L_0x7fb7c4f54a30, L_0x7fb7c4f54de0, C4<1>, C4<1>;
L_0x7fb7c4f54ed0 .delay 1 (9,9,9) L_0x7fb7c4f54ed0/d;
v0x7fb7c4f473e0_0 .var "CURRENT_DATA", 31 0;
v0x7fb7c4f47480_0 .var "CURRENT_TAG", 2 0;
v0x7fb7c4f47520_0 .var "CURRENT_VALID", 0 0;
v0x7fb7c4f475b0_0 .var "MAIN_MEM_ADDRESS", 5 0;
o0x7fb7c4d46bf8 .functor BUFZ 1, C4<z>; HiZ drive
v0x7fb7c4f47660_0 .net "MAIN_MEM_BUSY_WAIT", 0 0, o0x7fb7c4d46bf8;  0 drivers
v0x7fb7c4f47740_0 .var "MAIN_MEM_READ", 0 0;
o0x7fb7c4d46c58 .functor BUFZ 128, C4<zzzzzzzzzzzzzzzzzzzzzzzzzzzzzzzzzzzzzzzzzzzzzzzzzzzzzzzzzzzzzzzzzzzzzzzzzzzzzzzzzzzzzzzzzzzzzzzzzzzzzzzzzzzzzzzzzzzzzzzzzzzzzzzz>; HiZ drive
v0x7fb7c4f477e0_0 .net "MAIN_MEM_READ_DATA", 127 0, o0x7fb7c4d46c58;  0 drivers
v0x7fb7c4f47890_0 .net "TAG_MATCH", 0 0, L_0x7fb7c4f54ed0;  1 drivers
v0x7fb7c4f47930_0 .net *"_ivl_10", 0 0, L_0x7fb7c4f544f0;  1 drivers
v0x7fb7c4f47a40_0 .net *"_ivl_12", 0 0, L_0x7fb7c4f54600;  1 drivers
v0x7fb7c4f47af0_0 .net *"_ivl_15", 0 0, L_0x7fb7c4f546b0;  1 drivers
v0x7fb7c4f47ba0_0 .net *"_ivl_17", 0 0, L_0x7fb7c4f54750;  1 drivers
v0x7fb7c4f47c50_0 .net *"_ivl_18", 0 0, L_0x7fb7c4f54870;  1 drivers
v0x7fb7c4f47d00_0 .net *"_ivl_20", 0 0, L_0x7fb7c4f54980;  1 drivers
v0x7fb7c4f47db0_0 .net *"_ivl_23", 0 0, L_0x7fb7c4f54a30;  1 drivers
v0x7fb7c4f47e50_0 .net *"_ivl_25", 0 0, L_0x7fb7c4f54b20;  1 drivers
v0x7fb7c4f47f00_0 .net *"_ivl_27", 0 0, L_0x7fb7c4f54c40;  1 drivers
v0x7fb7c4f48090_0 .net *"_ivl_28", 0 0, L_0x7fb7c4f54d30;  1 drivers
v0x7fb7c4f48120_0 .net *"_ivl_30", 0 0, L_0x7fb7c4f54de0;  1 drivers
v0x7fb7c4f481d0_0 .net *"_ivl_7", 0 0, L_0x7fb7c4f54320;  1 drivers
v0x7fb7c4f48280_0 .net *"_ivl_9", 0 0, L_0x7fb7c4f54400;  1 drivers
o0x7fb7c4d46f28 .functor BUFZ 32, C4<zzzzzzzzzzzzzzzzzzzzzzzzzzzzzzzz>; HiZ drive
v0x7fb7c4f48330_0 .net "address", 31 0, o0x7fb7c4d46f28;  0 drivers
v0x7fb7c4f483e0_0 .var "busywait", 0 0;
o0x7fb7c4d46f88 .functor BUFZ 1, C4<z>; HiZ drive
v0x7fb7c4f48480_0 .net "clock", 0 0, o0x7fb7c4d46f88;  0 drivers
v0x7fb7c4f48520 .array "data_array", 0 8, 127 0;
v0x7fb7c4f486a0_0 .var/i "i", 31 0;
v0x7fb7c4f48750_0 .net "index", 2 0, L_0x7fb7c4f541e0;  1 drivers
v0x7fb7c4f48800_0 .var "next_state", 1 0;
v0x7fb7c4f488b0_0 .net "offset", 1 0, L_0x7fb7c4f54280;  1 drivers
o0x7fb7c4d47228 .functor BUFZ 1, C4<z>; HiZ drive
v0x7fb7c4f48960_0 .net "read", 0 0, o0x7fb7c4d47228;  0 drivers
v0x7fb7c4f48a00_0 .var "readCache", 0 0;
v0x7fb7c4f48aa0_0 .var "readaccess", 0 0;
v0x7fb7c4f48b40_0 .var "readdata", 31 0;
o0x7fb7c4d472e8 .functor BUFZ 1, C4<z>; HiZ drive
v0x7fb7c4f47fb0_0 .net "reset", 0 0, o0x7fb7c4d472e8;  0 drivers
v0x7fb7c4f48dd0_0 .var "state", 1 0;
v0x7fb7c4f48e60_0 .net "tag", 2 0, L_0x7fb7c4f540a0;  1 drivers
v0x7fb7c4f48ef0 .array "tag_array", 0 8, 2 0;
v0x7fb7c4f49070 .array "validBit_array", 0 8, 1 0;
v0x7fb7c4f491f0_0 .var "writeCache_mem", 0 0;
E_0x7fb7c4f45040 .event posedge, v0x7fb7c4f48480_0;
E_0x7fb7c4f45090 .event posedge, v0x7fb7c4f47fb0_0;
E_0x7fb7c4f47120/0 .event edge, v0x7fb7c4f48aa0_0, v0x7fb7c4f48dd0_0, v0x7fb7c4f47890_0, v0x7fb7c4f47520_0;
E_0x7fb7c4f47120/1 .event edge, v0x7fb7c4f48e60_0, v0x7fb7c4f48750_0, v0x7fb7c4f47660_0;
E_0x7fb7c4f47120 .event/or E_0x7fb7c4f47120/0, E_0x7fb7c4f47120/1;
E_0x7fb7c4f1d730/0 .event edge, v0x7fb7c4f48dd0_0, v0x7fb7c4f47520_0, v0x7fb7c4f48aa0_0, v0x7fb7c4f47890_0;
E_0x7fb7c4f1d730/1 .event edge, v0x7fb7c4f47660_0;
E_0x7fb7c4f1d730 .event/or E_0x7fb7c4f1d730/0, E_0x7fb7c4f1d730/1;
E_0x7fb7c4f471a0 .event edge, v0x7fb7c4f48960_0;
v0x7fb7c4f48520_0 .array/port v0x7fb7c4f48520, 0;
E_0x7fb7c4f47200/0 .event edge, v0x7fb7c4f48aa0_0, v0x7fb7c4f488b0_0, v0x7fb7c4f48750_0, v0x7fb7c4f48520_0;
v0x7fb7c4f48520_1 .array/port v0x7fb7c4f48520, 1;
v0x7fb7c4f48520_2 .array/port v0x7fb7c4f48520, 2;
v0x7fb7c4f48520_3 .array/port v0x7fb7c4f48520, 3;
v0x7fb7c4f48520_4 .array/port v0x7fb7c4f48520, 4;
E_0x7fb7c4f47200/1 .event edge, v0x7fb7c4f48520_1, v0x7fb7c4f48520_2, v0x7fb7c4f48520_3, v0x7fb7c4f48520_4;
v0x7fb7c4f48520_5 .array/port v0x7fb7c4f48520, 5;
v0x7fb7c4f48520_6 .array/port v0x7fb7c4f48520, 6;
v0x7fb7c4f48520_7 .array/port v0x7fb7c4f48520, 7;
v0x7fb7c4f48520_8 .array/port v0x7fb7c4f48520, 8;
E_0x7fb7c4f47200/2 .event edge, v0x7fb7c4f48520_5, v0x7fb7c4f48520_6, v0x7fb7c4f48520_7, v0x7fb7c4f48520_8;
E_0x7fb7c4f47200 .event/or E_0x7fb7c4f47200/0, E_0x7fb7c4f47200/1, E_0x7fb7c4f47200/2;
v0x7fb7c4f49070_0 .array/port v0x7fb7c4f49070, 0;
v0x7fb7c4f49070_1 .array/port v0x7fb7c4f49070, 1;
v0x7fb7c4f49070_2 .array/port v0x7fb7c4f49070, 2;
E_0x7fb7c4f47290/0 .event edge, v0x7fb7c4f48750_0, v0x7fb7c4f49070_0, v0x7fb7c4f49070_1, v0x7fb7c4f49070_2;
v0x7fb7c4f49070_3 .array/port v0x7fb7c4f49070, 3;
v0x7fb7c4f49070_4 .array/port v0x7fb7c4f49070, 4;
v0x7fb7c4f49070_5 .array/port v0x7fb7c4f49070, 5;
v0x7fb7c4f49070_6 .array/port v0x7fb7c4f49070, 6;
E_0x7fb7c4f47290/1 .event edge, v0x7fb7c4f49070_3, v0x7fb7c4f49070_4, v0x7fb7c4f49070_5, v0x7fb7c4f49070_6;
v0x7fb7c4f49070_7 .array/port v0x7fb7c4f49070, 7;
v0x7fb7c4f49070_8 .array/port v0x7fb7c4f49070, 8;
E_0x7fb7c4f47290/2 .event edge, v0x7fb7c4f49070_7, v0x7fb7c4f49070_8, v0x7fb7c4f48520_0, v0x7fb7c4f48520_1;
E_0x7fb7c4f47290/3 .event edge, v0x7fb7c4f48520_2, v0x7fb7c4f48520_3, v0x7fb7c4f48520_4, v0x7fb7c4f48520_5;
v0x7fb7c4f48ef0_0 .array/port v0x7fb7c4f48ef0, 0;
E_0x7fb7c4f47290/4 .event edge, v0x7fb7c4f48520_6, v0x7fb7c4f48520_7, v0x7fb7c4f48520_8, v0x7fb7c4f48ef0_0;
v0x7fb7c4f48ef0_1 .array/port v0x7fb7c4f48ef0, 1;
v0x7fb7c4f48ef0_2 .array/port v0x7fb7c4f48ef0, 2;
v0x7fb7c4f48ef0_3 .array/port v0x7fb7c4f48ef0, 3;
v0x7fb7c4f48ef0_4 .array/port v0x7fb7c4f48ef0, 4;
E_0x7fb7c4f47290/5 .event edge, v0x7fb7c4f48ef0_1, v0x7fb7c4f48ef0_2, v0x7fb7c4f48ef0_3, v0x7fb7c4f48ef0_4;
v0x7fb7c4f48ef0_5 .array/port v0x7fb7c4f48ef0, 5;
v0x7fb7c4f48ef0_6 .array/port v0x7fb7c4f48ef0, 6;
v0x7fb7c4f48ef0_7 .array/port v0x7fb7c4f48ef0, 7;
v0x7fb7c4f48ef0_8 .array/port v0x7fb7c4f48ef0, 8;
E_0x7fb7c4f47290/6 .event edge, v0x7fb7c4f48ef0_5, v0x7fb7c4f48ef0_6, v0x7fb7c4f48ef0_7, v0x7fb7c4f48ef0_8;
E_0x7fb7c4f47290 .event/or E_0x7fb7c4f47290/0, E_0x7fb7c4f47290/1, E_0x7fb7c4f47290/2, E_0x7fb7c4f47290/3, E_0x7fb7c4f47290/4, E_0x7fb7c4f47290/5, E_0x7fb7c4f47290/6;
L_0x7fb7c4f540a0 .part o0x7fb7c4d46f28, 7, 3;
L_0x7fb7c4f541e0 .part o0x7fb7c4d46f28, 4, 3;
L_0x7fb7c4f54280 .part o0x7fb7c4d46f28, 2, 2;
L_0x7fb7c4f54320 .part L_0x7fb7c4f540a0, 2, 1;
L_0x7fb7c4f54400 .part v0x7fb7c4f47480_0, 2, 1;
L_0x7fb7c4f546b0 .part L_0x7fb7c4f540a0, 1, 1;
L_0x7fb7c4f54750 .part v0x7fb7c4f47480_0, 1, 1;
L_0x7fb7c4f54b20 .part L_0x7fb7c4f540a0, 0, 1;
L_0x7fb7c4f54c40 .part v0x7fb7c4f47480_0, 0, 1;
    .scope S_0x7fb7c4f0c190;
T_0 ;
    %wait E_0x7fb7c4f25730;
    %load/vec4 v0x7fb7c4f36160_0;
    %cmpi/e 0, 0, 1;
    %jmp/0xz  T_0.0, 4;
    %load/vec4 v0x7fb7c4f27790_0;
    %store/vec4 v0x7fb7c4f360a0_0, 0, 32;
    %jmp T_0.1;
T_0.0 ;
    %load/vec4 v0x7fb7c4f35ff0_0;
    %store/vec4 v0x7fb7c4f360a0_0, 0, 32;
T_0.1 ;
    %jmp T_0;
    .thread T_0, $push;
    .scope S_0x7fb7c4f3f460;
T_1 ;
    %wait E_0x7fb7c4f3f7a0;
    %delay 20, 0;
    %load/vec4 v0x7fb7c4f3fe90_0;
    %cmpi/e 1, 0, 1;
    %jmp/0xz  T_1.0, 4;
    %load/vec4 v0x7fb7c4f3f890_0;
    %load/vec4 v0x7fb7c4f3f930_0;
    %pad/u 7;
    %ix/vec4 4;
    %store/vec4a v0x7fb7c4f3fce0, 4, 0;
T_1.0 ;
    %jmp T_1;
    .thread T_1;
    .scope S_0x7fb7c4f3f460;
T_2 ;
    %wait E_0x7fb7c4f3f750;
    %load/vec4 v0x7fb7c4f3fd80_0;
    %cmpi/e 1, 0, 1;
    %jmp/0xz  T_2.0, 4;
    %delay 20, 0;
    %pushi/vec4 0, 0, 32;
    %store/vec4 v0x7fb7c4f40300_0, 0, 32;
T_2.2 ;
    %load/vec4 v0x7fb7c4f40300_0;
    %cmpi/s 32, 0, 32;
    %jmp/0xz T_2.3, 5;
    %pushi/vec4 0, 0, 32;
    %ix/getv/s 4, v0x7fb7c4f40300_0;
    %store/vec4a v0x7fb7c4f3fce0, 4, 0;
    ; show_stmt_assign_vector: Get l-value for compressed += operand
    %load/vec4 v0x7fb7c4f40300_0;
    %pushi/vec4 1, 0, 32;
    %add;
    %store/vec4 v0x7fb7c4f40300_0, 0, 32;
    %jmp T_2.2;
T_2.3 ;
T_2.0 ;
    %jmp T_2;
    .thread T_2, $push;
    .scope S_0x7fb7c4f381b0;
T_3 ;
    %wait E_0x7fb7c4f383e0;
    %load/vec4 v0x7fb7c4f38670_0;
    %cmpi/e 0, 0, 1;
    %jmp/0xz  T_3.0, 4;
    %load/vec4 v0x7fb7c4f38440_0;
    %store/vec4 v0x7fb7c4f385b0_0, 0, 3;
    %jmp T_3.1;
T_3.0 ;
    %load/vec4 v0x7fb7c4f38500_0;
    %store/vec4 v0x7fb7c4f385b0_0, 0, 3;
T_3.1 ;
    %jmp T_3;
    .thread T_3, $push;
    .scope S_0x7fb7c4f40590;
T_4 ;
    %wait E_0x7fb7c4f40700;
    %load/vec4 v0x7fb7c4f409a0_0;
    %cmpi/e 0, 0, 1;
    %jmp/0xz  T_4.0, 4;
    %load/vec4 v0x7fb7c4f40760_0;
    %store/vec4 v0x7fb7c4f408d0_0, 0, 32;
    %jmp T_4.1;
T_4.0 ;
    %load/vec4 v0x7fb7c4f40830_0;
    %store/vec4 v0x7fb7c4f408d0_0, 0, 32;
T_4.1 ;
    %jmp T_4;
    .thread T_4, $push;
    .scope S_0x7fb7c4f40a90;
T_5 ;
    %wait E_0x7fb7c4f40cb0;
    %load/vec4 v0x7fb7c4f40f50_0;
    %cmpi/e 0, 0, 1;
    %jmp/0xz  T_5.0, 4;
    %load/vec4 v0x7fb7c4f40d10_0;
    %store/vec4 v0x7fb7c4f40e80_0, 0, 32;
    %jmp T_5.1;
T_5.0 ;
    %load/vec4 v0x7fb7c4f40de0_0;
    %store/vec4 v0x7fb7c4f40e80_0, 0, 32;
T_5.1 ;
    %jmp T_5;
    .thread T_5, $push;
    .scope S_0x7fb7c4f36260;
T_6 ;
    %wait E_0x7fb7c4f36490;
    %load/vec4 v0x7fb7c4f374a0_0;
    %dup/vec4;
    %pushi/vec4 0, 0, 5;
    %cmp/u;
    %jmp/1 T_6.0, 6;
    %dup/vec4;
    %pushi/vec4 1, 0, 5;
    %cmp/u;
    %jmp/1 T_6.1, 6;
    %dup/vec4;
    %pushi/vec4 2, 0, 5;
    %cmp/u;
    %jmp/1 T_6.2, 6;
    %dup/vec4;
    %pushi/vec4 3, 0, 5;
    %cmp/u;
    %jmp/1 T_6.3, 6;
    %dup/vec4;
    %pushi/vec4 4, 0, 5;
    %cmp/u;
    %jmp/1 T_6.4, 6;
    %dup/vec4;
    %pushi/vec4 5, 0, 5;
    %cmp/u;
    %jmp/1 T_6.5, 6;
    %dup/vec4;
    %pushi/vec4 6, 0, 5;
    %cmp/u;
    %jmp/1 T_6.6, 6;
    %dup/vec4;
    %pushi/vec4 7, 0, 5;
    %cmp/u;
    %jmp/1 T_6.7, 6;
    %dup/vec4;
    %pushi/vec4 8, 0, 5;
    %cmp/u;
    %jmp/1 T_6.8, 6;
    %dup/vec4;
    %pushi/vec4 9, 0, 5;
    %cmp/u;
    %jmp/1 T_6.9, 6;
    %dup/vec4;
    %pushi/vec4 10, 0, 5;
    %cmp/u;
    %jmp/1 T_6.10, 6;
    %dup/vec4;
    %pushi/vec4 11, 0, 5;
    %cmp/u;
    %jmp/1 T_6.11, 6;
    %dup/vec4;
    %pushi/vec4 12, 0, 5;
    %cmp/u;
    %jmp/1 T_6.12, 6;
    %dup/vec4;
    %pushi/vec4 13, 0, 5;
    %cmp/u;
    %jmp/1 T_6.13, 6;
    %dup/vec4;
    %pushi/vec4 15, 0, 5;
    %cmp/u;
    %jmp/1 T_6.14, 6;
    %dup/vec4;
    %pushi/vec4 17, 0, 5;
    %cmp/u;
    %jmp/1 T_6.15, 6;
    %dup/vec4;
    %pushi/vec4 16, 0, 5;
    %cmp/u;
    %jmp/1 T_6.16, 6;
    %dup/vec4;
    %pushi/vec4 31, 7, 5;
    %cmp/u;
    %jmp/1 T_6.17, 6;
    %pushi/vec4 0, 0, 32;
    %store/vec4 v0x7fb7c4f373e0_0, 0, 32;
    %jmp T_6.19;
T_6.0 ;
    %load/vec4 v0x7fb7c4f366c0_0;
    %store/vec4 v0x7fb7c4f373e0_0, 0, 32;
    %jmp T_6.19;
T_6.1 ;
    %load/vec4 v0x7fb7c4f36e50_0;
    %store/vec4 v0x7fb7c4f373e0_0, 0, 32;
    %jmp T_6.19;
T_6.2 ;
    %load/vec4 v0x7fb7c4f36f00_0;
    %store/vec4 v0x7fb7c4f373e0_0, 0, 32;
    %jmp T_6.19;
T_6.3 ;
    %load/vec4 v0x7fb7c4f36fb0_0;
    %store/vec4 v0x7fb7c4f373e0_0, 0, 32;
    %jmp T_6.19;
T_6.4 ;
    %load/vec4 v0x7fb7c4f37330_0;
    %store/vec4 v0x7fb7c4f373e0_0, 0, 32;
    %jmp T_6.19;
T_6.5 ;
    %load/vec4 v0x7fb7c4f37110_0;
    %store/vec4 v0x7fb7c4f373e0_0, 0, 32;
    %jmp T_6.19;
T_6.6 ;
    %load/vec4 v0x7fb7c4f36c40_0;
    %store/vec4 v0x7fb7c4f373e0_0, 0, 32;
    %jmp T_6.19;
T_6.7 ;
    %load/vec4 v0x7fb7c4f36780_0;
    %store/vec4 v0x7fb7c4f373e0_0, 0, 32;
    %jmp T_6.19;
T_6.8 ;
    %load/vec4 v0x7fb7c4f369d0_0;
    %store/vec4 v0x7fb7c4f373e0_0, 0, 32;
    %jmp T_6.19;
T_6.9 ;
    %load/vec4 v0x7fb7c4f369d0_0;
    %store/vec4 v0x7fb7c4f373e0_0, 0, 32;
    %jmp T_6.19;
T_6.10 ;
    %load/vec4 v0x7fb7c4f36a80_0;
    %store/vec4 v0x7fb7c4f373e0_0, 0, 32;
    %jmp T_6.19;
T_6.11 ;
    %load/vec4 v0x7fb7c4f36b30_0;
    %store/vec4 v0x7fb7c4f373e0_0, 0, 32;
    %jmp T_6.19;
T_6.12 ;
    %load/vec4 v0x7fb7c4f36830_0;
    %store/vec4 v0x7fb7c4f373e0_0, 0, 32;
    %jmp T_6.19;
T_6.13 ;
    %load/vec4 v0x7fb7c4f36cf0_0;
    %store/vec4 v0x7fb7c4f373e0_0, 0, 32;
    %jmp T_6.19;
T_6.14 ;
    %load/vec4 v0x7fb7c4f36da0_0;
    %store/vec4 v0x7fb7c4f373e0_0, 0, 32;
    %jmp T_6.19;
T_6.15 ;
    %load/vec4 v0x7fb7c4f37060_0;
    %store/vec4 v0x7fb7c4f373e0_0, 0, 32;
    %jmp T_6.19;
T_6.16 ;
    %load/vec4 v0x7fb7c4f372a0_0;
    %store/vec4 v0x7fb7c4f373e0_0, 0, 32;
    %jmp T_6.19;
T_6.17 ;
    %load/vec4 v0x7fb7c4f36920_0;
    %store/vec4 v0x7fb7c4f373e0_0, 0, 32;
    %jmp T_6.19;
T_6.19 ;
    %pop/vec4 1;
    %jmp T_6;
    .thread T_6, $push;
    .scope S_0x7fb7c4f41040;
T_7 ;
    %wait E_0x7fb7c4f41340;
    %load/vec4 v0x7fb7c4f41710_0;
    %cmpi/e 0, 0, 2;
    %jmp/0xz  T_7.0, 4;
    %load/vec4 v0x7fb7c4f413a0_0;
    %store/vec4 v0x7fb7c4f41630_0, 0, 32;
    %jmp T_7.1;
T_7.0 ;
    %load/vec4 v0x7fb7c4f41710_0;
    %cmpi/e 1, 0, 2;
    %jmp/0xz  T_7.2, 4;
    %load/vec4 v0x7fb7c4f41450_0;
    %store/vec4 v0x7fb7c4f41630_0, 0, 32;
    %jmp T_7.3;
T_7.2 ;
    %load/vec4 v0x7fb7c4f41710_0;
    %cmpi/e 2, 0, 2;
    %jmp/0xz  T_7.4, 4;
    %load/vec4 v0x7fb7c4f414f0_0;
    %store/vec4 v0x7fb7c4f41630_0, 0, 32;
    %jmp T_7.5;
T_7.4 ;
    %load/vec4 v0x7fb7c4f41580_0;
    %store/vec4 v0x7fb7c4f41630_0, 0, 32;
T_7.5 ;
T_7.3 ;
T_7.1 ;
    %jmp T_7;
    .thread T_7, $push;
    .scope S_0x7fb7c4f10020;
T_8 ;
    %wait E_0x7fb7c4f3f7a0;
    %load/vec4 v0x7fb7c4f42320_0;
    %store/vec4 v0x7fb7c4f431d0_0, 0, 32;
    %load/vec4 v0x7fb7c4f427c0_0;
    %store/vec4 v0x7fb7c4f43650_0, 0, 32;
    %load/vec4 v0x7fb7c4f431d0_0;
    %parti/s 5, 7, 4;
    %store/vec4 v0x7fb7c4f43900_0, 0, 5;
    %load/vec4 v0x7fb7c4f43650_0;
    %store/vec4 v0x7fb7c4f436e0_0, 0, 32;
    %load/vec4 v0x7fb7c4f41d90_0;
    %store/vec4 v0x7fb7c4f42d00_0, 0, 32;
    %load/vec4 v0x7fb7c4f41e20_0;
    %store/vec4 v0x7fb7c4f42dd0_0, 0, 32;
    %load/vec4 v0x7fb7c4f42190_0;
    %store/vec4 v0x7fb7c4f42460_0, 0, 32;
    %load/vec4 v0x7fb7c4f41b60_0;
    %store/vec4 v0x7fb7c4f42c50_0, 0, 4;
    %load/vec4 v0x7fb7c4f41ad0_0;
    %store/vec4 v0x7fb7c4f42ba0_0, 0, 5;
    %load/vec4 v0x7fb7c4f426a0_0;
    %store/vec4 v0x7fb7c4f434f0_0, 0, 1;
    %load/vec4 v0x7fb7c4f42730_0;
    %store/vec4 v0x7fb7c4f435a0_0, 0, 1;
    %load/vec4 v0x7fb7c4f42550_0;
    %store/vec4 v0x7fb7c4f43260_0, 0, 4;
    %load/vec4 v0x7fb7c4f42610_0;
    %store/vec4 v0x7fb7c4f43390_0, 0, 3;
    %load/vec4 v0x7fb7c4f44060_0;
    %store/vec4 v0x7fb7c4f43cf0_0, 0, 2;
    %load/vec4 v0x7fb7c4f43fd0_0;
    %store/vec4 v0x7fb7c4f43b10_0, 0, 1;
    %load/vec4 v0x7fb7c4f43900_0;
    %store/vec4 v0x7fb7c4f439a0_0, 0, 5;
    %load/vec4 v0x7fb7c4f436e0_0;
    %store/vec4 v0x7fb7c4f437a0_0, 0, 32;
    %load/vec4 v0x7fb7c4f41a00_0;
    %store/vec4 v0x7fb7c4f42a30_0, 0, 32;
    %load/vec4 v0x7fb7c4f42d00_0;
    %store/vec4 v0x7fb7c4f42eb0_0, 0, 32;
    %load/vec4 v0x7fb7c4f43260_0;
    %store/vec4 v0x7fb7c4f432f0_0, 0, 4;
    %load/vec4 v0x7fb7c4f43390_0;
    %store/vec4 v0x7fb7c4f43440_0, 0, 3;
    %load/vec4 v0x7fb7c4f43cf0_0;
    %store/vec4 v0x7fb7c4f43d90_0, 0, 2;
    %load/vec4 v0x7fb7c4f43b10_0;
    %store/vec4 v0x7fb7c4f43ba0_0, 0, 1;
    %load/vec4 v0x7fb7c4f439a0_0;
    %store/vec4 v0x7fb7c4f43a50_0, 0, 5;
    %load/vec4 v0x7fb7c4f42990_0;
    %store/vec4 v0x7fb7c4f43840_0, 0, 32;
    %load/vec4 v0x7fb7c4f43d90_0;
    %store/vec4 v0x7fb7c4f43e40_0, 0, 2;
    %load/vec4 v0x7fb7c4f43ba0_0;
    %store/vec4 v0x7fb7c4f43c40_0, 0, 1;
    %load/vec4 v0x7fb7c4f42a30_0;
    %store/vec4 v0x7fb7c4f42ae0_0, 0, 32;
    %load/vec4 v0x7fb7c4f42100_0;
    %store/vec4 v0x7fb7c4f42f40_0, 0, 32;
    %jmp T_8;
    .thread T_8;
    .scope S_0x7fb7c4f10020;
T_9 ;
    %wait E_0x7fb7c4f3f7a0;
    %load/vec4 v0x7fb7c4f44110_0;
    %cmpi/e 1, 0, 1;
    %jmp/0xz  T_9.0, 4;
    %pushi/vec4 4294967292, 0, 32;
    %store/vec4 v0x7fb7c4f427c0_0, 0, 32;
    %jmp T_9.1;
T_9.0 ;
    %pushi/vec4 0, 0, 1;
    %store/vec4 v0x7fb7c4f44330_0, 0, 1;
    %delay 10, 0;
    %load/vec4 v0x7fb7c4f41fe0_0;
    %load/vec4 v0x7fb7c4f423c0_0;
    %or;
    %nor/r;
    %flag_set/vec4 8;
    %jmp/0xz  T_9.2, 8;
    %load/vec4 v0x7fb7c4f42850_0;
    %store/vec4 v0x7fb7c4f427c0_0, 0, 32;
T_9.2 ;
T_9.1 ;
    %jmp T_9;
    .thread T_9;
    .scope S_0x7fb7c4f0c810;
T_10 ;
    %wait E_0x7fb7c4f448c0;
    %delay 10, 0;
    %load/vec4 v0x7fb7c4f461f0_0;
    %pad/u 5;
    %ix/vec4 4;
    %load/vec4a v0x7fb7c4f46b10, 4;
    %pad/u 1;
    %store/vec4 v0x7fb7c4f44c30_0, 0, 1;
    %load/vec4 v0x7fb7c4f461f0_0;
    %pad/u 5;
    %ix/vec4 4;
    %load/vec4a v0x7fb7c4f45fc0, 4;
    %pad/u 1;
    %store/vec4 v0x7fb7c4f44b00_0, 0, 1;
    %load/vec4 v0x7fb7c4f461f0_0;
    %pad/u 5;
    %ix/vec4 4;
    %load/vec4a v0x7fb7c4f45e40, 4;
    %store/vec4 v0x7fb7c4f44a60_0, 0, 128;
    %load/vec4 v0x7fb7c4f461f0_0;
    %pad/u 5;
    %ix/vec4 4;
    %load/vec4a v0x7fb7c4f46990, 4;
    %store/vec4 v0x7fb7c4f44ba0_0, 0, 3;
    %jmp T_10;
    .thread T_10, $push;
    .scope S_0x7fb7c4f0c810;
T_11 ;
    %wait E_0x7fb7c4f44830;
    %load/vec4 v0x7fb7c4f46650_0;
    %flag_set/vec4 8;
    %jmp/0xz  T_11.0, 8;
    %delay 10, 0;
    %load/vec4 v0x7fb7c4f45620_0;
    %dup/vec4;
    %pushi/vec4 0, 0, 2;
    %cmp/u;
    %jmp/1 T_11.2, 6;
    %dup/vec4;
    %pushi/vec4 1, 0, 2;
    %cmp/u;
    %jmp/1 T_11.3, 6;
    %dup/vec4;
    %pushi/vec4 2, 0, 2;
    %cmp/u;
    %jmp/1 T_11.4, 6;
    %dup/vec4;
    %pushi/vec4 3, 0, 2;
    %cmp/u;
    %jmp/1 T_11.5, 6;
    %jmp T_11.6;
T_11.2 ;
    %load/vec4 v0x7fb7c4f461f0_0;
    %pad/u 5;
    %ix/vec4 4;
    %load/vec4a v0x7fb7c4f45e40, 4;
    %parti/s 32, 0, 2;
    %store/vec4 v0x7fb7c4f466e0_0, 0, 32;
    %jmp T_11.6;
T_11.3 ;
    %load/vec4 v0x7fb7c4f461f0_0;
    %pad/u 5;
    %ix/vec4 4;
    %load/vec4a v0x7fb7c4f45e40, 4;
    %parti/s 32, 32, 7;
    %store/vec4 v0x7fb7c4f466e0_0, 0, 32;
    %jmp T_11.6;
T_11.4 ;
    %load/vec4 v0x7fb7c4f461f0_0;
    %pad/u 5;
    %ix/vec4 4;
    %load/vec4a v0x7fb7c4f45e40, 4;
    %parti/s 32, 64, 8;
    %store/vec4 v0x7fb7c4f466e0_0, 0, 32;
    %jmp T_11.6;
T_11.5 ;
    %load/vec4 v0x7fb7c4f461f0_0;
    %pad/u 5;
    %ix/vec4 4;
    %load/vec4a v0x7fb7c4f45e40, 4;
    %parti/s 32, 96, 8;
    %store/vec4 v0x7fb7c4f466e0_0, 0, 32;
    %jmp T_11.6;
T_11.6 ;
    %pop/vec4 1;
T_11.0 ;
    %jmp T_11;
    .thread T_11, $push;
    .scope S_0x7fb7c4f0c810;
T_12 ;
    %wait E_0x7fb7c4f26740;
    %load/vec4 v0x7fb7c4f46530_0;
    %flag_set/vec4 8;
    %load/vec4 v0x7fb7c4f46c90_0;
    %flag_set/vec4 9;
    %flag_or 9, 8;
    %jmp/0 T_12.0, 9;
    %pushi/vec4 1, 0, 2;
    %jmp/1 T_12.1, 9;
T_12.0 ; End of true expr.
    %pushi/vec4 0, 0, 2;
    %jmp/0 T_12.1, 9;
 ; End of false expr.
    %blend;
T_12.1;
    %pad/s 1;
    %store/vec4 v0x7fb7c4f45d00_0, 0, 1;
    %load/vec4 v0x7fb7c4f46530_0;
    %load/vec4 v0x7fb7c4f46c90_0;
    %nor/r;
    %and;
    %flag_set/vec4 8;
    %jmp/0 T_12.2, 8;
    %pushi/vec4 1, 0, 2;
    %jmp/1 T_12.3, 8;
T_12.2 ; End of true expr.
    %pushi/vec4 0, 0, 2;
    %jmp/0 T_12.3, 8;
 ; End of false expr.
    %blend;
T_12.3;
    %pad/s 1;
    %store/vec4 v0x7fb7c4f46650_0, 0, 1;
    %load/vec4 v0x7fb7c4f46530_0;
    %nor/r;
    %load/vec4 v0x7fb7c4f46c90_0;
    %and;
    %flag_set/vec4 8;
    %jmp/0 T_12.4, 8;
    %pushi/vec4 1, 0, 2;
    %jmp/1 T_12.5, 8;
T_12.4 ; End of true expr.
    %pushi/vec4 0, 0, 2;
    %jmp/0 T_12.5, 8;
 ; End of false expr.
    %blend;
T_12.5;
    %pad/s 1;
    %store/vec4 v0x7fb7c4f46e70_0, 0, 1;
    %jmp T_12;
    .thread T_12, $push;
    .scope S_0x7fb7c4f0c810;
T_13 ;
    %wait E_0x7fb7c4f26710;
    %load/vec4 v0x7fb7c4f46830_0;
    %dup/vec4;
    %pushi/vec4 0, 0, 2;
    %cmp/u;
    %jmp/1 T_13.0, 6;
    %dup/vec4;
    %pushi/vec4 1, 0, 2;
    %cmp/u;
    %jmp/1 T_13.1, 6;
    %dup/vec4;
    %pushi/vec4 2, 0, 2;
    %cmp/u;
    %jmp/1 T_13.2, 6;
    %jmp T_13.3;
T_13.0 ;
    %load/vec4 v0x7fb7c4f44c30_0;
    %nor/r;
    %load/vec4 v0x7fb7c4f46650_0;
    %load/vec4 v0x7fb7c4f46e70_0;
    %or;
    %and;
    %flag_set/vec4 8;
    %jmp/0xz  T_13.4, 8;
    %pushi/vec4 1, 0, 2;
    %store/vec4 v0x7fb7c4f462a0_0, 0, 2;
    %jmp T_13.5;
T_13.4 ;
    %load/vec4 v0x7fb7c4f44c30_0;
    %load/vec4 v0x7fb7c4f45160_0;
    %and;
    %load/vec4 v0x7fb7c4f46650_0;
    %load/vec4 v0x7fb7c4f46e70_0;
    %or;
    %and;
    %flag_set/vec4 8;
    %jmp/0xz  T_13.6, 8;
    %pushi/vec4 0, 0, 2;
    %store/vec4 v0x7fb7c4f462a0_0, 0, 2;
    %jmp T_13.7;
T_13.6 ;
    %load/vec4 v0x7fb7c4f44c30_0;
    %load/vec4 v0x7fb7c4f44b00_0;
    %nor/r;
    %and;
    %load/vec4 v0x7fb7c4f45160_0;
    %nor/r;
    %and;
    %load/vec4 v0x7fb7c4f46650_0;
    %load/vec4 v0x7fb7c4f46e70_0;
    %or;
    %and;
    %flag_set/vec4 8;
    %jmp/0xz  T_13.8, 8;
    %pushi/vec4 1, 0, 2;
    %store/vec4 v0x7fb7c4f462a0_0, 0, 2;
    %jmp T_13.9;
T_13.8 ;
    %load/vec4 v0x7fb7c4f44c30_0;
    %load/vec4 v0x7fb7c4f44b00_0;
    %and;
    %load/vec4 v0x7fb7c4f45160_0;
    %nor/r;
    %and;
    %load/vec4 v0x7fb7c4f46650_0;
    %load/vec4 v0x7fb7c4f46e70_0;
    %or;
    %and;
    %flag_set/vec4 8;
    %jmp/0xz  T_13.10, 8;
    %pushi/vec4 2, 0, 2;
    %store/vec4 v0x7fb7c4f462a0_0, 0, 2;
T_13.10 ;
T_13.9 ;
T_13.7 ;
T_13.5 ;
    %jmp T_13.3;
T_13.1 ;
    %load/vec4 v0x7fb7c4f44dc0_0;
    %flag_set/vec4 8;
    %jmp/0xz  T_13.12, 8;
    %pushi/vec4 1, 0, 2;
    %store/vec4 v0x7fb7c4f462a0_0, 0, 2;
    %jmp T_13.13;
T_13.12 ;
    %pushi/vec4 0, 0, 2;
    %store/vec4 v0x7fb7c4f462a0_0, 0, 2;
T_13.13 ;
    %jmp T_13.3;
T_13.2 ;
    %load/vec4 v0x7fb7c4f44dc0_0;
    %flag_set/vec4 8;
    %jmp/0xz  T_13.14, 8;
    %pushi/vec4 2, 0, 2;
    %store/vec4 v0x7fb7c4f462a0_0, 0, 2;
    %jmp T_13.15;
T_13.14 ;
    %load/vec4 v0x7fb7c4f44c30_0;
    %load/vec4 v0x7fb7c4f45160_0;
    %nor/r;
    %and;
    %flag_set/vec4 8;
    %jmp/0xz  T_13.16, 8;
    %pushi/vec4 1, 0, 2;
    %store/vec4 v0x7fb7c4f462a0_0, 0, 2;
    %jmp T_13.17;
T_13.16 ;
    %pushi/vec4 0, 0, 2;
    %store/vec4 v0x7fb7c4f462a0_0, 0, 2;
T_13.17 ;
T_13.15 ;
    %jmp T_13.3;
T_13.3 ;
    %pop/vec4 1;
    %jmp T_13;
    .thread T_13, $push;
    .scope S_0x7fb7c4f0c810;
T_14 ;
    %wait E_0x7fb7c4f446a0;
    %load/vec4 v0x7fb7c4f46650_0;
    %flag_set/vec4 8;
    %load/vec4 v0x7fb7c4f46e70_0;
    %flag_set/vec4 9;
    %flag_or 9, 8;
    %jmp/0xz  T_14.0, 9;
    %load/vec4 v0x7fb7c4f46830_0;
    %dup/vec4;
    %pushi/vec4 0, 0, 2;
    %cmp/u;
    %jmp/1 T_14.2, 6;
    %dup/vec4;
    %pushi/vec4 1, 0, 2;
    %cmp/u;
    %jmp/1 T_14.3, 6;
    %dup/vec4;
    %pushi/vec4 2, 0, 2;
    %cmp/u;
    %jmp/1 T_14.4, 6;
    %jmp T_14.5;
T_14.2 ;
    %pushi/vec4 0, 0, 1;
    %store/vec4 v0x7fb7c4f44e60_0, 0, 1;
    %pushi/vec4 0, 0, 1;
    %store/vec4 v0x7fb7c4f44fb0_0, 0, 1;
    %load/vec4 v0x7fb7c4f46650_0;
    %load/vec4 v0x7fb7c4f45160_0;
    %and;
    %load/vec4 v0x7fb7c4f44c30_0;
    %and;
    %flag_set/vec4 8;
    %jmp/0xz  T_14.6, 8;
    %pushi/vec4 1, 0, 1;
    %store/vec4 v0x7fb7c4f465c0_0, 0, 1;
    %jmp T_14.7;
T_14.6 ;
    %pushi/vec4 0, 0, 1;
    %store/vec4 v0x7fb7c4f465c0_0, 0, 1;
T_14.7 ;
    %load/vec4 v0x7fb7c4f46e70_0;
    %load/vec4 v0x7fb7c4f45160_0;
    %and;
    %load/vec4 v0x7fb7c4f44c30_0;
    %and;
    %flag_set/vec4 8;
    %jmp/0xz  T_14.8, 8;
    %pushi/vec4 1, 0, 1;
    %store/vec4 v0x7fb7c4f46d30_0, 0, 1;
    %jmp T_14.9;
T_14.8 ;
    %pushi/vec4 0, 0, 1;
    %store/vec4 v0x7fb7c4f46d30_0, 0, 1;
T_14.9 ;
    %jmp T_14.5;
T_14.3 ;
    %pushi/vec4 1, 0, 1;
    %store/vec4 v0x7fb7c4f44e60_0, 0, 1;
    %pushi/vec4 0, 0, 1;
    %store/vec4 v0x7fb7c4f44fb0_0, 0, 1;
    %load/vec4 v0x7fb7c4f468e0_0;
    %load/vec4 v0x7fb7c4f461f0_0;
    %concat/vec4; draw_concat_vec4
    %pad/u 28;
    %store/vec4 v0x7fb7c4f44cd0_0, 0, 28;
    %load/vec4 v0x7fb7c4f44dc0_0;
    %nor/r;
    %flag_set/vec4 8;
    %jmp/0xz  T_14.10, 8;
    %pushi/vec4 1, 0, 1;
    %store/vec4 v0x7fb7c4f46dd0_0, 0, 1;
    %jmp T_14.11;
T_14.10 ;
    %pushi/vec4 0, 0, 1;
    %store/vec4 v0x7fb7c4f46dd0_0, 0, 1;
T_14.11 ;
    %jmp T_14.5;
T_14.4 ;
    %pushi/vec4 0, 0, 1;
    %store/vec4 v0x7fb7c4f44e60_0, 0, 1;
    %pushi/vec4 1, 0, 1;
    %store/vec4 v0x7fb7c4f44fb0_0, 0, 1;
    %load/vec4 v0x7fb7c4f461f0_0;
    %pad/u 5;
    %ix/vec4 4;
    %load/vec4a v0x7fb7c4f46990, 4;
    %load/vec4 v0x7fb7c4f461f0_0;
    %concat/vec4; draw_concat_vec4
    %pad/u 28;
    %store/vec4 v0x7fb7c4f44cd0_0, 0, 28;
    %load/vec4 v0x7fb7c4f461f0_0;
    %pad/u 5;
    %ix/vec4 4;
    %load/vec4a v0x7fb7c4f45e40, 4;
    %store/vec4 v0x7fb7c4f450c0_0, 0, 128;
    %load/vec4 v0x7fb7c4f44dc0_0;
    %nor/r;
    %flag_set/vec4 8;
    %jmp/0xz  T_14.12, 8;
    %pushi/vec4 1, 0, 2;
    %load/vec4 v0x7fb7c4f461f0_0;
    %pad/u 5;
    %ix/vec4 4;
    %store/vec4a v0x7fb7c4f46b10, 4, 0;
    %pushi/vec4 0, 0, 2;
    %load/vec4 v0x7fb7c4f461f0_0;
    %pad/u 5;
    %ix/vec4 4;
    %store/vec4a v0x7fb7c4f45fc0, 4, 0;
T_14.12 ;
    %jmp T_14.5;
T_14.5 ;
    %pop/vec4 1;
T_14.0 ;
    %jmp T_14;
    .thread T_14, $push;
    .scope S_0x7fb7c4f0c810;
T_15 ;
    %wait E_0x7fb7c4f44660;
    %load/vec4 v0x7fb7c4f46790_0;
    %flag_set/vec4 8;
    %jmp/0xz  T_15.0, 8;
    %pushi/vec4 0, 0, 1;
    %store/vec4 v0x7fb7c4f45d00_0, 0, 1;
    %pushi/vec4 0, 0, 32;
    %store/vec4 v0x7fb7c4f46140_0, 0, 32;
T_15.2 ;
    %load/vec4 v0x7fb7c4f46140_0;
    %cmpi/s 8, 0, 32;
    %jmp/0xz T_15.3, 5;
    %pushi/vec4 0, 0, 128;
    %ix/getv/s 4, v0x7fb7c4f46140_0;
    %store/vec4a v0x7fb7c4f45e40, 4, 0;
    %pushi/vec4 0, 0, 2;
    %ix/getv/s 4, v0x7fb7c4f46140_0;
    %store/vec4a v0x7fb7c4f46b10, 4, 0;
    %pushi/vec4 0, 0, 2;
    %ix/getv/s 4, v0x7fb7c4f46140_0;
    %store/vec4a v0x7fb7c4f45fc0, 4, 0;
    %load/vec4 v0x7fb7c4f46140_0;
    %addi 1, 0, 32;
    %store/vec4 v0x7fb7c4f46140_0, 0, 32;
    %jmp T_15.2;
T_15.3 ;
T_15.0 ;
    %jmp T_15;
    .thread T_15;
    .scope S_0x7fb7c4f0c810;
T_16 ;
    %wait E_0x7fb7c4f44630;
    %load/vec4 v0x7fb7c4f46790_0;
    %nor/r;
    %flag_set/vec4 8;
    %jmp/0xz  T_16.0, 8;
    %load/vec4 v0x7fb7c4f462a0_0;
    %store/vec4 v0x7fb7c4f46830_0, 0, 2;
    %jmp T_16.1;
T_16.0 ;
    %pushi/vec4 0, 0, 2;
    %store/vec4 v0x7fb7c4f46830_0, 0, 2;
    %pushi/vec4 0, 0, 2;
    %store/vec4 v0x7fb7c4f462a0_0, 0, 2;
T_16.1 ;
    %jmp T_16;
    .thread T_16;
    .scope S_0x7fb7c4f0c810;
T_17 ;
    %wait E_0x7fb7c4f44630;
    %load/vec4 v0x7fb7c4f46dd0_0;
    %flag_set/vec4 8;
    %jmp/0xz  T_17.0, 8;
    %delay 10, 0;
    %load/vec4 v0x7fb7c4f44f00_0;
    %load/vec4 v0x7fb7c4f461f0_0;
    %pad/u 5;
    %ix/vec4 4;
    %store/vec4a v0x7fb7c4f45e40, 4, 0;
    %load/vec4 v0x7fb7c4f468e0_0;
    %load/vec4 v0x7fb7c4f461f0_0;
    %pad/u 5;
    %ix/vec4 4;
    %store/vec4a v0x7fb7c4f46990, 4, 0;
    %pushi/vec4 1, 0, 2;
    %load/vec4 v0x7fb7c4f461f0_0;
    %pad/u 5;
    %ix/vec4 4;
    %store/vec4a v0x7fb7c4f46b10, 4, 0;
    %pushi/vec4 0, 0, 2;
    %load/vec4 v0x7fb7c4f461f0_0;
    %pad/u 5;
    %ix/vec4 4;
    %store/vec4a v0x7fb7c4f45fc0, 4, 0;
T_17.0 ;
    %jmp T_17;
    .thread T_17;
    .scope S_0x7fb7c4f0c810;
T_18 ;
    %wait E_0x7fb7c4f44630;
    %load/vec4 v0x7fb7c4f465c0_0;
    %flag_set/vec4 8;
    %load/vec4 v0x7fb7c4f46d30_0;
    %flag_set/vec4 9;
    %flag_or 9, 8;
    %jmp/0xz  T_18.0, 9;
    %pushi/vec4 0, 0, 1;
    %store/vec4 v0x7fb7c4f45d00_0, 0, 1;
    %pushi/vec4 0, 0, 1;
    %store/vec4 v0x7fb7c4f465c0_0, 0, 1;
T_18.0 ;
    %load/vec4 v0x7fb7c4f46d30_0;
    %flag_set/vec4 8;
    %jmp/0xz  T_18.2, 8;
    %delay 10, 0;
    %load/vec4 v0x7fb7c4f45620_0;
    %dup/vec4;
    %pushi/vec4 0, 0, 2;
    %cmp/u;
    %jmp/1 T_18.4, 6;
    %dup/vec4;
    %pushi/vec4 1, 0, 2;
    %cmp/u;
    %jmp/1 T_18.5, 6;
    %dup/vec4;
    %pushi/vec4 2, 0, 2;
    %cmp/u;
    %jmp/1 T_18.6, 6;
    %dup/vec4;
    %pushi/vec4 3, 0, 2;
    %cmp/u;
    %jmp/1 T_18.7, 6;
    %jmp T_18.8;
T_18.4 ;
    %load/vec4 v0x7fb7c4f46f10_0;
    %pad/u 8;
    %load/vec4 v0x7fb7c4f461f0_0;
    %pad/u 5;
    %ix/vec4 4;
    %flag_mov 8, 4;
    %ix/load 5, 0, 0;
    %flag_set/imm 4, 0;
    %flag_or 4, 8;
    %store/vec4a v0x7fb7c4f45e40, 4, 5;
    %jmp T_18.8;
T_18.5 ;
    %load/vec4 v0x7fb7c4f46f10_0;
    %pad/u 8;
    %load/vec4 v0x7fb7c4f461f0_0;
    %pad/u 5;
    %ix/vec4 4;
    %flag_mov 8, 4;
    %ix/load 5, 8, 0;
    %flag_set/imm 4, 0;
    %flag_or 4, 8;
    %store/vec4a v0x7fb7c4f45e40, 4, 5;
    %jmp T_18.8;
T_18.6 ;
    %load/vec4 v0x7fb7c4f46f10_0;
    %pad/u 8;
    %load/vec4 v0x7fb7c4f461f0_0;
    %pad/u 5;
    %ix/vec4 4;
    %flag_mov 8, 4;
    %ix/load 5, 16, 0;
    %flag_set/imm 4, 0;
    %flag_or 4, 8;
    %store/vec4a v0x7fb7c4f45e40, 4, 5;
    %jmp T_18.8;
T_18.7 ;
    %load/vec4 v0x7fb7c4f46f10_0;
    %pad/u 8;
    %load/vec4 v0x7fb7c4f461f0_0;
    %pad/u 5;
    %ix/vec4 4;
    %flag_mov 8, 4;
    %ix/load 5, 24, 0;
    %flag_set/imm 4, 0;
    %flag_or 4, 8;
    %store/vec4a v0x7fb7c4f45e40, 4, 5;
    %jmp T_18.8;
T_18.8 ;
    %pop/vec4 1;
    %pushi/vec4 1, 0, 2;
    %load/vec4 v0x7fb7c4f461f0_0;
    %pad/u 5;
    %ix/vec4 4;
    %store/vec4a v0x7fb7c4f45fc0, 4, 0;
    %pushi/vec4 0, 0, 1;
    %store/vec4 v0x7fb7c4f46d30_0, 0, 1;
T_18.2 ;
    %jmp T_18;
    .thread T_18;
    .scope S_0x7fb7c4f0c4d0;
T_19 ;
    %wait E_0x7fb7c4f47290;
    %delay 10, 0;
    %load/vec4 v0x7fb7c4f48750_0;
    %pad/u 5;
    %ix/vec4 4;
    %load/vec4a v0x7fb7c4f49070, 4;
    %pad/u 1;
    %store/vec4 v0x7fb7c4f47520_0, 0, 1;
    %load/vec4 v0x7fb7c4f48750_0;
    %pad/u 5;
    %ix/vec4 4;
    %load/vec4a v0x7fb7c4f48520, 4;
    %pad/u 32;
    %store/vec4 v0x7fb7c4f473e0_0, 0, 32;
    %load/vec4 v0x7fb7c4f48750_0;
    %pad/u 5;
    %ix/vec4 4;
    %load/vec4a v0x7fb7c4f48ef0, 4;
    %store/vec4 v0x7fb7c4f47480_0, 0, 3;
    %jmp T_19;
    .thread T_19, $push;
    .scope S_0x7fb7c4f0c4d0;
T_20 ;
    %wait E_0x7fb7c4f47200;
    %load/vec4 v0x7fb7c4f48aa0_0;
    %flag_set/vec4 8;
    %jmp/0xz  T_20.0, 8;
    %delay 10, 0;
    %load/vec4 v0x7fb7c4f488b0_0;
    %dup/vec4;
    %pushi/vec4 0, 0, 2;
    %cmp/u;
    %jmp/1 T_20.2, 6;
    %dup/vec4;
    %pushi/vec4 1, 0, 2;
    %cmp/u;
    %jmp/1 T_20.3, 6;
    %dup/vec4;
    %pushi/vec4 2, 0, 2;
    %cmp/u;
    %jmp/1 T_20.4, 6;
    %dup/vec4;
    %pushi/vec4 3, 0, 2;
    %cmp/u;
    %jmp/1 T_20.5, 6;
    %jmp T_20.6;
T_20.2 ;
    %load/vec4 v0x7fb7c4f48750_0;
    %pad/u 5;
    %ix/vec4 4;
    %load/vec4a v0x7fb7c4f48520, 4;
    %parti/s 32, 0, 2;
    %store/vec4 v0x7fb7c4f48b40_0, 0, 32;
    %jmp T_20.6;
T_20.3 ;
    %load/vec4 v0x7fb7c4f48750_0;
    %pad/u 5;
    %ix/vec4 4;
    %load/vec4a v0x7fb7c4f48520, 4;
    %parti/s 32, 32, 7;
    %store/vec4 v0x7fb7c4f48b40_0, 0, 32;
    %jmp T_20.6;
T_20.4 ;
    %load/vec4 v0x7fb7c4f48750_0;
    %pad/u 5;
    %ix/vec4 4;
    %load/vec4a v0x7fb7c4f48520, 4;
    %parti/s 32, 64, 8;
    %store/vec4 v0x7fb7c4f48b40_0, 0, 32;
    %jmp T_20.6;
T_20.5 ;
    %load/vec4 v0x7fb7c4f48750_0;
    %pad/u 5;
    %ix/vec4 4;
    %load/vec4a v0x7fb7c4f48520, 4;
    %parti/s 32, 96, 8;
    %store/vec4 v0x7fb7c4f48b40_0, 0, 32;
    %jmp T_20.6;
T_20.6 ;
    %pop/vec4 1;
T_20.0 ;
    %jmp T_20;
    .thread T_20, $push;
    .scope S_0x7fb7c4f0c4d0;
T_21 ;
    %wait E_0x7fb7c4f471a0;
    %load/vec4 v0x7fb7c4f48960_0;
    %flag_set/vec4 8;
    %jmp/0xz  T_21.0, 8;
    %pushi/vec4 1, 0, 1;
    %store/vec4 v0x7fb7c4f483e0_0, 0, 1;
    %pushi/vec4 1, 0, 1;
    %store/vec4 v0x7fb7c4f48aa0_0, 0, 1;
T_21.0 ;
    %jmp T_21;
    .thread T_21, $push;
    .scope S_0x7fb7c4f0c4d0;
T_22 ;
    %wait E_0x7fb7c4f1d730;
    %load/vec4 v0x7fb7c4f48dd0_0;
    %dup/vec4;
    %pushi/vec4 0, 0, 2;
    %cmp/u;
    %jmp/1 T_22.0, 6;
    %dup/vec4;
    %pushi/vec4 1, 0, 2;
    %cmp/u;
    %jmp/1 T_22.1, 6;
    %jmp T_22.2;
T_22.0 ;
    %load/vec4 v0x7fb7c4f47520_0;
    %nor/r;
    %load/vec4 v0x7fb7c4f48aa0_0;
    %and;
    %flag_set/vec4 8;
    %jmp/0xz  T_22.3, 8;
    %pushi/vec4 1, 0, 2;
    %store/vec4 v0x7fb7c4f48800_0, 0, 2;
    %jmp T_22.4;
T_22.3 ;
    %load/vec4 v0x7fb7c4f47520_0;
    %load/vec4 v0x7fb7c4f47890_0;
    %and;
    %load/vec4 v0x7fb7c4f48aa0_0;
    %and;
    %flag_set/vec4 8;
    %jmp/0xz  T_22.5, 8;
    %pushi/vec4 0, 0, 2;
    %store/vec4 v0x7fb7c4f48800_0, 0, 2;
    %jmp T_22.6;
T_22.5 ;
    %load/vec4 v0x7fb7c4f47520_0;
    %load/vec4 v0x7fb7c4f47890_0;
    %nor/r;
    %and;
    %load/vec4 v0x7fb7c4f48aa0_0;
    %and;
    %flag_set/vec4 8;
    %jmp/0xz  T_22.7, 8;
    %pushi/vec4 1, 0, 2;
    %store/vec4 v0x7fb7c4f48800_0, 0, 2;
T_22.7 ;
T_22.6 ;
T_22.4 ;
    %jmp T_22.2;
T_22.1 ;
    %load/vec4 v0x7fb7c4f47660_0;
    %flag_set/vec4 8;
    %jmp/0xz  T_22.9, 8;
    %pushi/vec4 1, 0, 2;
    %store/vec4 v0x7fb7c4f48800_0, 0, 2;
    %jmp T_22.10;
T_22.9 ;
    %pushi/vec4 0, 0, 2;
    %store/vec4 v0x7fb7c4f48800_0, 0, 2;
T_22.10 ;
    %jmp T_22.2;
T_22.2 ;
    %pop/vec4 1;
    %jmp T_22;
    .thread T_22, $push;
    .scope S_0x7fb7c4f0c4d0;
T_23 ;
    %wait E_0x7fb7c4f47120;
    %load/vec4 v0x7fb7c4f48aa0_0;
    %flag_set/vec4 8;
    %jmp/0xz  T_23.0, 8;
    %load/vec4 v0x7fb7c4f48dd0_0;
    %dup/vec4;
    %pushi/vec4 0, 0, 2;
    %cmp/u;
    %jmp/1 T_23.2, 6;
    %dup/vec4;
    %pushi/vec4 1, 0, 2;
    %cmp/u;
    %jmp/1 T_23.3, 6;
    %jmp T_23.4;
T_23.2 ;
    %pushi/vec4 0, 0, 1;
    %store/vec4 v0x7fb7c4f47740_0, 0, 1;
    %load/vec4 v0x7fb7c4f48aa0_0;
    %load/vec4 v0x7fb7c4f47890_0;
    %and;
    %load/vec4 v0x7fb7c4f47520_0;
    %and;
    %flag_set/vec4 8;
    %jmp/0xz  T_23.5, 8;
    %pushi/vec4 1, 0, 1;
    %store/vec4 v0x7fb7c4f48a00_0, 0, 1;
    %jmp T_23.6;
T_23.5 ;
    %pushi/vec4 0, 0, 1;
    %store/vec4 v0x7fb7c4f48a00_0, 0, 1;
T_23.6 ;
    %jmp T_23.4;
T_23.3 ;
    %pushi/vec4 1, 0, 1;
    %store/vec4 v0x7fb7c4f47740_0, 0, 1;
    %load/vec4 v0x7fb7c4f48e60_0;
    %load/vec4 v0x7fb7c4f48750_0;
    %concat/vec4; draw_concat_vec4
    %store/vec4 v0x7fb7c4f475b0_0, 0, 6;
    %load/vec4 v0x7fb7c4f47660_0;
    %nor/r;
    %flag_set/vec4 8;
    %jmp/0xz  T_23.7, 8;
    %pushi/vec4 1, 0, 1;
    %store/vec4 v0x7fb7c4f491f0_0, 0, 1;
    %jmp T_23.8;
T_23.7 ;
    %pushi/vec4 0, 0, 1;
    %store/vec4 v0x7fb7c4f491f0_0, 0, 1;
T_23.8 ;
    %jmp T_23.4;
T_23.4 ;
    %pop/vec4 1;
T_23.0 ;
    %jmp T_23;
    .thread T_23, $push;
    .scope S_0x7fb7c4f0c4d0;
T_24 ;
    %wait E_0x7fb7c4f45090;
    %load/vec4 v0x7fb7c4f47fb0_0;
    %flag_set/vec4 8;
    %jmp/0xz  T_24.0, 8;
    %pushi/vec4 0, 0, 1;
    %store/vec4 v0x7fb7c4f483e0_0, 0, 1;
    %pushi/vec4 0, 0, 32;
    %store/vec4 v0x7fb7c4f486a0_0, 0, 32;
T_24.2 ;
    %load/vec4 v0x7fb7c4f486a0_0;
    %cmpi/s 8, 0, 32;
    %jmp/0xz T_24.3, 5;
    %pushi/vec4 0, 0, 128;
    %ix/getv/s 4, v0x7fb7c4f486a0_0;
    %store/vec4a v0x7fb7c4f48520, 4, 0;
    %pushi/vec4 0, 0, 2;
    %ix/getv/s 4, v0x7fb7c4f486a0_0;
    %store/vec4a v0x7fb7c4f49070, 4, 0;
    %load/vec4 v0x7fb7c4f486a0_0;
    %addi 1, 0, 32;
    %store/vec4 v0x7fb7c4f486a0_0, 0, 32;
    %jmp T_24.2;
T_24.3 ;
T_24.0 ;
    %jmp T_24;
    .thread T_24;
    .scope S_0x7fb7c4f0c4d0;
T_25 ;
    %wait E_0x7fb7c4f45040;
    %load/vec4 v0x7fb7c4f47fb0_0;
    %nor/r;
    %flag_set/vec4 8;
    %jmp/0xz  T_25.0, 8;
    %load/vec4 v0x7fb7c4f48800_0;
    %store/vec4 v0x7fb7c4f48dd0_0, 0, 2;
    %jmp T_25.1;
T_25.0 ;
    %pushi/vec4 0, 0, 2;
    %store/vec4 v0x7fb7c4f48dd0_0, 0, 2;
    %pushi/vec4 0, 0, 2;
    %store/vec4 v0x7fb7c4f48800_0, 0, 2;
T_25.1 ;
    %jmp T_25;
    .thread T_25;
    .scope S_0x7fb7c4f0c4d0;
T_26 ;
    %wait E_0x7fb7c4f45040;
    %load/vec4 v0x7fb7c4f491f0_0;
    %flag_set/vec4 8;
    %jmp/0xz  T_26.0, 8;
    %delay 10, 0;
    %load/vec4 v0x7fb7c4f477e0_0;
    %load/vec4 v0x7fb7c4f48750_0;
    %pad/u 5;
    %ix/vec4 4;
    %store/vec4a v0x7fb7c4f48520, 4, 0;
    %load/vec4 v0x7fb7c4f48e60_0;
    %load/vec4 v0x7fb7c4f48750_0;
    %pad/u 5;
    %ix/vec4 4;
    %store/vec4a v0x7fb7c4f48ef0, 4, 0;
    %pushi/vec4 1, 0, 2;
    %load/vec4 v0x7fb7c4f48750_0;
    %pad/u 5;
    %ix/vec4 4;
    %store/vec4a v0x7fb7c4f49070, 4, 0;
T_26.0 ;
    %jmp T_26;
    .thread T_26;
    .scope S_0x7fb7c4f0c4d0;
T_27 ;
    %wait E_0x7fb7c4f45040;
    %load/vec4 v0x7fb7c4f48a00_0;
    %flag_set/vec4 8;
    %jmp/0xz  T_27.0, 8;
    %pushi/vec4 0, 0, 1;
    %store/vec4 v0x7fb7c4f483e0_0, 0, 1;
    %pushi/vec4 0, 0, 1;
    %store/vec4 v0x7fb7c4f48a00_0, 0, 1;
    %pushi/vec4 0, 0, 1;
    %store/vec4 v0x7fb7c4f48aa0_0, 0, 1;
T_27.0 ;
    %jmp T_27;
    .thread T_27;
# The file index is used to find the file name in the following table.
:file_names 13;
    "N/A";
    "<interactive>";
    "cpu.v";
    "./mux2to1_32bit.v";
    "./alu.v";
    "./branch_select.v";
    "./control_unit.v";
    "./mux2to1_3bit.v";
    "./immediate_select.v";
    "./reg_file.v";
    "./mux4to1_32bit.v";
    "./data_cache_memory.v";
    "./ins_cache_memory.v";
