#! /usr/local/Cellar/icarus-verilog/11.0/bin/vvp
:ivl_version "11.0 (stable)";
:ivl_delay_selection "TYPICAL";
:vpi_time_precision - 10;
:vpi_module "/usr/local/Cellar/icarus-verilog/11.0/lib/ivl/system.vpi";
:vpi_module "/usr/local/Cellar/icarus-verilog/11.0/lib/ivl/vhdl_sys.vpi";
:vpi_module "/usr/local/Cellar/icarus-verilog/11.0/lib/ivl/vhdl_textio.vpi";
:vpi_module "/usr/local/Cellar/icarus-verilog/11.0/lib/ivl/v2005_math.vpi";
:vpi_module "/usr/local/Cellar/icarus-verilog/11.0/lib/ivl/va_math.vpi";
S_0x7ff7c76041c0 .scope module, "data_memory" "data_memory" 2 14;
 .timescale -9 -10;
    .port_info 0 /INPUT 1 "clock";
    .port_info 1 /INPUT 1 "reset";
    .port_info 2 /INPUT 1 "read";
    .port_info 3 /INPUT 1 "write";
    .port_info 4 /INPUT 28 "address";
    .port_info 5 /INPUT 128 "writedata";
    .port_info 6 /OUTPUT 128 "readdata";
    .port_info 7 /OUTPUT 1 "busywait";
v0x7ff7c76044e0_0 .var *"_ivl_10", 7 0; Local signal
v0x7ff7c76145a0_0 .var *"_ivl_11", 7 0; Local signal
v0x7ff7c7614650_0 .var *"_ivl_12", 7 0; Local signal
v0x7ff7c7614710_0 .var *"_ivl_13", 7 0; Local signal
v0x7ff7c76147c0_0 .var *"_ivl_14", 7 0; Local signal
v0x7ff7c76148b0_0 .var *"_ivl_15", 7 0; Local signal
v0x7ff7c7614960_0 .var *"_ivl_16", 7 0; Local signal
v0x7ff7c7614a10_0 .var *"_ivl_17", 7 0; Local signal
v0x7ff7c7614ac0_0 .var *"_ivl_18", 7 0; Local signal
v0x7ff7c7614bd0_0 .var *"_ivl_19", 7 0; Local signal
v0x7ff7c7614c80_0 .var *"_ivl_20", 7 0; Local signal
v0x7ff7c7614d30_0 .var *"_ivl_21", 7 0; Local signal
v0x7ff7c7614de0_0 .var *"_ivl_22", 7 0; Local signal
v0x7ff7c7614e90_0 .var *"_ivl_23", 7 0; Local signal
v0x7ff7c7614f40_0 .var *"_ivl_24", 7 0; Local signal
v0x7ff7c7614ff0_0 .var *"_ivl_25", 7 0; Local signal
v0x7ff7c76150a0_0 .var *"_ivl_26", 7 0; Local signal
v0x7ff7c7615230_0 .var *"_ivl_27", 7 0; Local signal
v0x7ff7c76152c0_0 .var *"_ivl_28", 7 0; Local signal
v0x7ff7c7615370_0 .var *"_ivl_29", 7 0; Local signal
v0x7ff7c7615420_0 .var *"_ivl_3", 7 0; Local signal
v0x7ff7c76154d0_0 .var *"_ivl_30", 7 0; Local signal
v0x7ff7c7615580_0 .var *"_ivl_31", 7 0; Local signal
v0x7ff7c7615630_0 .var *"_ivl_32", 7 0; Local signal
v0x7ff7c76156e0_0 .var *"_ivl_33", 7 0; Local signal
v0x7ff7c7615790_0 .var *"_ivl_34", 7 0; Local signal
v0x7ff7c7615840_0 .var *"_ivl_4", 7 0; Local signal
v0x7ff7c76158f0_0 .var *"_ivl_5", 7 0; Local signal
v0x7ff7c76159a0_0 .var *"_ivl_6", 7 0; Local signal
v0x7ff7c7615a50_0 .var *"_ivl_7", 7 0; Local signal
v0x7ff7c7615b00_0 .var *"_ivl_8", 7 0; Local signal
v0x7ff7c7615bb0_0 .var *"_ivl_9", 7 0; Local signal
o0x7ff7c7532608 .functor BUFZ 28, C4<zzzzzzzzzzzzzzzzzzzzzzzzzzzz>; HiZ drive
v0x7ff7c7615c60_0 .net "address", 27 0, o0x7ff7c7532608;  0 drivers
v0x7ff7c7615150_0 .var "busywait", 0 0;
o0x7ff7c7532668 .functor BUFZ 1, C4<z>; HiZ drive
v0x7ff7c7615ef0_0 .net "clock", 0 0, o0x7ff7c7532668;  0 drivers
v0x7ff7c7615f80_0 .var/i "i", 31 0;
v0x7ff7c7616010 .array "memory_array", 0 255, 7 0;
o0x7ff7c75326c8 .functor BUFZ 1, C4<z>; HiZ drive
v0x7ff7c76160a0_0 .net "read", 0 0, o0x7ff7c75326c8;  0 drivers
v0x7ff7c7616140_0 .var "readaccess", 0 0;
v0x7ff7c76161e0_0 .var "readdata", 127 0;
o0x7ff7c7532758 .functor BUFZ 1, C4<z>; HiZ drive
v0x7ff7c7616290_0 .net "reset", 0 0, o0x7ff7c7532758;  0 drivers
o0x7ff7c7532788 .functor BUFZ 1, C4<z>; HiZ drive
v0x7ff7c7616330_0 .net "write", 0 0, o0x7ff7c7532788;  0 drivers
v0x7ff7c76163d0_0 .var "writeaccess", 0 0;
o0x7ff7c75327e8 .functor BUFZ 128, C4<zzzzzzzzzzzzzzzzzzzzzzzzzzzzzzzzzzzzzzzzzzzzzzzzzzzzzzzzzzzzzzzzzzzzzzzzzzzzzzzzzzzzzzzzzzzzzzzzzzzzzzzzzzzzzzzzzzzzzzzzzzzzzzzz>; HiZ drive
v0x7ff7c7616470_0 .net "writedata", 127 0, o0x7ff7c75327e8;  0 drivers
E_0x7ff7c7604440 .event posedge, v0x7ff7c7616290_0;
E_0x7ff7c7604470 .event posedge, v0x7ff7c7615ef0_0;
E_0x7ff7c76044b0 .event edge, v0x7ff7c7616330_0, v0x7ff7c76160a0_0;
    .scope S_0x7ff7c76041c0;
T_0 ;
    %wait E_0x7ff7c76044b0;
    %load/vec4 v0x7ff7c76160a0_0;
    %flag_set/vec4 8;
    %load/vec4 v0x7ff7c7616330_0;
    %flag_set/vec4 9;
    %flag_or 9, 8;
    %jmp/0 T_0.0, 9;
    %pushi/vec4 1, 0, 2;
    %jmp/1 T_0.1, 9;
T_0.0 ; End of true expr.
    %pushi/vec4 0, 0, 2;
    %jmp/0 T_0.1, 9;
 ; End of false expr.
    %blend;
T_0.1;
    %pad/s 1;
    %store/vec4 v0x7ff7c7615150_0, 0, 1;
    %load/vec4 v0x7ff7c76160a0_0;
    %load/vec4 v0x7ff7c7616330_0;
    %nor/r;
    %and;
    %flag_set/vec4 8;
    %jmp/0 T_0.2, 8;
    %pushi/vec4 1, 0, 2;
    %jmp/1 T_0.3, 8;
T_0.2 ; End of true expr.
    %pushi/vec4 0, 0, 2;
    %jmp/0 T_0.3, 8;
 ; End of false expr.
    %blend;
T_0.3;
    %pad/s 1;
    %store/vec4 v0x7ff7c7616140_0, 0, 1;
    %load/vec4 v0x7ff7c76160a0_0;
    %nor/r;
    %load/vec4 v0x7ff7c7616330_0;
    %and;
    %flag_set/vec4 8;
    %jmp/0 T_0.4, 8;
    %pushi/vec4 1, 0, 2;
    %jmp/1 T_0.5, 8;
T_0.4 ; End of true expr.
    %pushi/vec4 0, 0, 2;
    %jmp/0 T_0.5, 8;
 ; End of false expr.
    %blend;
T_0.5;
    %pad/s 1;
    %store/vec4 v0x7ff7c76163d0_0, 0, 1;
    %jmp T_0;
    .thread T_0, $push;
    .scope S_0x7ff7c76041c0;
T_1 ;
    %wait E_0x7ff7c7604470;
    %load/vec4 v0x7ff7c7616140_0;
    %flag_set/vec4 8;
    %jmp/0xz  T_1.0, 8;
    %load/vec4 v0x7ff7c7615c60_0;
    %concati/vec4 0, 0, 4;
    %ix/vec4 4;
    %load/vec4a v0x7ff7c7616010, 4;
    %store/vec4 v0x7ff7c7615420_0, 0, 8;
    %pushi/vec4 400, 0, 64;
    %ix/vec4 4;
    %delayx 4;
    %load/vec4 v0x7ff7c7615420_0;
    %ix/load 4, 0, 0;
    %flag_set/imm 4, 0;
    %store/vec4 v0x7ff7c76161e0_0, 4, 8;
    %load/vec4 v0x7ff7c7615c60_0;
    %concati/vec4 1, 0, 4;
    %ix/vec4 4;
    %load/vec4a v0x7ff7c7616010, 4;
    %store/vec4 v0x7ff7c7615840_0, 0, 8;
    %pushi/vec4 400, 0, 64;
    %ix/vec4 4;
    %delayx 4;
    %load/vec4 v0x7ff7c7615840_0;
    %ix/load 4, 8, 0;
    %flag_set/imm 4, 0;
    %store/vec4 v0x7ff7c76161e0_0, 4, 8;
    %load/vec4 v0x7ff7c7615c60_0;
    %concati/vec4 2, 0, 4;
    %ix/vec4 4;
    %load/vec4a v0x7ff7c7616010, 4;
    %store/vec4 v0x7ff7c76158f0_0, 0, 8;
    %pushi/vec4 400, 0, 64;
    %ix/vec4 4;
    %delayx 4;
    %load/vec4 v0x7ff7c76158f0_0;
    %ix/load 4, 16, 0;
    %flag_set/imm 4, 0;
    %store/vec4 v0x7ff7c76161e0_0, 4, 8;
    %load/vec4 v0x7ff7c7615c60_0;
    %concati/vec4 3, 0, 4;
    %ix/vec4 4;
    %load/vec4a v0x7ff7c7616010, 4;
    %store/vec4 v0x7ff7c76159a0_0, 0, 8;
    %pushi/vec4 400, 0, 64;
    %ix/vec4 4;
    %delayx 4;
    %load/vec4 v0x7ff7c76159a0_0;
    %ix/load 4, 24, 0;
    %flag_set/imm 4, 0;
    %store/vec4 v0x7ff7c76161e0_0, 4, 8;
    %load/vec4 v0x7ff7c7615c60_0;
    %concati/vec4 4, 0, 4;
    %ix/vec4 4;
    %load/vec4a v0x7ff7c7616010, 4;
    %store/vec4 v0x7ff7c7615a50_0, 0, 8;
    %pushi/vec4 400, 0, 64;
    %ix/vec4 4;
    %delayx 4;
    %load/vec4 v0x7ff7c7615a50_0;
    %ix/load 4, 32, 0;
    %flag_set/imm 4, 0;
    %store/vec4 v0x7ff7c76161e0_0, 4, 8;
    %load/vec4 v0x7ff7c7615c60_0;
    %concati/vec4 5, 0, 4;
    %ix/vec4 4;
    %load/vec4a v0x7ff7c7616010, 4;
    %store/vec4 v0x7ff7c7615b00_0, 0, 8;
    %pushi/vec4 400, 0, 64;
    %ix/vec4 4;
    %delayx 4;
    %load/vec4 v0x7ff7c7615b00_0;
    %ix/load 4, 40, 0;
    %flag_set/imm 4, 0;
    %store/vec4 v0x7ff7c76161e0_0, 4, 8;
    %load/vec4 v0x7ff7c7615c60_0;
    %concati/vec4 6, 0, 4;
    %ix/vec4 4;
    %load/vec4a v0x7ff7c7616010, 4;
    %store/vec4 v0x7ff7c7615bb0_0, 0, 8;
    %pushi/vec4 400, 0, 64;
    %ix/vec4 4;
    %delayx 4;
    %load/vec4 v0x7ff7c7615bb0_0;
    %ix/load 4, 48, 0;
    %flag_set/imm 4, 0;
    %store/vec4 v0x7ff7c76161e0_0, 4, 8;
    %load/vec4 v0x7ff7c7615c60_0;
    %concati/vec4 7, 0, 4;
    %ix/vec4 4;
    %load/vec4a v0x7ff7c7616010, 4;
    %store/vec4 v0x7ff7c76044e0_0, 0, 8;
    %pushi/vec4 400, 0, 64;
    %ix/vec4 4;
    %delayx 4;
    %load/vec4 v0x7ff7c76044e0_0;
    %ix/load 4, 56, 0;
    %flag_set/imm 4, 0;
    %store/vec4 v0x7ff7c76161e0_0, 4, 8;
    %load/vec4 v0x7ff7c7615c60_0;
    %concati/vec4 8, 0, 4;
    %ix/vec4 4;
    %load/vec4a v0x7ff7c7616010, 4;
    %store/vec4 v0x7ff7c76145a0_0, 0, 8;
    %pushi/vec4 400, 0, 64;
    %ix/vec4 4;
    %delayx 4;
    %load/vec4 v0x7ff7c76145a0_0;
    %ix/load 4, 64, 0;
    %flag_set/imm 4, 0;
    %store/vec4 v0x7ff7c76161e0_0, 4, 8;
    %load/vec4 v0x7ff7c7615c60_0;
    %concati/vec4 9, 0, 4;
    %ix/vec4 4;
    %load/vec4a v0x7ff7c7616010, 4;
    %store/vec4 v0x7ff7c7614650_0, 0, 8;
    %pushi/vec4 400, 0, 64;
    %ix/vec4 4;
    %delayx 4;
    %load/vec4 v0x7ff7c7614650_0;
    %ix/load 4, 72, 0;
    %flag_set/imm 4, 0;
    %store/vec4 v0x7ff7c76161e0_0, 4, 8;
    %load/vec4 v0x7ff7c7615c60_0;
    %concati/vec4 10, 0, 4;
    %ix/vec4 4;
    %load/vec4a v0x7ff7c7616010, 4;
    %store/vec4 v0x7ff7c7614710_0, 0, 8;
    %pushi/vec4 400, 0, 64;
    %ix/vec4 4;
    %delayx 4;
    %load/vec4 v0x7ff7c7614710_0;
    %ix/load 4, 80, 0;
    %flag_set/imm 4, 0;
    %store/vec4 v0x7ff7c76161e0_0, 4, 8;
    %load/vec4 v0x7ff7c7615c60_0;
    %concati/vec4 11, 0, 4;
    %ix/vec4 4;
    %load/vec4a v0x7ff7c7616010, 4;
    %store/vec4 v0x7ff7c76147c0_0, 0, 8;
    %pushi/vec4 400, 0, 64;
    %ix/vec4 4;
    %delayx 4;
    %load/vec4 v0x7ff7c76147c0_0;
    %ix/load 4, 88, 0;
    %flag_set/imm 4, 0;
    %store/vec4 v0x7ff7c76161e0_0, 4, 8;
    %load/vec4 v0x7ff7c7615c60_0;
    %concati/vec4 12, 0, 4;
    %ix/vec4 4;
    %load/vec4a v0x7ff7c7616010, 4;
    %store/vec4 v0x7ff7c76148b0_0, 0, 8;
    %pushi/vec4 400, 0, 64;
    %ix/vec4 4;
    %delayx 4;
    %load/vec4 v0x7ff7c76148b0_0;
    %ix/load 4, 96, 0;
    %flag_set/imm 4, 0;
    %store/vec4 v0x7ff7c76161e0_0, 4, 8;
    %load/vec4 v0x7ff7c7615c60_0;
    %concati/vec4 13, 0, 4;
    %ix/vec4 4;
    %load/vec4a v0x7ff7c7616010, 4;
    %store/vec4 v0x7ff7c7614960_0, 0, 8;
    %pushi/vec4 400, 0, 64;
    %ix/vec4 4;
    %delayx 4;
    %load/vec4 v0x7ff7c7614960_0;
    %ix/load 4, 104, 0;
    %flag_set/imm 4, 0;
    %store/vec4 v0x7ff7c76161e0_0, 4, 8;
    %load/vec4 v0x7ff7c7615c60_0;
    %concati/vec4 14, 0, 4;
    %ix/vec4 4;
    %load/vec4a v0x7ff7c7616010, 4;
    %store/vec4 v0x7ff7c7614a10_0, 0, 8;
    %pushi/vec4 400, 0, 64;
    %ix/vec4 4;
    %delayx 4;
    %load/vec4 v0x7ff7c7614a10_0;
    %ix/load 4, 112, 0;
    %flag_set/imm 4, 0;
    %store/vec4 v0x7ff7c76161e0_0, 4, 8;
    %load/vec4 v0x7ff7c7615c60_0;
    %concati/vec4 15, 0, 4;
    %ix/vec4 4;
    %load/vec4a v0x7ff7c7616010, 4;
    %store/vec4 v0x7ff7c7614ac0_0, 0, 8;
    %pushi/vec4 400, 0, 64;
    %ix/vec4 4;
    %delayx 4;
    %load/vec4 v0x7ff7c7614ac0_0;
    %ix/load 4, 120, 0;
    %flag_set/imm 4, 0;
    %store/vec4 v0x7ff7c76161e0_0, 4, 8;
    %pushi/vec4 0, 0, 1;
    %store/vec4 v0x7ff7c7615150_0, 0, 1;
    %pushi/vec4 0, 0, 1;
    %store/vec4 v0x7ff7c7616140_0, 0, 1;
T_1.0 ;
    %load/vec4 v0x7ff7c76163d0_0;
    %flag_set/vec4 8;
    %jmp/0xz  T_1.2, 8;
    %load/vec4 v0x7ff7c7616470_0;
    %parti/s 8, 0, 2;
    %store/vec4 v0x7ff7c7614bd0_0, 0, 8;
    %pushi/vec4 400, 0, 64;
    %ix/vec4 4;
    %delayx 4;
    %load/vec4 v0x7ff7c7614bd0_0;
    %load/vec4 v0x7ff7c7615c60_0;
    %concati/vec4 0, 0, 4;
    %ix/vec4 4;
    %store/vec4a v0x7ff7c7616010, 4, 0;
    %load/vec4 v0x7ff7c7616470_0;
    %parti/s 8, 8, 5;
    %store/vec4 v0x7ff7c7614c80_0, 0, 8;
    %pushi/vec4 400, 0, 64;
    %ix/vec4 4;
    %delayx 4;
    %load/vec4 v0x7ff7c7614c80_0;
    %load/vec4 v0x7ff7c7615c60_0;
    %concati/vec4 1, 0, 4;
    %ix/vec4 4;
    %store/vec4a v0x7ff7c7616010, 4, 0;
    %load/vec4 v0x7ff7c7616470_0;
    %parti/s 8, 16, 6;
    %store/vec4 v0x7ff7c7614d30_0, 0, 8;
    %pushi/vec4 400, 0, 64;
    %ix/vec4 4;
    %delayx 4;
    %load/vec4 v0x7ff7c7614d30_0;
    %load/vec4 v0x7ff7c7615c60_0;
    %concati/vec4 2, 0, 4;
    %ix/vec4 4;
    %store/vec4a v0x7ff7c7616010, 4, 0;
    %load/vec4 v0x7ff7c7616470_0;
    %parti/s 8, 24, 6;
    %store/vec4 v0x7ff7c7614de0_0, 0, 8;
    %pushi/vec4 400, 0, 64;
    %ix/vec4 4;
    %delayx 4;
    %load/vec4 v0x7ff7c7614de0_0;
    %load/vec4 v0x7ff7c7615c60_0;
    %concati/vec4 3, 0, 4;
    %ix/vec4 4;
    %store/vec4a v0x7ff7c7616010, 4, 0;
    %load/vec4 v0x7ff7c7616470_0;
    %parti/s 8, 32, 7;
    %store/vec4 v0x7ff7c7614e90_0, 0, 8;
    %pushi/vec4 400, 0, 64;
    %ix/vec4 4;
    %delayx 4;
    %load/vec4 v0x7ff7c7614e90_0;
    %load/vec4 v0x7ff7c7615c60_0;
    %concati/vec4 4, 0, 4;
    %ix/vec4 4;
    %store/vec4a v0x7ff7c7616010, 4, 0;
    %load/vec4 v0x7ff7c7616470_0;
    %parti/s 8, 40, 7;
    %store/vec4 v0x7ff7c7614f40_0, 0, 8;
    %pushi/vec4 400, 0, 64;
    %ix/vec4 4;
    %delayx 4;
    %load/vec4 v0x7ff7c7614f40_0;
    %load/vec4 v0x7ff7c7615c60_0;
    %concati/vec4 5, 0, 4;
    %ix/vec4 4;
    %store/vec4a v0x7ff7c7616010, 4, 0;
    %load/vec4 v0x7ff7c7616470_0;
    %parti/s 8, 48, 7;
    %store/vec4 v0x7ff7c7614ff0_0, 0, 8;
    %pushi/vec4 400, 0, 64;
    %ix/vec4 4;
    %delayx 4;
    %load/vec4 v0x7ff7c7614ff0_0;
    %load/vec4 v0x7ff7c7615c60_0;
    %concati/vec4 6, 0, 4;
    %ix/vec4 4;
    %store/vec4a v0x7ff7c7616010, 4, 0;
    %load/vec4 v0x7ff7c7616470_0;
    %parti/s 8, 56, 7;
    %store/vec4 v0x7ff7c76150a0_0, 0, 8;
    %pushi/vec4 400, 0, 64;
    %ix/vec4 4;
    %delayx 4;
    %load/vec4 v0x7ff7c76150a0_0;
    %load/vec4 v0x7ff7c7615c60_0;
    %concati/vec4 7, 0, 4;
    %ix/vec4 4;
    %store/vec4a v0x7ff7c7616010, 4, 0;
    %load/vec4 v0x7ff7c7616470_0;
    %parti/s 8, 64, 8;
    %store/vec4 v0x7ff7c7615230_0, 0, 8;
    %pushi/vec4 400, 0, 64;
    %ix/vec4 4;
    %delayx 4;
    %load/vec4 v0x7ff7c7615230_0;
    %load/vec4 v0x7ff7c7615c60_0;
    %concati/vec4 8, 0, 4;
    %ix/vec4 4;
    %store/vec4a v0x7ff7c7616010, 4, 0;
    %load/vec4 v0x7ff7c7616470_0;
    %parti/s 8, 72, 8;
    %store/vec4 v0x7ff7c76152c0_0, 0, 8;
    %pushi/vec4 400, 0, 64;
    %ix/vec4 4;
    %delayx 4;
    %load/vec4 v0x7ff7c76152c0_0;
    %load/vec4 v0x7ff7c7615c60_0;
    %concati/vec4 9, 0, 4;
    %ix/vec4 4;
    %store/vec4a v0x7ff7c7616010, 4, 0;
    %load/vec4 v0x7ff7c7616470_0;
    %parti/s 8, 80, 8;
    %store/vec4 v0x7ff7c7615370_0, 0, 8;
    %pushi/vec4 400, 0, 64;
    %ix/vec4 4;
    %delayx 4;
    %load/vec4 v0x7ff7c7615370_0;
    %load/vec4 v0x7ff7c7615c60_0;
    %concati/vec4 10, 0, 4;
    %ix/vec4 4;
    %store/vec4a v0x7ff7c7616010, 4, 0;
    %load/vec4 v0x7ff7c7616470_0;
    %parti/s 8, 88, 8;
    %store/vec4 v0x7ff7c76154d0_0, 0, 8;
    %pushi/vec4 400, 0, 64;
    %ix/vec4 4;
    %delayx 4;
    %load/vec4 v0x7ff7c76154d0_0;
    %load/vec4 v0x7ff7c7615c60_0;
    %concati/vec4 11, 0, 4;
    %ix/vec4 4;
    %store/vec4a v0x7ff7c7616010, 4, 0;
    %load/vec4 v0x7ff7c7616470_0;
    %parti/s 8, 96, 8;
    %store/vec4 v0x7ff7c7615580_0, 0, 8;
    %pushi/vec4 400, 0, 64;
    %ix/vec4 4;
    %delayx 4;
    %load/vec4 v0x7ff7c7615580_0;
    %load/vec4 v0x7ff7c7615c60_0;
    %concati/vec4 12, 0, 4;
    %ix/vec4 4;
    %store/vec4a v0x7ff7c7616010, 4, 0;
    %load/vec4 v0x7ff7c7616470_0;
    %parti/s 8, 104, 8;
    %store/vec4 v0x7ff7c7615630_0, 0, 8;
    %pushi/vec4 400, 0, 64;
    %ix/vec4 4;
    %delayx 4;
    %load/vec4 v0x7ff7c7615630_0;
    %load/vec4 v0x7ff7c7615c60_0;
    %concati/vec4 13, 0, 4;
    %ix/vec4 4;
    %store/vec4a v0x7ff7c7616010, 4, 0;
    %load/vec4 v0x7ff7c7616470_0;
    %parti/s 8, 112, 8;
    %store/vec4 v0x7ff7c76156e0_0, 0, 8;
    %pushi/vec4 400, 0, 64;
    %ix/vec4 4;
    %delayx 4;
    %load/vec4 v0x7ff7c76156e0_0;
    %load/vec4 v0x7ff7c7615c60_0;
    %concati/vec4 14, 0, 4;
    %ix/vec4 4;
    %store/vec4a v0x7ff7c7616010, 4, 0;
    %load/vec4 v0x7ff7c7616470_0;
    %parti/s 8, 120, 8;
    %store/vec4 v0x7ff7c7615790_0, 0, 8;
    %pushi/vec4 400, 0, 64;
    %ix/vec4 4;
    %delayx 4;
    %load/vec4 v0x7ff7c7615790_0;
    %load/vec4 v0x7ff7c7615c60_0;
    %concati/vec4 15, 0, 4;
    %ix/vec4 4;
    %store/vec4a v0x7ff7c7616010, 4, 0;
    %pushi/vec4 0, 0, 1;
    %store/vec4 v0x7ff7c7615150_0, 0, 1;
    %pushi/vec4 0, 0, 1;
    %store/vec4 v0x7ff7c76163d0_0, 0, 1;
T_1.2 ;
    %jmp T_1;
    .thread T_1;
    .scope S_0x7ff7c76041c0;
T_2 ;
    %wait E_0x7ff7c7604440;
    %load/vec4 v0x7ff7c7616290_0;
    %flag_set/vec4 8;
    %jmp/0xz  T_2.0, 8;
    %pushi/vec4 0, 0, 32;
    %store/vec4 v0x7ff7c7615f80_0, 0, 32;
T_2.2 ;
    %load/vec4 v0x7ff7c7615f80_0;
    %cmpi/s 256, 0, 32;
    %jmp/0xz T_2.3, 5;
    %pushi/vec4 0, 0, 8;
    %ix/getv/s 4, v0x7ff7c7615f80_0;
    %store/vec4a v0x7ff7c7616010, 4, 0;
    %load/vec4 v0x7ff7c7615f80_0;
    %addi 1, 0, 32;
    %store/vec4 v0x7ff7c7615f80_0, 0, 32;
    %jmp T_2.2;
T_2.3 ;
    %pushi/vec4 0, 0, 1;
    %store/vec4 v0x7ff7c7615150_0, 0, 1;
    %pushi/vec4 0, 0, 1;
    %store/vec4 v0x7ff7c7616140_0, 0, 1;
    %pushi/vec4 0, 0, 1;
    %store/vec4 v0x7ff7c76163d0_0, 0, 1;
T_2.0 ;
    %jmp T_2;
    .thread T_2;
# The file index is used to find the file name in the following table.
:file_names 3;
    "N/A";
    "<interactive>";
    "data_memory.v";
