#! /usr/local/Cellar/icarus-verilog/11.0/bin/vvp
:ivl_version "11.0 (stable)";
:ivl_delay_selection "TYPICAL";
:vpi_time_precision - 10;
:vpi_module "/usr/local/Cellar/icarus-verilog/11.0/lib/ivl/system.vpi";
:vpi_module "/usr/local/Cellar/icarus-verilog/11.0/lib/ivl/vhdl_sys.vpi";
:vpi_module "/usr/local/Cellar/icarus-verilog/11.0/lib/ivl/vhdl_textio.vpi";
:vpi_module "/usr/local/Cellar/icarus-verilog/11.0/lib/ivl/v2005_math.vpi";
:vpi_module "/usr/local/Cellar/icarus-verilog/11.0/lib/ivl/va_math.vpi";
S_0x7fa5ada08370 .scope module, "data_cache_memory" "data_cache_memory" 2 3;
 .timescale -9 -10;
    .port_info 0 /INPUT 1 "clock";
    .port_info 1 /INPUT 1 "reset";
    .port_info 2 /INPUT 4 "read";
    .port_info 3 /INPUT 3 "write";
    .port_info 4 /INPUT 32 "address";
    .port_info 5 /INPUT 32 "writedata";
    .port_info 6 /OUTPUT 32 "readdata";
    .port_info 7 /OUTPUT 1 "busywait";
    .port_info 8 /OUTPUT 1 "MAIN_MEM_READ";
    .port_info 9 /OUTPUT 1 "MAIN_MEM_WRITE";
    .port_info 10 /OUTPUT 28 "MAIN_MEM_ADDRESS";
    .port_info 11 /OUTPUT 128 "MAIN_MEM_WRITE_DATA";
    .port_info 12 /INPUT 128 "MAIN_MEM_READ_DATA";
    .port_info 13 /INPUT 1 "MAIN_MEM_BUSY_WAIT";
P_0x7fa5ada04520 .param/l "IDLE" 0 2 45, C4<00>;
P_0x7fa5ada04560 .param/l "MEM_READ" 0 2 45, C4<01>;
P_0x7fa5ada045a0 .param/l "MEM_WRITE" 0 2 45, C4<10>;
L_0x7fa5ada2c300 .functor XOR 1, L_0x7fa5ada2c170, L_0x7fa5ada2c260, C4<0>, C4<0>;
L_0x7fa5ada2c430 .functor NOT 1, L_0x7fa5ada2c300, C4<0>, C4<0>, C4<0>;
L_0x7fa5ada2c6a0 .functor XOR 1, L_0x7fa5ada2c4e0, L_0x7fa5ada2c5c0, C4<0>, C4<0>;
L_0x7fa5ada2c790 .functor NOT 1, L_0x7fa5ada2c6a0, C4<0>, C4<0>, C4<0>;
L_0x7fa5ada2c840 .functor AND 1, L_0x7fa5ada2c430, L_0x7fa5ada2c790, C4<1>, C4<1>;
L_0x7fa5ada2cb90 .functor XOR 1, L_0x7fa5ada2c980, L_0x7fa5ada2caf0, C4<0>, C4<0>;
L_0x7fa5ada2cc40 .functor NOT 1, L_0x7fa5ada2cb90, C4<0>, C4<0>, C4<0>;
L_0x7fa5ada2cd30/d .functor AND 1, L_0x7fa5ada2c840, L_0x7fa5ada2cc40, C4<1>, C4<1>;
L_0x7fa5ada2cd30 .delay 1 (9,9,9) L_0x7fa5ada2cd30/d;
v0x7fa5ada196d0_0 .var "CURRENT_DATA", 127 0;
v0x7fa5ada29600_0 .var "CURRENT_DIRTY", 0 0;
v0x7fa5ada296a0_0 .var "CURRENT_TAG", 24 0;
v0x7fa5ada29760_0 .var "CURRENT_VALID", 0 0;
v0x7fa5ada29800_0 .var "MAIN_MEM_ADDRESS", 27 0;
o0x7fa5ac5320f8 .functor BUFZ 1, C4<z>; HiZ drive
v0x7fa5ada298f0_0 .net "MAIN_MEM_BUSY_WAIT", 0 0, o0x7fa5ac5320f8;  0 drivers
v0x7fa5ada29990_0 .var "MAIN_MEM_READ", 0 0;
o0x7fa5ac532158 .functor BUFZ 128, C4<zzzzzzzzzzzzzzzzzzzzzzzzzzzzzzzzzzzzzzzzzzzzzzzzzzzzzzzzzzzzzzzzzzzzzzzzzzzzzzzzzzzzzzzzzzzzzzzzzzzzzzzzzzzzzzzzzzzzzzzzzzzzzzzz>; HiZ drive
v0x7fa5ada29a30_0 .net "MAIN_MEM_READ_DATA", 127 0, o0x7fa5ac532158;  0 drivers
v0x7fa5ada29ae0_0 .var "MAIN_MEM_WRITE", 0 0;
v0x7fa5ada29bf0_0 .var "MAIN_MEM_WRITE_DATA", 127 0;
v0x7fa5ada29c90_0 .net "TAG_MATCH", 0 0, L_0x7fa5ada2cd30;  1 drivers
v0x7fa5ada29d30_0 .net *"_ivl_11", 0 0, L_0x7fa5ada2c260;  1 drivers
v0x7fa5ada29de0_0 .net *"_ivl_12", 0 0, L_0x7fa5ada2c300;  1 drivers
v0x7fa5ada29e90_0 .net *"_ivl_14", 0 0, L_0x7fa5ada2c430;  1 drivers
v0x7fa5ada29f40_0 .net *"_ivl_17", 0 0, L_0x7fa5ada2c4e0;  1 drivers
v0x7fa5ada29ff0_0 .net *"_ivl_19", 0 0, L_0x7fa5ada2c5c0;  1 drivers
v0x7fa5ada2a0a0_0 .net *"_ivl_20", 0 0, L_0x7fa5ada2c6a0;  1 drivers
v0x7fa5ada2a230_0 .net *"_ivl_22", 0 0, L_0x7fa5ada2c790;  1 drivers
v0x7fa5ada2a2c0_0 .net *"_ivl_25", 0 0, L_0x7fa5ada2c840;  1 drivers
v0x7fa5ada2a360_0 .net *"_ivl_27", 0 0, L_0x7fa5ada2c980;  1 drivers
v0x7fa5ada2a410_0 .net *"_ivl_29", 0 0, L_0x7fa5ada2caf0;  1 drivers
v0x7fa5ada2a4c0_0 .net *"_ivl_30", 0 0, L_0x7fa5ada2cb90;  1 drivers
v0x7fa5ada2a570_0 .net *"_ivl_32", 0 0, L_0x7fa5ada2cc40;  1 drivers
v0x7fa5ada2a620_0 .net *"_ivl_9", 0 0, L_0x7fa5ada2c170;  1 drivers
o0x7fa5ac532488 .functor BUFZ 32, C4<zzzzzzzzzzzzzzzzzzzzzzzzzzzzzzzz>; HiZ drive
v0x7fa5ada2a6d0_0 .net "address", 31 0, o0x7fa5ac532488;  0 drivers
v0x7fa5ada2a780_0 .var "busywait", 0 0;
v0x7fa5ada2a820_0 .net "byte_offset", 1 0, L_0x7fa5ada2c050;  1 drivers
v0x7fa5ada2a8d0_0 .var "cache_readdata", 31 0;
v0x7fa5ada2a980_0 .var "cache_writedata", 31 0;
o0x7fa5ac532578 .functor BUFZ 1, C4<z>; HiZ drive
v0x7fa5ada2aa30_0 .net "clock", 0 0, o0x7fa5ac532578;  0 drivers
v0x7fa5ada2aad0 .array "data_array", 0 8, 127 0;
v0x7fa5ada2ac50 .array "dirtyBit_array", 0 8, 1 0;
v0x7fa5ada2add0_0 .var/i "i", 31 0;
v0x7fa5ada2a150_0 .net "index", 2 0, L_0x7fa5ada2bf10;  1 drivers
v0x7fa5ada2b060_0 .var "next_state", 1 0;
v0x7fa5ada2b0f0_0 .net "offset", 1 0, L_0x7fa5ada2bfb0;  1 drivers
o0x7fa5ac5329c8 .functor BUFZ 4, C4<zzzz>; HiZ drive
v0x7fa5ada2b190_0 .net "read", 3 0, o0x7fa5ac5329c8;  0 drivers
v0x7fa5ada2b240_0 .var "readCache", 0 0;
v0x7fa5ada2b2e0_0 .var "readaccess", 0 0;
v0x7fa5ada2b380_0 .var "readdata", 31 0;
o0x7fa5ac532a88 .functor BUFZ 1, C4<z>; HiZ drive
v0x7fa5ada2b430_0 .net "reset", 0 0, o0x7fa5ac532a88;  0 drivers
v0x7fa5ada2b4d0_0 .var "state", 1 0;
v0x7fa5ada2b580_0 .net "tag", 24 0, L_0x7fa5ada2be70;  1 drivers
v0x7fa5ada2b630 .array "tag_array", 0 8, 24 0;
v0x7fa5ada2b7b0 .array "validBit_array", 0 8, 1 0;
o0x7fa5ac532e78 .functor BUFZ 3, C4<zzz>; HiZ drive
v0x7fa5ada2b930_0 .net "write", 2 0, o0x7fa5ac532e78;  0 drivers
v0x7fa5ada2b9e0_0 .var "writeCache", 0 0;
v0x7fa5ada2ba80_0 .var "writeCache_mem", 0 0;
v0x7fa5ada2bb20_0 .var "write_mask", 31 0;
v0x7fa5ada2bbd0_0 .var "writeaccess", 0 0;
o0x7fa5ac532f68 .functor BUFZ 32, C4<zzzzzzzzzzzzzzzzzzzzzzzzzzzzzzzz>; HiZ drive
v0x7fa5ada2bc70_0 .net "writedata", 31 0, o0x7fa5ac532f68;  0 drivers
E_0x7fa5ada12860 .event posedge, v0x7fa5ada2aa30_0;
E_0x7fa5ada13ba0 .event edge, v0x7fa5ada2b930_0, v0x7fa5ada2a820_0, v0x7fa5ada2bc70_0;
E_0x7fa5ada18220 .event posedge, v0x7fa5ada2b430_0;
E_0x7fa5ada04e80/0 .event edge, v0x7fa5ada2b2e0_0, v0x7fa5ada2bbd0_0, v0x7fa5ada2b4d0_0, v0x7fa5ada29c90_0;
E_0x7fa5ada04e80/1 .event edge, v0x7fa5ada29760_0, v0x7fa5ada2b580_0, v0x7fa5ada2a150_0, v0x7fa5ada298f0_0;
v0x7fa5ada2b630_0 .array/port v0x7fa5ada2b630, 0;
v0x7fa5ada2b630_1 .array/port v0x7fa5ada2b630, 1;
v0x7fa5ada2b630_2 .array/port v0x7fa5ada2b630, 2;
v0x7fa5ada2b630_3 .array/port v0x7fa5ada2b630, 3;
E_0x7fa5ada04e80/2 .event edge, v0x7fa5ada2b630_0, v0x7fa5ada2b630_1, v0x7fa5ada2b630_2, v0x7fa5ada2b630_3;
v0x7fa5ada2b630_4 .array/port v0x7fa5ada2b630, 4;
v0x7fa5ada2b630_5 .array/port v0x7fa5ada2b630, 5;
v0x7fa5ada2b630_6 .array/port v0x7fa5ada2b630, 6;
v0x7fa5ada2b630_7 .array/port v0x7fa5ada2b630, 7;
E_0x7fa5ada04e80/3 .event edge, v0x7fa5ada2b630_4, v0x7fa5ada2b630_5, v0x7fa5ada2b630_6, v0x7fa5ada2b630_7;
v0x7fa5ada2b630_8 .array/port v0x7fa5ada2b630, 8;
v0x7fa5ada2aad0_0 .array/port v0x7fa5ada2aad0, 0;
v0x7fa5ada2aad0_1 .array/port v0x7fa5ada2aad0, 1;
v0x7fa5ada2aad0_2 .array/port v0x7fa5ada2aad0, 2;
E_0x7fa5ada04e80/4 .event edge, v0x7fa5ada2b630_8, v0x7fa5ada2aad0_0, v0x7fa5ada2aad0_1, v0x7fa5ada2aad0_2;
v0x7fa5ada2aad0_3 .array/port v0x7fa5ada2aad0, 3;
v0x7fa5ada2aad0_4 .array/port v0x7fa5ada2aad0, 4;
v0x7fa5ada2aad0_5 .array/port v0x7fa5ada2aad0, 5;
v0x7fa5ada2aad0_6 .array/port v0x7fa5ada2aad0, 6;
E_0x7fa5ada04e80/5 .event edge, v0x7fa5ada2aad0_3, v0x7fa5ada2aad0_4, v0x7fa5ada2aad0_5, v0x7fa5ada2aad0_6;
v0x7fa5ada2aad0_7 .array/port v0x7fa5ada2aad0, 7;
v0x7fa5ada2aad0_8 .array/port v0x7fa5ada2aad0, 8;
E_0x7fa5ada04e80/6 .event edge, v0x7fa5ada2aad0_7, v0x7fa5ada2aad0_8;
E_0x7fa5ada04e80 .event/or E_0x7fa5ada04e80/0, E_0x7fa5ada04e80/1, E_0x7fa5ada04e80/2, E_0x7fa5ada04e80/3, E_0x7fa5ada04e80/4, E_0x7fa5ada04e80/5, E_0x7fa5ada04e80/6;
E_0x7fa5ada17a60/0 .event edge, v0x7fa5ada2b4d0_0, v0x7fa5ada29760_0, v0x7fa5ada2b2e0_0, v0x7fa5ada2bbd0_0;
E_0x7fa5ada17a60/1 .event edge, v0x7fa5ada29c90_0, v0x7fa5ada29600_0, v0x7fa5ada298f0_0;
E_0x7fa5ada17a60 .event/or E_0x7fa5ada17a60/0, E_0x7fa5ada17a60/1;
E_0x7fa5ada05050 .event edge, v0x7fa5ada2b930_0, v0x7fa5ada2b190_0;
E_0x7fa5ada05080/0 .event edge, v0x7fa5ada2b2e0_0, v0x7fa5ada2b0f0_0, v0x7fa5ada2a150_0, v0x7fa5ada2aad0_0;
E_0x7fa5ada05080/1 .event edge, v0x7fa5ada2aad0_1, v0x7fa5ada2aad0_2, v0x7fa5ada2aad0_3, v0x7fa5ada2aad0_4;
E_0x7fa5ada05080/2 .event edge, v0x7fa5ada2aad0_5, v0x7fa5ada2aad0_6, v0x7fa5ada2aad0_7, v0x7fa5ada2aad0_8;
E_0x7fa5ada05080 .event/or E_0x7fa5ada05080/0, E_0x7fa5ada05080/1, E_0x7fa5ada05080/2;
v0x7fa5ada2b7b0_0 .array/port v0x7fa5ada2b7b0, 0;
v0x7fa5ada2b7b0_1 .array/port v0x7fa5ada2b7b0, 1;
v0x7fa5ada2b7b0_2 .array/port v0x7fa5ada2b7b0, 2;
E_0x7fa5ada14430/0 .event edge, v0x7fa5ada2a150_0, v0x7fa5ada2b7b0_0, v0x7fa5ada2b7b0_1, v0x7fa5ada2b7b0_2;
v0x7fa5ada2b7b0_3 .array/port v0x7fa5ada2b7b0, 3;
v0x7fa5ada2b7b0_4 .array/port v0x7fa5ada2b7b0, 4;
v0x7fa5ada2b7b0_5 .array/port v0x7fa5ada2b7b0, 5;
v0x7fa5ada2b7b0_6 .array/port v0x7fa5ada2b7b0, 6;
E_0x7fa5ada14430/1 .event edge, v0x7fa5ada2b7b0_3, v0x7fa5ada2b7b0_4, v0x7fa5ada2b7b0_5, v0x7fa5ada2b7b0_6;
v0x7fa5ada2b7b0_7 .array/port v0x7fa5ada2b7b0, 7;
v0x7fa5ada2b7b0_8 .array/port v0x7fa5ada2b7b0, 8;
v0x7fa5ada2ac50_0 .array/port v0x7fa5ada2ac50, 0;
v0x7fa5ada2ac50_1 .array/port v0x7fa5ada2ac50, 1;
E_0x7fa5ada14430/2 .event edge, v0x7fa5ada2b7b0_7, v0x7fa5ada2b7b0_8, v0x7fa5ada2ac50_0, v0x7fa5ada2ac50_1;
v0x7fa5ada2ac50_2 .array/port v0x7fa5ada2ac50, 2;
v0x7fa5ada2ac50_3 .array/port v0x7fa5ada2ac50, 3;
v0x7fa5ada2ac50_4 .array/port v0x7fa5ada2ac50, 4;
v0x7fa5ada2ac50_5 .array/port v0x7fa5ada2ac50, 5;
E_0x7fa5ada14430/3 .event edge, v0x7fa5ada2ac50_2, v0x7fa5ada2ac50_3, v0x7fa5ada2ac50_4, v0x7fa5ada2ac50_5;
v0x7fa5ada2ac50_6 .array/port v0x7fa5ada2ac50, 6;
v0x7fa5ada2ac50_7 .array/port v0x7fa5ada2ac50, 7;
v0x7fa5ada2ac50_8 .array/port v0x7fa5ada2ac50, 8;
E_0x7fa5ada14430/4 .event edge, v0x7fa5ada2ac50_6, v0x7fa5ada2ac50_7, v0x7fa5ada2ac50_8, v0x7fa5ada2aad0_0;
E_0x7fa5ada14430/5 .event edge, v0x7fa5ada2aad0_1, v0x7fa5ada2aad0_2, v0x7fa5ada2aad0_3, v0x7fa5ada2aad0_4;
E_0x7fa5ada14430/6 .event edge, v0x7fa5ada2aad0_5, v0x7fa5ada2aad0_6, v0x7fa5ada2aad0_7, v0x7fa5ada2aad0_8;
E_0x7fa5ada14430/7 .event edge, v0x7fa5ada2b630_0, v0x7fa5ada2b630_1, v0x7fa5ada2b630_2, v0x7fa5ada2b630_3;
E_0x7fa5ada14430/8 .event edge, v0x7fa5ada2b630_4, v0x7fa5ada2b630_5, v0x7fa5ada2b630_6, v0x7fa5ada2b630_7;
E_0x7fa5ada14430/9 .event edge, v0x7fa5ada2b630_8;
E_0x7fa5ada14430 .event/or E_0x7fa5ada14430/0, E_0x7fa5ada14430/1, E_0x7fa5ada14430/2, E_0x7fa5ada14430/3, E_0x7fa5ada14430/4, E_0x7fa5ada14430/5, E_0x7fa5ada14430/6, E_0x7fa5ada14430/7, E_0x7fa5ada14430/8, E_0x7fa5ada14430/9;
E_0x7fa5ada14750 .event edge, v0x7fa5ada2b190_0, v0x7fa5ada2a820_0, v0x7fa5ada2a8d0_0;
L_0x7fa5ada2be70 .part o0x7fa5ac532488, 7, 25;
L_0x7fa5ada2bf10 .part o0x7fa5ac532488, 4, 3;
L_0x7fa5ada2bfb0 .part o0x7fa5ac532488, 2, 2;
L_0x7fa5ada2c050 .part o0x7fa5ac532488, 0, 2;
L_0x7fa5ada2c170 .part L_0x7fa5ada2be70, 2, 1;
L_0x7fa5ada2c260 .part v0x7fa5ada296a0_0, 2, 1;
L_0x7fa5ada2c4e0 .part L_0x7fa5ada2be70, 1, 1;
L_0x7fa5ada2c5c0 .part v0x7fa5ada296a0_0, 1, 1;
L_0x7fa5ada2c980 .part L_0x7fa5ada2be70, 0, 1;
L_0x7fa5ada2caf0 .part v0x7fa5ada296a0_0, 0, 1;
    .scope S_0x7fa5ada08370;
T_0 ;
    %wait E_0x7fa5ada14750;
    %load/vec4 v0x7fa5ada2b190_0;
    %parti/s 3, 0, 2;
    %dup/vec4;
    %pushi/vec4 0, 0, 3;
    %cmp/u;
    %jmp/1 T_0.0, 6;
    %dup/vec4;
    %pushi/vec4 1, 0, 3;
    %cmp/u;
    %jmp/1 T_0.1, 6;
    %dup/vec4;
    %pushi/vec4 2, 0, 3;
    %cmp/u;
    %jmp/1 T_0.2, 6;
    %dup/vec4;
    %pushi/vec4 4, 0, 3;
    %cmp/u;
    %jmp/1 T_0.3, 6;
    %dup/vec4;
    %pushi/vec4 5, 0, 3;
    %cmp/u;
    %jmp/1 T_0.4, 6;
    %jmp T_0.5;
T_0.0 ;
    %load/vec4 v0x7fa5ada2a820_0;
    %dup/vec4;
    %pushi/vec4 0, 0, 2;
    %cmp/u;
    %jmp/1 T_0.6, 6;
    %dup/vec4;
    %pushi/vec4 1, 0, 2;
    %cmp/u;
    %jmp/1 T_0.7, 6;
    %dup/vec4;
    %pushi/vec4 2, 0, 2;
    %cmp/u;
    %jmp/1 T_0.8, 6;
    %dup/vec4;
    %pushi/vec4 3, 0, 2;
    %cmp/u;
    %jmp/1 T_0.9, 6;
    %jmp T_0.10;
T_0.6 ;
    %load/vec4 v0x7fa5ada2a8d0_0;
    %parti/s 1, 7, 4;
    %replicate 24;
    %load/vec4 v0x7fa5ada2a8d0_0;
    %parti/s 8, 0, 2;
    %concat/vec4; draw_concat_vec4
    %store/vec4 v0x7fa5ada2b380_0, 0, 32;
    %jmp T_0.10;
T_0.7 ;
    %load/vec4 v0x7fa5ada2a8d0_0;
    %parti/s 1, 15, 5;
    %replicate 24;
    %load/vec4 v0x7fa5ada2a8d0_0;
    %parti/s 8, 8, 5;
    %concat/vec4; draw_concat_vec4
    %store/vec4 v0x7fa5ada2b380_0, 0, 32;
    %jmp T_0.10;
T_0.8 ;
    %load/vec4 v0x7fa5ada2a8d0_0;
    %parti/s 1, 23, 6;
    %replicate 24;
    %load/vec4 v0x7fa5ada2a8d0_0;
    %parti/s 8, 16, 6;
    %concat/vec4; draw_concat_vec4
    %store/vec4 v0x7fa5ada2b380_0, 0, 32;
    %jmp T_0.10;
T_0.9 ;
    %load/vec4 v0x7fa5ada2a8d0_0;
    %parti/s 1, 31, 6;
    %replicate 24;
    %load/vec4 v0x7fa5ada2a8d0_0;
    %parti/s 8, 24, 6;
    %concat/vec4; draw_concat_vec4
    %store/vec4 v0x7fa5ada2b380_0, 0, 32;
    %jmp T_0.10;
T_0.10 ;
    %pop/vec4 1;
    %jmp T_0.5;
T_0.1 ;
    %load/vec4 v0x7fa5ada2a820_0;
    %dup/vec4;
    %pushi/vec4 0, 0, 2;
    %cmp/u;
    %jmp/1 T_0.11, 6;
    %dup/vec4;
    %pushi/vec4 2, 0, 2;
    %cmp/u;
    %jmp/1 T_0.12, 6;
    %jmp T_0.13;
T_0.11 ;
    %load/vec4 v0x7fa5ada2a8d0_0;
    %parti/s 1, 15, 5;
    %replicate 16;
    %load/vec4 v0x7fa5ada2a8d0_0;
    %parti/s 16, 0, 2;
    %concat/vec4; draw_concat_vec4
    %store/vec4 v0x7fa5ada2b380_0, 0, 32;
    %jmp T_0.13;
T_0.12 ;
    %load/vec4 v0x7fa5ada2a8d0_0;
    %parti/s 1, 31, 6;
    %replicate 16;
    %load/vec4 v0x7fa5ada2a8d0_0;
    %parti/s 16, 16, 6;
    %concat/vec4; draw_concat_vec4
    %store/vec4 v0x7fa5ada2b380_0, 0, 32;
    %jmp T_0.13;
T_0.13 ;
    %pop/vec4 1;
    %jmp T_0.5;
T_0.2 ;
    %load/vec4 v0x7fa5ada2a8d0_0;
    %store/vec4 v0x7fa5ada2b380_0, 0, 32;
    %jmp T_0.5;
T_0.3 ;
    %load/vec4 v0x7fa5ada2a820_0;
    %dup/vec4;
    %pushi/vec4 0, 0, 2;
    %cmp/u;
    %jmp/1 T_0.14, 6;
    %dup/vec4;
    %pushi/vec4 1, 0, 2;
    %cmp/u;
    %jmp/1 T_0.15, 6;
    %dup/vec4;
    %pushi/vec4 2, 0, 2;
    %cmp/u;
    %jmp/1 T_0.16, 6;
    %dup/vec4;
    %pushi/vec4 3, 0, 2;
    %cmp/u;
    %jmp/1 T_0.17, 6;
    %jmp T_0.18;
T_0.14 ;
    %pushi/vec4 0, 0, 24;
    %load/vec4 v0x7fa5ada2a8d0_0;
    %parti/s 8, 0, 2;
    %concat/vec4; draw_concat_vec4
    %store/vec4 v0x7fa5ada2b380_0, 0, 32;
    %jmp T_0.18;
T_0.15 ;
    %pushi/vec4 0, 0, 24;
    %load/vec4 v0x7fa5ada2a8d0_0;
    %parti/s 8, 8, 5;
    %concat/vec4; draw_concat_vec4
    %store/vec4 v0x7fa5ada2b380_0, 0, 32;
    %jmp T_0.18;
T_0.16 ;
    %pushi/vec4 0, 0, 24;
    %load/vec4 v0x7fa5ada2a8d0_0;
    %parti/s 8, 16, 6;
    %concat/vec4; draw_concat_vec4
    %store/vec4 v0x7fa5ada2b380_0, 0, 32;
    %jmp T_0.18;
T_0.17 ;
    %pushi/vec4 0, 0, 24;
    %load/vec4 v0x7fa5ada2a8d0_0;
    %parti/s 8, 24, 6;
    %concat/vec4; draw_concat_vec4
    %store/vec4 v0x7fa5ada2b380_0, 0, 32;
    %jmp T_0.18;
T_0.18 ;
    %pop/vec4 1;
    %jmp T_0.5;
T_0.4 ;
    %load/vec4 v0x7fa5ada2a820_0;
    %dup/vec4;
    %pushi/vec4 0, 0, 2;
    %cmp/u;
    %jmp/1 T_0.19, 6;
    %dup/vec4;
    %pushi/vec4 2, 0, 2;
    %cmp/u;
    %jmp/1 T_0.20, 6;
    %jmp T_0.21;
T_0.19 ;
    %pushi/vec4 0, 0, 16;
    %load/vec4 v0x7fa5ada2a8d0_0;
    %parti/s 16, 0, 2;
    %concat/vec4; draw_concat_vec4
    %store/vec4 v0x7fa5ada2b380_0, 0, 32;
    %jmp T_0.21;
T_0.20 ;
    %pushi/vec4 0, 0, 16;
    %load/vec4 v0x7fa5ada2a8d0_0;
    %parti/s 16, 16, 6;
    %concat/vec4; draw_concat_vec4
    %store/vec4 v0x7fa5ada2b380_0, 0, 32;
    %jmp T_0.21;
T_0.21 ;
    %pop/vec4 1;
    %jmp T_0.5;
T_0.5 ;
    %pop/vec4 1;
    %jmp T_0;
    .thread T_0, $push;
    .scope S_0x7fa5ada08370;
T_1 ;
    %wait E_0x7fa5ada14430;
    %delay 10, 0;
    %load/vec4 v0x7fa5ada2a150_0;
    %pad/u 5;
    %ix/vec4 4;
    %load/vec4a v0x7fa5ada2b7b0, 4;
    %pad/u 1;
    %store/vec4 v0x7fa5ada29760_0, 0, 1;
    %load/vec4 v0x7fa5ada2a150_0;
    %pad/u 5;
    %ix/vec4 4;
    %load/vec4a v0x7fa5ada2ac50, 4;
    %pad/u 1;
    %store/vec4 v0x7fa5ada29600_0, 0, 1;
    %load/vec4 v0x7fa5ada2a150_0;
    %pad/u 5;
    %ix/vec4 4;
    %load/vec4a v0x7fa5ada2aad0, 4;
    %store/vec4 v0x7fa5ada196d0_0, 0, 128;
    %load/vec4 v0x7fa5ada2a150_0;
    %pad/u 5;
    %ix/vec4 4;
    %load/vec4a v0x7fa5ada2b630, 4;
    %store/vec4 v0x7fa5ada296a0_0, 0, 25;
    %jmp T_1;
    .thread T_1, $push;
    .scope S_0x7fa5ada08370;
T_2 ;
    %wait E_0x7fa5ada05080;
    %load/vec4 v0x7fa5ada2b2e0_0;
    %flag_set/vec4 8;
    %jmp/0xz  T_2.0, 8;
    %delay 10, 0;
    %load/vec4 v0x7fa5ada2b0f0_0;
    %dup/vec4;
    %pushi/vec4 0, 0, 2;
    %cmp/u;
    %jmp/1 T_2.2, 6;
    %dup/vec4;
    %pushi/vec4 1, 0, 2;
    %cmp/u;
    %jmp/1 T_2.3, 6;
    %dup/vec4;
    %pushi/vec4 2, 0, 2;
    %cmp/u;
    %jmp/1 T_2.4, 6;
    %dup/vec4;
    %pushi/vec4 3, 0, 2;
    %cmp/u;
    %jmp/1 T_2.5, 6;
    %jmp T_2.6;
T_2.2 ;
    %load/vec4 v0x7fa5ada2a150_0;
    %pad/u 5;
    %ix/vec4 4;
    %load/vec4a v0x7fa5ada2aad0, 4;
    %parti/s 32, 0, 2;
    %store/vec4 v0x7fa5ada2a8d0_0, 0, 32;
    %jmp T_2.6;
T_2.3 ;
    %load/vec4 v0x7fa5ada2a150_0;
    %pad/u 5;
    %ix/vec4 4;
    %load/vec4a v0x7fa5ada2aad0, 4;
    %parti/s 32, 32, 7;
    %store/vec4 v0x7fa5ada2a8d0_0, 0, 32;
    %jmp T_2.6;
T_2.4 ;
    %load/vec4 v0x7fa5ada2a150_0;
    %pad/u 5;
    %ix/vec4 4;
    %load/vec4a v0x7fa5ada2aad0, 4;
    %parti/s 32, 64, 8;
    %store/vec4 v0x7fa5ada2a8d0_0, 0, 32;
    %jmp T_2.6;
T_2.5 ;
    %load/vec4 v0x7fa5ada2a150_0;
    %pad/u 5;
    %ix/vec4 4;
    %load/vec4a v0x7fa5ada2aad0, 4;
    %parti/s 32, 96, 8;
    %store/vec4 v0x7fa5ada2a8d0_0, 0, 32;
    %jmp T_2.6;
T_2.6 ;
    %pop/vec4 1;
T_2.0 ;
    %jmp T_2;
    .thread T_2, $push;
    .scope S_0x7fa5ada08370;
T_3 ;
    %wait E_0x7fa5ada05050;
    %load/vec4 v0x7fa5ada2b190_0;
    %parti/s 1, 3, 3;
    %flag_set/vec4 8;
    %load/vec4 v0x7fa5ada2b930_0;
    %parti/s 1, 2, 3;
    %flag_set/vec4 9;
    %flag_or 9, 8;
    %jmp/0 T_3.0, 9;
    %pushi/vec4 1, 0, 2;
    %jmp/1 T_3.1, 9;
T_3.0 ; End of true expr.
    %pushi/vec4 0, 0, 2;
    %jmp/0 T_3.1, 9;
 ; End of false expr.
    %blend;
T_3.1;
    %pad/s 1;
    %store/vec4 v0x7fa5ada2a780_0, 0, 1;
    %load/vec4 v0x7fa5ada2b190_0;
    %parti/s 1, 3, 3;
    %load/vec4 v0x7fa5ada2b930_0;
    %parti/s 1, 2, 3;
    %nor/r;
    %and;
    %flag_set/vec4 8;
    %jmp/0 T_3.2, 8;
    %pushi/vec4 1, 0, 2;
    %jmp/1 T_3.3, 8;
T_3.2 ; End of true expr.
    %pushi/vec4 0, 0, 2;
    %jmp/0 T_3.3, 8;
 ; End of false expr.
    %blend;
T_3.3;
    %pad/s 1;
    %store/vec4 v0x7fa5ada2b2e0_0, 0, 1;
    %load/vec4 v0x7fa5ada2b190_0;
    %parti/s 1, 3, 3;
    %nor/r;
    %load/vec4 v0x7fa5ada2b930_0;
    %parti/s 1, 2, 3;
    %and;
    %flag_set/vec4 8;
    %jmp/0 T_3.4, 8;
    %pushi/vec4 1, 0, 2;
    %jmp/1 T_3.5, 8;
T_3.4 ; End of true expr.
    %pushi/vec4 0, 0, 2;
    %jmp/0 T_3.5, 8;
 ; End of false expr.
    %blend;
T_3.5;
    %pad/s 1;
    %store/vec4 v0x7fa5ada2bbd0_0, 0, 1;
    %jmp T_3;
    .thread T_3, $push;
    .scope S_0x7fa5ada08370;
T_4 ;
    %wait E_0x7fa5ada17a60;
    %load/vec4 v0x7fa5ada2b4d0_0;
    %dup/vec4;
    %pushi/vec4 0, 0, 2;
    %cmp/u;
    %jmp/1 T_4.0, 6;
    %dup/vec4;
    %pushi/vec4 1, 0, 2;
    %cmp/u;
    %jmp/1 T_4.1, 6;
    %dup/vec4;
    %pushi/vec4 2, 0, 2;
    %cmp/u;
    %jmp/1 T_4.2, 6;
    %jmp T_4.3;
T_4.0 ;
    %load/vec4 v0x7fa5ada29760_0;
    %nor/r;
    %load/vec4 v0x7fa5ada2b2e0_0;
    %load/vec4 v0x7fa5ada2bbd0_0;
    %or;
    %and;
    %flag_set/vec4 8;
    %jmp/0xz  T_4.4, 8;
    %pushi/vec4 1, 0, 2;
    %store/vec4 v0x7fa5ada2b060_0, 0, 2;
    %jmp T_4.5;
T_4.4 ;
    %load/vec4 v0x7fa5ada29760_0;
    %load/vec4 v0x7fa5ada29c90_0;
    %and;
    %load/vec4 v0x7fa5ada2b2e0_0;
    %load/vec4 v0x7fa5ada2bbd0_0;
    %or;
    %and;
    %flag_set/vec4 8;
    %jmp/0xz  T_4.6, 8;
    %pushi/vec4 0, 0, 2;
    %store/vec4 v0x7fa5ada2b060_0, 0, 2;
    %jmp T_4.7;
T_4.6 ;
    %load/vec4 v0x7fa5ada29760_0;
    %load/vec4 v0x7fa5ada29600_0;
    %nor/r;
    %and;
    %load/vec4 v0x7fa5ada29c90_0;
    %nor/r;
    %and;
    %load/vec4 v0x7fa5ada2b2e0_0;
    %load/vec4 v0x7fa5ada2bbd0_0;
    %or;
    %and;
    %flag_set/vec4 8;
    %jmp/0xz  T_4.8, 8;
    %pushi/vec4 1, 0, 2;
    %store/vec4 v0x7fa5ada2b060_0, 0, 2;
    %jmp T_4.9;
T_4.8 ;
    %load/vec4 v0x7fa5ada29760_0;
    %load/vec4 v0x7fa5ada29600_0;
    %and;
    %load/vec4 v0x7fa5ada29c90_0;
    %nor/r;
    %and;
    %load/vec4 v0x7fa5ada2b2e0_0;
    %load/vec4 v0x7fa5ada2bbd0_0;
    %or;
    %and;
    %flag_set/vec4 8;
    %jmp/0xz  T_4.10, 8;
    %pushi/vec4 2, 0, 2;
    %store/vec4 v0x7fa5ada2b060_0, 0, 2;
T_4.10 ;
T_4.9 ;
T_4.7 ;
T_4.5 ;
    %jmp T_4.3;
T_4.1 ;
    %load/vec4 v0x7fa5ada298f0_0;
    %flag_set/vec4 8;
    %jmp/0xz  T_4.12, 8;
    %pushi/vec4 1, 0, 2;
    %store/vec4 v0x7fa5ada2b060_0, 0, 2;
    %jmp T_4.13;
T_4.12 ;
    %pushi/vec4 0, 0, 2;
    %store/vec4 v0x7fa5ada2b060_0, 0, 2;
T_4.13 ;
    %jmp T_4.3;
T_4.2 ;
    %load/vec4 v0x7fa5ada298f0_0;
    %flag_set/vec4 8;
    %jmp/0xz  T_4.14, 8;
    %pushi/vec4 2, 0, 2;
    %store/vec4 v0x7fa5ada2b060_0, 0, 2;
    %jmp T_4.15;
T_4.14 ;
    %load/vec4 v0x7fa5ada29760_0;
    %load/vec4 v0x7fa5ada29c90_0;
    %nor/r;
    %and;
    %flag_set/vec4 8;
    %jmp/0xz  T_4.16, 8;
    %pushi/vec4 1, 0, 2;
    %store/vec4 v0x7fa5ada2b060_0, 0, 2;
    %jmp T_4.17;
T_4.16 ;
    %pushi/vec4 0, 0, 2;
    %store/vec4 v0x7fa5ada2b060_0, 0, 2;
T_4.17 ;
T_4.15 ;
    %jmp T_4.3;
T_4.3 ;
    %pop/vec4 1;
    %jmp T_4;
    .thread T_4, $push;
    .scope S_0x7fa5ada08370;
T_5 ;
    %wait E_0x7fa5ada04e80;
    %load/vec4 v0x7fa5ada2b2e0_0;
    %flag_set/vec4 8;
    %load/vec4 v0x7fa5ada2bbd0_0;
    %flag_set/vec4 9;
    %flag_or 9, 8;
    %jmp/0xz  T_5.0, 9;
    %load/vec4 v0x7fa5ada2b4d0_0;
    %dup/vec4;
    %pushi/vec4 0, 0, 2;
    %cmp/u;
    %jmp/1 T_5.2, 6;
    %dup/vec4;
    %pushi/vec4 1, 0, 2;
    %cmp/u;
    %jmp/1 T_5.3, 6;
    %dup/vec4;
    %pushi/vec4 2, 0, 2;
    %cmp/u;
    %jmp/1 T_5.4, 6;
    %jmp T_5.5;
T_5.2 ;
    %pushi/vec4 0, 0, 1;
    %store/vec4 v0x7fa5ada29990_0, 0, 1;
    %pushi/vec4 0, 0, 1;
    %store/vec4 v0x7fa5ada29ae0_0, 0, 1;
    %load/vec4 v0x7fa5ada2b2e0_0;
    %load/vec4 v0x7fa5ada29c90_0;
    %and;
    %load/vec4 v0x7fa5ada29760_0;
    %and;
    %flag_set/vec4 8;
    %jmp/0xz  T_5.6, 8;
    %pushi/vec4 1, 0, 1;
    %store/vec4 v0x7fa5ada2b240_0, 0, 1;
    %jmp T_5.7;
T_5.6 ;
    %pushi/vec4 0, 0, 1;
    %store/vec4 v0x7fa5ada2b240_0, 0, 1;
T_5.7 ;
    %load/vec4 v0x7fa5ada2bbd0_0;
    %load/vec4 v0x7fa5ada29c90_0;
    %and;
    %load/vec4 v0x7fa5ada29760_0;
    %and;
    %flag_set/vec4 8;
    %jmp/0xz  T_5.8, 8;
    %pushi/vec4 1, 0, 1;
    %store/vec4 v0x7fa5ada2b9e0_0, 0, 1;
    %jmp T_5.9;
T_5.8 ;
    %pushi/vec4 0, 0, 1;
    %store/vec4 v0x7fa5ada2b9e0_0, 0, 1;
T_5.9 ;
    %jmp T_5.5;
T_5.3 ;
    %pushi/vec4 1, 0, 1;
    %store/vec4 v0x7fa5ada29990_0, 0, 1;
    %pushi/vec4 0, 0, 1;
    %store/vec4 v0x7fa5ada29ae0_0, 0, 1;
    %load/vec4 v0x7fa5ada2b580_0;
    %load/vec4 v0x7fa5ada2a150_0;
    %concat/vec4; draw_concat_vec4
    %store/vec4 v0x7fa5ada29800_0, 0, 28;
    %load/vec4 v0x7fa5ada298f0_0;
    %nor/r;
    %flag_set/vec4 8;
    %jmp/0xz  T_5.10, 8;
    %pushi/vec4 1, 0, 1;
    %store/vec4 v0x7fa5ada2ba80_0, 0, 1;
    %jmp T_5.11;
T_5.10 ;
    %pushi/vec4 0, 0, 1;
    %store/vec4 v0x7fa5ada2ba80_0, 0, 1;
T_5.11 ;
    %jmp T_5.5;
T_5.4 ;
    %pushi/vec4 0, 0, 1;
    %store/vec4 v0x7fa5ada29990_0, 0, 1;
    %pushi/vec4 1, 0, 1;
    %store/vec4 v0x7fa5ada29ae0_0, 0, 1;
    %load/vec4 v0x7fa5ada2a150_0;
    %pad/u 5;
    %ix/vec4 4;
    %load/vec4a v0x7fa5ada2b630, 4;
    %load/vec4 v0x7fa5ada2a150_0;
    %concat/vec4; draw_concat_vec4
    %store/vec4 v0x7fa5ada29800_0, 0, 28;
    %load/vec4 v0x7fa5ada2a150_0;
    %pad/u 5;
    %ix/vec4 4;
    %load/vec4a v0x7fa5ada2aad0, 4;
    %store/vec4 v0x7fa5ada29bf0_0, 0, 128;
    %load/vec4 v0x7fa5ada298f0_0;
    %nor/r;
    %flag_set/vec4 8;
    %jmp/0xz  T_5.12, 8;
    %pushi/vec4 1, 0, 2;
    %load/vec4 v0x7fa5ada2a150_0;
    %pad/u 5;
    %ix/vec4 4;
    %store/vec4a v0x7fa5ada2b7b0, 4, 0;
    %pushi/vec4 0, 0, 2;
    %load/vec4 v0x7fa5ada2a150_0;
    %pad/u 5;
    %ix/vec4 4;
    %store/vec4a v0x7fa5ada2ac50, 4, 0;
T_5.12 ;
    %jmp T_5.5;
T_5.5 ;
    %pop/vec4 1;
T_5.0 ;
    %jmp T_5;
    .thread T_5, $push;
    .scope S_0x7fa5ada08370;
T_6 ;
    %wait E_0x7fa5ada18220;
    %load/vec4 v0x7fa5ada2b430_0;
    %flag_set/vec4 8;
    %jmp/0xz  T_6.0, 8;
    %pushi/vec4 0, 0, 1;
    %store/vec4 v0x7fa5ada2a780_0, 0, 1;
    %pushi/vec4 0, 0, 32;
    %store/vec4 v0x7fa5ada2add0_0, 0, 32;
T_6.2 ;
    %load/vec4 v0x7fa5ada2add0_0;
    %cmpi/s 8, 0, 32;
    %jmp/0xz T_6.3, 5;
    %pushi/vec4 0, 0, 128;
    %ix/getv/s 4, v0x7fa5ada2add0_0;
    %store/vec4a v0x7fa5ada2aad0, 4, 0;
    %pushi/vec4 0, 0, 2;
    %ix/getv/s 4, v0x7fa5ada2add0_0;
    %store/vec4a v0x7fa5ada2b7b0, 4, 0;
    %pushi/vec4 0, 0, 2;
    %ix/getv/s 4, v0x7fa5ada2add0_0;
    %store/vec4a v0x7fa5ada2ac50, 4, 0;
    %load/vec4 v0x7fa5ada2add0_0;
    %addi 1, 0, 32;
    %store/vec4 v0x7fa5ada2add0_0, 0, 32;
    %jmp T_6.2;
T_6.3 ;
T_6.0 ;
    %jmp T_6;
    .thread T_6;
    .scope S_0x7fa5ada08370;
T_7 ;
    %wait E_0x7fa5ada12860;
    %load/vec4 v0x7fa5ada2b430_0;
    %nor/r;
    %flag_set/vec4 8;
    %jmp/0xz  T_7.0, 8;
    %load/vec4 v0x7fa5ada2b060_0;
    %store/vec4 v0x7fa5ada2b4d0_0, 0, 2;
    %jmp T_7.1;
T_7.0 ;
    %pushi/vec4 0, 0, 2;
    %store/vec4 v0x7fa5ada2b4d0_0, 0, 2;
    %pushi/vec4 0, 0, 2;
    %store/vec4 v0x7fa5ada2b060_0, 0, 2;
T_7.1 ;
    %jmp T_7;
    .thread T_7;
    .scope S_0x7fa5ada08370;
T_8 ;
    %wait E_0x7fa5ada12860;
    %load/vec4 v0x7fa5ada2ba80_0;
    %flag_set/vec4 8;
    %jmp/0xz  T_8.0, 8;
    %delay 10, 0;
    %load/vec4 v0x7fa5ada29a30_0;
    %load/vec4 v0x7fa5ada2a150_0;
    %pad/u 5;
    %ix/vec4 4;
    %store/vec4a v0x7fa5ada2aad0, 4, 0;
    %load/vec4 v0x7fa5ada2b580_0;
    %load/vec4 v0x7fa5ada2a150_0;
    %pad/u 5;
    %ix/vec4 4;
    %store/vec4a v0x7fa5ada2b630, 4, 0;
    %pushi/vec4 1, 0, 2;
    %load/vec4 v0x7fa5ada2a150_0;
    %pad/u 5;
    %ix/vec4 4;
    %store/vec4a v0x7fa5ada2b7b0, 4, 0;
    %pushi/vec4 0, 0, 2;
    %load/vec4 v0x7fa5ada2a150_0;
    %pad/u 5;
    %ix/vec4 4;
    %store/vec4a v0x7fa5ada2ac50, 4, 0;
T_8.0 ;
    %jmp T_8;
    .thread T_8;
    .scope S_0x7fa5ada08370;
T_9 ;
    %wait E_0x7fa5ada13ba0;
    %load/vec4 v0x7fa5ada2b930_0;
    %parti/s 2, 0, 2;
    %dup/vec4;
    %pushi/vec4 0, 0, 2;
    %cmp/u;
    %jmp/1 T_9.0, 6;
    %dup/vec4;
    %pushi/vec4 1, 0, 2;
    %cmp/u;
    %jmp/1 T_9.1, 6;
    %dup/vec4;
    %pushi/vec4 2, 0, 2;
    %cmp/u;
    %jmp/1 T_9.2, 6;
    %jmp T_9.3;
T_9.0 ;
    %load/vec4 v0x7fa5ada2a820_0;
    %dup/vec4;
    %pushi/vec4 0, 0, 2;
    %cmp/u;
    %jmp/1 T_9.4, 6;
    %dup/vec4;
    %pushi/vec4 1, 0, 2;
    %cmp/u;
    %jmp/1 T_9.5, 6;
    %dup/vec4;
    %pushi/vec4 2, 0, 2;
    %cmp/u;
    %jmp/1 T_9.6, 6;
    %dup/vec4;
    %pushi/vec4 3, 0, 2;
    %cmp/u;
    %jmp/1 T_9.7, 6;
    %jmp T_9.8;
T_9.4 ;
    %pushi/vec4 4294967040, 0, 32;
    %store/vec4 v0x7fa5ada2bb20_0, 0, 32;
    %load/vec4 v0x7fa5ada2bc70_0;
    %store/vec4 v0x7fa5ada2a980_0, 0, 32;
    %jmp T_9.8;
T_9.5 ;
    %pushi/vec4 4294902015, 0, 32;
    %store/vec4 v0x7fa5ada2bb20_0, 0, 32;
    %load/vec4 v0x7fa5ada2bc70_0;
    %ix/load 4, 8, 0;
    %flag_set/imm 4, 0;
    %shiftl 4;
    %store/vec4 v0x7fa5ada2a980_0, 0, 32;
    %jmp T_9.8;
T_9.6 ;
    %pushi/vec4 4278255615, 0, 32;
    %store/vec4 v0x7fa5ada2bb20_0, 0, 32;
    %load/vec4 v0x7fa5ada2bc70_0;
    %ix/load 4, 16, 0;
    %flag_set/imm 4, 0;
    %shiftl 4;
    %store/vec4 v0x7fa5ada2a980_0, 0, 32;
    %jmp T_9.8;
T_9.7 ;
    %pushi/vec4 16777215, 0, 32;
    %store/vec4 v0x7fa5ada2bb20_0, 0, 32;
    %load/vec4 v0x7fa5ada2bc70_0;
    %ix/load 4, 24, 0;
    %flag_set/imm 4, 0;
    %shiftl 4;
    %store/vec4 v0x7fa5ada2a980_0, 0, 32;
    %jmp T_9.8;
T_9.8 ;
    %pop/vec4 1;
    %jmp T_9.3;
T_9.1 ;
    %load/vec4 v0x7fa5ada2a820_0;
    %dup/vec4;
    %pushi/vec4 0, 0, 2;
    %cmp/u;
    %jmp/1 T_9.9, 6;
    %dup/vec4;
    %pushi/vec4 2, 0, 2;
    %cmp/u;
    %jmp/1 T_9.10, 6;
    %jmp T_9.11;
T_9.9 ;
    %pushi/vec4 4294901760, 0, 32;
    %store/vec4 v0x7fa5ada2bb20_0, 0, 32;
    %load/vec4 v0x7fa5ada2bc70_0;
    %store/vec4 v0x7fa5ada2a980_0, 0, 32;
    %jmp T_9.11;
T_9.10 ;
    %pushi/vec4 65535, 0, 32;
    %store/vec4 v0x7fa5ada2bb20_0, 0, 32;
    %load/vec4 v0x7fa5ada2bc70_0;
    %ix/load 4, 16, 0;
    %flag_set/imm 4, 0;
    %shiftl 4;
    %store/vec4 v0x7fa5ada2a980_0, 0, 32;
    %jmp T_9.11;
T_9.11 ;
    %pop/vec4 1;
    %jmp T_9.3;
T_9.2 ;
    %pushi/vec4 0, 0, 32;
    %store/vec4 v0x7fa5ada2bb20_0, 0, 32;
    %load/vec4 v0x7fa5ada2bc70_0;
    %store/vec4 v0x7fa5ada2a980_0, 0, 32;
    %jmp T_9.3;
T_9.3 ;
    %pop/vec4 1;
    %jmp T_9;
    .thread T_9, $push;
    .scope S_0x7fa5ada08370;
T_10 ;
    %wait E_0x7fa5ada12860;
    %load/vec4 v0x7fa5ada2b240_0;
    %flag_set/vec4 8;
    %load/vec4 v0x7fa5ada2b9e0_0;
    %flag_set/vec4 9;
    %flag_or 9, 8;
    %jmp/0xz  T_10.0, 9;
    %pushi/vec4 0, 0, 1;
    %store/vec4 v0x7fa5ada2a780_0, 0, 1;
    %pushi/vec4 0, 0, 1;
    %store/vec4 v0x7fa5ada2b240_0, 0, 1;
T_10.0 ;
    %load/vec4 v0x7fa5ada2b9e0_0;
    %flag_set/vec4 8;
    %jmp/0xz  T_10.2, 8;
    %load/vec4 v0x7fa5ada2b0f0_0;
    %dup/vec4;
    %pushi/vec4 0, 0, 2;
    %cmp/u;
    %jmp/1 T_10.4, 6;
    %dup/vec4;
    %pushi/vec4 1, 0, 2;
    %cmp/u;
    %jmp/1 T_10.5, 6;
    %dup/vec4;
    %pushi/vec4 2, 0, 2;
    %cmp/u;
    %jmp/1 T_10.6, 6;
    %dup/vec4;
    %pushi/vec4 3, 0, 2;
    %cmp/u;
    %jmp/1 T_10.7, 6;
    %jmp T_10.8;
T_10.4 ;
    %load/vec4 v0x7fa5ada2a150_0;
    %pad/u 5;
    %ix/vec4 4;
    %load/vec4a v0x7fa5ada2aad0, 4;
    %parti/s 32, 0, 2;
    %load/vec4 v0x7fa5ada2bb20_0;
    %and;
    %load/vec4 v0x7fa5ada2a150_0;
    %pad/u 5;
    %ix/vec4 4;
    %flag_mov 8, 4;
    %ix/load 5, 0, 0;
    %flag_set/imm 4, 0;
    %flag_or 4, 8;
    %store/vec4a v0x7fa5ada2aad0, 4, 5;
    %delay 10, 0;
    %load/vec4 v0x7fa5ada2a150_0;
    %pad/u 5;
    %ix/vec4 4;
    %load/vec4a v0x7fa5ada2aad0, 4;
    %parti/s 32, 0, 2;
    %load/vec4 v0x7fa5ada2a980_0;
    %or;
    %load/vec4 v0x7fa5ada2a150_0;
    %pad/u 5;
    %ix/vec4 4;
    %flag_mov 8, 4;
    %ix/load 5, 0, 0;
    %flag_set/imm 4, 0;
    %flag_or 4, 8;
    %store/vec4a v0x7fa5ada2aad0, 4, 5;
    %jmp T_10.8;
T_10.5 ;
    %load/vec4 v0x7fa5ada2a150_0;
    %pad/u 5;
    %ix/vec4 4;
    %load/vec4a v0x7fa5ada2aad0, 4;
    %parti/s 32, 32, 7;
    %load/vec4 v0x7fa5ada2bb20_0;
    %and;
    %load/vec4 v0x7fa5ada2a150_0;
    %pad/u 5;
    %ix/vec4 4;
    %flag_mov 8, 4;
    %ix/load 5, 32, 0;
    %flag_set/imm 4, 0;
    %flag_or 4, 8;
    %store/vec4a v0x7fa5ada2aad0, 4, 5;
    %delay 10, 0;
    %load/vec4 v0x7fa5ada2a150_0;
    %pad/u 5;
    %ix/vec4 4;
    %load/vec4a v0x7fa5ada2aad0, 4;
    %parti/s 32, 32, 7;
    %load/vec4 v0x7fa5ada2a980_0;
    %or;
    %load/vec4 v0x7fa5ada2a150_0;
    %pad/u 5;
    %ix/vec4 4;
    %flag_mov 8, 4;
    %ix/load 5, 32, 0;
    %flag_set/imm 4, 0;
    %flag_or 4, 8;
    %store/vec4a v0x7fa5ada2aad0, 4, 5;
    %jmp T_10.8;
T_10.6 ;
    %load/vec4 v0x7fa5ada2a150_0;
    %pad/u 5;
    %ix/vec4 4;
    %load/vec4a v0x7fa5ada2aad0, 4;
    %parti/s 32, 64, 8;
    %load/vec4 v0x7fa5ada2bb20_0;
    %and;
    %load/vec4 v0x7fa5ada2a150_0;
    %pad/u 5;
    %ix/vec4 4;
    %flag_mov 8, 4;
    %ix/load 5, 64, 0;
    %flag_set/imm 4, 0;
    %flag_or 4, 8;
    %store/vec4a v0x7fa5ada2aad0, 4, 5;
    %delay 10, 0;
    %load/vec4 v0x7fa5ada2a150_0;
    %pad/u 5;
    %ix/vec4 4;
    %load/vec4a v0x7fa5ada2aad0, 4;
    %parti/s 32, 64, 8;
    %load/vec4 v0x7fa5ada2a980_0;
    %or;
    %load/vec4 v0x7fa5ada2a150_0;
    %pad/u 5;
    %ix/vec4 4;
    %flag_mov 8, 4;
    %ix/load 5, 64, 0;
    %flag_set/imm 4, 0;
    %flag_or 4, 8;
    %store/vec4a v0x7fa5ada2aad0, 4, 5;
    %jmp T_10.8;
T_10.7 ;
    %load/vec4 v0x7fa5ada2a150_0;
    %pad/u 5;
    %ix/vec4 4;
    %load/vec4a v0x7fa5ada2aad0, 4;
    %parti/s 32, 96, 8;
    %load/vec4 v0x7fa5ada2bb20_0;
    %and;
    %load/vec4 v0x7fa5ada2a150_0;
    %pad/u 5;
    %ix/vec4 4;
    %flag_mov 8, 4;
    %ix/load 5, 96, 0;
    %flag_set/imm 4, 0;
    %flag_or 4, 8;
    %store/vec4a v0x7fa5ada2aad0, 4, 5;
    %delay 10, 0;
    %load/vec4 v0x7fa5ada2a150_0;
    %pad/u 5;
    %ix/vec4 4;
    %load/vec4a v0x7fa5ada2aad0, 4;
    %parti/s 32, 96, 8;
    %load/vec4 v0x7fa5ada2a980_0;
    %or;
    %load/vec4 v0x7fa5ada2a150_0;
    %pad/u 5;
    %ix/vec4 4;
    %flag_mov 8, 4;
    %ix/load 5, 96, 0;
    %flag_set/imm 4, 0;
    %flag_or 4, 8;
    %store/vec4a v0x7fa5ada2aad0, 4, 5;
    %jmp T_10.8;
T_10.8 ;
    %pop/vec4 1;
    %pushi/vec4 1, 0, 2;
    %load/vec4 v0x7fa5ada2a150_0;
    %pad/u 5;
    %ix/vec4 4;
    %store/vec4a v0x7fa5ada2ac50, 4, 0;
    %pushi/vec4 0, 0, 1;
    %store/vec4 v0x7fa5ada2b9e0_0, 0, 1;
T_10.2 ;
    %jmp T_10;
    .thread T_10;
# The file index is used to find the file name in the following table.
:file_names 3;
    "N/A";
    "<interactive>";
    "data_cache_memory.v";
