#! /usr/local/Cellar/icarus-verilog/11.0/bin/vvp
:ivl_version "11.0 (stable)";
:ivl_delay_selection "TYPICAL";
:vpi_time_precision - 10;
:vpi_module "/usr/local/Cellar/icarus-verilog/11.0/lib/ivl/system.vpi";
:vpi_module "/usr/local/Cellar/icarus-verilog/11.0/lib/ivl/vhdl_sys.vpi";
:vpi_module "/usr/local/Cellar/icarus-verilog/11.0/lib/ivl/vhdl_textio.vpi";
:vpi_module "/usr/local/Cellar/icarus-verilog/11.0/lib/ivl/v2005_math.vpi";
:vpi_module "/usr/local/Cellar/icarus-verilog/11.0/lib/ivl/va_math.vpi";
S_0x7ff292407420 .scope module, "immediate_select" "immediate_select" 2 3;
 .timescale -9 -10;
    .port_info 0 /INPUT 32 "INST";
    .port_info 1 /INPUT 4 "SELECT";
    .port_info 2 /OUTPUT 32 "OUT";
o0x7ff292532008 .functor BUFZ 32, C4<zzzzzzzzzzzzzzzzzzzzzzzzzzzzzzzz>; HiZ drive
v0x7ff29240f900_0 .net "INST", 31 0, o0x7ff292532008;  0 drivers
v0x7ff292423f50_0 .var "OUT", 31 0;
o0x7ff292532068 .functor BUFZ 4, C4<zzzz>; HiZ drive
v0x7ff292423ff0_0 .net "SELECT", 3 0, o0x7ff292532068;  0 drivers
v0x7ff2924240a0_0 .net "TYPE1", 19 0, L_0x7ff292424870;  1 drivers
v0x7ff292424150_0 .net "TYPE2", 19 0, L_0x7ff292424910;  1 drivers
v0x7ff292424240_0 .net "TYPE3", 11 0, L_0x7ff2924249f0;  1 drivers
v0x7ff2924242f0_0 .net "TYPE4", 11 0, L_0x7ff292424cb0;  1 drivers
v0x7ff2924243a0_0 .net "TYPE5", 11 0, L_0x7ff292424f30;  1 drivers
v0x7ff292424450_0 .net "TYPE6", 4 0, L_0x7ff2924250e0;  1 drivers
v0x7ff292424560_0 .net *"_ivl_13", 6 0, L_0x7ff292424df0;  1 drivers
v0x7ff292424610_0 .net *"_ivl_15", 4 0, L_0x7ff292424e90;  1 drivers
v0x7ff2924246c0_0 .net *"_ivl_7", 6 0, L_0x7ff292424ab0;  1 drivers
v0x7ff292424770_0 .net *"_ivl_9", 4 0, L_0x7ff292424bf0;  1 drivers
E_0x7ff29240f3a0 .event edge, v0x7ff292423ff0_0;
L_0x7ff292424870 .part o0x7ff292532008, 12, 20;
L_0x7ff292424910 .part o0x7ff292532008, 12, 20;
L_0x7ff2924249f0 .part o0x7ff292532008, 20, 12;
L_0x7ff292424ab0 .part o0x7ff292532008, 25, 7;
L_0x7ff292424bf0 .part o0x7ff292532008, 7, 5;
L_0x7ff292424cb0 .concat [ 5 7 0 0], L_0x7ff292424bf0, L_0x7ff292424ab0;
L_0x7ff292424df0 .part o0x7ff292532008, 25, 7;
L_0x7ff292424e90 .part o0x7ff292532008, 7, 5;
L_0x7ff292424f30 .concat [ 5 7 0 0], L_0x7ff292424e90, L_0x7ff292424df0;
L_0x7ff2924250e0 .part o0x7ff292532008, 25, 5;
    .scope S_0x7ff292407420;
T_0 ;
    %wait E_0x7ff29240f3a0;
    %load/vec4 v0x7ff292423ff0_0;
    %parti/s 3, 0, 2;
    %dup/vec4;
    %pushi/vec4 0, 0, 3;
    %cmp/u;
    %jmp/1 T_0.0, 6;
    %dup/vec4;
    %pushi/vec4 1, 0, 3;
    %cmp/u;
    %jmp/1 T_0.1, 6;
    %dup/vec4;
    %pushi/vec4 2, 0, 3;
    %cmp/u;
    %jmp/1 T_0.2, 6;
    %dup/vec4;
    %pushi/vec4 3, 0, 3;
    %cmp/u;
    %jmp/1 T_0.3, 6;
    %dup/vec4;
    %pushi/vec4 4, 0, 3;
    %cmp/u;
    %jmp/1 T_0.4, 6;
    %dup/vec4;
    %pushi/vec4 5, 0, 3;
    %cmp/u;
    %jmp/1 T_0.5, 6;
    %jmp T_0.6;
T_0.0 ;
    %load/vec4 v0x7ff2924240a0_0;
    %concati/vec4 0, 0, 12;
    %store/vec4 v0x7ff292423f50_0, 0, 32;
    %jmp T_0.6;
T_0.1 ;
    %load/vec4 v0x7ff292423ff0_0;
    %parti/s 1, 3, 3;
    %cmpi/e 1, 0, 1;
    %jmp/0xz  T_0.7, 4;
    %pushi/vec4 0, 0, 11;
    %load/vec4 v0x7ff292424150_0;
    %concat/vec4; draw_concat_vec4
    %concati/vec4 0, 0, 1;
    %store/vec4 v0x7ff292423f50_0, 0, 32;
    %jmp T_0.8;
T_0.7 ;
    %load/vec4 v0x7ff292424150_0;
    %parti/s 1, 19, 6;
    %replicate 11;
    %load/vec4 v0x7ff292424150_0;
    %concat/vec4; draw_concat_vec4
    %concati/vec4 0, 0, 1;
    %store/vec4 v0x7ff292423f50_0, 0, 32;
T_0.8 ;
    %jmp T_0.6;
T_0.2 ;
    %load/vec4 v0x7ff292423ff0_0;
    %parti/s 1, 3, 3;
    %cmpi/e 1, 0, 1;
    %jmp/0xz  T_0.9, 4;
    %pushi/vec4 0, 0, 20;
    %load/vec4 v0x7ff292424240_0;
    %concat/vec4; draw_concat_vec4
    %store/vec4 v0x7ff292423f50_0, 0, 32;
    %jmp T_0.10;
T_0.9 ;
    %load/vec4 v0x7ff292424240_0;
    %parti/s 1, 11, 5;
    %replicate 20;
    %load/vec4 v0x7ff292424240_0;
    %concat/vec4; draw_concat_vec4
    %store/vec4 v0x7ff292423f50_0, 0, 32;
T_0.10 ;
    %jmp T_0.6;
T_0.3 ;
    %load/vec4 v0x7ff292423ff0_0;
    %parti/s 1, 3, 3;
    %cmpi/e 1, 0, 1;
    %jmp/0xz  T_0.11, 4;
    %pushi/vec4 0, 0, 19;
    %load/vec4 v0x7ff2924242f0_0;
    %concat/vec4; draw_concat_vec4
    %concati/vec4 0, 0, 1;
    %store/vec4 v0x7ff292423f50_0, 0, 32;
    %jmp T_0.12;
T_0.11 ;
    %load/vec4 v0x7ff2924242f0_0;
    %parti/s 1, 11, 5;
    %replicate 19;
    %load/vec4 v0x7ff2924242f0_0;
    %concat/vec4; draw_concat_vec4
    %concati/vec4 0, 0, 1;
    %store/vec4 v0x7ff292423f50_0, 0, 32;
T_0.12 ;
    %jmp T_0.6;
T_0.4 ;
    %load/vec4 v0x7ff292423ff0_0;
    %parti/s 1, 3, 3;
    %cmpi/e 1, 0, 1;
    %jmp/0xz  T_0.13, 4;
    %pushi/vec4 0, 0, 20;
    %load/vec4 v0x7ff2924243a0_0;
    %concat/vec4; draw_concat_vec4
    %store/vec4 v0x7ff292423f50_0, 0, 32;
    %jmp T_0.14;
T_0.13 ;
    %load/vec4 v0x7ff2924243a0_0;
    %parti/s 1, 11, 5;
    %replicate 20;
    %load/vec4 v0x7ff2924243a0_0;
    %concat/vec4; draw_concat_vec4
    %store/vec4 v0x7ff292423f50_0, 0, 32;
T_0.14 ;
    %jmp T_0.6;
T_0.5 ;
    %load/vec4 v0x7ff292423ff0_0;
    %parti/s 1, 3, 3;
    %cmpi/e 1, 0, 1;
    %jmp/0xz  T_0.15, 4;
    %pushi/vec4 0, 0, 27;
    %load/vec4 v0x7ff292424450_0;
    %concat/vec4; draw_concat_vec4
    %store/vec4 v0x7ff292423f50_0, 0, 32;
    %jmp T_0.16;
T_0.15 ;
    %load/vec4 v0x7ff292424450_0;
    %parti/s 1, 4, 4;
    %replicate 27;
    %load/vec4 v0x7ff292424450_0;
    %concat/vec4; draw_concat_vec4
    %store/vec4 v0x7ff292423f50_0, 0, 32;
T_0.16 ;
    %jmp T_0.6;
T_0.6 ;
    %pop/vec4 1;
    %jmp T_0;
    .thread T_0, $push;
# The file index is used to find the file name in the following table.
:file_names 3;
    "N/A";
    "<interactive>";
    "immediate_select.v";
