#! /usr/local/Cellar/icarus-verilog/11.0/bin/vvp
:ivl_version "11.0 (stable)";
:ivl_delay_selection "TYPICAL";
:vpi_time_precision - 10;
:vpi_module "/usr/local/Cellar/icarus-verilog/11.0/lib/ivl/system.vpi";
:vpi_module "/usr/local/Cellar/icarus-verilog/11.0/lib/ivl/vhdl_sys.vpi";
:vpi_module "/usr/local/Cellar/icarus-verilog/11.0/lib/ivl/vhdl_textio.vpi";
:vpi_module "/usr/local/Cellar/icarus-verilog/11.0/lib/ivl/v2005_math.vpi";
:vpi_module "/usr/local/Cellar/icarus-verilog/11.0/lib/ivl/va_math.vpi";
S_0x7fb69bc09890 .scope module, "ins_cache_memory" "ins_cache_memory" 2 3;
 .timescale -9 -10;
    .port_info 0 /INPUT 1 "clock";
    .port_info 1 /INPUT 1 "reset";
    .port_info 2 /INPUT 1 "read";
    .port_info 3 /INPUT 32 "address";
    .port_info 4 /OUTPUT 32 "readdata";
    .port_info 5 /OUTPUT 1 "busywait";
    .port_info 6 /OUTPUT 1 "MAIN_MEM_READ";
    .port_info 7 /OUTPUT 28 "MAIN_MEM_ADDRESS";
    .port_info 8 /INPUT 128 "MAIN_MEM_READ_DATA";
    .port_info 9 /INPUT 1 "MAIN_MEM_BUSY_WAIT";
P_0x7fb69bc07420 .param/l "IDLE" 0 2 35, C4<0>;
P_0x7fb69bc07460 .param/l "MEM_READ" 0 2 35, C4<1>;
L_0x7fb69bc1bda0 .functor XOR 1, L_0x7fb69bc1bbb0, L_0x7fb69bc1bcb0, C4<0>, C4<0>;
L_0x7fb69bc1beb0 .functor NOT 1, L_0x7fb69bc1bda0, C4<0>, C4<0>, C4<0>;
L_0x7fb69bc1c120 .functor XOR 1, L_0x7fb69bc1bf60, L_0x7fb69bc1c000, C4<0>, C4<0>;
L_0x7fb69bc1c230 .functor NOT 1, L_0x7fb69bc1c120, C4<0>, C4<0>, C4<0>;
L_0x7fb69bc1c2e0 .functor AND 1, L_0x7fb69bc1beb0, L_0x7fb69bc1c230, C4<1>, C4<1>;
L_0x7fb69bc1c610 .functor XOR 1, L_0x7fb69bc1c400, L_0x7fb69bc1c520, C4<0>, C4<0>;
L_0x7fb69bc1c6c0 .functor NOT 1, L_0x7fb69bc1c610, C4<0>, C4<0>, C4<0>;
L_0x7fb69bc1c7b0/d .functor AND 1, L_0x7fb69bc1c2e0, L_0x7fb69bc1c6c0, C4<1>, C4<1>;
L_0x7fb69bc1c7b0 .delay 1 (9,9,9) L_0x7fb69bc1c7b0/d;
v0x7fb69bc09af0_0 .var "CURRENT_DATA", 31 0;
v0x7fb69bc19ad0_0 .var "CURRENT_TAG", 2 0;
v0x7fb69bc19b70_0 .var "CURRENT_VALID", 0 0;
v0x7fb69bc19c00_0 .var "MAIN_MEM_ADDRESS", 27 0;
o0x7fb69bd320c8 .functor BUFZ 1, C4<z>; HiZ drive
v0x7fb69bc19cb0_0 .net "MAIN_MEM_BUSY_WAIT", 0 0, o0x7fb69bd320c8;  0 drivers
v0x7fb69bc19d90_0 .var "MAIN_MEM_READ", 0 0;
o0x7fb69bd32128 .functor BUFZ 128, C4<zzzzzzzzzzzzzzzzzzzzzzzzzzzzzzzzzzzzzzzzzzzzzzzzzzzzzzzzzzzzzzzzzzzzzzzzzzzzzzzzzzzzzzzzzzzzzzzzzzzzzzzzzzzzzzzzzzzzzzzzzzzzzzzz>; HiZ drive
v0x7fb69bc19e30_0 .net "MAIN_MEM_READ_DATA", 127 0, o0x7fb69bd32128;  0 drivers
v0x7fb69bc19ee0_0 .net "TAG_MATCH", 0 0, L_0x7fb69bc1c7b0;  1 drivers
v0x7fb69bc19f80_0 .net *"_ivl_10", 0 0, L_0x7fb69bc1bda0;  1 drivers
v0x7fb69bc1a090_0 .net *"_ivl_12", 0 0, L_0x7fb69bc1beb0;  1 drivers
v0x7fb69bc1a140_0 .net *"_ivl_15", 0 0, L_0x7fb69bc1bf60;  1 drivers
v0x7fb69bc1a1f0_0 .net *"_ivl_17", 0 0, L_0x7fb69bc1c000;  1 drivers
v0x7fb69bc1a2a0_0 .net *"_ivl_18", 0 0, L_0x7fb69bc1c120;  1 drivers
v0x7fb69bc1a350_0 .net *"_ivl_20", 0 0, L_0x7fb69bc1c230;  1 drivers
v0x7fb69bc1a400_0 .net *"_ivl_23", 0 0, L_0x7fb69bc1c2e0;  1 drivers
v0x7fb69bc1a4a0_0 .net *"_ivl_25", 0 0, L_0x7fb69bc1c400;  1 drivers
v0x7fb69bc1a550_0 .net *"_ivl_27", 0 0, L_0x7fb69bc1c520;  1 drivers
v0x7fb69bc1a6e0_0 .net *"_ivl_28", 0 0, L_0x7fb69bc1c610;  1 drivers
v0x7fb69bc1a770_0 .net *"_ivl_30", 0 0, L_0x7fb69bc1c6c0;  1 drivers
v0x7fb69bc1a820_0 .net *"_ivl_7", 0 0, L_0x7fb69bc1bbb0;  1 drivers
v0x7fb69bc1a8d0_0 .net *"_ivl_9", 0 0, L_0x7fb69bc1bcb0;  1 drivers
o0x7fb69bd323f8 .functor BUFZ 32, C4<zzzzzzzzzzzzzzzzzzzzzzzzzzzzzzzz>; HiZ drive
v0x7fb69bc1a980_0 .net "address", 31 0, o0x7fb69bd323f8;  0 drivers
v0x7fb69bc1aa30_0 .var "busywait", 0 0;
o0x7fb69bd32458 .functor BUFZ 1, C4<z>; HiZ drive
v0x7fb69bc1aad0_0 .net "clock", 0 0, o0x7fb69bd32458;  0 drivers
v0x7fb69bc1ab70 .array "data_array", 0 8, 127 0;
v0x7fb69bc1acf0_0 .var/i "i", 31 0;
v0x7fb69bc1ada0_0 .net "index", 2 0, L_0x7fb69bc1ba70;  1 drivers
v0x7fb69bc1ae50_0 .var "next_state", 1 0;
v0x7fb69bc1af00_0 .net "offset", 1 0, L_0x7fb69bc1bb10;  1 drivers
o0x7fb69bd326f8 .functor BUFZ 1, C4<z>; HiZ drive
v0x7fb69bc1afb0_0 .net "read", 0 0, o0x7fb69bd326f8;  0 drivers
v0x7fb69bc1b050_0 .var "readCache", 0 0;
v0x7fb69bc1b0f0_0 .var "readaccess", 0 0;
v0x7fb69bc1b190_0 .var "readdata", 31 0;
o0x7fb69bd327b8 .functor BUFZ 1, C4<z>; HiZ drive
v0x7fb69bc1a600_0 .net "reset", 0 0, o0x7fb69bd327b8;  0 drivers
v0x7fb69bc1b420_0 .var "state", 1 0;
v0x7fb69bc1b4b0_0 .net "tag", 2 0, L_0x7fb69bc1b9d0;  1 drivers
v0x7fb69bc1b540 .array "tag_array", 0 8, 2 0;
v0x7fb69bc1b6c0 .array "validBit_array", 0 8, 1 0;
v0x7fb69bc1b840_0 .var "writeCache_mem", 0 0;
E_0x7fb69bc08ec0 .event posedge, v0x7fb69bc1aad0_0;
E_0x7fb69bc086a0 .event posedge, v0x7fb69bc1a600_0;
E_0x7fb69bc086d0/0 .event edge, v0x7fb69bc1b0f0_0, v0x7fb69bc1b420_0, v0x7fb69bc19ee0_0, v0x7fb69bc19b70_0;
E_0x7fb69bc086d0/1 .event edge, v0x7fb69bc1b4b0_0, v0x7fb69bc1ada0_0, v0x7fb69bc19cb0_0;
E_0x7fb69bc086d0 .event/or E_0x7fb69bc086d0/0, E_0x7fb69bc086d0/1;
E_0x7fb69bc07e30/0 .event edge, v0x7fb69bc1b420_0, v0x7fb69bc19b70_0, v0x7fb69bc1b0f0_0, v0x7fb69bc19ee0_0;
E_0x7fb69bc07e30/1 .event edge, v0x7fb69bc19cb0_0;
E_0x7fb69bc07e30 .event/or E_0x7fb69bc07e30/0, E_0x7fb69bc07e30/1;
E_0x7fb69bc08ba0 .event edge, v0x7fb69bc1afb0_0;
v0x7fb69bc1ab70_0 .array/port v0x7fb69bc1ab70, 0;
E_0x7fb69bc08930/0 .event edge, v0x7fb69bc1b0f0_0, v0x7fb69bc1af00_0, v0x7fb69bc1ada0_0, v0x7fb69bc1ab70_0;
v0x7fb69bc1ab70_1 .array/port v0x7fb69bc1ab70, 1;
v0x7fb69bc1ab70_2 .array/port v0x7fb69bc1ab70, 2;
v0x7fb69bc1ab70_3 .array/port v0x7fb69bc1ab70, 3;
v0x7fb69bc1ab70_4 .array/port v0x7fb69bc1ab70, 4;
E_0x7fb69bc08930/1 .event edge, v0x7fb69bc1ab70_1, v0x7fb69bc1ab70_2, v0x7fb69bc1ab70_3, v0x7fb69bc1ab70_4;
v0x7fb69bc1ab70_5 .array/port v0x7fb69bc1ab70, 5;
v0x7fb69bc1ab70_6 .array/port v0x7fb69bc1ab70, 6;
v0x7fb69bc1ab70_7 .array/port v0x7fb69bc1ab70, 7;
v0x7fb69bc1ab70_8 .array/port v0x7fb69bc1ab70, 8;
E_0x7fb69bc08930/2 .event edge, v0x7fb69bc1ab70_5, v0x7fb69bc1ab70_6, v0x7fb69bc1ab70_7, v0x7fb69bc1ab70_8;
E_0x7fb69bc08930 .event/or E_0x7fb69bc08930/0, E_0x7fb69bc08930/1, E_0x7fb69bc08930/2;
v0x7fb69bc1b6c0_0 .array/port v0x7fb69bc1b6c0, 0;
v0x7fb69bc1b6c0_1 .array/port v0x7fb69bc1b6c0, 1;
v0x7fb69bc1b6c0_2 .array/port v0x7fb69bc1b6c0, 2;
E_0x7fb69bc08960/0 .event edge, v0x7fb69bc1ada0_0, v0x7fb69bc1b6c0_0, v0x7fb69bc1b6c0_1, v0x7fb69bc1b6c0_2;
v0x7fb69bc1b6c0_3 .array/port v0x7fb69bc1b6c0, 3;
v0x7fb69bc1b6c0_4 .array/port v0x7fb69bc1b6c0, 4;
v0x7fb69bc1b6c0_5 .array/port v0x7fb69bc1b6c0, 5;
v0x7fb69bc1b6c0_6 .array/port v0x7fb69bc1b6c0, 6;
E_0x7fb69bc08960/1 .event edge, v0x7fb69bc1b6c0_3, v0x7fb69bc1b6c0_4, v0x7fb69bc1b6c0_5, v0x7fb69bc1b6c0_6;
v0x7fb69bc1b6c0_7 .array/port v0x7fb69bc1b6c0, 7;
v0x7fb69bc1b6c0_8 .array/port v0x7fb69bc1b6c0, 8;
E_0x7fb69bc08960/2 .event edge, v0x7fb69bc1b6c0_7, v0x7fb69bc1b6c0_8, v0x7fb69bc1ab70_0, v0x7fb69bc1ab70_1;
E_0x7fb69bc08960/3 .event edge, v0x7fb69bc1ab70_2, v0x7fb69bc1ab70_3, v0x7fb69bc1ab70_4, v0x7fb69bc1ab70_5;
v0x7fb69bc1b540_0 .array/port v0x7fb69bc1b540, 0;
E_0x7fb69bc08960/4 .event edge, v0x7fb69bc1ab70_6, v0x7fb69bc1ab70_7, v0x7fb69bc1ab70_8, v0x7fb69bc1b540_0;
v0x7fb69bc1b540_1 .array/port v0x7fb69bc1b540, 1;
v0x7fb69bc1b540_2 .array/port v0x7fb69bc1b540, 2;
v0x7fb69bc1b540_3 .array/port v0x7fb69bc1b540, 3;
v0x7fb69bc1b540_4 .array/port v0x7fb69bc1b540, 4;
E_0x7fb69bc08960/5 .event edge, v0x7fb69bc1b540_1, v0x7fb69bc1b540_2, v0x7fb69bc1b540_3, v0x7fb69bc1b540_4;
v0x7fb69bc1b540_5 .array/port v0x7fb69bc1b540, 5;
v0x7fb69bc1b540_6 .array/port v0x7fb69bc1b540, 6;
v0x7fb69bc1b540_7 .array/port v0x7fb69bc1b540, 7;
v0x7fb69bc1b540_8 .array/port v0x7fb69bc1b540, 8;
E_0x7fb69bc08960/6 .event edge, v0x7fb69bc1b540_5, v0x7fb69bc1b540_6, v0x7fb69bc1b540_7, v0x7fb69bc1b540_8;
E_0x7fb69bc08960 .event/or E_0x7fb69bc08960/0, E_0x7fb69bc08960/1, E_0x7fb69bc08960/2, E_0x7fb69bc08960/3, E_0x7fb69bc08960/4, E_0x7fb69bc08960/5, E_0x7fb69bc08960/6;
L_0x7fb69bc1b9d0 .part o0x7fb69bd323f8, 7, 3;
L_0x7fb69bc1ba70 .part o0x7fb69bd323f8, 4, 3;
L_0x7fb69bc1bb10 .part o0x7fb69bd323f8, 2, 2;
L_0x7fb69bc1bbb0 .part L_0x7fb69bc1b9d0, 2, 1;
L_0x7fb69bc1bcb0 .part v0x7fb69bc19ad0_0, 2, 1;
L_0x7fb69bc1bf60 .part L_0x7fb69bc1b9d0, 1, 1;
L_0x7fb69bc1c000 .part v0x7fb69bc19ad0_0, 1, 1;
L_0x7fb69bc1c400 .part L_0x7fb69bc1b9d0, 0, 1;
L_0x7fb69bc1c520 .part v0x7fb69bc19ad0_0, 0, 1;
    .scope S_0x7fb69bc09890;
T_0 ;
    %wait E_0x7fb69bc08960;
    %delay 10, 0;
    %load/vec4 v0x7fb69bc1ada0_0;
    %pad/u 5;
    %ix/vec4 4;
    %load/vec4a v0x7fb69bc1b6c0, 4;
    %pad/u 1;
    %store/vec4 v0x7fb69bc19b70_0, 0, 1;
    %load/vec4 v0x7fb69bc1ada0_0;
    %pad/u 5;
    %ix/vec4 4;
    %load/vec4a v0x7fb69bc1ab70, 4;
    %pad/u 32;
    %store/vec4 v0x7fb69bc09af0_0, 0, 32;
    %load/vec4 v0x7fb69bc1ada0_0;
    %pad/u 5;
    %ix/vec4 4;
    %load/vec4a v0x7fb69bc1b540, 4;
    %store/vec4 v0x7fb69bc19ad0_0, 0, 3;
    %jmp T_0;
    .thread T_0, $push;
    .scope S_0x7fb69bc09890;
T_1 ;
    %wait E_0x7fb69bc08930;
    %load/vec4 v0x7fb69bc1b0f0_0;
    %flag_set/vec4 8;
    %jmp/0xz  T_1.0, 8;
    %delay 10, 0;
    %load/vec4 v0x7fb69bc1af00_0;
    %dup/vec4;
    %pushi/vec4 0, 0, 2;
    %cmp/u;
    %jmp/1 T_1.2, 6;
    %dup/vec4;
    %pushi/vec4 1, 0, 2;
    %cmp/u;
    %jmp/1 T_1.3, 6;
    %dup/vec4;
    %pushi/vec4 2, 0, 2;
    %cmp/u;
    %jmp/1 T_1.4, 6;
    %dup/vec4;
    %pushi/vec4 3, 0, 2;
    %cmp/u;
    %jmp/1 T_1.5, 6;
    %jmp T_1.6;
T_1.2 ;
    %load/vec4 v0x7fb69bc1ada0_0;
    %pad/u 5;
    %ix/vec4 4;
    %load/vec4a v0x7fb69bc1ab70, 4;
    %parti/s 32, 0, 2;
    %store/vec4 v0x7fb69bc1b190_0, 0, 32;
    %jmp T_1.6;
T_1.3 ;
    %load/vec4 v0x7fb69bc1ada0_0;
    %pad/u 5;
    %ix/vec4 4;
    %load/vec4a v0x7fb69bc1ab70, 4;
    %parti/s 32, 32, 7;
    %store/vec4 v0x7fb69bc1b190_0, 0, 32;
    %jmp T_1.6;
T_1.4 ;
    %load/vec4 v0x7fb69bc1ada0_0;
    %pad/u 5;
    %ix/vec4 4;
    %load/vec4a v0x7fb69bc1ab70, 4;
    %parti/s 32, 64, 8;
    %store/vec4 v0x7fb69bc1b190_0, 0, 32;
    %jmp T_1.6;
T_1.5 ;
    %load/vec4 v0x7fb69bc1ada0_0;
    %pad/u 5;
    %ix/vec4 4;
    %load/vec4a v0x7fb69bc1ab70, 4;
    %parti/s 32, 96, 8;
    %store/vec4 v0x7fb69bc1b190_0, 0, 32;
    %jmp T_1.6;
T_1.6 ;
    %pop/vec4 1;
T_1.0 ;
    %jmp T_1;
    .thread T_1, $push;
    .scope S_0x7fb69bc09890;
T_2 ;
    %wait E_0x7fb69bc08ba0;
    %load/vec4 v0x7fb69bc1afb0_0;
    %flag_set/vec4 8;
    %jmp/0xz  T_2.0, 8;
    %pushi/vec4 1, 0, 1;
    %store/vec4 v0x7fb69bc1aa30_0, 0, 1;
    %pushi/vec4 1, 0, 1;
    %store/vec4 v0x7fb69bc1b0f0_0, 0, 1;
T_2.0 ;
    %jmp T_2;
    .thread T_2, $push;
    .scope S_0x7fb69bc09890;
T_3 ;
    %wait E_0x7fb69bc07e30;
    %load/vec4 v0x7fb69bc1b420_0;
    %dup/vec4;
    %pushi/vec4 0, 0, 2;
    %cmp/u;
    %jmp/1 T_3.0, 6;
    %dup/vec4;
    %pushi/vec4 1, 0, 2;
    %cmp/u;
    %jmp/1 T_3.1, 6;
    %jmp T_3.2;
T_3.0 ;
    %load/vec4 v0x7fb69bc19b70_0;
    %nor/r;
    %load/vec4 v0x7fb69bc1b0f0_0;
    %and;
    %flag_set/vec4 8;
    %jmp/0xz  T_3.3, 8;
    %pushi/vec4 1, 0, 2;
    %store/vec4 v0x7fb69bc1ae50_0, 0, 2;
    %jmp T_3.4;
T_3.3 ;
    %load/vec4 v0x7fb69bc19b70_0;
    %load/vec4 v0x7fb69bc19ee0_0;
    %and;
    %load/vec4 v0x7fb69bc1b0f0_0;
    %and;
    %flag_set/vec4 8;
    %jmp/0xz  T_3.5, 8;
    %pushi/vec4 0, 0, 2;
    %store/vec4 v0x7fb69bc1ae50_0, 0, 2;
    %jmp T_3.6;
T_3.5 ;
    %load/vec4 v0x7fb69bc19b70_0;
    %load/vec4 v0x7fb69bc19ee0_0;
    %nor/r;
    %and;
    %load/vec4 v0x7fb69bc1b0f0_0;
    %and;
    %flag_set/vec4 8;
    %jmp/0xz  T_3.7, 8;
    %pushi/vec4 1, 0, 2;
    %store/vec4 v0x7fb69bc1ae50_0, 0, 2;
T_3.7 ;
T_3.6 ;
T_3.4 ;
    %jmp T_3.2;
T_3.1 ;
    %load/vec4 v0x7fb69bc19cb0_0;
    %flag_set/vec4 8;
    %jmp/0xz  T_3.9, 8;
    %pushi/vec4 1, 0, 2;
    %store/vec4 v0x7fb69bc1ae50_0, 0, 2;
    %jmp T_3.10;
T_3.9 ;
    %pushi/vec4 0, 0, 2;
    %store/vec4 v0x7fb69bc1ae50_0, 0, 2;
T_3.10 ;
    %jmp T_3.2;
T_3.2 ;
    %pop/vec4 1;
    %jmp T_3;
    .thread T_3, $push;
    .scope S_0x7fb69bc09890;
T_4 ;
    %wait E_0x7fb69bc086d0;
    %load/vec4 v0x7fb69bc1b0f0_0;
    %flag_set/vec4 8;
    %jmp/0xz  T_4.0, 8;
    %load/vec4 v0x7fb69bc1b420_0;
    %dup/vec4;
    %pushi/vec4 0, 0, 2;
    %cmp/u;
    %jmp/1 T_4.2, 6;
    %dup/vec4;
    %pushi/vec4 1, 0, 2;
    %cmp/u;
    %jmp/1 T_4.3, 6;
    %jmp T_4.4;
T_4.2 ;
    %pushi/vec4 0, 0, 1;
    %store/vec4 v0x7fb69bc19d90_0, 0, 1;
    %load/vec4 v0x7fb69bc1b0f0_0;
    %load/vec4 v0x7fb69bc19ee0_0;
    %and;
    %load/vec4 v0x7fb69bc19b70_0;
    %and;
    %flag_set/vec4 8;
    %jmp/0xz  T_4.5, 8;
    %pushi/vec4 1, 0, 1;
    %store/vec4 v0x7fb69bc1b050_0, 0, 1;
    %jmp T_4.6;
T_4.5 ;
    %pushi/vec4 0, 0, 1;
    %store/vec4 v0x7fb69bc1b050_0, 0, 1;
T_4.6 ;
    %jmp T_4.4;
T_4.3 ;
    %pushi/vec4 1, 0, 1;
    %store/vec4 v0x7fb69bc19d90_0, 0, 1;
    %load/vec4 v0x7fb69bc1b4b0_0;
    %load/vec4 v0x7fb69bc1ada0_0;
    %concat/vec4; draw_concat_vec4
    %pad/u 28;
    %store/vec4 v0x7fb69bc19c00_0, 0, 28;
    %load/vec4 v0x7fb69bc19cb0_0;
    %nor/r;
    %flag_set/vec4 8;
    %jmp/0xz  T_4.7, 8;
    %pushi/vec4 1, 0, 1;
    %store/vec4 v0x7fb69bc1b840_0, 0, 1;
    %jmp T_4.8;
T_4.7 ;
    %pushi/vec4 0, 0, 1;
    %store/vec4 v0x7fb69bc1b840_0, 0, 1;
T_4.8 ;
    %jmp T_4.4;
T_4.4 ;
    %pop/vec4 1;
T_4.0 ;
    %jmp T_4;
    .thread T_4, $push;
    .scope S_0x7fb69bc09890;
T_5 ;
    %wait E_0x7fb69bc086a0;
    %load/vec4 v0x7fb69bc1a600_0;
    %flag_set/vec4 8;
    %jmp/0xz  T_5.0, 8;
    %pushi/vec4 0, 0, 1;
    %store/vec4 v0x7fb69bc1aa30_0, 0, 1;
    %pushi/vec4 0, 0, 32;
    %store/vec4 v0x7fb69bc1acf0_0, 0, 32;
T_5.2 ;
    %load/vec4 v0x7fb69bc1acf0_0;
    %cmpi/s 8, 0, 32;
    %jmp/0xz T_5.3, 5;
    %pushi/vec4 0, 0, 128;
    %ix/getv/s 4, v0x7fb69bc1acf0_0;
    %store/vec4a v0x7fb69bc1ab70, 4, 0;
    %pushi/vec4 0, 0, 2;
    %ix/getv/s 4, v0x7fb69bc1acf0_0;
    %store/vec4a v0x7fb69bc1b6c0, 4, 0;
    %load/vec4 v0x7fb69bc1acf0_0;
    %addi 1, 0, 32;
    %store/vec4 v0x7fb69bc1acf0_0, 0, 32;
    %jmp T_5.2;
T_5.3 ;
T_5.0 ;
    %jmp T_5;
    .thread T_5;
    .scope S_0x7fb69bc09890;
T_6 ;
    %wait E_0x7fb69bc08ec0;
    %load/vec4 v0x7fb69bc1a600_0;
    %nor/r;
    %flag_set/vec4 8;
    %jmp/0xz  T_6.0, 8;
    %load/vec4 v0x7fb69bc1ae50_0;
    %store/vec4 v0x7fb69bc1b420_0, 0, 2;
    %jmp T_6.1;
T_6.0 ;
    %pushi/vec4 0, 0, 2;
    %store/vec4 v0x7fb69bc1b420_0, 0, 2;
    %pushi/vec4 0, 0, 2;
    %store/vec4 v0x7fb69bc1ae50_0, 0, 2;
T_6.1 ;
    %jmp T_6;
    .thread T_6;
    .scope S_0x7fb69bc09890;
T_7 ;
    %wait E_0x7fb69bc08ec0;
    %load/vec4 v0x7fb69bc1b840_0;
    %flag_set/vec4 8;
    %jmp/0xz  T_7.0, 8;
    %delay 10, 0;
    %load/vec4 v0x7fb69bc19e30_0;
    %load/vec4 v0x7fb69bc1ada0_0;
    %pad/u 5;
    %ix/vec4 4;
    %store/vec4a v0x7fb69bc1ab70, 4, 0;
    %load/vec4 v0x7fb69bc1b4b0_0;
    %load/vec4 v0x7fb69bc1ada0_0;
    %pad/u 5;
    %ix/vec4 4;
    %store/vec4a v0x7fb69bc1b540, 4, 0;
    %pushi/vec4 1, 0, 2;
    %load/vec4 v0x7fb69bc1ada0_0;
    %pad/u 5;
    %ix/vec4 4;
    %store/vec4a v0x7fb69bc1b6c0, 4, 0;
T_7.0 ;
    %jmp T_7;
    .thread T_7;
    .scope S_0x7fb69bc09890;
T_8 ;
    %wait E_0x7fb69bc08ec0;
    %load/vec4 v0x7fb69bc1b050_0;
    %flag_set/vec4 8;
    %jmp/0xz  T_8.0, 8;
    %pushi/vec4 0, 0, 1;
    %store/vec4 v0x7fb69bc1aa30_0, 0, 1;
    %pushi/vec4 0, 0, 1;
    %store/vec4 v0x7fb69bc1b050_0, 0, 1;
    %pushi/vec4 0, 0, 1;
    %store/vec4 v0x7fb69bc1b0f0_0, 0, 1;
T_8.0 ;
    %jmp T_8;
    .thread T_8;
# The file index is used to find the file name in the following table.
:file_names 3;
    "N/A";
    "<interactive>";
    "ins_cache_memory.v";
