#! /usr/local/Cellar/icarus-verilog/11.0/bin/vvp
:ivl_version "11.0 (stable)";
:ivl_delay_selection "TYPICAL";
:vpi_time_precision - 10;
:vpi_module "/usr/local/Cellar/icarus-verilog/11.0/lib/ivl/system.vpi";
:vpi_module "/usr/local/Cellar/icarus-verilog/11.0/lib/ivl/vhdl_sys.vpi";
:vpi_module "/usr/local/Cellar/icarus-verilog/11.0/lib/ivl/vhdl_textio.vpi";
:vpi_module "/usr/local/Cellar/icarus-verilog/11.0/lib/ivl/v2005_math.vpi";
:vpi_module "/usr/local/Cellar/icarus-verilog/11.0/lib/ivl/va_math.vpi";
S_0x7f94b977bc90 .scope module, "cpu" "cpu" 2 15;
 .timescale -9 -10;
    .port_info 0 /OUTPUT 32 "PC";
    .port_info 1 /INPUT 32 "INSTRUCTION";
    .port_info 2 /INPUT 1 "CLK";
    .port_info 3 /INPUT 1 "RESET";
    .port_info 4 /OUTPUT 4 "memReadEn";
    .port_info 5 /OUTPUT 3 "memWriteEn";
    .port_info 6 /OUTPUT 32 "DATA_CACHE_ADDR";
    .port_info 7 /OUTPUT 32 "DATA_CACHE_DATA";
    .port_info 8 /INPUT 32 "DATA_CACHE_READ_DATA";
    .port_info 9 /INPUT 1 "DATA_CACHE_BUSY_WAIT";
    .port_info 10 /OUTPUT 1 "insReadEn";
    .port_info 11 /INPUT 1 "INS_CACHE_BUSY_WAIT";
L_0x7f94ba304940 .functor BUFZ 32, v0x7f94b9798490_0, C4<00000000000000000000000000000000>, C4<00000000000000000000000000000000>, C4<00000000000000000000000000000000>;
L_0x7f94ba305080 .functor BUFZ 32, v0x7f94b9798020_0, C4<00000000000000000000000000000000>, C4<00000000000000000000000000000000>, C4<00000000000000000000000000000000>;
L_0x7f94ba305140 .functor BUFZ 3, v0x7f94b9798a50_0, C4<000>, C4<000>, C4<000>;
L_0x7f94ba304b40 .functor BUFZ 4, v0x7f94b97988f0_0, C4<0000>, C4<0000>, C4<0000>;
v0x7f94b9796ed0_0 .net "ALU_IN_1", 31 0, v0x7f94b9795f60_0;  1 drivers
v0x7f94b9796fc0_0 .net "ALU_IN_2", 31 0, v0x7f94b9796510_0;  1 drivers
v0x7f94b9797090_0 .net "ALU_OUT", 31 0, v0x7f94b978ac20_0;  1 drivers
v0x7f94b9797160_0 .net "ALU_SELECT", 4 0, L_0x7f94b979c500;  1 drivers
v0x7f94b97971f0_0 .net "BRANCH_SELECT", 3 0, L_0x7f94b979e1e0;  1 drivers
v0x7f94b97972c0_0 .net "BRANCH_SELECT_OUT", 0 0, v0x7f94b978b990_0;  1 drivers
o0x7f94b9535188 .functor BUFZ 1, C4<z>; HiZ drive
v0x7f94b9797390_0 .net "CLK", 0 0, o0x7f94b9535188;  0 drivers
v0x7f94b9797420_0 .net "DATA1_S2", 31 0, L_0x7f94b9799ec0;  1 drivers
v0x7f94b97974b0_0 .net "DATA2_S2", 31 0, L_0x7f94b979a210;  1 drivers
v0x7f94b97975e0_0 .net "DATA_CACHE_ADDR", 31 0, L_0x7f94ba305080;  1 drivers
o0x7f94b9535a88 .functor BUFZ 1, C4<z>; HiZ drive
v0x7f94b9797670_0 .net "DATA_CACHE_BUSY_WAIT", 0 0, o0x7f94b9535a88;  0 drivers
v0x7f94b9797700_0 .net "DATA_CACHE_DATA", 31 0, L_0x7f94ba304940;  1 drivers
o0x7f94b9535ae8 .functor BUFZ 32, C4<zzzzzzzzzzzzzzzzzzzzzzzzzzzzzzzz>; HiZ drive
v0x7f94b9797790_0 .net "DATA_CACHE_READ_DATA", 31 0, o0x7f94b9535ae8;  0 drivers
v0x7f94b9797820_0 .net "IMMEDIATE_OUT_S2", 31 0, v0x7f94b9794200_0;  1 drivers
v0x7f94b97978e0_0 .net "IMMEDIATE_SELECT", 3 0, L_0x7f94b979fc40;  1 drivers
o0x7f94b9535b18 .functor BUFZ 32, C4<zzzzzzzzzzzzzzzzzzzzzzzzzzzzzzzz>; HiZ drive
v0x7f94b97979b0_0 .net "INSTRUCTION", 31 0, o0x7f94b9535b18;  0 drivers
o0x7f94b9535b48 .functor BUFZ 1, C4<z>; HiZ drive
v0x7f94b9797a60_0 .net "INS_CACHE_BUSY_WAIT", 0 0, o0x7f94b9535b48;  0 drivers
v0x7f94b9797bf0_0 .net "MEM_READ_S2", 3 0, L_0x7f94b979daa0;  1 drivers
v0x7f94b9797ca0_0 .net "MEM_WRITE_S2", 2 0, L_0x7f94b979d380;  1 drivers
v0x7f94b9797d30_0 .net "OPERAND1_SEL", 0 0, L_0x7f94b97a15e0;  1 drivers
v0x7f94b9797dc0_0 .net "OPERAND2_SEL", 0 0, L_0x7f94b97a26c0;  1 drivers
v0x7f94b9797e50_0 .var "PC", 31 0;
v0x7f94b9797ee0_0 .net "PC_NEXT", 31 0, v0x7f94b97898e0_0;  1 drivers
v0x7f94b9797f70_0 .net "PC_PLUS_4", 31 0, L_0x7f94b9799bc0;  1 drivers
v0x7f94b9798020_0 .var "PR_ALU_OUT_S3", 31 0;
v0x7f94b97980c0_0 .var "PR_ALU_OUT_S4", 31 0;
v0x7f94b9798180_0 .var "PR_ALU_SELECT", 4 0;
v0x7f94b9798230_0 .var "PR_BRANCH_SELECT_S2", 3 0;
v0x7f94b97982e0_0 .var "PR_DATA_1_S2", 31 0;
v0x7f94b97983b0_0 .var "PR_DATA_2_S2", 31 0;
v0x7f94b9798490_0 .var "PR_DATA_2_S3", 31 0;
v0x7f94b9798520_0 .var "PR_DATA_CACHE_OUT", 31 0;
v0x7f94b97985c0_0 .var "PR_IMMEDIATE_SELECT_OUT", 31 0;
v0x7f94b9797b10_0 .var "PR_INSTRUCTION", 31 0;
v0x7f94b9798850_0 .var "PR_MEM_READ_S2", 3 0;
v0x7f94b97988f0_0 .var "PR_MEM_READ_S3", 3 0;
v0x7f94b97989a0_0 .var "PR_MEM_WRITE_S2", 2 0;
v0x7f94b9798a50_0 .var "PR_MEM_WRITE_S3", 2 0;
v0x7f94b9798b00_0 .var "PR_OPERAND1_SEL", 0 0;
v0x7f94b9798b90_0 .var "PR_OPERAND2_SEL", 0 0;
v0x7f94b9798c40_0 .var "PR_PC_S1", 31 0;
v0x7f94b9798cd0_0 .var "PR_PC_S2", 31 0;
v0x7f94b9798d90_0 .var "PR_PC_S3", 31 0;
v0x7f94b9798e30_0 .var "PR_PC_S4", 31 0;
v0x7f94b9798ef0_0 .var "PR_REGISTER_WRITE_ADDR_S2", 4 0;
v0x7f94b9798f90_0 .var "PR_REGISTER_WRITE_ADDR_S3", 4 0;
v0x7f94b9799040_0 .var "PR_REGISTER_WRITE_ADDR_S4", 4 0;
v0x7f94b9799100_0 .var "PR_REG_WRITE_EN_S2", 0 0;
v0x7f94b9799190_0 .var "PR_REG_WRITE_EN_S3", 0 0;
v0x7f94b9799230_0 .var "PR_REG_WRITE_EN_S4", 0 0;
v0x7f94b97992e0_0 .var "PR_REG_WRITE_SELECT_S2", 1 0;
v0x7f94b9799380_0 .var "PR_REG_WRITE_SELECT_S3", 1 0;
v0x7f94b9799430_0 .var "PR_REG_WRITE_SELECT_S4", 1 0;
v0x7f94b97994f0_0 .net "REG_WRITE_DATA", 31 0, v0x7f94b9796cc0_0;  1 drivers
v0x7f94b97995c0_0 .net "REG_WRITE_EN_S2", 0 0, L_0x7f94b979d110;  1 drivers
v0x7f94b9799650_0 .net "REG_WRITE_SELECT_S2", 1 0, L_0x7f94b97a2f90;  1 drivers
o0x7f94b9532b48 .functor BUFZ 1, C4<z>; HiZ drive
v0x7f94b9799700_0 .net "RESET", 0 0, o0x7f94b9532b48;  0 drivers
L_0x7f94b9563008 .functor BUFT 1, C4<00000000000000000000000000000100>, C4<0>, C4<0>, C4<0>;
v0x7f94b97997d0_0 .net/2u *"_ivl_0", 31 0, L_0x7f94b9563008;  1 drivers
v0x7f94b9799870_0 .var "insReadEn", 0 0;
v0x7f94b9799910_0 .net "memReadEn", 3 0, L_0x7f94ba304b40;  1 drivers
v0x7f94b97999c0_0 .net "memWriteEn", 2 0, L_0x7f94ba305140;  1 drivers
L_0x7f94b9799bc0 .arith/sum 32, v0x7f94b9797e50_0, L_0x7f94b9563008;
L_0x7f94b979a340 .part v0x7f94b9797b10_0, 15, 5;
L_0x7f94b979a480 .part v0x7f94b9797b10_0, 20, 5;
S_0x7f94b9775ec0 .scope module, "muxjump" "mux2to1_32bit" 2 39, 3 3 0, S_0x7f94b977bc90;
 .timescale -9 -10;
    .port_info 0 /INPUT 32 "INPUT1";
    .port_info 1 /INPUT 32 "INPUT2";
    .port_info 2 /OUTPUT 32 "RESULT";
    .port_info 3 /INPUT 1 "SELECT";
v0x7f94b977d950_0 .net "INPUT1", 31 0, L_0x7f94b9799bc0;  alias, 1 drivers
v0x7f94b9789830_0 .net "INPUT2", 31 0, v0x7f94b978ac20_0;  alias, 1 drivers
v0x7f94b97898e0_0 .var "RESULT", 31 0;
v0x7f94b97899a0_0 .net "SELECT", 0 0, v0x7f94b978b990_0;  alias, 1 drivers
E_0x7f94b977d850 .event edge, v0x7f94b97899a0_0, v0x7f94b9789830_0, v0x7f94b977d950_0;
S_0x7f94b9789aa0 .scope module, "myAlu" "alu" 2 117, 4 4 0, S_0x7f94b977bc90;
 .timescale -9 -10;
    .port_info 0 /INPUT 32 "DATA1";
    .port_info 1 /INPUT 32 "DATA2";
    .port_info 2 /OUTPUT 32 "RESULT";
    .port_info 3 /INPUT 5 "SELECT";
L_0x7f94b97a2e50/d .functor BUFZ 32, v0x7f94b9796510_0, C4<00000000000000000000000000000000>, C4<00000000000000000000000000000000>, C4<00000000000000000000000000000000>;
L_0x7f94b97a2e50 .delay 32 (10,10,10) L_0x7f94b97a2e50/d;
L_0x7f94b97a3760/d .functor AND 32, v0x7f94b9795f60_0, v0x7f94b9796510_0, C4<11111111111111111111111111111111>, C4<11111111111111111111111111111111>;
L_0x7f94b97a3760 .delay 32 (30,30,30) L_0x7f94b97a3760/d;
L_0x7f94b97a3850/d .functor OR 32, v0x7f94b9795f60_0, v0x7f94b9796510_0, C4<00000000000000000000000000000000>, C4<00000000000000000000000000000000>;
L_0x7f94b97a3850 .delay 32 (30,30,30) L_0x7f94b97a3850/d;
L_0x7f94b97a3940/d .functor XOR 32, v0x7f94b9795f60_0, v0x7f94b9796510_0, C4<00000000000000000000000000000000>, C4<00000000000000000000000000000000>;
L_0x7f94b97a3940 .delay 32 (30,30,30) L_0x7f94b97a3940/d;
v0x7f94b9789d90_0 .net "DATA1", 31 0, v0x7f94b9795f60_0;  alias, 1 drivers
v0x7f94b9789e50_0 .net "DATA2", 31 0, v0x7f94b9796510_0;  alias, 1 drivers
v0x7f94b9789f00_0 .net "INTER_ADD", 31 0, L_0x7f94b97a3310;  1 drivers
v0x7f94b9789fc0_0 .net "INTER_AND", 31 0, L_0x7f94b97a3760;  1 drivers
v0x7f94b978a070_0 .net "INTER_DIV", 31 0, L_0x7f94ba304460;  1 drivers
v0x7f94b978a160_0 .net "INTER_FWD", 31 0, L_0x7f94b97a2e50;  1 drivers
v0x7f94b978a210_0 .net "INTER_MUL", 31 0, L_0x7f94b97a44c0;  1 drivers
v0x7f94b978a2c0_0 .net "INTER_MULHSU", 31 0, L_0x7f94b97a45a0;  1 drivers
v0x7f94b978a370_0 .net "INTER_MULHU", 31 0, L_0x7f94ba304120;  1 drivers
v0x7f94b978a480_0 .net "INTER_OR", 31 0, L_0x7f94b97a3850;  1 drivers
v0x7f94b978a530_0 .net "INTER_REM", 31 0, L_0x7f94ba3046e0;  1 drivers
v0x7f94b978a5e0_0 .net "INTER_REMU", 31 0, L_0x7f94ba304780;  1 drivers
v0x7f94b978a690_0 .net "INTER_SLL", 31 0, L_0x7f94b97a3b60;  1 drivers
v0x7f94b978a740_0 .net "INTER_SLT", 31 0, L_0x7f94b97a4060;  1 drivers
v0x7f94b978a7f0_0 .net "INTER_SLTU", 31 0, L_0x7f94b97a42a0;  1 drivers
v0x7f94b978a8a0_0 .net "INTER_SRA", 31 0, L_0x7f94b97a3e40;  1 drivers
v0x7f94b978a950_0 .net "INTER_SRL", 31 0, L_0x7f94b97a3d60;  1 drivers
v0x7f94b978aae0_0 .net "INTER_SUB", 31 0, L_0x7f94b97a35e0;  1 drivers
v0x7f94b978ab70_0 .net "INTER_XOR", 31 0, L_0x7f94b97a3940;  1 drivers
v0x7f94b978ac20_0 .var "RESULT", 31 0;
v0x7f94b978ace0_0 .net "SELECT", 4 0, v0x7f94b9798180_0;  1 drivers
v0x7f94b978ad70_0 .net *"_ivl_18", 0 0, L_0x7f94b97a3f60;  1 drivers
L_0x7f94b95642e0 .functor BUFT 1, C4<00000000000000000000000000000001>, C4<0>, C4<0>, C4<0>;
v0x7f94b978ae00_0 .net/2u *"_ivl_20", 31 0, L_0x7f94b95642e0;  1 drivers
L_0x7f94b9564328 .functor BUFT 1, C4<00000000000000000000000000000000>, C4<0>, C4<0>, C4<0>;
v0x7f94b978ae90_0 .net/2u *"_ivl_22", 31 0, L_0x7f94b9564328;  1 drivers
v0x7f94b978af20_0 .net *"_ivl_26", 0 0, L_0x7f94b97a4200;  1 drivers
L_0x7f94b9564370 .functor BUFT 1, C4<00000000000000000000000000000001>, C4<0>, C4<0>, C4<0>;
v0x7f94b978afb0_0 .net/2u *"_ivl_28", 31 0, L_0x7f94b9564370;  1 drivers
L_0x7f94b95643b8 .functor BUFT 1, C4<00000000000000000000000000000000>, C4<0>, C4<0>, C4<0>;
v0x7f94b978b050_0 .net/2u *"_ivl_30", 31 0, L_0x7f94b95643b8;  1 drivers
E_0x7f94b9789cd0/0 .event edge, v0x7f94b978ace0_0, v0x7f94b9789f00_0, v0x7f94b978a690_0, v0x7f94b978a740_0;
E_0x7f94b9789cd0/1 .event edge, v0x7f94b978a7f0_0, v0x7f94b978ab70_0, v0x7f94b978a950_0, v0x7f94b978a480_0;
E_0x7f94b9789cd0/2 .event edge, v0x7f94b9789fc0_0, v0x7f94b978a210_0, v0x7f94b978a2c0_0, v0x7f94b978a370_0;
E_0x7f94b9789cd0/3 .event edge, v0x7f94b978a070_0, v0x7f94b978a530_0, v0x7f94b978a5e0_0, v0x7f94b978a8a0_0;
E_0x7f94b9789cd0/4 .event edge, v0x7f94b978aae0_0, v0x7f94b978a160_0;
E_0x7f94b9789cd0 .event/or E_0x7f94b9789cd0/0, E_0x7f94b9789cd0/1, E_0x7f94b9789cd0/2, E_0x7f94b9789cd0/3, E_0x7f94b9789cd0/4;
L_0x7f94b97a3310 .delay 32 (30,30,30) L_0x7f94b97a3310/d;
L_0x7f94b97a3310/d .arith/sum 32, v0x7f94b9795f60_0, v0x7f94b9796510_0;
L_0x7f94b97a35e0 .delay 32 (30,30,30) L_0x7f94b97a35e0/d;
L_0x7f94b97a35e0/d .arith/sub 32, v0x7f94b9795f60_0, v0x7f94b9796510_0;
L_0x7f94b97a3b60 .delay 32 (40,40,40) L_0x7f94b97a3b60/d;
L_0x7f94b97a3b60/d .shift/l 32, v0x7f94b9795f60_0, v0x7f94b9796510_0;
L_0x7f94b97a3d60 .delay 32 (40,40,40) L_0x7f94b97a3d60/d;
L_0x7f94b97a3d60/d .shift/r 32, v0x7f94b9795f60_0, v0x7f94b9796510_0;
L_0x7f94b97a3e40 .delay 32 (40,40,40) L_0x7f94b97a3e40/d;
L_0x7f94b97a3e40/d .shift/r 32, v0x7f94b9795f60_0, v0x7f94b9796510_0;
L_0x7f94b97a3f60 .cmp/gt.s 32, v0x7f94b9796510_0, v0x7f94b9795f60_0;
L_0x7f94b97a4060 .delay 32 (30,30,30) L_0x7f94b97a4060/d;
L_0x7f94b97a4060/d .functor MUXZ 32, L_0x7f94b9564328, L_0x7f94b95642e0, L_0x7f94b97a3f60, C4<>;
L_0x7f94b97a4200 .cmp/gt 32, v0x7f94b9796510_0, v0x7f94b9795f60_0;
L_0x7f94b97a42a0 .delay 32 (30,30,30) L_0x7f94b97a42a0/d;
L_0x7f94b97a42a0/d .functor MUXZ 32, L_0x7f94b95643b8, L_0x7f94b9564370, L_0x7f94b97a4200, C4<>;
L_0x7f94b97a44c0 .delay 32 (80,80,80) L_0x7f94b97a44c0/d;
L_0x7f94b97a44c0/d .arith/mult 32, v0x7f94b9795f60_0, v0x7f94b9796510_0;
L_0x7f94b97a45a0 .delay 32 (80,80,80) L_0x7f94b97a45a0/d;
L_0x7f94b97a45a0/d .arith/mult 32, v0x7f94b9795f60_0, v0x7f94b9795f60_0;
L_0x7f94ba304120 .delay 32 (80,80,80) L_0x7f94ba304120/d;
L_0x7f94ba304120/d .arith/mult 32, v0x7f94b9795f60_0, v0x7f94b9795f60_0;
L_0x7f94ba304460 .delay 32 (80,80,80) L_0x7f94ba304460/d;
L_0x7f94ba304460/d .arith/div.s 32, v0x7f94b9795f60_0, v0x7f94b9795f60_0;
L_0x7f94ba3046e0 .delay 32 (80,80,80) L_0x7f94ba3046e0/d;
L_0x7f94ba3046e0/d .arith/mod.s 32, v0x7f94b9795f60_0, v0x7f94b9795f60_0;
L_0x7f94ba304780 .delay 32 (80,80,80) L_0x7f94ba304780/d;
L_0x7f94ba304780/d .arith/mod 32, v0x7f94b9795f60_0, v0x7f94b9795f60_0;
S_0x7f94b978b160 .scope module, "myBranchSelect" "branch_select" 2 118, 5 3 0, S_0x7f94b977bc90;
 .timescale -9 -10;
    .port_info 0 /INPUT 32 "DATA1";
    .port_info 1 /INPUT 32 "DATA2";
    .port_info 2 /INPUT 4 "SELECT";
    .port_info 3 /OUTPUT 1 "MUX_OUT";
v0x7f94b978b410_0 .net "BEQ", 0 0, L_0x7f94ba304a00;  1 drivers
v0x7f94b978b4c0_0 .net "BGE", 0 0, L_0x7f94ba304c60;  1 drivers
v0x7f94b978b560_0 .net "BGEU", 0 0, L_0x7f94ba304da0;  1 drivers
v0x7f94b978b610_0 .net "BLT", 0 0, L_0x7f94ba304bc0;  1 drivers
v0x7f94b978b6b0_0 .net "BLTU", 0 0, L_0x7f94ba304d00;  1 drivers
v0x7f94b978b790_0 .net "BNE", 0 0, L_0x7f94ba304aa0;  1 drivers
v0x7f94b978b830_0 .net "DATA1", 31 0, v0x7f94b97982e0_0;  1 drivers
v0x7f94b978b8e0_0 .net "DATA2", 31 0, v0x7f94b97983b0_0;  1 drivers
v0x7f94b978b990_0 .var "MUX_OUT", 0 0;
v0x7f94b978baa0_0 .net "SELECT", 3 0, v0x7f94b9798230_0;  1 drivers
E_0x7f94b978b3a0/0 .event edge, v0x7f94b978baa0_0, v0x7f94b978b410_0, v0x7f94b978b790_0, v0x7f94b978b610_0;
E_0x7f94b978b3a0/1 .event edge, v0x7f94b978b4c0_0, v0x7f94b978b6b0_0, v0x7f94b978b560_0;
E_0x7f94b978b3a0 .event/or E_0x7f94b978b3a0/0, E_0x7f94b978b3a0/1;
L_0x7f94ba304a00 .cmp/eq 32, v0x7f94b97982e0_0, v0x7f94b97983b0_0;
L_0x7f94ba304aa0 .cmp/ne 32, v0x7f94b97982e0_0, v0x7f94b97983b0_0;
L_0x7f94ba304bc0 .cmp/gt 32, v0x7f94b97983b0_0, v0x7f94b97982e0_0;
L_0x7f94ba304c60 .cmp/ge 32, v0x7f94b97982e0_0, v0x7f94b97983b0_0;
L_0x7f94ba304d00 .cmp/gt 32, v0x7f94b97983b0_0, v0x7f94b97982e0_0;
L_0x7f94ba304da0 .cmp/ge 32, v0x7f94b97982e0_0, v0x7f94b97983b0_0;
S_0x7f94b978bb60 .scope module, "myControl" "control_unit" 2 83, 6 11 0, S_0x7f94b977bc90;
 .timescale -9 -10;
    .port_info 0 /INPUT 32 "INSTRUCTION";
    .port_info 1 /OUTPUT 5 "alu_signal";
    .port_info 2 /OUTPUT 1 "reg_file_write";
    .port_info 3 /OUTPUT 3 "main_mem_write";
    .port_info 4 /OUTPUT 4 "main_mem_read";
    .port_info 5 /OUTPUT 4 "branch_control";
    .port_info 6 /OUTPUT 4 "immediate_select";
    .port_info 7 /OUTPUT 1 "oparand_1_select";
    .port_info 8 /OUTPUT 1 "oparand_2_select";
    .port_info 9 /OUTPUT 2 "reg_write_select";
    .port_info 10 /INPUT 1 "RESET";
L_0x7f94b979b330 .functor OR 1, L_0x7f94b979b0d0, L_0x7f94b979b250, C4<0>, C4<0>;
L_0x7f94b979b560 .functor OR 1, L_0x7f94b979b330, L_0x7f94b979b440, C4<0>, C4<0>;
L_0x7f94b979b750/d .functor OR 1, L_0x7f94b979b560, L_0x7f94b979b670, C4<0>, C4<0>;
L_0x7f94b979b750 .delay 1 (30,30,30) L_0x7f94b979b750/d;
L_0x7f94b979be30 .functor OR 1, L_0x7f94b979ba80, L_0x7f94b979bcf0, C4<0>, C4<0>;
L_0x7f94b979c210 .functor OR 1, L_0x7f94b979be30, L_0x7f94b979c100, C4<0>, C4<0>;
L_0x7f94b979c3d0/d .functor OR 1, L_0x7f94b979c210, L_0x7f94b979c2f0, C4<0>, C4<0>;
L_0x7f94b979c3d0 .delay 1 (30,30,30) L_0x7f94b979c3d0/d;
L_0x7f94b979c9b0/d .functor OR 1, L_0x7f94b979c7a0, L_0x7f94b979c910, C4<0>, C4<0>;
L_0x7f94b979c9b0 .delay 1 (30,30,30) L_0x7f94b979c9b0/d;
L_0x7f94b979cda0 .functor OR 1, L_0x7f94b979cb20, L_0x7f94b979cd00, C4<0>, C4<0>;
L_0x7f94b979d0a0 .functor OR 1, L_0x7f94b979cda0, L_0x7f94b979cf50, C4<0>, C4<0>;
L_0x7f94b979d110/d .functor NOT 1, L_0x7f94b979d0a0, C4<0>, C4<0>, C4<0>;
L_0x7f94b979d110 .delay 1 (30,30,30) L_0x7f94b979d110/d;
L_0x7f94b979d500/d .functor BUFZ 3, L_0x7f94b979af50, C4<000>, C4<000>, C4<000>;
L_0x7f94b979d500 .delay 3 (30,30,30) L_0x7f94b979d500/d;
L_0x7f94b979dda0 .functor OR 1, L_0x7f94b979dbe0, L_0x7f94b979dcc0, C4<0>, C4<0>;
L_0x7f94b979df70/d .functor OR 1, L_0x7f94b979dda0, L_0x7f94b979de90, C4<0>, C4<0>;
L_0x7f94b979df70 .delay 1 (30,30,30) L_0x7f94b979df70/d;
L_0x7f94b979e400 .functor OR 1, L_0x7f94b979e280, L_0x7f94b979e320, C4<0>, C4<0>;
L_0x7f94b979e960 .functor OR 1, L_0x7f94b979e8c0, L_0x7f94b979ea80, C4<0>, C4<0>;
L_0x7f94b979eb20 .functor OR 1, L_0x7f94b979e960, L_0x7f94b979ed70, C4<0>, C4<0>;
L_0x7f94b979ee50 .functor OR 1, L_0x7f94b979eb20, L_0x7f94b979f030, C4<0>, C4<0>;
L_0x7f94b979f110 .functor OR 1, L_0x7f94b979ee50, L_0x7f94b979f390, C4<0>, C4<0>;
L_0x7f94b979f430 .functor OR 1, L_0x7f94b979f110, L_0x7f94b979f730, C4<0>, C4<0>;
L_0x7f94b979f7d0/d .functor OR 1, L_0x7f94b979f430, L_0x7f94b979f9e0, C4<0>, C4<0>;
L_0x7f94b979f7d0 .delay 1 (30,30,30) L_0x7f94b979f7d0/d;
L_0x7f94b97a1330 .functor OR 1, L_0x7f94b97a11b0, L_0x7f94b97a1250, C4<0>, C4<0>;
L_0x7f94b97a1970 .functor OR 1, L_0x7f94b97a1330, L_0x7f94b97a1890, C4<0>, C4<0>;
L_0x7f94b97a15e0/d .functor OR 1, L_0x7f94b97a1970, L_0x7f94b97a1a60, C4<0>, C4<0>;
L_0x7f94b97a15e0 .delay 1 (30,30,30) L_0x7f94b97a15e0/d;
L_0x7f94b97a1b40 .functor OR 1, L_0x7f94b979f4e0, L_0x7f94b97a1e80, C4<0>, C4<0>;
L_0x7f94b97a1cd0 .functor OR 1, L_0x7f94b97a1b40, L_0x7f94b97a1bf0, C4<0>, C4<0>;
L_0x7f94b97a1f20 .functor OR 1, L_0x7f94b97a1cd0, L_0x7f94b97a1d80, C4<0>, C4<0>;
L_0x7f94b97a20f0 .functor OR 1, L_0x7f94b97a1f20, L_0x7f94b97a2010, C4<0>, C4<0>;
L_0x7f94b97a22c0 .functor OR 1, L_0x7f94b97a20f0, L_0x7f94b97a21b0, C4<0>, C4<0>;
L_0x7f94b97a2490 .functor OR 1, L_0x7f94b97a22c0, L_0x7f94b97a23b0, C4<0>, C4<0>;
L_0x7f94b97a26c0/d .functor OR 1, L_0x7f94b97a2490, L_0x7f94b97a25a0, C4<0>, C4<0>;
L_0x7f94b97a26c0 .delay 1 (30,30,30) L_0x7f94b97a26c0/d;
L_0x7f94b97a2d60/d .functor NOT 1, L_0x7f94b97a2830, C4<0>, C4<0>, C4<0>;
L_0x7f94b97a2d60 .delay 1 (30,30,30) L_0x7f94b97a2d60/d;
L_0x7f94b97a29f0 .functor OR 1, L_0x7f94b979fd40, L_0x7f94b979fe20, C4<0>, C4<0>;
L_0x7f94b97a2b80/d .functor OR 1, L_0x7f94b97a29f0, L_0x7f94b97a2aa0, C4<0>, C4<0>;
L_0x7f94b97a2b80 .delay 1 (30,30,30) L_0x7f94b97a2b80/d;
v0x7f94b978c450_0 .net "INSTRUCTION", 31 0, v0x7f94b9797b10_0;  1 drivers
v0x7f94b978c510_0 .net "RESET", 0 0, o0x7f94b9532b48;  alias, 0 drivers
L_0x7f94b9563128 .functor BUFT 1, C4<1101111>, C4<0>, C4<0>, C4<0>;
v0x7f94b978c5b0_0 .net/2u *"_ivl_10", 6 0, L_0x7f94b9563128;  1 drivers
v0x7f94b978c650_0 .net *"_ivl_105", 1 0, L_0x7f94b979d5c0;  1 drivers
L_0x7f94b9563518 .functor BUFT 1, C4<0000011>, C4<0>, C4<0>, C4<0>;
v0x7f94b978c700_0 .net/2u *"_ivl_108", 6 0, L_0x7f94b9563518;  1 drivers
v0x7f94b978c7f0_0 .net *"_ivl_110", 0 0, L_0x7f94b979d6a0;  1 drivers
v0x7f94b978c890_0 .net *"_ivl_116", 2 0, L_0x7f94b979d500;  1 drivers
L_0x7f94b9563560 .functor BUFT 1, C4<1100111>, C4<0>, C4<0>, C4<0>;
v0x7f94b978c940_0 .net/2u *"_ivl_119", 6 0, L_0x7f94b9563560;  1 drivers
v0x7f94b978c9f0_0 .net *"_ivl_12", 0 0, L_0x7f94b979b250;  1 drivers
v0x7f94b978cb00_0 .net *"_ivl_121", 0 0, L_0x7f94b979dbe0;  1 drivers
L_0x7f94b95635a8 .functor BUFT 1, C4<1101111>, C4<0>, C4<0>, C4<0>;
v0x7f94b978cb90_0 .net/2u *"_ivl_123", 6 0, L_0x7f94b95635a8;  1 drivers
v0x7f94b978cc40_0 .net *"_ivl_125", 0 0, L_0x7f94b979dcc0;  1 drivers
v0x7f94b978cce0_0 .net *"_ivl_127", 0 0, L_0x7f94b979dda0;  1 drivers
L_0x7f94b95635f0 .functor BUFT 1, C4<1100011>, C4<0>, C4<0>, C4<0>;
v0x7f94b978cd90_0 .net/2u *"_ivl_129", 6 0, L_0x7f94b95635f0;  1 drivers
v0x7f94b978ce40_0 .net *"_ivl_131", 0 0, L_0x7f94b979de90;  1 drivers
v0x7f94b978cee0_0 .net *"_ivl_133", 0 0, L_0x7f94b979df70;  1 drivers
L_0x7f94b9563638 .functor BUFT 1, C4<1100111>, C4<0>, C4<0>, C4<0>;
v0x7f94b978cf90_0 .net/2u *"_ivl_138", 6 0, L_0x7f94b9563638;  1 drivers
v0x7f94b978d120_0 .net *"_ivl_14", 0 0, L_0x7f94b979b330;  1 drivers
v0x7f94b978d1b0_0 .net *"_ivl_140", 0 0, L_0x7f94b979e280;  1 drivers
L_0x7f94b9563680 .functor BUFT 1, C4<1101111>, C4<0>, C4<0>, C4<0>;
v0x7f94b978d250_0 .net/2u *"_ivl_142", 6 0, L_0x7f94b9563680;  1 drivers
v0x7f94b978d300_0 .net *"_ivl_144", 0 0, L_0x7f94b979e320;  1 drivers
v0x7f94b978d3a0_0 .net *"_ivl_147", 0 0, L_0x7f94b979e400;  1 drivers
L_0x7f94b95636c8 .functor BUFT 1, C4<010>, C4<0>, C4<0>, C4<0>;
v0x7f94b978d440_0 .net/2u *"_ivl_148", 2 0, L_0x7f94b95636c8;  1 drivers
v0x7f94b978d4f0_0 .net *"_ivl_150", 2 0, L_0x7f94b979e4f0;  1 drivers
v0x7f94b978d5a0_0 .net *"_ivl_154", 9 0, L_0x7f94b979e820;  1 drivers
L_0x7f94b9563710 .functor BUFT 1, C4<0000011100>, C4<0>, C4<0>, C4<0>;
v0x7f94b978d650_0 .net/2u *"_ivl_156", 9 0, L_0x7f94b9563710;  1 drivers
v0x7f94b978d700_0 .net *"_ivl_158", 0 0, L_0x7f94b979e8c0;  1 drivers
L_0x7f94b9563170 .functor BUFT 1, C4<0100011>, C4<0>, C4<0>, C4<0>;
v0x7f94b978d7a0_0 .net/2u *"_ivl_16", 6 0, L_0x7f94b9563170;  1 drivers
v0x7f94b978d850_0 .net *"_ivl_160", 9 0, L_0x7f94b979e710;  1 drivers
L_0x7f94b9563758 .functor BUFT 1, C4<0000011101>, C4<0>, C4<0>, C4<0>;
v0x7f94b978d900_0 .net/2u *"_ivl_162", 9 0, L_0x7f94b9563758;  1 drivers
v0x7f94b978d9b0_0 .net *"_ivl_164", 0 0, L_0x7f94b979ea80;  1 drivers
v0x7f94b978da50_0 .net *"_ivl_166", 0 0, L_0x7f94b979e960;  1 drivers
v0x7f94b978db00_0 .net *"_ivl_168", 9 0, L_0x7f94b979ecd0;  1 drivers
L_0x7f94b95637a0 .functor BUFT 1, C4<0010011011>, C4<0>, C4<0>, C4<0>;
v0x7f94b978d040_0 .net/2u *"_ivl_170", 9 0, L_0x7f94b95637a0;  1 drivers
v0x7f94b978dd90_0 .net *"_ivl_172", 0 0, L_0x7f94b979ed70;  1 drivers
v0x7f94b978de20_0 .net *"_ivl_174", 0 0, L_0x7f94b979eb20;  1 drivers
v0x7f94b978deb0_0 .net *"_ivl_176", 16 0, L_0x7f94b979ef90;  1 drivers
L_0x7f94b95637e8 .functor BUFT 1, C4<01100110110000000>, C4<0>, C4<0>, C4<0>;
v0x7f94b978df60_0 .net/2u *"_ivl_178", 16 0, L_0x7f94b95637e8;  1 drivers
v0x7f94b978e010_0 .net *"_ivl_18", 0 0, L_0x7f94b979b440;  1 drivers
v0x7f94b978e0b0_0 .net *"_ivl_180", 0 0, L_0x7f94b979f030;  1 drivers
v0x7f94b978e150_0 .net *"_ivl_182", 0 0, L_0x7f94b979ee50;  1 drivers
v0x7f94b978e200_0 .net *"_ivl_184", 16 0, L_0x7f94b979f2f0;  1 drivers
L_0x7f94b9563830 .functor BUFT 1, C4<01100110100000001>, C4<0>, C4<0>, C4<0>;
v0x7f94b978e2b0_0 .net/2u *"_ivl_186", 16 0, L_0x7f94b9563830;  1 drivers
v0x7f94b978e360_0 .net *"_ivl_188", 0 0, L_0x7f94b979f390;  1 drivers
v0x7f94b978e400_0 .net *"_ivl_190", 0 0, L_0x7f94b979f110;  1 drivers
v0x7f94b978e4b0_0 .net *"_ivl_192", 16 0, L_0x7f94b979f590;  1 drivers
L_0x7f94b9563878 .functor BUFT 1, C4<01100110110000001>, C4<0>, C4<0>, C4<0>;
v0x7f94b978e560_0 .net/2u *"_ivl_194", 16 0, L_0x7f94b9563878;  1 drivers
v0x7f94b978e610_0 .net *"_ivl_196", 0 0, L_0x7f94b979f730;  1 drivers
v0x7f94b978e6b0_0 .net *"_ivl_198", 0 0, L_0x7f94b979f430;  1 drivers
v0x7f94b978e760_0 .net *"_ivl_20", 0 0, L_0x7f94b979b560;  1 drivers
v0x7f94b978e810_0 .net *"_ivl_200", 16 0, L_0x7f94b979f940;  1 drivers
L_0x7f94b95638c0 .functor BUFT 1, C4<01100111110000001>, C4<0>, C4<0>, C4<0>;
v0x7f94b978e8c0_0 .net/2u *"_ivl_202", 16 0, L_0x7f94b95638c0;  1 drivers
v0x7f94b978e970_0 .net *"_ivl_204", 0 0, L_0x7f94b979f9e0;  1 drivers
v0x7f94b978ea10_0 .net *"_ivl_206", 0 0, L_0x7f94b979f7d0;  1 drivers
L_0x7f94b9563908 .functor BUFT 1, C4<0000011>, C4<0>, C4<0>, C4<0>;
v0x7f94b978eac0_0 .net/2u *"_ivl_211", 6 0, L_0x7f94b9563908;  1 drivers
v0x7f94b978eb70_0 .net *"_ivl_213", 0 0, L_0x7f94b979ce50;  1 drivers
L_0x7f94b9563950 .functor BUFT 1, C4<010>, C4<0>, C4<0>, C4<0>;
v0x7f94b978ec10_0 .net/2u *"_ivl_215", 2 0, L_0x7f94b9563950;  1 drivers
L_0x7f94b9563998 .functor BUFT 1, C4<0010111>, C4<0>, C4<0>, C4<0>;
v0x7f94b978ecc0_0 .net/2u *"_ivl_217", 6 0, L_0x7f94b9563998;  1 drivers
v0x7f94b978ed70_0 .net *"_ivl_219", 0 0, L_0x7f94b979fac0;  1 drivers
L_0x7f94b95631b8 .functor BUFT 1, C4<0000011>, C4<0>, C4<0>, C4<0>;
v0x7f94b978ee10_0 .net/2u *"_ivl_22", 6 0, L_0x7f94b95631b8;  1 drivers
L_0x7f94b95639e0 .functor BUFT 1, C4<000>, C4<0>, C4<0>, C4<0>;
v0x7f94b978eec0_0 .net/2u *"_ivl_221", 2 0, L_0x7f94b95639e0;  1 drivers
L_0x7f94b9563a28 .functor BUFT 1, C4<0100011>, C4<0>, C4<0>, C4<0>;
v0x7f94b978ef70_0 .net/2u *"_ivl_223", 6 0, L_0x7f94b9563a28;  1 drivers
v0x7f94b978f020_0 .net *"_ivl_225", 0 0, L_0x7f94b97a00d0;  1 drivers
L_0x7f94b9563a70 .functor BUFT 1, C4<100>, C4<0>, C4<0>, C4<0>;
v0x7f94b978f0c0_0 .net/2u *"_ivl_227", 2 0, L_0x7f94b9563a70;  1 drivers
L_0x7f94b9563ab8 .functor BUFT 1, C4<0110111>, C4<0>, C4<0>, C4<0>;
v0x7f94b978f170_0 .net/2u *"_ivl_229", 6 0, L_0x7f94b9563ab8;  1 drivers
v0x7f94b978dbb0_0 .net *"_ivl_231", 0 0, L_0x7f94b979ff60;  1 drivers
L_0x7f94b9563b00 .functor BUFT 1, C4<000>, C4<0>, C4<0>, C4<0>;
v0x7f94b978dc50_0 .net/2u *"_ivl_233", 2 0, L_0x7f94b9563b00;  1 drivers
L_0x7f94b9563b48 .functor BUFT 1, C4<1101111>, C4<0>, C4<0>, C4<0>;
v0x7f94b978dd00_0 .net/2u *"_ivl_235", 6 0, L_0x7f94b9563b48;  1 drivers
v0x7f94b978f220_0 .net *"_ivl_237", 0 0, L_0x7f94b979d7a0;  1 drivers
L_0x7f94b9563b90 .functor BUFT 1, C4<001>, C4<0>, C4<0>, C4<0>;
v0x7f94b978f2c0_0 .net/2u *"_ivl_239", 2 0, L_0x7f94b9563b90;  1 drivers
v0x7f94b978f370_0 .net *"_ivl_24", 0 0, L_0x7f94b979b670;  1 drivers
L_0x7f94b9563bd8 .functor BUFT 1, C4<1100111>, C4<0>, C4<0>, C4<0>;
v0x7f94b978f410_0 .net/2u *"_ivl_241", 6 0, L_0x7f94b9563bd8;  1 drivers
v0x7f94b978f4c0_0 .net *"_ivl_243", 0 0, L_0x7f94b979d880;  1 drivers
L_0x7f94b9563c20 .functor BUFT 1, C4<010>, C4<0>, C4<0>, C4<0>;
v0x7f94b978f560_0 .net/2u *"_ivl_245", 2 0, L_0x7f94b9563c20;  1 drivers
L_0x7f94b9563c68 .functor BUFT 1, C4<1100011>, C4<0>, C4<0>, C4<0>;
v0x7f94b978f610_0 .net/2u *"_ivl_247", 6 0, L_0x7f94b9563c68;  1 drivers
v0x7f94b978f6c0_0 .net *"_ivl_249", 0 0, L_0x7f94b97a0320;  1 drivers
L_0x7f94b9563cb0 .functor BUFT 1, C4<011>, C4<0>, C4<0>, C4<0>;
v0x7f94b978f760_0 .net/2u *"_ivl_251", 2 0, L_0x7f94b9563cb0;  1 drivers
v0x7f94b978f810_0 .net *"_ivl_253", 9 0, L_0x7f94b97a0170;  1 drivers
L_0x7f94b9563cf8 .functor BUFT 1, C4<0010011x01>, C4<0>, C4<0>, C4<0>;
v0x7f94b978f8c0_0 .net *"_ivl_255", 9 0, L_0x7f94b9563cf8;  1 drivers
v0x7f94b978f970_0 .net *"_ivl_257", 0 0, L_0x7f94b97a0270;  1 drivers
L_0x7f94b9563d40 .functor BUFT 1, C4<101>, C4<0>, C4<0>, C4<0>;
v0x7f94b978fa10_0 .net/2u *"_ivl_259", 2 0, L_0x7f94b9563d40;  1 drivers
L_0x7f94b9563d88 .functor BUFT 1, C4<0010011>, C4<0>, C4<0>, C4<0>;
v0x7f94b978fac0_0 .net/2u *"_ivl_261", 6 0, L_0x7f94b9563d88;  1 drivers
v0x7f94b978fb70_0 .net *"_ivl_263", 0 0, L_0x7f94b97a0420;  1 drivers
L_0x7f94b9563dd0 .functor BUFT 1, C4<010>, C4<0>, C4<0>, C4<0>;
v0x7f94b978fc10_0 .net/2u *"_ivl_265", 2 0, L_0x7f94b9563dd0;  1 drivers
L_0x7f94b9563e18 .functor BUFT 1, C4<xxx>, C4<0>, C4<0>, C4<0>;
v0x7f94b978fcc0_0 .net *"_ivl_267", 2 0, L_0x7f94b9563e18;  1 drivers
v0x7f94b978fd70_0 .net *"_ivl_269", 2 0, L_0x7f94b97a04e0;  1 drivers
v0x7f94b978fe20_0 .net *"_ivl_271", 2 0, L_0x7f94b97a0a40;  1 drivers
v0x7f94b978fed0_0 .net *"_ivl_273", 2 0, L_0x7f94b97a0ba0;  1 drivers
v0x7f94b978ff80_0 .net *"_ivl_275", 2 0, L_0x7f94b97a08a0;  1 drivers
v0x7f94b9790030_0 .net *"_ivl_277", 2 0, L_0x7f94b97a0e70;  1 drivers
v0x7f94b97900e0_0 .net *"_ivl_279", 2 0, L_0x7f94b97a0cc0;  1 drivers
v0x7f94b9790190_0 .net *"_ivl_281", 2 0, L_0x7f94b97a1110;  1 drivers
v0x7f94b9790240_0 .net *"_ivl_283", 2 0, L_0x7f94b97a0f90;  1 drivers
v0x7f94b97902f0_0 .net *"_ivl_285", 2 0, L_0x7f94b97a13c0;  1 drivers
L_0x7f94b9563e60 .functor BUFT 1, C4<0010111>, C4<0>, C4<0>, C4<0>;
v0x7f94b97903a0_0 .net/2u *"_ivl_287", 6 0, L_0x7f94b9563e60;  1 drivers
v0x7f94b9790450_0 .net *"_ivl_289", 0 0, L_0x7f94b97a11b0;  1 drivers
L_0x7f94b9563ea8 .functor BUFT 1, C4<1101111>, C4<0>, C4<0>, C4<0>;
v0x7f94b97904f0_0 .net/2u *"_ivl_291", 6 0, L_0x7f94b9563ea8;  1 drivers
v0x7f94b97905a0_0 .net *"_ivl_293", 0 0, L_0x7f94b97a1250;  1 drivers
v0x7f94b9790640_0 .net *"_ivl_295", 0 0, L_0x7f94b97a1330;  1 drivers
L_0x7f94b9563ef0 .functor BUFT 1, C4<1100111>, C4<0>, C4<0>, C4<0>;
v0x7f94b97906f0_0 .net/2u *"_ivl_297", 6 0, L_0x7f94b9563ef0;  1 drivers
v0x7f94b97907a0_0 .net *"_ivl_299", 0 0, L_0x7f94b97a1890;  1 drivers
v0x7f94b9790840_0 .net *"_ivl_301", 0 0, L_0x7f94b97a1970;  1 drivers
L_0x7f94b9563f38 .functor BUFT 1, C4<1100011>, C4<0>, C4<0>, C4<0>;
v0x7f94b97908f0_0 .net/2u *"_ivl_303", 6 0, L_0x7f94b9563f38;  1 drivers
v0x7f94b97909a0_0 .net *"_ivl_305", 0 0, L_0x7f94b97a1a60;  1 drivers
L_0x7f94b9563f80 .functor BUFT 1, C4<0000011>, C4<0>, C4<0>, C4<0>;
v0x7f94b9790a40_0 .net/2u *"_ivl_309", 6 0, L_0x7f94b9563f80;  1 drivers
v0x7f94b9790af0_0 .net *"_ivl_311", 0 0, L_0x7f94b979f4e0;  1 drivers
L_0x7f94b9563fc8 .functor BUFT 1, C4<0010011>, C4<0>, C4<0>, C4<0>;
v0x7f94b9790b90_0 .net/2u *"_ivl_313", 6 0, L_0x7f94b9563fc8;  1 drivers
v0x7f94b9790c40_0 .net *"_ivl_315", 0 0, L_0x7f94b97a1e80;  1 drivers
v0x7f94b9790ce0_0 .net *"_ivl_317", 0 0, L_0x7f94b97a1b40;  1 drivers
L_0x7f94b9564010 .functor BUFT 1, C4<0010111>, C4<0>, C4<0>, C4<0>;
v0x7f94b9790d90_0 .net/2u *"_ivl_319", 6 0, L_0x7f94b9564010;  1 drivers
v0x7f94b9790e40_0 .net *"_ivl_321", 0 0, L_0x7f94b97a1bf0;  1 drivers
v0x7f94b9790ee0_0 .net *"_ivl_323", 0 0, L_0x7f94b97a1cd0;  1 drivers
L_0x7f94b9564058 .functor BUFT 1, C4<0100011>, C4<0>, C4<0>, C4<0>;
v0x7f94b9790f90_0 .net/2u *"_ivl_325", 6 0, L_0x7f94b9564058;  1 drivers
v0x7f94b9791040_0 .net *"_ivl_327", 0 0, L_0x7f94b97a1d80;  1 drivers
v0x7f94b97910e0_0 .net *"_ivl_329", 0 0, L_0x7f94b97a1f20;  1 drivers
L_0x7f94b95640a0 .functor BUFT 1, C4<0110111>, C4<0>, C4<0>, C4<0>;
v0x7f94b9791190_0 .net/2u *"_ivl_331", 6 0, L_0x7f94b95640a0;  1 drivers
v0x7f94b9791240_0 .net *"_ivl_333", 0 0, L_0x7f94b97a2010;  1 drivers
v0x7f94b97912e0_0 .net *"_ivl_335", 0 0, L_0x7f94b97a20f0;  1 drivers
L_0x7f94b95640e8 .functor BUFT 1, C4<1100111>, C4<0>, C4<0>, C4<0>;
v0x7f94b9791390_0 .net/2u *"_ivl_337", 6 0, L_0x7f94b95640e8;  1 drivers
v0x7f94b9791440_0 .net *"_ivl_339", 0 0, L_0x7f94b97a21b0;  1 drivers
v0x7f94b97914e0_0 .net *"_ivl_34", 16 0, L_0x7f94b979b8c0;  1 drivers
v0x7f94b9791590_0 .net *"_ivl_341", 0 0, L_0x7f94b97a22c0;  1 drivers
L_0x7f94b9564130 .functor BUFT 1, C4<1101111>, C4<0>, C4<0>, C4<0>;
v0x7f94b9791640_0 .net/2u *"_ivl_343", 6 0, L_0x7f94b9564130;  1 drivers
v0x7f94b97916f0_0 .net *"_ivl_345", 0 0, L_0x7f94b97a23b0;  1 drivers
v0x7f94b9791790_0 .net *"_ivl_347", 0 0, L_0x7f94b97a2490;  1 drivers
L_0x7f94b9564178 .functor BUFT 1, C4<1100011>, C4<0>, C4<0>, C4<0>;
v0x7f94b9791840_0 .net/2u *"_ivl_349", 6 0, L_0x7f94b9564178;  1 drivers
v0x7f94b97918f0_0 .net *"_ivl_351", 0 0, L_0x7f94b97a25a0;  1 drivers
L_0x7f94b95641c0 .functor BUFT 1, C4<0000011>, C4<0>, C4<0>, C4<0>;
v0x7f94b9791990_0 .net/2u *"_ivl_357", 6 0, L_0x7f94b95641c0;  1 drivers
v0x7f94b9791a40_0 .net *"_ivl_359", 0 0, L_0x7f94b97a2830;  1 drivers
L_0x7f94b9563248 .functor BUFT 1, C4<00100111010100000>, C4<0>, C4<0>, C4<0>;
v0x7f94b9791ae0_0 .net/2u *"_ivl_36", 16 0, L_0x7f94b9563248;  1 drivers
v0x7f94b9791b90_0 .net *"_ivl_361", 0 0, L_0x7f94b97a2d60;  1 drivers
L_0x7f94b9564208 .functor BUFT 1, C4<0010111>, C4<0>, C4<0>, C4<0>;
v0x7f94b9791c40_0 .net/2u *"_ivl_366", 6 0, L_0x7f94b9564208;  1 drivers
v0x7f94b9791cf0_0 .net *"_ivl_368", 0 0, L_0x7f94b979fd40;  1 drivers
L_0x7f94b9564250 .functor BUFT 1, C4<1101111>, C4<0>, C4<0>, C4<0>;
v0x7f94b9791d90_0 .net/2u *"_ivl_370", 6 0, L_0x7f94b9564250;  1 drivers
v0x7f94b9791e40_0 .net *"_ivl_372", 0 0, L_0x7f94b979fe20;  1 drivers
v0x7f94b9791ee0_0 .net *"_ivl_374", 0 0, L_0x7f94b97a29f0;  1 drivers
L_0x7f94b9564298 .functor BUFT 1, C4<1100111>, C4<0>, C4<0>, C4<0>;
v0x7f94b9791f90_0 .net/2u *"_ivl_376", 6 0, L_0x7f94b9564298;  1 drivers
v0x7f94b9792040_0 .net *"_ivl_378", 0 0, L_0x7f94b97a2aa0;  1 drivers
v0x7f94b97920e0_0 .net *"_ivl_38", 0 0, L_0x7f94b979ba80;  1 drivers
v0x7f94b9792180_0 .net *"_ivl_380", 0 0, L_0x7f94b97a2b80;  1 drivers
v0x7f94b9792230_0 .net *"_ivl_40", 16 0, L_0x7f94b979bbd0;  1 drivers
L_0x7f94b9563290 .functor BUFT 1, C4<01100110000100000>, C4<0>, C4<0>, C4<0>;
v0x7f94b97922e0_0 .net/2u *"_ivl_42", 16 0, L_0x7f94b9563290;  1 drivers
v0x7f94b9792390_0 .net *"_ivl_44", 0 0, L_0x7f94b979bcf0;  1 drivers
v0x7f94b9792430_0 .net *"_ivl_46", 0 0, L_0x7f94b979be30;  1 drivers
v0x7f94b97924e0_0 .net *"_ivl_48", 16 0, L_0x7f94b979bee0;  1 drivers
L_0x7f94b95632d8 .functor BUFT 1, C4<01100111010100000>, C4<0>, C4<0>, C4<0>;
v0x7f94b9792590_0 .net/2u *"_ivl_50", 16 0, L_0x7f94b95632d8;  1 drivers
v0x7f94b9792640_0 .net *"_ivl_52", 0 0, L_0x7f94b979c100;  1 drivers
v0x7f94b97926e0_0 .net *"_ivl_54", 0 0, L_0x7f94b979c210;  1 drivers
L_0x7f94b9563320 .functor BUFT 1, C4<0110111>, C4<0>, C4<0>, C4<0>;
v0x7f94b9792790_0 .net/2u *"_ivl_56", 6 0, L_0x7f94b9563320;  1 drivers
v0x7f94b9792840_0 .net *"_ivl_58", 0 0, L_0x7f94b979c2f0;  1 drivers
L_0x7f94b95630e0 .functor BUFT 1, C4<0010111>, C4<0>, C4<0>, C4<0>;
v0x7f94b97928e0_0 .net/2u *"_ivl_6", 6 0, L_0x7f94b95630e0;  1 drivers
v0x7f94b9792990_0 .net *"_ivl_60", 0 0, L_0x7f94b979c3d0;  1 drivers
v0x7f94b9792a40_0 .net *"_ivl_65", 13 0, L_0x7f94b979c700;  1 drivers
L_0x7f94b9563368 .functor BUFT 1, C4<01100110000001>, C4<0>, C4<0>, C4<0>;
v0x7f94b9792af0_0 .net/2u *"_ivl_67", 13 0, L_0x7f94b9563368;  1 drivers
v0x7f94b9792ba0_0 .net *"_ivl_69", 0 0, L_0x7f94b979c7a0;  1 drivers
L_0x7f94b95633b0 .functor BUFT 1, C4<0110111>, C4<0>, C4<0>, C4<0>;
v0x7f94b9792c40_0 .net/2u *"_ivl_71", 6 0, L_0x7f94b95633b0;  1 drivers
v0x7f94b9792cf0_0 .net *"_ivl_73", 0 0, L_0x7f94b979c910;  1 drivers
v0x7f94b9792d90_0 .net *"_ivl_75", 0 0, L_0x7f94b979c9b0;  1 drivers
L_0x7f94b95633f8 .functor BUFT 1, C4<0100011>, C4<0>, C4<0>, C4<0>;
v0x7f94b9792e40_0 .net/2u *"_ivl_77", 6 0, L_0x7f94b95633f8;  1 drivers
v0x7f94b9792ef0_0 .net *"_ivl_79", 0 0, L_0x7f94b979cb20;  1 drivers
v0x7f94b9792f90_0 .net *"_ivl_8", 0 0, L_0x7f94b979b0d0;  1 drivers
L_0x7f94b9563440 .functor BUFT 1, C4<1100011>, C4<0>, C4<0>, C4<0>;
v0x7f94b9793030_0 .net/2u *"_ivl_81", 6 0, L_0x7f94b9563440;  1 drivers
v0x7f94b97930e0_0 .net *"_ivl_83", 0 0, L_0x7f94b979cd00;  1 drivers
v0x7f94b9793180_0 .net *"_ivl_85", 0 0, L_0x7f94b979cda0;  1 drivers
L_0x7f94b9563488 .functor BUFT 1, C4<0000000>, C4<0>, C4<0>, C4<0>;
v0x7f94b9793230_0 .net/2u *"_ivl_87", 6 0, L_0x7f94b9563488;  1 drivers
v0x7f94b97932e0_0 .net *"_ivl_89", 0 0, L_0x7f94b979cf50;  1 drivers
v0x7f94b9793380_0 .net *"_ivl_91", 0 0, L_0x7f94b979d0a0;  1 drivers
L_0x7f94b95634d0 .functor BUFT 1, C4<0100011>, C4<0>, C4<0>, C4<0>;
v0x7f94b9793430_0 .net/2u *"_ivl_97", 6 0, L_0x7f94b95634d0;  1 drivers
v0x7f94b97934e0_0 .net *"_ivl_99", 0 0, L_0x7f94b979d200;  1 drivers
v0x7f94b9793580_0 .net "alu_signal", 4 0, L_0x7f94b979c500;  alias, 1 drivers
v0x7f94b9793630_0 .net "branch_control", 3 0, L_0x7f94b979e1e0;  alias, 1 drivers
v0x7f94b97936e0_0 .net "funct3", 2 0, L_0x7f94b979af50;  1 drivers
v0x7f94b97937a0_0 .net "funct3_mux_select", 0 0, L_0x7f94b979b750;  1 drivers
v0x7f94b9793830_0 .net "funct7", 6 0, L_0x7f94b979aff0;  1 drivers
v0x7f94b97938c0_0 .net "immediate_select", 3 0, L_0x7f94b979fc40;  alias, 1 drivers
v0x7f94b9793950_0 .net "main_mem_read", 3 0, L_0x7f94b979daa0;  alias, 1 drivers
v0x7f94b97939e0_0 .net "main_mem_write", 2 0, L_0x7f94b979d380;  alias, 1 drivers
v0x7f94b9793a70_0 .net "oparand_1_select", 0 0, L_0x7f94b97a15e0;  alias, 1 drivers
v0x7f94b9793b10_0 .net "oparand_2_select", 0 0, L_0x7f94b97a26c0;  alias, 1 drivers
v0x7f94b9793bb0_0 .net "opcode", 6 0, L_0x7f94b979aeb0;  1 drivers
v0x7f94b9793c60_0 .net "reg_file_write", 0 0, L_0x7f94b979d110;  alias, 1 drivers
v0x7f94b9793d00_0 .net "reg_write_select", 1 0, L_0x7f94b97a2f90;  alias, 1 drivers
L_0x7f94b979aeb0 .part v0x7f94b9797b10_0, 0, 7;
L_0x7f94b979af50 .part v0x7f94b9797b10_0, 12, 3;
L_0x7f94b979aff0 .part v0x7f94b9797b10_0, 25, 7;
L_0x7f94b979b0d0 .cmp/eq 7, L_0x7f94b979aeb0, L_0x7f94b95630e0;
L_0x7f94b979b250 .cmp/eq 7, L_0x7f94b979aeb0, L_0x7f94b9563128;
L_0x7f94b979b440 .cmp/eq 7, L_0x7f94b979aeb0, L_0x7f94b9563170;
L_0x7f94b979b670 .cmp/eq 7, L_0x7f94b979aeb0, L_0x7f94b95631b8;
L_0x7f94b979b8c0 .concat [ 7 3 7 0], L_0x7f94b979aff0, L_0x7f94b979af50, L_0x7f94b979aeb0;
L_0x7f94b979ba80 .cmp/eq 17, L_0x7f94b979b8c0, L_0x7f94b9563248;
L_0x7f94b979bbd0 .concat [ 7 3 7 0], L_0x7f94b979aff0, L_0x7f94b979af50, L_0x7f94b979aeb0;
L_0x7f94b979bcf0 .cmp/eq 17, L_0x7f94b979bbd0, L_0x7f94b9563290;
L_0x7f94b979bee0 .concat [ 7 3 7 0], L_0x7f94b979aff0, L_0x7f94b979af50, L_0x7f94b979aeb0;
L_0x7f94b979c100 .cmp/eq 17, L_0x7f94b979bee0, L_0x7f94b95632d8;
L_0x7f94b979c2f0 .cmp/eq 7, L_0x7f94b979aeb0, L_0x7f94b9563320;
L_0x7f94b979c500 .concat8 [ 3 1 1 0], v0x7f94b978c290_0, L_0x7f94b979c9b0, L_0x7f94b979c3d0;
L_0x7f94b979c700 .concat [ 7 7 0 0], L_0x7f94b979aff0, L_0x7f94b979aeb0;
L_0x7f94b979c7a0 .cmp/eq 14, L_0x7f94b979c700, L_0x7f94b9563368;
L_0x7f94b979c910 .cmp/eq 7, L_0x7f94b979aeb0, L_0x7f94b95633b0;
L_0x7f94b979cb20 .cmp/eq 7, L_0x7f94b979aeb0, L_0x7f94b95633f8;
L_0x7f94b979cd00 .cmp/eq 7, L_0x7f94b979aeb0, L_0x7f94b9563440;
L_0x7f94b979cf50 .cmp/eq 7, L_0x7f94b979aeb0, L_0x7f94b9563488;
L_0x7f94b979d200 .delay 1 (30,30,30) L_0x7f94b979d200/d;
L_0x7f94b979d200/d .cmp/eq 7, L_0x7f94b979aeb0, L_0x7f94b95634d0;
L_0x7f94b979d380 .concat8 [ 2 1 0 0], L_0x7f94b979d5c0, L_0x7f94b979d200;
L_0x7f94b979d5c0 .delay 2 (30,30,30) L_0x7f94b979d5c0/d;
L_0x7f94b979d5c0/d .part L_0x7f94b979af50, 0, 2;
L_0x7f94b979d6a0 .delay 1 (30,30,30) L_0x7f94b979d6a0/d;
L_0x7f94b979d6a0/d .cmp/eq 7, L_0x7f94b979aeb0, L_0x7f94b9563518;
L_0x7f94b979daa0 .concat8 [ 3 1 0 0], L_0x7f94b979d500, L_0x7f94b979d6a0;
L_0x7f94b979dbe0 .cmp/eq 7, L_0x7f94b979aeb0, L_0x7f94b9563560;
L_0x7f94b979dcc0 .cmp/eq 7, L_0x7f94b979aeb0, L_0x7f94b95635a8;
L_0x7f94b979de90 .cmp/eq 7, L_0x7f94b979aeb0, L_0x7f94b95635f0;
L_0x7f94b979e1e0 .concat8 [ 3 1 0 0], L_0x7f94b979e4f0, L_0x7f94b979df70;
L_0x7f94b979e280 .cmp/eq 7, L_0x7f94b979aeb0, L_0x7f94b9563638;
L_0x7f94b979e320 .cmp/eq 7, L_0x7f94b979aeb0, L_0x7f94b9563680;
L_0x7f94b979e4f0 .delay 3 (30,30,30) L_0x7f94b979e4f0/d;
L_0x7f94b979e4f0/d .functor MUXZ 3, L_0x7f94b979af50, L_0x7f94b95636c8, L_0x7f94b979e400, C4<>;
L_0x7f94b979e820 .concat [ 3 7 0 0], L_0x7f94b979af50, L_0x7f94b979aeb0;
L_0x7f94b979e8c0 .cmp/eq 10, L_0x7f94b979e820, L_0x7f94b9563710;
L_0x7f94b979e710 .concat [ 3 7 0 0], L_0x7f94b979af50, L_0x7f94b979aeb0;
L_0x7f94b979ea80 .cmp/eq 10, L_0x7f94b979e710, L_0x7f94b9563758;
L_0x7f94b979ecd0 .concat [ 3 7 0 0], L_0x7f94b979af50, L_0x7f94b979aeb0;
L_0x7f94b979ed70 .cmp/eq 10, L_0x7f94b979ecd0, L_0x7f94b95637a0;
L_0x7f94b979ef90 .concat [ 7 3 7 0], L_0x7f94b979aff0, L_0x7f94b979af50, L_0x7f94b979aeb0;
L_0x7f94b979f030 .cmp/eq 17, L_0x7f94b979ef90, L_0x7f94b95637e8;
L_0x7f94b979f2f0 .concat [ 7 3 7 0], L_0x7f94b979aff0, L_0x7f94b979af50, L_0x7f94b979aeb0;
L_0x7f94b979f390 .cmp/eq 17, L_0x7f94b979f2f0, L_0x7f94b9563830;
L_0x7f94b979f590 .concat [ 7 3 7 0], L_0x7f94b979aff0, L_0x7f94b979af50, L_0x7f94b979aeb0;
L_0x7f94b979f730 .cmp/eq 17, L_0x7f94b979f590, L_0x7f94b9563878;
L_0x7f94b979f940 .concat [ 7 3 7 0], L_0x7f94b979aff0, L_0x7f94b979af50, L_0x7f94b979aeb0;
L_0x7f94b979f9e0 .cmp/eq 17, L_0x7f94b979f940, L_0x7f94b95638c0;
L_0x7f94b979fc40 .concat8 [ 3 1 0 0], L_0x7f94b97a13c0, L_0x7f94b979f7d0;
L_0x7f94b979ce50 .cmp/eq 7, L_0x7f94b979aeb0, L_0x7f94b9563908;
L_0x7f94b979fac0 .cmp/eq 7, L_0x7f94b979aeb0, L_0x7f94b9563998;
L_0x7f94b97a00d0 .cmp/eq 7, L_0x7f94b979aeb0, L_0x7f94b9563a28;
L_0x7f94b979ff60 .cmp/eq 7, L_0x7f94b979aeb0, L_0x7f94b9563ab8;
L_0x7f94b979d7a0 .cmp/eq 7, L_0x7f94b979aeb0, L_0x7f94b9563b48;
L_0x7f94b979d880 .cmp/eq 7, L_0x7f94b979aeb0, L_0x7f94b9563bd8;
L_0x7f94b97a0320 .cmp/eq 7, L_0x7f94b979aeb0, L_0x7f94b9563c68;
L_0x7f94b97a0170 .concat [ 3 7 0 0], L_0x7f94b979af50, L_0x7f94b979aeb0;
L_0x7f94b97a0270 .cmp/eq 10, L_0x7f94b97a0170, L_0x7f94b9563cf8;
L_0x7f94b97a0420 .cmp/eq 7, L_0x7f94b979aeb0, L_0x7f94b9563d88;
L_0x7f94b97a04e0 .functor MUXZ 3, L_0x7f94b9563e18, L_0x7f94b9563dd0, L_0x7f94b97a0420, C4<>;
L_0x7f94b97a0a40 .functor MUXZ 3, L_0x7f94b97a04e0, L_0x7f94b9563d40, L_0x7f94b97a0270, C4<>;
L_0x7f94b97a0ba0 .functor MUXZ 3, L_0x7f94b97a0a40, L_0x7f94b9563cb0, L_0x7f94b97a0320, C4<>;
L_0x7f94b97a08a0 .functor MUXZ 3, L_0x7f94b97a0ba0, L_0x7f94b9563c20, L_0x7f94b979d880, C4<>;
L_0x7f94b97a0e70 .functor MUXZ 3, L_0x7f94b97a08a0, L_0x7f94b9563b90, L_0x7f94b979d7a0, C4<>;
L_0x7f94b97a0cc0 .functor MUXZ 3, L_0x7f94b97a0e70, L_0x7f94b9563b00, L_0x7f94b979ff60, C4<>;
L_0x7f94b97a1110 .functor MUXZ 3, L_0x7f94b97a0cc0, L_0x7f94b9563a70, L_0x7f94b97a00d0, C4<>;
L_0x7f94b97a0f90 .functor MUXZ 3, L_0x7f94b97a1110, L_0x7f94b95639e0, L_0x7f94b979fac0, C4<>;
L_0x7f94b97a13c0 .delay 3 (30,30,30) L_0x7f94b97a13c0/d;
L_0x7f94b97a13c0/d .functor MUXZ 3, L_0x7f94b97a0f90, L_0x7f94b9563950, L_0x7f94b979ce50, C4<>;
L_0x7f94b97a11b0 .cmp/eq 7, L_0x7f94b979aeb0, L_0x7f94b9563e60;
L_0x7f94b97a1250 .cmp/eq 7, L_0x7f94b979aeb0, L_0x7f94b9563ea8;
L_0x7f94b97a1890 .cmp/eq 7, L_0x7f94b979aeb0, L_0x7f94b9563ef0;
L_0x7f94b97a1a60 .cmp/eq 7, L_0x7f94b979aeb0, L_0x7f94b9563f38;
L_0x7f94b979f4e0 .cmp/eq 7, L_0x7f94b979aeb0, L_0x7f94b9563f80;
L_0x7f94b97a1e80 .cmp/eq 7, L_0x7f94b979aeb0, L_0x7f94b9563fc8;
L_0x7f94b97a1bf0 .cmp/eq 7, L_0x7f94b979aeb0, L_0x7f94b9564010;
L_0x7f94b97a1d80 .cmp/eq 7, L_0x7f94b979aeb0, L_0x7f94b9564058;
L_0x7f94b97a2010 .cmp/eq 7, L_0x7f94b979aeb0, L_0x7f94b95640a0;
L_0x7f94b97a21b0 .cmp/eq 7, L_0x7f94b979aeb0, L_0x7f94b95640e8;
L_0x7f94b97a23b0 .cmp/eq 7, L_0x7f94b979aeb0, L_0x7f94b9564130;
L_0x7f94b97a25a0 .cmp/eq 7, L_0x7f94b979aeb0, L_0x7f94b9564178;
L_0x7f94b97a2830 .cmp/eq 7, L_0x7f94b979aeb0, L_0x7f94b95641c0;
L_0x7f94b97a2f90 .concat8 [ 1 1 0 0], L_0x7f94b97a2d60, L_0x7f94b97a2b80;
L_0x7f94b979fd40 .cmp/eq 7, L_0x7f94b979aeb0, L_0x7f94b9564208;
L_0x7f94b979fe20 .cmp/eq 7, L_0x7f94b979aeb0, L_0x7f94b9564250;
L_0x7f94b97a2aa0 .cmp/eq 7, L_0x7f94b979aeb0, L_0x7f94b9564298;
S_0x7f94b978be90 .scope module, "funct3_mux" "mux2to1_3bit" 6 36, 7 3 0, S_0x7f94b978bb60;
 .timescale -9 -10;
    .port_info 0 /INPUT 3 "INPUT1";
    .port_info 1 /INPUT 3 "INPUT2";
    .port_info 2 /OUTPUT 3 "RESULT";
    .port_info 3 /INPUT 1 "SELECT";
v0x7f94b978c120_0 .net "INPUT1", 2 0, L_0x7f94b979af50;  alias, 1 drivers
L_0x7f94b9563200 .functor BUFT 1, C4<000>, C4<0>, C4<0>, C4<0>;
v0x7f94b978c1e0_0 .net "INPUT2", 2 0, L_0x7f94b9563200;  1 drivers
v0x7f94b978c290_0 .var "RESULT", 2 0;
v0x7f94b978c350_0 .net "SELECT", 0 0, L_0x7f94b979b750;  alias, 1 drivers
E_0x7f94b978c0c0 .event edge, v0x7f94b978c350_0, v0x7f94b978c120_0, v0x7f94b978c1e0_0;
S_0x7f94b9793ec0 .scope module, "myImmediate" "immediate_select" 2 81, 8 3 0, S_0x7f94b977bc90;
 .timescale -9 -10;
    .port_info 0 /INPUT 32 "INST";
    .port_info 1 /INPUT 4 "SELECT";
    .port_info 2 /OUTPUT 32 "OUT";
v0x7f94b9794130_0 .net "INST", 31 0, v0x7f94b9797b10_0;  alias, 1 drivers
v0x7f94b9794200_0 .var "OUT", 31 0;
v0x7f94b97942a0_0 .net "SELECT", 3 0, L_0x7f94b979fc40;  alias, 1 drivers
v0x7f94b9794370_0 .net "TYPE1", 19 0, L_0x7f94b979a5e0;  1 drivers
v0x7f94b9794410_0 .net "TYPE2", 19 0, L_0x7f94b979a680;  1 drivers
v0x7f94b9794500_0 .net "TYPE3", 11 0, L_0x7f94b979a720;  1 drivers
v0x7f94b97945b0_0 .net "TYPE4", 11 0, L_0x7f94b979aa00;  1 drivers
v0x7f94b9794660_0 .net "TYPE5", 11 0, L_0x7f94b979aca0;  1 drivers
v0x7f94b9794710_0 .net "TYPE6", 4 0, L_0x7f94b979ae10;  1 drivers
v0x7f94b9794820_0 .net *"_ivl_13", 6 0, L_0x7f94b979ab20;  1 drivers
v0x7f94b97948d0_0 .net *"_ivl_15", 4 0, L_0x7f94b979ac00;  1 drivers
v0x7f94b9794980_0 .net *"_ivl_7", 6 0, L_0x7f94b979a7c0;  1 drivers
v0x7f94b9794a30_0 .net *"_ivl_9", 4 0, L_0x7f94b979a960;  1 drivers
E_0x7f94b97940c0/0 .event edge, v0x7f94b97938c0_0, v0x7f94b9794370_0, v0x7f94b9794410_0, v0x7f94b978c450_0;
E_0x7f94b97940c0/1 .event edge, v0x7f94b9794500_0, v0x7f94b97945b0_0, v0x7f94b9794660_0, v0x7f94b9794710_0;
E_0x7f94b97940c0 .event/or E_0x7f94b97940c0/0, E_0x7f94b97940c0/1;
L_0x7f94b979a5e0 .part v0x7f94b9797b10_0, 12, 20;
L_0x7f94b979a680 .part v0x7f94b9797b10_0, 12, 20;
L_0x7f94b979a720 .part v0x7f94b9797b10_0, 20, 12;
L_0x7f94b979a7c0 .part v0x7f94b9797b10_0, 25, 7;
L_0x7f94b979a960 .part v0x7f94b9797b10_0, 7, 5;
L_0x7f94b979aa00 .concat [ 5 7 0 0], L_0x7f94b979a960, L_0x7f94b979a7c0;
L_0x7f94b979ab20 .part v0x7f94b9797b10_0, 25, 7;
L_0x7f94b979ac00 .part v0x7f94b9797b10_0, 7, 5;
L_0x7f94b979aca0 .concat [ 5 7 0 0], L_0x7f94b979ac00, L_0x7f94b979ab20;
L_0x7f94b979ae10 .part v0x7f94b9797b10_0, 25, 5;
S_0x7f94b9794b30 .scope module, "myreg" "reg_file" 2 71, 9 3 0, S_0x7f94b977bc90;
 .timescale -9 -10;
    .port_info 0 /INPUT 32 "IN";
    .port_info 1 /OUTPUT 32 "OUT1";
    .port_info 2 /OUTPUT 32 "OUT2";
    .port_info 3 /INPUT 5 "INADDRESS";
    .port_info 4 /INPUT 5 "OUT1ADDRESS";
    .port_info 5 /INPUT 5 "OUT2ADDRESS";
    .port_info 6 /INPUT 1 "WRITE";
    .port_info 7 /INPUT 1 "CLK";
    .port_info 8 /INPUT 1 "RESET";
L_0x7f94b9799ec0/d .functor BUFZ 32, L_0x7f94b9799ca0, C4<00000000000000000000000000000000>, C4<00000000000000000000000000000000>, C4<00000000000000000000000000000000>;
L_0x7f94b9799ec0 .delay 32 (20,20,20) L_0x7f94b9799ec0/d;
L_0x7f94b979a210/d .functor BUFZ 32, L_0x7f94b9799ff0, C4<00000000000000000000000000000000>, C4<00000000000000000000000000000000>, C4<00000000000000000000000000000000>;
L_0x7f94b979a210 .delay 32 (20,20,20) L_0x7f94b979a210/d;
v0x7f94b9794e70_0 .net "CLK", 0 0, o0x7f94b9535188;  alias, 0 drivers
v0x7f94b9794f20_0 .net "IN", 31 0, v0x7f94b9796cc0_0;  alias, 1 drivers
v0x7f94b9794fc0_0 .net "INADDRESS", 4 0, v0x7f94b9799040_0;  1 drivers
v0x7f94b9795070_0 .net "OUT1", 31 0, L_0x7f94b9799ec0;  alias, 1 drivers
v0x7f94b9795120_0 .net "OUT1ADDRESS", 4 0, L_0x7f94b979a340;  1 drivers
v0x7f94b9795210_0 .net "OUT2", 31 0, L_0x7f94b979a210;  alias, 1 drivers
v0x7f94b97952c0_0 .net "OUT2ADDRESS", 4 0, L_0x7f94b979a480;  1 drivers
v0x7f94b9795370 .array "REGISTERS", 0 31, 31 0;
v0x7f94b9795410_0 .net "RESET", 0 0, o0x7f94b9532b48;  alias, 0 drivers
v0x7f94b9795520_0 .net "WRITE", 0 0, v0x7f94b9799230_0;  1 drivers
v0x7f94b97955b0_0 .net *"_ivl_0", 31 0, L_0x7f94b9799ca0;  1 drivers
v0x7f94b9795640_0 .net *"_ivl_10", 6 0, L_0x7f94b979a130;  1 drivers
L_0x7f94b9563098 .functor BUFT 1, C4<00>, C4<0>, C4<0>, C4<0>;
v0x7f94b97956d0_0 .net *"_ivl_13", 1 0, L_0x7f94b9563098;  1 drivers
v0x7f94b9795780_0 .net *"_ivl_2", 6 0, L_0x7f94b9799d60;  1 drivers
L_0x7f94b9563050 .functor BUFT 1, C4<00>, C4<0>, C4<0>, C4<0>;
v0x7f94b9795830_0 .net *"_ivl_5", 1 0, L_0x7f94b9563050;  1 drivers
v0x7f94b97958e0_0 .net *"_ivl_8", 31 0, L_0x7f94b9799ff0;  1 drivers
v0x7f94b9795990_0 .var/i "i", 31 0;
E_0x7f94b97944a0 .event edge, v0x7f94b978c510_0;
E_0x7f94b9794e30 .event posedge, v0x7f94b9794e70_0;
L_0x7f94b9799ca0 .array/port v0x7f94b9795370, L_0x7f94b9799d60;
L_0x7f94b9799d60 .concat [ 5 2 0 0], L_0x7f94b979a340, L_0x7f94b9563050;
L_0x7f94b9799ff0 .array/port v0x7f94b9795370, L_0x7f94b979a130;
L_0x7f94b979a130 .concat [ 5 2 0 0], L_0x7f94b979a480, L_0x7f94b9563098;
S_0x7f94b9795c20 .scope module, "oparand1_mux" "mux2to1_32bit" 2 115, 3 3 0, S_0x7f94b977bc90;
 .timescale -9 -10;
    .port_info 0 /INPUT 32 "INPUT1";
    .port_info 1 /INPUT 32 "INPUT2";
    .port_info 2 /OUTPUT 32 "RESULT";
    .port_info 3 /INPUT 1 "SELECT";
v0x7f94b9795df0_0 .net "INPUT1", 31 0, v0x7f94b97982e0_0;  alias, 1 drivers
v0x7f94b9795ec0_0 .net "INPUT2", 31 0, v0x7f94b9798cd0_0;  1 drivers
v0x7f94b9795f60_0 .var "RESULT", 31 0;
v0x7f94b9796030_0 .net "SELECT", 0 0, v0x7f94b9798b00_0;  1 drivers
E_0x7f94b9795d90 .event edge, v0x7f94b9796030_0, v0x7f94b9795ec0_0, v0x7f94b978b830_0;
S_0x7f94b9796120 .scope module, "oparand2_mux" "mux2to1_32bit" 2 116, 3 3 0, S_0x7f94b977bc90;
 .timescale -9 -10;
    .port_info 0 /INPUT 32 "INPUT1";
    .port_info 1 /INPUT 32 "INPUT2";
    .port_info 2 /OUTPUT 32 "RESULT";
    .port_info 3 /INPUT 1 "SELECT";
v0x7f94b97963a0_0 .net "INPUT1", 31 0, v0x7f94b97983b0_0;  alias, 1 drivers
v0x7f94b9796470_0 .net "INPUT2", 31 0, v0x7f94b97985c0_0;  1 drivers
v0x7f94b9796510_0 .var "RESULT", 31 0;
v0x7f94b97965e0_0 .net "SELECT", 0 0, v0x7f94b9798b90_0;  1 drivers
E_0x7f94b9796340 .event edge, v0x7f94b97965e0_0, v0x7f94b9796470_0, v0x7f94b978b8e0_0;
S_0x7f94b97966d0 .scope module, "regWriteSelMUX" "mux4to1_32bit" 2 148, 10 8 0, S_0x7f94b977bc90;
 .timescale -9 -10;
    .port_info 0 /INPUT 32 "INPUT1";
    .port_info 1 /INPUT 32 "INPUT2";
    .port_info 2 /INPUT 32 "INPUT3";
    .port_info 3 /INPUT 32 "INPUT4";
    .port_info 4 /OUTPUT 32 "RESULT";
    .port_info 5 /INPUT 2 "SELECT";
v0x7f94b9796a30_0 .net "INPUT1", 31 0, v0x7f94b9798520_0;  1 drivers
v0x7f94b9796ae0_0 .net "INPUT2", 31 0, v0x7f94b97980c0_0;  1 drivers
L_0x7f94b9564400 .functor BUFT 1, C4<00000000000000000000000000000000>, C4<0>, C4<0>, C4<0>;
v0x7f94b9796b80_0 .net "INPUT3", 31 0, L_0x7f94b9564400;  1 drivers
v0x7f94b9796c10_0 .net "INPUT4", 31 0, v0x7f94b9798e30_0;  1 drivers
v0x7f94b9796cc0_0 .var "RESULT", 31 0;
v0x7f94b9796da0_0 .net "SELECT", 1 0, v0x7f94b9799430_0;  1 drivers
E_0x7f94b97969d0/0 .event edge, v0x7f94b9796da0_0, v0x7f94b9796a30_0, v0x7f94b9796ae0_0, v0x7f94b9796b80_0;
E_0x7f94b97969d0/1 .event edge, v0x7f94b9796c10_0;
E_0x7f94b97969d0 .event/or E_0x7f94b97969d0/0, E_0x7f94b97969d0/1;
    .scope S_0x7f94b9775ec0;
T_0 ;
    %wait E_0x7f94b977d850;
    %load/vec4 v0x7f94b97899a0_0;
    %cmpi/e 1, 0, 1;
    %jmp/0xz  T_0.0, 4;
    %load/vec4 v0x7f94b9789830_0;
    %store/vec4 v0x7f94b97898e0_0, 0, 32;
    %jmp T_0.1;
T_0.0 ;
    %load/vec4 v0x7f94b977d950_0;
    %store/vec4 v0x7f94b97898e0_0, 0, 32;
T_0.1 ;
    %jmp T_0;
    .thread T_0, $push;
    .scope S_0x7f94b9794b30;
T_1 ;
    %wait E_0x7f94b9794e30;
    %load/vec4 v0x7f94b9795520_0;
    %cmpi/e 1, 0, 1;
    %jmp/0xz  T_1.0, 4;
    %load/vec4 v0x7f94b9794f20_0;
    %load/vec4 v0x7f94b9794fc0_0;
    %pad/u 7;
    %ix/vec4 4;
    %store/vec4a v0x7f94b9795370, 4, 0;
T_1.0 ;
    %jmp T_1;
    .thread T_1;
    .scope S_0x7f94b9794b30;
T_2 ;
    %wait E_0x7f94b97944a0;
    %load/vec4 v0x7f94b9795410_0;
    %cmpi/e 1, 0, 1;
    %jmp/0xz  T_2.0, 4;
    %delay 20, 0;
    %pushi/vec4 0, 0, 32;
    %store/vec4 v0x7f94b9795990_0, 0, 32;
T_2.2 ;
    %load/vec4 v0x7f94b9795990_0;
    %cmpi/s 32, 0, 32;
    %jmp/0xz T_2.3, 5;
    %pushi/vec4 0, 0, 32;
    %ix/getv/s 4, v0x7f94b9795990_0;
    %store/vec4a v0x7f94b9795370, 4, 0;
    ; show_stmt_assign_vector: Get l-value for compressed += operand
    %load/vec4 v0x7f94b9795990_0;
    %pushi/vec4 1, 0, 32;
    %add;
    %store/vec4 v0x7f94b9795990_0, 0, 32;
    %jmp T_2.2;
T_2.3 ;
T_2.0 ;
    %jmp T_2;
    .thread T_2, $push;
    .scope S_0x7f94b9793ec0;
T_3 ;
    %wait E_0x7f94b97940c0;
    %load/vec4 v0x7f94b97942a0_0;
    %parti/s 3, 0, 2;
    %dup/vec4;
    %pushi/vec4 0, 0, 3;
    %cmp/u;
    %jmp/1 T_3.0, 6;
    %dup/vec4;
    %pushi/vec4 1, 0, 3;
    %cmp/u;
    %jmp/1 T_3.1, 6;
    %dup/vec4;
    %pushi/vec4 2, 0, 3;
    %cmp/u;
    %jmp/1 T_3.2, 6;
    %dup/vec4;
    %pushi/vec4 3, 0, 3;
    %cmp/u;
    %jmp/1 T_3.3, 6;
    %dup/vec4;
    %pushi/vec4 4, 0, 3;
    %cmp/u;
    %jmp/1 T_3.4, 6;
    %dup/vec4;
    %pushi/vec4 5, 0, 3;
    %cmp/u;
    %jmp/1 T_3.5, 6;
    %jmp T_3.6;
T_3.0 ;
    %load/vec4 v0x7f94b9794370_0;
    %concati/vec4 0, 0, 12;
    %store/vec4 v0x7f94b9794200_0, 0, 32;
    %jmp T_3.6;
T_3.1 ;
    %load/vec4 v0x7f94b97942a0_0;
    %parti/s 1, 3, 3;
    %cmpi/e 1, 0, 1;
    %jmp/0xz  T_3.7, 4;
    %pushi/vec4 0, 0, 11;
    %load/vec4 v0x7f94b9794410_0;
    %concat/vec4; draw_concat_vec4
    %concati/vec4 0, 0, 1;
    %store/vec4 v0x7f94b9794200_0, 0, 32;
    %jmp T_3.8;
T_3.7 ;
    %pushi/vec4 0, 0, 11;
    %load/vec4 v0x7f94b9794130_0;
    %parti/s 1, 31, 6;
    %concat/vec4; draw_concat_vec4
    %load/vec4 v0x7f94b9794130_0;
    %parti/s 8, 12, 5;
    %concat/vec4; draw_concat_vec4
    %load/vec4 v0x7f94b9794130_0;
    %parti/s 1, 20, 6;
    %concat/vec4; draw_concat_vec4
    %load/vec4 v0x7f94b9794130_0;
    %parti/s 10, 21, 6;
    %concat/vec4; draw_concat_vec4
    %concati/vec4 0, 0, 1;
    %store/vec4 v0x7f94b9794200_0, 0, 32;
T_3.8 ;
    %jmp T_3.6;
T_3.2 ;
    %load/vec4 v0x7f94b97942a0_0;
    %parti/s 1, 3, 3;
    %cmpi/e 1, 0, 1;
    %jmp/0xz  T_3.9, 4;
    %pushi/vec4 0, 0, 20;
    %load/vec4 v0x7f94b9794500_0;
    %concat/vec4; draw_concat_vec4
    %store/vec4 v0x7f94b9794200_0, 0, 32;
    %jmp T_3.10;
T_3.9 ;
    %load/vec4 v0x7f94b9794500_0;
    %parti/s 1, 11, 5;
    %replicate 20;
    %load/vec4 v0x7f94b9794500_0;
    %concat/vec4; draw_concat_vec4
    %store/vec4 v0x7f94b9794200_0, 0, 32;
T_3.10 ;
    %jmp T_3.6;
T_3.3 ;
    %load/vec4 v0x7f94b97942a0_0;
    %parti/s 1, 3, 3;
    %cmpi/e 1, 0, 1;
    %jmp/0xz  T_3.11, 4;
    %pushi/vec4 0, 0, 19;
    %load/vec4 v0x7f94b97945b0_0;
    %concat/vec4; draw_concat_vec4
    %concati/vec4 0, 0, 1;
    %store/vec4 v0x7f94b9794200_0, 0, 32;
    %jmp T_3.12;
T_3.11 ;
    %pushi/vec4 0, 0, 20;
    %load/vec4 v0x7f94b9794130_0;
    %parti/s 1, 31, 6;
    %concat/vec4; draw_concat_vec4
    %load/vec4 v0x7f94b9794130_0;
    %parti/s 1, 7, 4;
    %concat/vec4; draw_concat_vec4
    %load/vec4 v0x7f94b9794130_0;
    %parti/s 6, 25, 6;
    %concat/vec4; draw_concat_vec4
    %load/vec4 v0x7f94b9794130_0;
    %parti/s 4, 8, 5;
    %concat/vec4; draw_concat_vec4
    %concati/vec4 0, 0, 1;
    %pad/u 32;
    %store/vec4 v0x7f94b9794200_0, 0, 32;
T_3.12 ;
    %jmp T_3.6;
T_3.4 ;
    %load/vec4 v0x7f94b97942a0_0;
    %parti/s 1, 3, 3;
    %cmpi/e 1, 0, 1;
    %jmp/0xz  T_3.13, 4;
    %pushi/vec4 0, 0, 20;
    %load/vec4 v0x7f94b9794660_0;
    %concat/vec4; draw_concat_vec4
    %store/vec4 v0x7f94b9794200_0, 0, 32;
    %jmp T_3.14;
T_3.13 ;
    %load/vec4 v0x7f94b9794660_0;
    %parti/s 1, 11, 5;
    %replicate 20;
    %load/vec4 v0x7f94b9794660_0;
    %concat/vec4; draw_concat_vec4
    %store/vec4 v0x7f94b9794200_0, 0, 32;
T_3.14 ;
    %jmp T_3.6;
T_3.5 ;
    %pushi/vec4 0, 0, 27;
    %load/vec4 v0x7f94b9794710_0;
    %concat/vec4; draw_concat_vec4
    %store/vec4 v0x7f94b9794200_0, 0, 32;
    %jmp T_3.6;
T_3.6 ;
    %pop/vec4 1;
    %jmp T_3;
    .thread T_3, $push;
    .scope S_0x7f94b978be90;
T_4 ;
    %wait E_0x7f94b978c0c0;
    %load/vec4 v0x7f94b978c350_0;
    %cmpi/e 0, 0, 1;
    %jmp/0xz  T_4.0, 4;
    %load/vec4 v0x7f94b978c120_0;
    %store/vec4 v0x7f94b978c290_0, 0, 3;
    %jmp T_4.1;
T_4.0 ;
    %load/vec4 v0x7f94b978c1e0_0;
    %store/vec4 v0x7f94b978c290_0, 0, 3;
T_4.1 ;
    %jmp T_4;
    .thread T_4, $push;
    .scope S_0x7f94b9795c20;
T_5 ;
    %wait E_0x7f94b9795d90;
    %load/vec4 v0x7f94b9796030_0;
    %cmpi/e 1, 0, 1;
    %jmp/0xz  T_5.0, 4;
    %load/vec4 v0x7f94b9795ec0_0;
    %store/vec4 v0x7f94b9795f60_0, 0, 32;
    %jmp T_5.1;
T_5.0 ;
    %load/vec4 v0x7f94b9795df0_0;
    %store/vec4 v0x7f94b9795f60_0, 0, 32;
T_5.1 ;
    %jmp T_5;
    .thread T_5, $push;
    .scope S_0x7f94b9796120;
T_6 ;
    %wait E_0x7f94b9796340;
    %load/vec4 v0x7f94b97965e0_0;
    %cmpi/e 1, 0, 1;
    %jmp/0xz  T_6.0, 4;
    %load/vec4 v0x7f94b9796470_0;
    %store/vec4 v0x7f94b9796510_0, 0, 32;
    %jmp T_6.1;
T_6.0 ;
    %load/vec4 v0x7f94b97963a0_0;
    %store/vec4 v0x7f94b9796510_0, 0, 32;
T_6.1 ;
    %jmp T_6;
    .thread T_6, $push;
    .scope S_0x7f94b9789aa0;
T_7 ;
    %wait E_0x7f94b9789cd0;
    %load/vec4 v0x7f94b978ace0_0;
    %dup/vec4;
    %pushi/vec4 0, 0, 5;
    %cmp/u;
    %jmp/1 T_7.0, 6;
    %dup/vec4;
    %pushi/vec4 1, 0, 5;
    %cmp/u;
    %jmp/1 T_7.1, 6;
    %dup/vec4;
    %pushi/vec4 2, 0, 5;
    %cmp/u;
    %jmp/1 T_7.2, 6;
    %dup/vec4;
    %pushi/vec4 3, 0, 5;
    %cmp/u;
    %jmp/1 T_7.3, 6;
    %dup/vec4;
    %pushi/vec4 4, 0, 5;
    %cmp/u;
    %jmp/1 T_7.4, 6;
    %dup/vec4;
    %pushi/vec4 5, 0, 5;
    %cmp/u;
    %jmp/1 T_7.5, 6;
    %dup/vec4;
    %pushi/vec4 6, 0, 5;
    %cmp/u;
    %jmp/1 T_7.6, 6;
    %dup/vec4;
    %pushi/vec4 7, 0, 5;
    %cmp/u;
    %jmp/1 T_7.7, 6;
    %dup/vec4;
    %pushi/vec4 8, 0, 5;
    %cmp/u;
    %jmp/1 T_7.8, 6;
    %dup/vec4;
    %pushi/vec4 9, 0, 5;
    %cmp/u;
    %jmp/1 T_7.9, 6;
    %dup/vec4;
    %pushi/vec4 10, 0, 5;
    %cmp/u;
    %jmp/1 T_7.10, 6;
    %dup/vec4;
    %pushi/vec4 11, 0, 5;
    %cmp/u;
    %jmp/1 T_7.11, 6;
    %dup/vec4;
    %pushi/vec4 12, 0, 5;
    %cmp/u;
    %jmp/1 T_7.12, 6;
    %dup/vec4;
    %pushi/vec4 13, 0, 5;
    %cmp/u;
    %jmp/1 T_7.13, 6;
    %dup/vec4;
    %pushi/vec4 15, 0, 5;
    %cmp/u;
    %jmp/1 T_7.14, 6;
    %dup/vec4;
    %pushi/vec4 17, 0, 5;
    %cmp/u;
    %jmp/1 T_7.15, 6;
    %dup/vec4;
    %pushi/vec4 16, 0, 5;
    %cmp/u;
    %jmp/1 T_7.16, 6;
    %dup/vec4;
    %pushi/vec4 31, 7, 5;
    %cmp/u;
    %jmp/1 T_7.17, 6;
    %pushi/vec4 0, 0, 32;
    %store/vec4 v0x7f94b978ac20_0, 0, 32;
    %jmp T_7.19;
T_7.0 ;
    %load/vec4 v0x7f94b9789f00_0;
    %store/vec4 v0x7f94b978ac20_0, 0, 32;
    %jmp T_7.19;
T_7.1 ;
    %load/vec4 v0x7f94b978a690_0;
    %store/vec4 v0x7f94b978ac20_0, 0, 32;
    %jmp T_7.19;
T_7.2 ;
    %load/vec4 v0x7f94b978a740_0;
    %store/vec4 v0x7f94b978ac20_0, 0, 32;
    %jmp T_7.19;
T_7.3 ;
    %load/vec4 v0x7f94b978a7f0_0;
    %store/vec4 v0x7f94b978ac20_0, 0, 32;
    %jmp T_7.19;
T_7.4 ;
    %load/vec4 v0x7f94b978ab70_0;
    %store/vec4 v0x7f94b978ac20_0, 0, 32;
    %jmp T_7.19;
T_7.5 ;
    %load/vec4 v0x7f94b978a950_0;
    %store/vec4 v0x7f94b978ac20_0, 0, 32;
    %jmp T_7.19;
T_7.6 ;
    %load/vec4 v0x7f94b978a480_0;
    %store/vec4 v0x7f94b978ac20_0, 0, 32;
    %jmp T_7.19;
T_7.7 ;
    %load/vec4 v0x7f94b9789fc0_0;
    %store/vec4 v0x7f94b978ac20_0, 0, 32;
    %jmp T_7.19;
T_7.8 ;
    %load/vec4 v0x7f94b978a210_0;
    %store/vec4 v0x7f94b978ac20_0, 0, 32;
    %jmp T_7.19;
T_7.9 ;
    %load/vec4 v0x7f94b978a210_0;
    %store/vec4 v0x7f94b978ac20_0, 0, 32;
    %jmp T_7.19;
T_7.10 ;
    %load/vec4 v0x7f94b978a2c0_0;
    %store/vec4 v0x7f94b978ac20_0, 0, 32;
    %jmp T_7.19;
T_7.11 ;
    %load/vec4 v0x7f94b978a370_0;
    %store/vec4 v0x7f94b978ac20_0, 0, 32;
    %jmp T_7.19;
T_7.12 ;
    %load/vec4 v0x7f94b978a070_0;
    %store/vec4 v0x7f94b978ac20_0, 0, 32;
    %jmp T_7.19;
T_7.13 ;
    %load/vec4 v0x7f94b978a530_0;
    %store/vec4 v0x7f94b978ac20_0, 0, 32;
    %jmp T_7.19;
T_7.14 ;
    %load/vec4 v0x7f94b978a5e0_0;
    %store/vec4 v0x7f94b978ac20_0, 0, 32;
    %jmp T_7.19;
T_7.15 ;
    %load/vec4 v0x7f94b978a8a0_0;
    %store/vec4 v0x7f94b978ac20_0, 0, 32;
    %jmp T_7.19;
T_7.16 ;
    %load/vec4 v0x7f94b978aae0_0;
    %store/vec4 v0x7f94b978ac20_0, 0, 32;
    %jmp T_7.19;
T_7.17 ;
    %load/vec4 v0x7f94b978a160_0;
    %store/vec4 v0x7f94b978ac20_0, 0, 32;
    %jmp T_7.19;
T_7.19 ;
    %pop/vec4 1;
    %jmp T_7;
    .thread T_7, $push;
    .scope S_0x7f94b978b160;
T_8 ;
    %wait E_0x7f94b978b3a0;
    %load/vec4 v0x7f94b978baa0_0;
    %parti/s 1, 3, 3;
    %flag_set/vec4 8;
    %jmp/0xz  T_8.0, 8;
    %delay 20, 0;
    %load/vec4 v0x7f94b978baa0_0;
    %parti/s 3, 0, 2;
    %dup/vec4;
    %pushi/vec4 2, 0, 3;
    %cmp/u;
    %jmp/1 T_8.2, 6;
    %dup/vec4;
    %pushi/vec4 0, 0, 3;
    %cmp/u;
    %jmp/1 T_8.3, 6;
    %dup/vec4;
    %pushi/vec4 1, 0, 3;
    %cmp/u;
    %jmp/1 T_8.4, 6;
    %dup/vec4;
    %pushi/vec4 4, 0, 3;
    %cmp/u;
    %jmp/1 T_8.5, 6;
    %dup/vec4;
    %pushi/vec4 5, 0, 3;
    %cmp/u;
    %jmp/1 T_8.6, 6;
    %dup/vec4;
    %pushi/vec4 6, 0, 3;
    %cmp/u;
    %jmp/1 T_8.7, 6;
    %dup/vec4;
    %pushi/vec4 7, 0, 3;
    %cmp/u;
    %jmp/1 T_8.8, 6;
    %pushi/vec4 0, 0, 1;
    %store/vec4 v0x7f94b978b990_0, 0, 1;
    %jmp T_8.10;
T_8.2 ;
    %pushi/vec4 1, 0, 1;
    %store/vec4 v0x7f94b978b990_0, 0, 1;
    %jmp T_8.10;
T_8.3 ;
    %load/vec4 v0x7f94b978b410_0;
    %store/vec4 v0x7f94b978b990_0, 0, 1;
    %jmp T_8.10;
T_8.4 ;
    %load/vec4 v0x7f94b978b790_0;
    %store/vec4 v0x7f94b978b990_0, 0, 1;
    %jmp T_8.10;
T_8.5 ;
    %load/vec4 v0x7f94b978b610_0;
    %store/vec4 v0x7f94b978b990_0, 0, 1;
    %jmp T_8.10;
T_8.6 ;
    %load/vec4 v0x7f94b978b4c0_0;
    %store/vec4 v0x7f94b978b990_0, 0, 1;
    %jmp T_8.10;
T_8.7 ;
    %load/vec4 v0x7f94b978b6b0_0;
    %store/vec4 v0x7f94b978b990_0, 0, 1;
    %jmp T_8.10;
T_8.8 ;
    %load/vec4 v0x7f94b978b560_0;
    %store/vec4 v0x7f94b978b990_0, 0, 1;
    %jmp T_8.10;
T_8.10 ;
    %pop/vec4 1;
    %jmp T_8.1;
T_8.0 ;
    %delay 20, 0;
    %pushi/vec4 0, 0, 1;
    %store/vec4 v0x7f94b978b990_0, 0, 1;
T_8.1 ;
    %jmp T_8;
    .thread T_8, $push;
    .scope S_0x7f94b97966d0;
T_9 ;
    %wait E_0x7f94b97969d0;
    %load/vec4 v0x7f94b9796da0_0;
    %cmpi/e 0, 0, 2;
    %jmp/0xz  T_9.0, 4;
    %load/vec4 v0x7f94b9796a30_0;
    %store/vec4 v0x7f94b9796cc0_0, 0, 32;
    %jmp T_9.1;
T_9.0 ;
    %load/vec4 v0x7f94b9796da0_0;
    %cmpi/e 1, 0, 2;
    %jmp/0xz  T_9.2, 4;
    %load/vec4 v0x7f94b9796ae0_0;
    %store/vec4 v0x7f94b9796cc0_0, 0, 32;
    %jmp T_9.3;
T_9.2 ;
    %load/vec4 v0x7f94b9796da0_0;
    %cmpi/e 2, 0, 2;
    %jmp/0xz  T_9.4, 4;
    %load/vec4 v0x7f94b9796b80_0;
    %store/vec4 v0x7f94b9796cc0_0, 0, 32;
    %jmp T_9.5;
T_9.4 ;
    %load/vec4 v0x7f94b9796c10_0;
    %store/vec4 v0x7f94b9796cc0_0, 0, 32;
T_9.5 ;
T_9.3 ;
T_9.1 ;
    %jmp T_9;
    .thread T_9, $push;
    .scope S_0x7f94b977bc90;
T_10 ;
    %wait E_0x7f94b9794e30;
    %delay 0, 0;
    %load/vec4 v0x7f94b9797670_0;
    %load/vec4 v0x7f94b9797a60_0;
    %or;
    %nor/r;
    %flag_set/vec4 8;
    %jmp/0xz  T_10.0, 8;
    %load/vec4 v0x7f94b9798f90_0;
    %store/vec4 v0x7f94b9799040_0, 0, 5;
    %load/vec4 v0x7f94b9798d90_0;
    %store/vec4 v0x7f94b9798e30_0, 0, 32;
    %load/vec4 v0x7f94b9798020_0;
    %store/vec4 v0x7f94b97980c0_0, 0, 32;
    %load/vec4 v0x7f94b9797790_0;
    %store/vec4 v0x7f94b9798520_0, 0, 32;
    %load/vec4 v0x7f94b9799380_0;
    %store/vec4 v0x7f94b9799430_0, 0, 2;
    %load/vec4 v0x7f94b9799190_0;
    %store/vec4 v0x7f94b9799230_0, 0, 1;
    %delay 0, 0;
    %load/vec4 v0x7f94b9798ef0_0;
    %store/vec4 v0x7f94b9798f90_0, 0, 5;
    %load/vec4 v0x7f94b9798cd0_0;
    %store/vec4 v0x7f94b9798d90_0, 0, 32;
    %load/vec4 v0x7f94b9797090_0;
    %store/vec4 v0x7f94b9798020_0, 0, 32;
    %load/vec4 v0x7f94b97983b0_0;
    %store/vec4 v0x7f94b9798490_0, 0, 32;
    %load/vec4 v0x7f94b9798850_0;
    %store/vec4 v0x7f94b97988f0_0, 0, 4;
    %load/vec4 v0x7f94b97989a0_0;
    %store/vec4 v0x7f94b9798a50_0, 0, 3;
    %load/vec4 v0x7f94b97992e0_0;
    %store/vec4 v0x7f94b9799380_0, 0, 2;
    %load/vec4 v0x7f94b9799100_0;
    %store/vec4 v0x7f94b9799190_0, 0, 1;
    %delay 0, 0;
    %load/vec4 v0x7f94b9797b10_0;
    %parti/s 5, 7, 4;
    %store/vec4 v0x7f94b9798ef0_0, 0, 5;
    %load/vec4 v0x7f94b9798c40_0;
    %store/vec4 v0x7f94b9798cd0_0, 0, 32;
    %load/vec4 v0x7f94b9797420_0;
    %store/vec4 v0x7f94b97982e0_0, 0, 32;
    %load/vec4 v0x7f94b97974b0_0;
    %store/vec4 v0x7f94b97983b0_0, 0, 32;
    %load/vec4 v0x7f94b9797820_0;
    %store/vec4 v0x7f94b97985c0_0, 0, 32;
    %load/vec4 v0x7f94b97971f0_0;
    %store/vec4 v0x7f94b9798230_0, 0, 4;
    %load/vec4 v0x7f94b9797160_0;
    %store/vec4 v0x7f94b9798180_0, 0, 5;
    %load/vec4 v0x7f94b9797d30_0;
    %store/vec4 v0x7f94b9798b00_0, 0, 1;
    %load/vec4 v0x7f94b9797dc0_0;
    %store/vec4 v0x7f94b9798b90_0, 0, 1;
    %load/vec4 v0x7f94b9797bf0_0;
    %store/vec4 v0x7f94b9798850_0, 0, 4;
    %load/vec4 v0x7f94b9797ca0_0;
    %store/vec4 v0x7f94b97989a0_0, 0, 3;
    %load/vec4 v0x7f94b9799650_0;
    %store/vec4 v0x7f94b97992e0_0, 0, 2;
    %load/vec4 v0x7f94b97995c0_0;
    %store/vec4 v0x7f94b9799100_0, 0, 1;
    %delay 0, 0;
    %load/vec4 v0x7f94b97979b0_0;
    %store/vec4 v0x7f94b9797b10_0, 0, 32;
    %load/vec4 v0x7f94b9797f70_0;
    %store/vec4 v0x7f94b9798c40_0, 0, 32;
T_10.0 ;
    %jmp T_10;
    .thread T_10;
    .scope S_0x7f94b977bc90;
T_11 ;
    %wait E_0x7f94b9794e30;
    %load/vec4 v0x7f94b9799700_0;
    %cmpi/e 1, 0, 1;
    %jmp/0xz  T_11.0, 4;
    %pushi/vec4 4294967292, 0, 32;
    %store/vec4 v0x7f94b9797e50_0, 0, 32;
    %pushi/vec4 0, 0, 32;
    %store/vec4 v0x7f94b9797b10_0, 0, 32;
    %pushi/vec4 0, 0, 32;
    %store/vec4 v0x7f94b9798c40_0, 0, 32;
    %pushi/vec4 0, 0, 32;
    %store/vec4 v0x7f94b9798cd0_0, 0, 32;
    %pushi/vec4 0, 0, 32;
    %store/vec4 v0x7f94b97982e0_0, 0, 32;
    %pushi/vec4 0, 0, 32;
    %store/vec4 v0x7f94b97983b0_0, 0, 32;
    %pushi/vec4 0, 0, 32;
    %store/vec4 v0x7f94b97985c0_0, 0, 32;
    %pushi/vec4 0, 0, 5;
    %store/vec4 v0x7f94b9798ef0_0, 0, 5;
    %pushi/vec4 0, 0, 4;
    %store/vec4 v0x7f94b9798230_0, 0, 4;
    %pushi/vec4 0, 0, 4;
    %store/vec4 v0x7f94b9798850_0, 0, 4;
    %pushi/vec4 0, 0, 5;
    %store/vec4 v0x7f94b9798180_0, 0, 5;
    %pushi/vec4 0, 0, 1;
    %store/vec4 v0x7f94b9798b00_0, 0, 1;
    %pushi/vec4 0, 0, 1;
    %store/vec4 v0x7f94b9798b90_0, 0, 1;
    %pushi/vec4 0, 0, 3;
    %store/vec4 v0x7f94b97989a0_0, 0, 3;
    %pushi/vec4 0, 0, 2;
    %store/vec4 v0x7f94b97992e0_0, 0, 2;
    %pushi/vec4 0, 0, 1;
    %store/vec4 v0x7f94b9799100_0, 0, 1;
    %pushi/vec4 0, 0, 32;
    %store/vec4 v0x7f94b9798d90_0, 0, 32;
    %pushi/vec4 0, 0, 32;
    %store/vec4 v0x7f94b9798020_0, 0, 32;
    %pushi/vec4 0, 0, 32;
    %store/vec4 v0x7f94b9798490_0, 0, 32;
    %pushi/vec4 0, 0, 5;
    %store/vec4 v0x7f94b9798f90_0, 0, 5;
    %pushi/vec4 0, 0, 4;
    %store/vec4 v0x7f94b97988f0_0, 0, 4;
    %pushi/vec4 0, 0, 3;
    %store/vec4 v0x7f94b9798a50_0, 0, 3;
    %pushi/vec4 0, 0, 2;
    %store/vec4 v0x7f94b9799380_0, 0, 2;
    %pushi/vec4 0, 0, 1;
    %store/vec4 v0x7f94b9799190_0, 0, 1;
    %pushi/vec4 0, 0, 32;
    %store/vec4 v0x7f94b9798e30_0, 0, 32;
    %pushi/vec4 0, 0, 32;
    %store/vec4 v0x7f94b97980c0_0, 0, 32;
    %pushi/vec4 0, 0, 32;
    %store/vec4 v0x7f94b9798520_0, 0, 32;
    %pushi/vec4 0, 0, 5;
    %store/vec4 v0x7f94b9799040_0, 0, 5;
    %pushi/vec4 0, 0, 2;
    %store/vec4 v0x7f94b9799430_0, 0, 2;
    %pushi/vec4 0, 0, 1;
    %store/vec4 v0x7f94b9799230_0, 0, 1;
    %pushi/vec4 0, 0, 1;
    %store/vec4 v0x7f94b9799870_0, 0, 1;
    %jmp T_11.1;
T_11.0 ;
    %pushi/vec4 0, 0, 1;
    %store/vec4 v0x7f94b9799870_0, 0, 1;
    %delay 10, 0;
    %load/vec4 v0x7f94b9797670_0;
    %load/vec4 v0x7f94b9797a60_0;
    %or;
    %nor/r;
    %flag_set/vec4 8;
    %jmp/0xz  T_11.2, 8;
    %load/vec4 v0x7f94b9797ee0_0;
    %store/vec4 v0x7f94b9797e50_0, 0, 32;
    %pushi/vec4 1, 0, 1;
    %store/vec4 v0x7f94b9799870_0, 0, 1;
T_11.2 ;
T_11.1 ;
    %jmp T_11;
    .thread T_11;
# The file index is used to find the file name in the following table.
:file_names 11;
    "N/A";
    "<interactive>";
    "cpu.v";
    "./../supported_modules/mux2to1_32bit.v";
    "./../alu_module/alu.v";
    "./../branch_select_module/branch_select.v";
    "./../control_unit_module/control_unit.v";
    "./../supported_modules/mux2to1_3bit.v";
    "./../immediate_select_module/immediate_select.v";
    "./../register_file_module/reg_file.v";
    "./../supported_modules/mux4to1_32bit.v";
